###############################################################################
#                                                                             #
# IAR C/C++ Compiler V7.51A/W32 for 8051                27/Jul/2010  10:07:53 #
# Copyright 2004-2009 IAR Systems AB.                                         #
#                                                                             #
#    Core               =  plain                                              #
#    Code model         =  banked                                             #
#    Data model         =  large                                              #
#    Calling convention =  xdata reentrant                                    #
#    Constant location  =  data_rom                                           #
#    Dptr setup         =  1,16                                               #
#    Source file        =  D:\R.D Dept\µ{¦¡¶}µo\TI Zigbee                     #
#                          Z-Stack\ZStack-CC2530-2.3.0-1.4.0\ZStack-CC2530-2. #
#                          3.0-1.4.0\ZStack-CC2530-2.3.0-1.4.0\Components\hal #
#                          \target\CC2530EB\hal_key.c                         #
#    Command line       =  -f "D:\R.D Dept\µ{¦¡¶}µo\TI Zigbee                 #
#                          Z-Stack\ZStack-CC2530-2.3.0-1.4.0\ZStack-CC2530-2. #
#                          3.0-1.4.0\ZStack-CC2530-2.3.0-1.4.0\Projects\zstac #
#                          k\Samples\SampleApp\CC2530DB\..\..\..\Tools\CC2530 #
#                          DB\f8wCoord.cfg" (-DCPU32MHZ -DROOT=__near_func    #
#                          -DMAC_CFG_APP_PENDING_QUEUE=TRUE                   #
#                          -DZDO_COORDINATOR -DRTR_NWK -DBLINK_LEDS) -f       #
#                          "D:\R.D Dept\µ{¦¡¶}µo\TI Zigbee                    #
#                          Z-Stack\ZStack-CC2530-2.3.0-1.4.0\ZStack-CC2530-2. #
#                          3.0-1.4.0\ZStack-CC2530-2.3.0-1.4.0\Projects\zstac #
#                          k\Samples\SampleApp\CC2530DB\..\..\..\Tools\CC2530 #
#                          DB\f8wConfig.cfg" (-DSECURE=0                      #
#                          -DZG_SECURE_DYNAMIC=0 -DREFLECTOR                  #
#                          -DDEFAULT_CHANLIST=0x00000800                      #
#                          -DZDAPP_CONFIG_PAN_ID=0xFFFF                       #
#                          -DNWK_START_DELAY=100 -DEXTENDED_JOINING_RANDOM_MA #
#                          SK=0x007F -DBEACON_REQUEST_DELAY=100               #
#                          -DBEACON_REQ_DELAY_MASK=0x00FF                     #
#                          -DROUTE_EXPIRY_TIME=30 -DAPSC_ACK_WAIT_DURATION_PO #
#                          LLED=3000 -DNWK_INDIRECT_MSG_TIMEOUT=7             #
#                          -DMAX_RREQ_ENTRIES=8 -DAPSC_MAX_FRAME_RETRIES=3    #
#                          -DNWK_MAX_DATA_RETRIES=2                           #
#                          -DMAX_POLL_FAILURE_RETRIES=2 -DMAX_BCAST=9         #
#                          -DAPS_MAX_GROUPS=16 -DMAX_RTG_ENTRIES=40           #
#                          -DNWK_MAX_BINDING_ENTRIES=4                        #
#                          -DMAX_BINDING_CLUSTER_IDS=4 "-DDEFAULT_KEY={0x01,  #
#                          0x03, 0x05, 0x07, 0x09, 0x0B, 0x0D, 0x0F, 0x00,    #
#                          0x02, 0x04, 0x06, 0x08, 0x0A, 0x0C, 0x0D}"         #
#                          -DMAC_MAX_FRAME_SIZE=116 "-DCONST=const __code"    #
#                          -DGENERIC=__generic -DRFD_RCVC_ALWAYS_ON=TRUE      #
#                          -DPOLL_RATE=1000 -DQUEUED_POLL_RATE=100            #
#                          -DRESPONSE_POLL_RATE=100) -DREJOIN_POLL_RATE=440   #
#                          "D:\R.D Dept\µ{¦¡¶}µo\TI Zigbee                    #
#                          Z-Stack\ZStack-CC2530-2.3.0-1.4.0\ZStack-CC2530-2. #
#                          3.0-1.4.0\ZStack-CC2530-2.3.0-1.4.0\Components\hal #
#                          \target\CC2530EB\hal_key.c" -D ZTOOL_P1 -D         #
#                          MT_TASK -D MT_SYS_FUNC -D MT_ZDO_FUNC -D           #
#                          LCD_SUPPORTED=DEBUG -lC "D:\R.D Dept\µ{¦¡¶}µo\TI   #
#                          Zigbee Z-Stack\ZStack-CC2530-2.3.0-1.4.0\ZStack-CC #
#                          2530-2.3.0-1.4.0\ZStack-CC2530-2.3.0-1.4.0\Project #
#                          s\zstack\Samples\SampleApp\CC2530DB\CoordinatorEB\ #
#                          List\" -lA "D:\R.D Dept\µ{¦¡¶}µo\TI Zigbee         #
#                          Z-Stack\ZStack-CC2530-2.3.0-1.4.0\ZStack-CC2530-2. #
#                          3.0-1.4.0\ZStack-CC2530-2.3.0-1.4.0\Projects\zstac #
#                          k\Samples\SampleApp\CC2530DB\CoordinatorEB\List\"  #
#                          --diag_suppress Pe001,Pa010 -o "D:\R.D             #
#                          Dept\µ{¦¡¶}µo\TI Zigbee Z-Stack\ZStack-CC2530-2.3. #
#                          0-1.4.0\ZStack-CC2530-2.3.0-1.4.0\ZStack-CC2530-2. #
#                          3.0-1.4.0\Projects\zstack\Samples\SampleApp\CC2530 #
#                          DB\CoordinatorEB\Obj\" -e --require_prototypes     #
#                          --debug --core=plain --dptr=16,1                   #
#                          --data_model=large --code_model=banked             #
#                          --calling_convention=xdata_reentrant               #
#                          --place_constants=data_rom --nr_virtual_regs 16    #
#                          -I "D:\R.D Dept\µ{¦¡¶}µo\TI Zigbee                 #
#                          Z-Stack\ZStack-CC2530-2.3.0-1.4.0\ZStack-CC2530-2. #
#                          3.0-1.4.0\ZStack-CC2530-2.3.0-1.4.0\Projects\zstac #
#                          k\Samples\SampleApp\CC2530DB\" -I "D:\R.D          #
#                          Dept\µ{¦¡¶}µo\TI Zigbee Z-Stack\ZStack-CC2530-2.3. #
#                          0-1.4.0\ZStack-CC2530-2.3.0-1.4.0\ZStack-CC2530-2. #
#                          3.0-1.4.0\Projects\zstack\Samples\SampleApp\CC2530 #
#                          DB\..\SOURCE\" -I "D:\R.D Dept\µ{¦¡¶}µo\TI Zigbee  #
#                          Z-Stack\ZStack-CC2530-2.3.0-1.4.0\ZStack-CC2530-2. #
#                          3.0-1.4.0\ZStack-CC2530-2.3.0-1.4.0\Projects\zstac #
#                          k\Samples\SampleApp\CC2530DB\..\..\..\ZMAIN\TI2530 #
#                          DB\" -I "D:\R.D Dept\µ{¦¡¶}µo\TI Zigbee            #
#                          Z-Stack\ZStack-CC2530-2.3.0-1.4.0\ZStack-CC2530-2. #
#                          3.0-1.4.0\ZStack-CC2530-2.3.0-1.4.0\Projects\zstac #
#                          k\Samples\SampleApp\CC2530DB\..\..\..\..\..\COMPON #
#                          ENTS\MT\" -I "D:\R.D Dept\µ{¦¡¶}µo\TI Zigbee       #
#                          Z-Stack\ZStack-CC2530-2.3.0-1.4.0\ZStack-CC2530-2. #
#                          3.0-1.4.0\ZStack-CC2530-2.3.0-1.4.0\Projects\zstac #
#                          k\Samples\SampleApp\CC2530DB\..\..\..\..\..\COMPON #
#                          ENTS\HAL\INCLUDE\" -I "D:\R.D Dept\µ{¦¡¶}µo\TI     #
#                          Zigbee Z-Stack\ZStack-CC2530-2.3.0-1.4.0\ZStack-CC #
#                          2530-2.3.0-1.4.0\ZStack-CC2530-2.3.0-1.4.0\Project #
#                          s\zstack\Samples\SampleApp\CC2530DB\..\..\..\..\.. #
#                          \COMPONENTS\HAL\TARGET\CC2530EB\" -I "D:\R.D       #
#                          Dept\µ{¦¡¶}µo\TI Zigbee Z-Stack\ZStack-CC2530-2.3. #
#                          0-1.4.0\ZStack-CC2530-2.3.0-1.4.0\ZStack-CC2530-2. #
#                          3.0-1.4.0\Projects\zstack\Samples\SampleApp\CC2530 #
#                          DB\..\..\..\..\..\COMPONENTS\OSAL\MCU\CCSOC\" -I   #
#                          "D:\R.D Dept\µ{¦¡¶}µo\TI Zigbee                    #
#                          Z-Stack\ZStack-CC2530-2.3.0-1.4.0\ZStack-CC2530-2. #
#                          3.0-1.4.0\ZStack-CC2530-2.3.0-1.4.0\Projects\zstac #
#                          k\Samples\SampleApp\CC2530DB\..\..\..\..\..\COMPON #
#                          ENTS\OSAL\INCLUDE\" -I "D:\R.D Dept\µ{¦¡¶}µo\TI    #
#                          Zigbee Z-Stack\ZStack-CC2530-2.3.0-1.4.0\ZStack-CC #
#                          2530-2.3.0-1.4.0\ZStack-CC2530-2.3.0-1.4.0\Project #
#                          s\zstack\Samples\SampleApp\CC2530DB\..\..\..\..\.. #
#                          \COMPONENTS\STACK\AF\" -I "D:\R.D                  #
#                          Dept\µ{¦¡¶}µo\TI Zigbee Z-Stack\ZStack-CC2530-2.3. #
#                          0-1.4.0\ZStack-CC2530-2.3.0-1.4.0\ZStack-CC2530-2. #
#                          3.0-1.4.0\Projects\zstack\Samples\SampleApp\CC2530 #
#                          DB\..\..\..\..\..\COMPONENTS\STACK\NWK\" -I        #
#                          "D:\R.D Dept\µ{¦¡¶}µo\TI Zigbee                    #
#                          Z-Stack\ZStack-CC2530-2.3.0-1.4.0\ZStack-CC2530-2. #
#                          3.0-1.4.0\ZStack-CC2530-2.3.0-1.4.0\Projects\zstac #
#                          k\Samples\SampleApp\CC2530DB\..\..\..\..\..\COMPON #
#                          ENTS\STACK\SEC\" -I "D:\R.D Dept\µ{¦¡¶}µo\TI       #
#                          Zigbee Z-Stack\ZStack-CC2530-2.3.0-1.4.0\ZStack-CC #
#                          2530-2.3.0-1.4.0\ZStack-CC2530-2.3.0-1.4.0\Project #
#                          s\zstack\Samples\SampleApp\CC2530DB\..\..\..\..\.. #
#                          \COMPONENTS\STACK\SAPI\" -I "D:\R.D                #
#                          Dept\µ{¦¡¶}µo\TI Zigbee Z-Stack\ZStack-CC2530-2.3. #
#                          0-1.4.0\ZStack-CC2530-2.3.0-1.4.0\ZStack-CC2530-2. #
#                          3.0-1.4.0\Projects\zstack\Samples\SampleApp\CC2530 #
#                          DB\..\..\..\..\..\COMPONENTS\STACK\SYS\" -I        #
#                          "D:\R.D Dept\µ{¦¡¶}µo\TI Zigbee                    #
#                          Z-Stack\ZStack-CC2530-2.3.0-1.4.0\ZStack-CC2530-2. #
#                          3.0-1.4.0\ZStack-CC2530-2.3.0-1.4.0\Projects\zstac #
#                          k\Samples\SampleApp\CC2530DB\..\..\..\..\..\COMPON #
#                          ENTS\STACK\ZDO\" -I "D:\R.D Dept\µ{¦¡¶}µo\TI       #
#                          Zigbee Z-Stack\ZStack-CC2530-2.3.0-1.4.0\ZStack-CC #
#                          2530-2.3.0-1.4.0\ZStack-CC2530-2.3.0-1.4.0\Project #
#                          s\zstack\Samples\SampleApp\CC2530DB\..\..\..\..\.. #
#                          \COMPONENTS\ZMAC\F8W\" -I "D:\R.D                  #
#                          Dept\µ{¦¡¶}µo\TI Zigbee Z-Stack\ZStack-CC2530-2.3. #
#                          0-1.4.0\ZStack-CC2530-2.3.0-1.4.0\ZStack-CC2530-2. #
#                          3.0-1.4.0\Projects\zstack\Samples\SampleApp\CC2530 #
#                          DB\..\..\..\..\..\COMPONENTS\ZMAC\" -I "D:\R.D     #
#                          Dept\µ{¦¡¶}µo\TI Zigbee Z-Stack\ZStack-CC2530-2.3. #
#                          0-1.4.0\ZStack-CC2530-2.3.0-1.4.0\ZStack-CC2530-2. #
#                          3.0-1.4.0\Projects\zstack\Samples\SampleApp\CC2530 #
#                          DB\..\..\..\..\..\COMPONENTS\SERVICES\SADDR\" -I   #
#                          "D:\R.D Dept\µ{¦¡¶}µo\TI Zigbee                    #
#                          Z-Stack\ZStack-CC2530-2.3.0-1.4.0\ZStack-CC2530-2. #
#                          3.0-1.4.0\ZStack-CC2530-2.3.0-1.4.0\Projects\zstac #
#                          k\Samples\SampleApp\CC2530DB\..\..\..\..\..\COMPON #
#                          ENTS\SERVICES\SDATA\" -I "D:\R.D Dept\µ{¦¡¶}µo\TI  #
#                          Zigbee Z-Stack\ZStack-CC2530-2.3.0-1.4.0\ZStack-CC #
#                          2530-2.3.0-1.4.0\ZStack-CC2530-2.3.0-1.4.0\Project #
#                          s\zstack\Samples\SampleApp\CC2530DB\..\..\..\..\.. #
#                          \COMPONENTS\MAC\INCLUDE\" -I "D:\R.D               #
#                          Dept\µ{¦¡¶}µo\TI Zigbee Z-Stack\ZStack-CC2530-2.3. #
#                          0-1.4.0\ZStack-CC2530-2.3.0-1.4.0\ZStack-CC2530-2. #
#                          3.0-1.4.0\Projects\zstack\Samples\SampleApp\CC2530 #
#                          DB\..\..\..\..\..\COMPONENTS\MAC\HIGH_LEVEL\" -I   #
#                          "D:\R.D Dept\µ{¦¡¶}µo\TI Zigbee                    #
#                          Z-Stack\ZStack-CC2530-2.3.0-1.4.0\ZStack-CC2530-2. #
#                          3.0-1.4.0\ZStack-CC2530-2.3.0-1.4.0\Projects\zstac #
#                          k\Samples\SampleApp\CC2530DB\..\..\..\..\..\COMPON #
#                          ENTS\MAC\LOW_LEVEL\srf04\" -I "D:\R.D              #
#                          Dept\µ{¦¡¶}µo\TI Zigbee Z-Stack\ZStack-CC2530-2.3. #
#                          0-1.4.0\ZStack-CC2530-2.3.0-1.4.0\ZStack-CC2530-2. #
#                          3.0-1.4.0\Projects\zstack\Samples\SampleApp\CC2530 #
#                          DB\..\..\..\..\..\COMPONENTS\MAC\LOW_LEVEL\srf04\S #
#                          INGLE_CHIP\" -I "C:\IAR Systems\Embedded           #
#                          Workbench 5.3\8051\INC\" -I "C:\IAR                #
#                          Systems\Embedded Workbench 5.3\8051\INC\CLIB\"     #
#                          -Ohz                                               #
#    List file          =  D:\R.D Dept\µ{¦¡¶}µo\TI Zigbee                     #
#                          Z-Stack\ZStack-CC2530-2.3.0-1.4.0\ZStack-CC2530-2. #
#                          3.0-1.4.0\ZStack-CC2530-2.3.0-1.4.0\Projects\zstac #
#                          k\Samples\SampleApp\CC2530DB\CoordinatorEB\List\ha #
#                          l_key.lst                                          #
#    Object file        =  D:\R.D Dept\µ{¦¡¶}µo\TI Zigbee                     #
#                          Z-Stack\ZStack-CC2530-2.3.0-1.4.0\ZStack-CC2530-2. #
#                          3.0-1.4.0\ZStack-CC2530-2.3.0-1.4.0\Projects\zstac #
#                          k\Samples\SampleApp\CC2530DB\CoordinatorEB\Obj\hal #
#                          _key.r51                                           #
#                                                                             #
#                                                                             #
###############################################################################

D:\R.D Dept\µ{¦¡¶}µo\TI Zigbee Z-Stack\ZStack-CC2530-2.3.0-1.4.0\ZStack-CC2530-2.3.0-1.4.0\ZStack-CC2530-2.3.0-1.4.0\Components\hal\target\CC2530EB\hal_key.c
      1          /**************************************************************************************************
      2            Filename:       hal_key.c
      3            Revised:        $Date: 2009-12-16 17:44:49 -0800 (Wed, 16 Dec 2009) $
      4            Revision:       $Revision: 21351 $
      5          
      6            Description:    This file contains the interface to the HAL KEY Service.
      7          
      8          
      9            Copyright 2006-2009 Texas Instruments Incorporated. All rights reserved.
     10          
     11            IMPORTANT: Your use of this Software is limited to those specific rights
     12            granted under the terms of a software license agreement between the user
     13            who downloaded the software, his/her employer (which must be your employer)
     14            and Texas Instruments Incorporated (the "License").  You may not use this
     15            Software unless you agree to abide by the terms of the License. The License
     16            limits your use, and you acknowledge, that the Software may not be modified,
     17            copied or distributed unless embedded on a Texas Instruments microcontroller
     18            or used solely and exclusively in conjunction with a Texas Instruments radio
     19            frequency transceiver, which is integrated into your product.  Other than for
     20            the foregoing purpose, you may not use, reproduce, copy, prepare derivative
     21            works of, modify, distribute, perform, display or sell this Software and/or
     22            its documentation for any purpose.
     23          
     24            YOU FURTHER ACKNOWLEDGE AND AGREE THAT THE SOFTWARE AND DOCUMENTATION ARE
     25            PROVIDED “AS IS?WITHOUT WARRANTY OF ANY KIND, EITHER EXPRESS OR IMPLIED,
     26            INCLUDING WITHOUT LIMITATION, ANY WARRANTY OF MERCHANTABILITY, TITLE,
     27            NON-INFRINGEMENT AND FITNESS FOR A PARTICULAR PURPOSE. IN NO EVENT SHALL
     28            TEXAS INSTRUMENTS OR ITS LICENSORS BE LIABLE OR OBLIGATED UNDER CONTRACT,
     29            NEGLIGENCE, STRICT LIABILITY, CONTRIBUTION, BREACH OF WARRANTY, OR OTHER
     30            LEGAL EQUITABLE THEORY ANY DIRECT OR INDIRECT DAMAGES OR EXPENSES
     31            INCLUDING BUT NOT LIMITED TO ANY INCIDENTAL, SPECIAL, INDIRECT, PUNITIVE
     32            OR CONSEQUENTIAL DAMAGES, LOST PROFITS OR LOST DATA, COST OF PROCUREMENT
     33            OF SUBSTITUTE GOODS, TECHNOLOGY, SERVICES, OR ANY CLAIMS BY THIRD PARTIES
     34            (INCLUDING BUT NOT LIMITED TO ANY DEFENSE THEREOF), OR OTHER SIMILAR COSTS.
     35          
     36            Should you have any questions regarding your right to use this Software,
     37            contact Texas Instruments Incorporated at www.TI.com.
     38          **************************************************************************************************/
     39          /*********************************************************************
     40           NOTE: If polling is used, the hal_driver task schedules the KeyRead()
     41                 to occur every 100ms.  This should be long enough to naturally
     42                 debounce the keys.  The KeyRead() function remembers the key
     43                 state of the previous poll and will only return a non-zero
     44                 value if the key state changes.
     45          
     46           NOTE: If interrupts are used, the KeyRead() function is scheduled
     47                 25ms after the interrupt occurs by the ISR.  This delay is used
     48                 for key debouncing.  The ISR disables any further Key interrupt
     49                 until KeyRead() is executed.  KeyRead() will re-enable Key
     50                 interrupts after executing.  Unlike polling, when interrupts
     51                 are enabled, the previous key state is not remembered.  This
     52                 means that KeyRead() will return the current state of the keys
     53                 (not a change in state of the keys).
     54          
     55           NOTE: If interrupts are used, the KeyRead() fucntion is scheduled by
     56                 the ISR.  Therefore, the joystick movements will only be detected
     57                 during a pushbutton interrupt caused by S1 or the center joystick
     58                 pushbutton.
     59          
     60           NOTE: When a switch like S1 is pushed, the S1 signal goes from a normally
     61                 high state to a low state.  This transition is typically clean.  The
     62                 duration of the low state is around 200ms.  When the signal returns
     63                 to the high state, there is a high likelihood of signal bounce, which
     64                 causes a unwanted interrupts.  Normally, we would set the interrupt
     65                 edge to falling edge to generate an interrupt when S1 is pushed, but
     66                 because of the signal bounce, it is better to set the edge to rising
     67                 edge to generate an interrupt when S1 is released.  The debounce logic
     68                 can then filter out the signal bounce.  The result is that we typically
     69                 get only 1 interrupt per button push.  This mechanism is not totally
     70                 foolproof because occasionally, signal bound occurs during the falling
     71                 edge as well.  A similar mechanism is used to handle the joystick
     72                 pushbutton on the DB.  For the EB, we do not have independent control
     73                 of the interrupt edge for the S1 and center joystick pushbutton.  As
     74                 a result, only one or the other pushbuttons work reasonably well with
     75                 interrupts.  The default is the make the S1 switch on the EB work more
     76                 reliably.
     77          
     78          *********************************************************************/
     79          
     80          /**************************************************************************************************
     81           *                                            INCLUDES
     82           **************************************************************************************************/
     83          #include "hal_mcu.h"

   \                                 In  segment SFR_AN, at 0x89
   \   unsigned char volatile __sfr P0IFG
   \                     P0IFG:
   \   000000                DS 1

   \                                 In  segment SFR_AN, at 0xa0
   \   union <unnamed> volatile __sfr _A_P2
   \                     _A_P2:
   \   000000                DS 1

   \                                 In  segment SFR_AN, at 0xc0
   \   union <unnamed> volatile __sfr _A_IRCON
   \                     _A_IRCON:
   \   000000                DS 1

   \                                 In  segment SFR_AN, at 0xe8
   \   union <unnamed> volatile __sfr _A_IRCON2
   \                     _A_IRCON2:
   \   000000                DS 1

   \                                 In  segment SFR_AN, at 0xf5
   \   unsigned char volatile __sfr P2SEL
   \                     P2SEL:
   \   000000                DS 1

   \                                 In  segment SFR_AN, at 0xff
   \   unsigned char volatile __sfr P2DIR
   \                     P2DIR:
   \   000000                DS 1
     84          #include "hal_defs.h"
     85          #include "hal_types.h"
     86          #include "hal_board.h"
     87          #include "hal_drivers.h"
     88          #include "hal_adc.h"
     89          #include "hal_key.h"
     90          #include "osal.h"
     91          #include "hal_lcd.h"
     92          
     93          #include "mac_radio_defs.h"
     94          #include "mac_low_level.h"
     95          #include "hal_keypad.h"
     96          
     97          //#if (defined HAL_KEY) && (HAL_KEY == TRUE)
     98          /**************************************************************************************************
     99           *                                              MACROS
    100           **************************************************************************************************/
    101          
    102          /**************************************************************************************************
    103           *                                            CONSTANTS
    104           **************************************************************************************************/
    105          #define HAL_KEY_RISING_EDGE   0
    106          #define HAL_KEY_FALLING_EDGE  1
    107          
    108          #define HAL_KEY_DEBOUNCE_VALUE  25
    109          #define HAL_KEY_POLLING_VALUE   100
    110          
    111          /* CPU port interrupt */
    112          #define HAL_KEY_CPU_PORT_0_IF P0IF
    113          #define HAL_KEY_CPU_PORT_2_IF P2IF
    114          
    115          /* SW_6 is at P0.1 */
    116          #define HAL_KEY_SW_6_PORT   P0
    117          #define HAL_KEY_SW_6_BIT    BV(1)
    118          #define HAL_KEY_SW_6_SEL    P0SEL
    119          #define HAL_KEY_SW_6_DIR    P0DIR
    120          
    121          /* edge interrupt */
    122          #define HAL_KEY_SW_6_EDGEBIT  BV(0)
    123          #define HAL_KEY_SW_6_EDGE     HAL_KEY_FALLING_EDGE
    124          
    125          /* SW_6 interrupts */
    126          #define HAL_KEY_SW_6_IEN      IEN1  /* CPU interrupt mask register */
    127          #define HAL_KEY_SW_6_IENBIT   BV(5) /* Mask bit for all of Port_0 */
    128          #define HAL_KEY_SW_6_ICTL     P0IEN /* Port Interrupt Control register */
    129          #define HAL_KEY_SW_6_ICTLBIT  BV(1) /* P0IEN - P0.1 enable/disable bit */
    130          #define HAL_KEY_SW_6_PXIFG    P0IFG /* Interrupt flag at source */
    131          
    132          /**************************************************************************************************
    133           *                                            TYPEDEFS
    134           **************************************************************************************************/
    135          /**************************************************************************************************
    136           *                                        GLOBAL VARIABLES
    137           **************************************************************************************************/

   \                                 In  segment XDATA_Z, align 1, keep-with-next
    138          static uint8 halKeySavedKeys;     /* used to store previous key state in polling mode */
   \                     halKeySavedKeys:
   \   000000                DS 1
   \   000001                REQUIRE __INIT_XDATA_Z

   \                                 In  segment XDATA_Z, align 1, keep-with-next
    139          static halKeyCBack_t pHalKeyProcessFunction;
   \                     pHalKeyProcessFunction:
   \   000000                DS 2
   \   000002                REQUIRE __INIT_XDATA_Z

   \                                 In  segment XDATA_Z, align 1, keep-with-next
    140          static uint8 HalKeyConfigured;
   \                     HalKeyConfigured:
   \   000000                DS 1
   \   000001                REQUIRE __INIT_XDATA_Z

   \                                 In  segment XDATA_Z, align 1, keep-with-next
    141          bool Hal_KeyIntEnable;            /* interrupt enable/disable flag */
   \                     Hal_KeyIntEnable:
   \   000000                DS 1
   \   000001                REQUIRE __INIT_XDATA_Z
    142          
    143          /**************************************************************************************************
    144           *                                        FUNCTIONS - Local
    145           **************************************************************************************************/
    146          void halProcessKeyInterrupt(void);
    147          
    148          /**************************************************************************************************
    149           *                                        FUNCTIONS - API
    150           **************************************************************************************************/
    151          
    152          /**************************************************************************************************
    153           * @fn      HalKeyInit
    154           *
    155           * @brief   Initilize Key Service
    156           *
    157           * @param   none
    158           *
    159           * @return  None
    160           **************************************************************************************************/

   \                                 In  segment BANKED_CODE, align 1, keep-with-next
    161          void HalKeyInit( void )
   \                     HalKeyInit:
    162          { 
   \   000000   C082         PUSH    DPL
   \   000002   C083         PUSH    DPH
   \   000004                ; Saved register size: 2
   \   000004                ; Auto size: 0
    163          #if (HAL_KEY == TRUE)
    164            /* Initialize previous key to 0 */
    165            halKeySavedKeys = 0;
   \   000004   E4           CLR     A
   \   000005   90....       MOV     DPTR,#halKeySavedKeys
   \   000008   F0           MOVX    @DPTR,A
    166            
    167            /* Initialize callback function */
    168            pHalKeyProcessFunction  = NULL;
   \   000009   90....       MOV     DPTR,#pHalKeyProcessFunction
   \   00000C   F0           MOVX    @DPTR,A
   \   00000D   A3           INC     DPTR
   \   00000E   F0           MOVX    @DPTR,A
    169          
    170            /* Start with key is not configured */
    171            HalKeyConfigured = FALSE;
   \   00000F   90....       MOV     DPTR,#HalKeyConfigured
   \   000012   F0           MOVX    @DPTR,A
    172          #endif /* HAL_KEY */
    173          }
   \   000013   02....       LJMP    ?Subroutine0 & 0xFFFF

   \                                 In  segment BANKED_CODE, align 1, keep-with-next
   \                     ?Subroutine0:
   \   000000   D083         POP     DPH
   \   000002   D082         POP     DPL
   \   000004   02....       LJMP    ?BRET
    174          
    175          /*******************************************************************************
    176           * @fn      HalKeyConfig
    177           *
    178           * @brief   Configure the Key serivce
    179           *
    180           * @param   interruptEnable - TRUE/FALSE, enable/disable interrupt
    181           *          cback - pointer to the CallBack function
    182           *
    183           * @return  None
    184           ******************************************************************************/

   \                                 In  segment BANKED_CODE, align 1, keep-with-next
    185          void HalKeyConfig (bool interruptEnable, halKeyCBack_t cback)
   \                     HalKeyConfig:
    186          {
   \   000000   C082         PUSH    DPL
   \   000002   C083         PUSH    DPH
   \   000004                ; Saved register size: 2
   \   000004                ; Auto size: 0
    187          #if (HAL_KEY == TRUE) 
    188            /* Enable/Disable Interrupt or */
    189            Hal_KeyIntEnable = interruptEnable;
   \   000004   E9           MOV     A,R1
   \   000005   90....       MOV     DPTR,#Hal_KeyIntEnable
   \   000008   F0           MOVX    @DPTR,A
    190          
    191            /* Register the callback fucntion */
    192            pHalKeyProcessFunction = cback;
   \   000009   90....       MOV     DPTR,#pHalKeyProcessFunction
   \   00000C   EA           MOV     A,R2
   \   00000D   F0           MOVX    @DPTR,A
   \   00000E   A3           INC     DPTR
   \   00000F   EB           MOV     A,R3
   \   000010   F0           MOVX    @DPTR,A
    193          
    194            /* Determine if interrupt is enable or not */
    195            if (Hal_KeyIntEnable)
   \   000011   90....       MOV     DPTR,#Hal_KeyIntEnable
   \   000014   E0           MOVX    A,@DPTR
   \   000015   6016         JZ      ??HalKeyConfig_0
    196            {
    197              /* Do this only after the hal_key is configured - to work with sleep stuff */
    198              if (HalKeyConfigured == TRUE)
   \   000017   90....       MOV     DPTR,#HalKeyConfigured
   \   00001A   E0           MOVX    A,@DPTR
   \   00001B   6401         XRL     A,#0x1
   \   00001D   701E         JNZ     ??HalKeyConfig_1
    199              {
    200                osal_stop_timerEx( Hal_TaskID, HAL_KEY_EVENT);  /* Cancel polling if active */
   \   00001F                ; Setup parameters for call to function osal_stop_timerEx
   \   00001F   7A01         MOV     R2,#0x1
   \   000021   7B00         MOV     R3,#0x0
   \   000023   90....       MOV     DPTR,#Hal_TaskID
   \   000026   E0           MOVX    A,@DPTR
   \   000027   F9           MOV     R1,A
   \   000028   12....       LCALL   ??osal_stop_timerEx?relay
   \   00002B   8010         SJMP    ??HalKeyConfig_1
    201              }
    202            }
    203            else    /* Interrupts NOT enabled */
    204            {
    205              osal_start_timerEx (Hal_TaskID, HAL_KEY_EVENT, HAL_KEY_POLLING_VALUE);    /* Kick off polling */
   \                     ??HalKeyConfig_0:
   \   00002D                ; Setup parameters for call to function osal_start_timerEx
   \   00002D   7C64         MOV     R4,#0x64
   \   00002F   7D00         MOV     R5,#0x0
   \   000031   7A01         MOV     R2,#0x1
   \   000033   7B00         MOV     R3,#0x0
   \   000035   90....       MOV     DPTR,#Hal_TaskID
   \   000038   E0           MOVX    A,@DPTR
   \   000039   F9           MOV     R1,A
   \   00003A   12....       LCALL   ??osal_start_timerEx?relay
    206            }
    207            /* Key now is configured */
    208            HalKeyConfigured = TRUE;
   \                     ??HalKeyConfig_1:
   \   00003D   7401         MOV     A,#0x1
   \   00003F   90....       MOV     DPTR,#HalKeyConfigured
   \   000042   F0           MOVX    @DPTR,A
    209            
    210            //Switch Buttons
    211              SWITCH1_INPUT();
   \   000043   53F5F7       ANL     0xf5,#0xf7
   \   000046   53FFF7       ANL     0xff,#0xf7
    212              SWITCH2_INPUT();
   \   000049   53F5EF       ANL     0xf5,#0xef
   \   00004C   53FFEF       ANL     0xff,#0xef
    213          
    214          #endif /* HAL_KEY */
    215          }
   \   00004F   02....       LJMP    ?Subroutine0 & 0xFFFF
   \   000052                REQUIRE P2SEL
   \   000052                REQUIRE P2DIR
    216          
    217          
    218          /*******************************************************************************
    219           * @fn      HalKeyRead
    220           *
    221           * @brief   Read the current value of a key
    222           *
    223           * @param   None
    224           *
    225           * @return  keys - current keys status
    226           ******************************************************************************/

   \                                 In  segment BANKED_CODE, align 1, keep-with-next
    227          uint8 HalKeyRead ( void )
   \                     HalKeyRead:
    228          {
   \   000000                ; Saved register size: 0
   \   000000                ; Auto size: 0
    229            uint8 keys=0;
   \   000000   7900         MOV     R1,#0x0
    230              
    231            if (HAL_SW_1_PUSH())
   \   000002   A2A3         MOV     C,0xa0.3
   \   000004   4010         JC      ??HalKeyRead_0
    232            {
    233              HAL_debounce(!HAL_SW_1_PUSH());
   \   000006   7A00         MOV     R2,#0x0
   \                     ??HalKeyRead_1:
   \   000008   A2A3         MOV     C,0xa0.3
   \   00000A   4002         JC      ??HalKeyRead_2
   \   00000C   7A00         MOV     R2,#0x0
   \                     ??HalKeyRead_2:
   \   00000E   0A           INC     R2
   \   00000F   EA           MOV     A,R2
   \   000010   C3           CLR     C
   \   000011   9432         SUBB    A,#0x32
   \   000013   40F3         JC      ??HalKeyRead_1
    234              keys |= HAL_KEY_SW1;
   \   000015   09           INC     R1
    235            }
    236            if (HAL_SW_2_PUSH())
   \                     ??HalKeyRead_0:
   \   000016   A2A4         MOV     C,0xa0.4
   \   000018   4013         JC      ??HalKeyRead_3
    237            {
    238              HAL_debounce(!HAL_SW_2_PUSH());
   \   00001A   7A00         MOV     R2,#0x0
   \                     ??HalKeyRead_4:
   \   00001C   A2A4         MOV     C,0xa0.4
   \   00001E   4002         JC      ??HalKeyRead_5
   \   000020   7A00         MOV     R2,#0x0
   \                     ??HalKeyRead_5:
   \   000022   0A           INC     R2
   \   000023   EA           MOV     A,R2
   \   000024   C3           CLR     C
   \   000025   9432         SUBB    A,#0x32
   \   000027   40F3         JC      ??HalKeyRead_4
    239              keys |= HAL_KEY_SW2;
   \   000029   E9           MOV     A,R1
   \   00002A   D2E3         SETB    0xE0 /* A   */.3
   \   00002C   F9           MOV     R1,A
    240            }
    241            return keys;
   \                     ??HalKeyRead_3:
   \   00002D   02....       LJMP    ?BRET
   \   000030                REQUIRE _A_P2
    242          }
    243          
    244          
    245          /*******************************************************************************
    246           * @fn      HalKeyPoll
    247           *
    248           * @brief   Called by hal_driver to poll the keys
    249           *
    250           * @param   None
    251           *
    252           * @return  None
    253           ******************************************************************************/

   \                                 In  segment BANKED_CODE, align 1, keep-with-next
    254          void HalKeyPoll (void)
   \                     HalKeyPoll:
    255          {
   \   000000   C082         PUSH    DPL
   \   000002   C083         PUSH    DPH
   \   000004                ; Saved register size: 2
   \   000004                ; Auto size: 0
    256            uint8 keys = 0;
   \   000004   7900         MOV     R1,#0x0
    257            
    258            if (HAL_SW_1_PUSH())
   \   000006   A2A3         MOV     C,0xa0.3
   \   000008   4010         JC      ??HalKeyPoll_0
    259            {
    260              HAL_debounce(!HAL_SW_1_PUSH());
   \   00000A   7A00         MOV     R2,#0x0
   \                     ??HalKeyPoll_1:
   \   00000C   A2A3         MOV     C,0xa0.3
   \   00000E   4002         JC      ??HalKeyPoll_2
   \   000010   7A00         MOV     R2,#0x0
   \                     ??HalKeyPoll_2:
   \   000012   0A           INC     R2
   \   000013   EA           MOV     A,R2
   \   000014   C3           CLR     C
   \   000015   9432         SUBB    A,#0x32
   \   000017   40F3         JC      ??HalKeyPoll_1
    261              keys |= HAL_KEY_SW1;
   \   000019   09           INC     R1
    262            }
    263                
    264            if (HAL_SW_2_PUSH())
   \                     ??HalKeyPoll_0:
   \   00001A   A2A4         MOV     C,0xa0.4
   \   00001C   4013         JC      ??HalKeyPoll_3
    265            {
    266              HAL_debounce(!HAL_SW_2_PUSH());
   \   00001E   7A00         MOV     R2,#0x0
   \                     ??HalKeyPoll_4:
   \   000020   A2A4         MOV     C,0xa0.4
   \   000022   4002         JC      ??HalKeyPoll_5
   \   000024   7A00         MOV     R2,#0x0
   \                     ??HalKeyPoll_5:
   \   000026   0A           INC     R2
   \   000027   EA           MOV     A,R2
   \   000028   C3           CLR     C
   \   000029   9432         SUBB    A,#0x32
   \   00002B   40F3         JC      ??HalKeyPoll_4
    267              keys |= HAL_KEY_SW2;
   \   00002D   E9           MOV     A,R1
   \   00002E   D2E3         SETB    0xE0 /* A   */.3
   \   000030   F9           MOV     R1,A
    268            }
    269            
    270            /* If interrupts are not enabled, previous key status and current key status
    271             * are compared to find out if a key has changed status.
    272             */
    273            if (!Hal_KeyIntEnable)
   \                     ??HalKeyPoll_3:
   \   000031   90....       MOV     DPTR,#Hal_KeyIntEnable
   \   000034   E0           MOVX    A,@DPTR
   \   000035   7009         JNZ     ??HalKeyPoll_6
    274            {
    275              if (keys == halKeySavedKeys)
   \   000037   90....       MOV     DPTR,#halKeySavedKeys
   \   00003A   E0           MOVX    A,@DPTR
   \   00003B   69           XRL     A,R1
   \   00003C   601F         JZ      ??HalKeyPoll_7
    276              {
    277                /* Exit - since no keys have changed */
    278                return;
    279              }
    280              /* Store the current keys for comparation next time */
    281              halKeySavedKeys = keys;
   \   00003E   E9           MOV     A,R1
   \   00003F   F0           MOVX    @DPTR,A
    282            }
    283            else
    284            {
    285              /* Key interrupt handled here */
    286            }
    287          
    288            /* Invoke Callback if new keys were depressed */
    289            if (keys && (pHalKeyProcessFunction))
   \                     ??HalKeyPoll_6:
   \   000040   E9           MOV     A,R1
   \   000041   601A         JZ      ??HalKeyPoll_7
   \   000043   90....       MOV     DPTR,#pHalKeyProcessFunction
   \   000046   E0           MOVX    A,@DPTR
   \   000047   7002         JNZ     ??HalKeyPoll_8
   \   000049   A3           INC     DPTR
   \   00004A   E0           MOVX    A,@DPTR
   \                     ??HalKeyPoll_8:
   \   00004B   6010         JZ      ??HalKeyPoll_7
    290            {
    291              (pHalKeyProcessFunction) (keys, HAL_KEY_STATE_NORMAL);
   \   00004D                ; Setup parameters for indirect call
   \   00004D   7A00         MOV     R2,#0x0
   \   00004F   90....       MOV     DPTR,#pHalKeyProcessFunction
   \   000052   E0           MOVX    A,@DPTR
   \   000053   F8           MOV     R0,A
   \   000054   A3           INC     DPTR
   \   000055   E0           MOVX    A,@DPTR
   \   000056   F583         MOV     DPH,A
   \   000058   8882         MOV     DPL,R0
   \   00005A   12....       LCALL   ?CALL_IND
    292            }
   \                     ??HalKeyPoll_7:
   \   00005D                REQUIRE ?Subroutine0
   \   00005D                REQUIRE _A_P2
   \   00005D                ; // Fall through to label ?Subroutine0
    293          }
    294          
    295          /**************************************************************************************************
    296           * @fn      halProcessKeyInterrupt
    297           *
    298           * @brief   Checks to see if it's a valid key interrupt, saves interrupt driven key states for
    299           *          processing by HalKeyRead(), and debounces keys by scheduling HalKeyRead() 25ms later.
    300           *
    301           * @param
    302           *
    303           * @return
    304           **************************************************************************************************/

   \                                 In  segment BANKED_CODE, align 1, keep-with-next
    305          void halProcessKeyInterrupt (void)
   \                     halProcessKeyInterrupt:
    306          {
   \   000000   C082         PUSH    DPL
   \   000002   C083         PUSH    DPH
   \   000004                ; Saved register size: 2
   \   000004                ; Auto size: 0
    307          #if (HAL_KEY == TRUE)
    308            
    309            bool valid=FALSE;
    310          
    311            if (HAL_KEY_SW_6_PXIFG & HAL_KEY_SW_6_BIT)  /* Interrupt Flag has been set */
   \   000004   E589         MOV     A,0x89
   \   000006   A2E1         MOV     C,0xE0 /* A   */.1
   \   000008   5013         JNC     ??halProcessKeyInterrupt_0
    312            {
    313              HAL_KEY_SW_6_PXIFG = ~(HAL_KEY_SW_6_BIT); /* Clear Interrupt Flag */
   \   00000A   7589FD       MOV     0x89,#-0x3
    314              valid = TRUE;
    315            }
    316          
    317            if (valid)
    318            {
    319              osal_start_timerEx (Hal_TaskID, HAL_KEY_EVENT, HAL_KEY_DEBOUNCE_VALUE);
   \   00000D                ; Setup parameters for call to function osal_start_timerEx
   \   00000D   7C19         MOV     R4,#0x19
   \   00000F   7D00         MOV     R5,#0x0
   \   000011   7A01         MOV     R2,#0x1
   \   000013   7B00         MOV     R3,#0x0
   \   000015   90....       MOV     DPTR,#Hal_TaskID
   \   000018   E0           MOVX    A,@DPTR
   \   000019   F9           MOV     R1,A
   \   00001A   12....       LCALL   ??osal_start_timerEx?relay
    320            }
    321          #endif /* HAL_KEY */
    322          }
   \                     ??halProcessKeyInterrupt_0:
   \   00001D   80..         SJMP    ?Subroutine0
   \   00001F                REQUIRE P0IFG
    323          
    324          /**************************************************************************************************
    325           * @fn      HalKeyEnterSleep
    326           *
    327           * @brief  - Get called to enter sleep mode
    328           *
    329           * @param
    330           *
    331           * @return
    332           **************************************************************************************************/

   \                                 In  segment BANKED_CODE, align 1, keep-with-next
    333          void HalKeyEnterSleep ( void )
   \                     HalKeyEnterSleep:
    334          {
   \   000000                ; Saved register size: 0
   \   000000                ; Auto size: 0
    335          }
   \   000000   02....       LJMP    ?BRET
    336          
    337          /**************************************************************************************************
    338           * @fn      HalKeyExitSleep
    339           *
    340           * @brief   - Get called when sleep is over
    341           *
    342           * @param
    343           *
    344           * @return  - return saved keys
    345           **************************************************************************************************/

   \                                 In  segment BANKED_CODE, align 1, keep-with-next
    346          uint8 HalKeyExitSleep ( void )
   \                     HalKeyExitSleep:
    347          {
   \   000000   C082         PUSH    DPL
   \   000002   C083         PUSH    DPH
   \   000004                ; Saved register size: 2
   \   000004                ; Auto size: 0
    348            /* Wake up and read keys */
    349            return ( HalKeyRead () );
   \   000004                ; Setup parameters for call to function HalKeyRead
   \   000004   12....       LCALL   ??HalKeyRead?relay
   \   000007   80..         SJMP    ?Subroutine0
    350          }
    351          
    352          /***************************************************************************************************
    353           *                                    INTERRUPT SERVICE ROUTINE
    354           ***************************************************************************************************/
    355          
    356          /**************************************************************************************************
    357           * @fn      halKeyPort0Isr
    358           *
    359           * @brief   Port0 ISR
    360           *
    361           * @param
    362           *
    363           * @return
    364           **************************************************************************************************/

   \                                 In  segment NEAR_CODE, align 1, keep-with-next
    365          HAL_ISR_FUNCTION( halKeyPort0Isr, P0INT_VECTOR )
   \                     halKeyPort0Isr:
    366          {
   \   000000   C0E0         PUSH    A
   \   000002   74F2         MOV     A,#-0xe
   \   000004   12....       LCALL   ?INTERRUPT_ENTER_XSP
   \   000007                ; Saved register size: 15
   \   000007                ; Auto size: 0
    367            if (HAL_KEY_SW_6_PXIFG & HAL_KEY_SW_6_BIT)
   \   000007   E589         MOV     A,0x89
   \   000009   A2E1         MOV     C,0xE0 /* A   */.1
   \   00000B   5003         JNC     ??halKeyPort0Isr_0
    368            {
    369              halProcessKeyInterrupt();
   \   00000D                ; Setup parameters for call to function halProcessKeyInterrupt
   \   00000D   12....       LCALL   ??halProcessKeyInterrupt?relay
    370            }
    371          
    372            /*
    373              Clear the CPU interrupt flag for Port_0
    374              PxIFG has to be cleared before PxIF
    375            */
    376            HAL_KEY_SW_6_PXIFG = 0;
   \                     ??halKeyPort0Isr_0:
   \   000010   758900       MOV     0x89,#0x0
    377            HAL_KEY_CPU_PORT_0_IF = 0;
   \   000013   C2C5         CLR     0xc0.5
    378          }
   \   000015   7F01         MOV     R7,#0x1
   \   000017   02....       LJMP    ?INTERRUPT_LEAVE_XSP
   \   00001A                REQUIRE P0IFG
   \   00001A                REQUIRE _A_IRCON
    379          
    380          
    381          /**************************************************************************************************
    382           * @fn      halKeyPort2Isr
    383           *
    384           * @brief   Port2 ISR
    385           *
    386           * @param
    387           *
    388           * @return
    389           **************************************************************************************************/

   \                                 In  segment NEAR_CODE, align 1, keep-with-next
    390          HAL_ISR_FUNCTION( halKeyPort2Isr, P2INT_VECTOR )
   \                     halKeyPort2Isr:
    391          {
   \   000000                ; Saved register size: 1
   \   000000                ; Auto size: 0
    392          //  if (HAL_KEY_JOY_MOVE_PXIFG & HAL_KEY_JOY_MOVE_BIT)
    393          //  {
    394          //    halProcessKeyInterrupt();
    395          //  }
    396          
    397            /*
    398              Clear the CPU interrupt flag for Port_2
    399              PxIFG has to be cleared before PxIF
    400              Notes: P2_1 and P2_2 are debug lines.
    401            */
    402            //HAL_KEY_JOY_MOVE_PXIFG = 0;
    403            HAL_KEY_CPU_PORT_2_IF = 0;
   \   000000   C2E8         CLR     0xe8.0
    404          }
   \   000002   32           RETI
   \   000003                REQUIRE _A_IRCON2

   \                                 In  segment INTVEC, offset 0x33, root
   \                     `??halKeyPort2Isr??INTVEC 51`:
   \   000033   02....       LJMP       (halKeyPort2Isr)

   \                                 In  segment INTVEC, offset 0x6b, root
   \                     `??halKeyPort0Isr??INTVEC 107`:
   \   00006B   02....       LJMP       (halKeyPort0Isr)

   \                                 In  segment BANK_RELAYS, align 1
   \                     ??HalKeyInit?relay:
   \   000000   12....       LCALL   ?BDISPATCH
   \   000003   ......       DC24    HalKeyInit

   \                                 In  segment BANK_RELAYS, align 1
   \                     ??HalKeyConfig?relay:
   \   000000   12....       LCALL   ?BDISPATCH
   \   000003   ......       DC24    HalKeyConfig

   \                                 In  segment BANK_RELAYS, align 1
   \                     ??HalKeyRead?relay:
   \   000000   12....       LCALL   ?BDISPATCH
   \   000003   ......       DC24    HalKeyRead

   \                                 In  segment BANK_RELAYS, align 1
   \                     ??HalKeyPoll?relay:
   \   000000   12....       LCALL   ?BDISPATCH
   \   000003   ......       DC24    HalKeyPoll

   \                                 In  segment BANK_RELAYS, align 1
   \                     ??halProcessKeyInterrupt?relay:
   \   000000   12....       LCALL   ?BDISPATCH
   \   000003   ......       DC24    halProcessKeyInterrupt

   \                                 In  segment BANK_RELAYS, align 1
   \                     ??HalKeyEnterSleep?relay:
   \   000000   12....       LCALL   ?BDISPATCH
   \   000003   ......       DC24    HalKeyEnterSleep

   \                                 In  segment BANK_RELAYS, align 1
   \                     ??HalKeyExitSleep?relay:
   \   000000   12....       LCALL   ?BDISPATCH
   \   000003   ......       DC24    HalKeyExitSleep
    405          
    406          //#else
    407          //
    408          //
    409          //void HalKeyInit(void){}
    410          //void HalKeyConfig(bool interruptEnable, halKeyCBack_t cback){}
    411          //uint8 HalKeyRead(void){ return 0;}
    412          //void HalKeyPoll(void){}
    413          
    414          //#endif /* HAL_KEY */
    415          
    416          
    417          
    418          
    419          
    420          /**************************************************************************************************
    421          **************************************************************************************************/
    422          
    423          
    424          

   Maximum stack usage in bytes:

     Function                    ISTACK PSTACK XSTACK
     --------                    ------ ------ ------
     HalKeyConfig                    2      0      0
       -> osal_stop_timerEx          4      0      0
       -> osal_start_timerEx         4      0      0
     HalKeyEnterSleep                0      0      0
     HalKeyExitSleep                 2      0      0
       -> HalKeyRead                 4      0      0
     HalKeyInit                      2      0      0
     HalKeyPoll                      2      0      0
     HalKeyRead                      0      0      0
     halKeyPort0Isr                 15      0      0
       -> halProcessKeyInterrupt    30      0      0
     halKeyPort2Isr                  1      0      0
     halProcessKeyInterrupt          2      0      0
       -> osal_start_timerEx         4      0      0


   Segment part sizes:

     Function/Label                 Bytes
     --------------                 -----
     P0IFG                             1
     _A_P2                             1
     _A_IRCON                          1
     _A_IRCON2                         1
     P2SEL                             1
     P2DIR                             1
     halKeySavedKeys                   1
     pHalKeyProcessFunction            2
     HalKeyConfigured                  1
     Hal_KeyIntEnable                  1
     HalKeyInit                       22
     ?Subroutine0                      7
     HalKeyConfig                     82
     HalKeyRead                       48
     HalKeyPoll                       93
     halProcessKeyInterrupt           31
     HalKeyEnterSleep                  3
     HalKeyExitSleep                   9
     halKeyPort0Isr                   26
     halKeyPort2Isr                    3
     ??halKeyPort2Isr??INTVEC 51       3
     ??halKeyPort0Isr??INTVEC 107      3
     ??HalKeyInit?relay                6
     ??HalKeyConfig?relay              6
     ??HalKeyRead?relay                6
     ??HalKeyPoll?relay                6
     ??halProcessKeyInterrupt?relay    6
     ??HalKeyEnterSleep?relay          6
     ??HalKeyExitSleep?relay           6

 
 295 bytes in segment BANKED_CODE
  42 bytes in segment BANK_RELAYS
   6 bytes in segment INTVEC
  29 bytes in segment NEAR_CODE
   6 bytes in segment SFR_AN
   5 bytes in segment XDATA_Z
 
 366 bytes of CODE  memory (+ 6 bytes shared)
   0 bytes of DATA  memory (+ 6 bytes shared)
   5 bytes of XDATA memory

Errors: none
Warnings: none
