###############################################################################
#                                                                             #
# IAR C/C++ Compiler V7.51A/W32 for 8051                19/Aug/2013  15:31:41 #
# Copyright 2004-2009 IAR Systems AB.                                         #
#                                                                             #
#    Core               =  plain                                              #
#    Code model         =  banked                                             #
#    Data model         =  large                                              #
#    Calling convention =  xdata reentrant                                    #
#    Constant location  =  data_rom                                           #
#    Dptr setup         =  1,16                                               #
#    Source file        =  D:\GitHub\z-stack\Sensor Network                   #
#                          Example\Components\hal\target\CC2530KB\hal_buzzer. #
#                          c                                                  #
#    Command line       =  -f "D:\GitHub\z-stack\Sensor Network               #
#                          Example\Projects\zstack\Sensor Network             #
#                          Application\ZIGBEE Coordinator &                   #
#                          Router\CC2530DB\..\..\..\Tools\CC2530DB\f8wCoord.c #
#                          fg" (-DCPU32MHZ -DROOT=__near_func                 #
#                          -DMAC_CFG_APP_PENDING_QUEUE=TRUE                   #
#                          -DZDO_COORDINATOR -DRTR_NWK -DBLINK_LEDS) -f       #
#                          "D:\GitHub\z-stack\Sensor Network                  #
#                          Example\Projects\zstack\Sensor Network             #
#                          Application\ZIGBEE Coordinator &                   #
#                          Router\CC2530DB\..\..\..\Tools\CC2530DB\f8wConfig. #
#                          cfg" (-DSECURE=0 -DZG_SECURE_DYNAMIC=0             #
#                          -DREFLECTOR -DDEFAULT_CHANLIST=0x00000800          #
#                          -DZDAPP_CONFIG_PAN_ID=0xFFFF                       #
#                          -DNWK_START_DELAY=100 -DEXTENDED_JOINING_RANDOM_MA #
#                          SK=0x007F -DBEACON_REQUEST_DELAY=100               #
#                          -DBEACON_REQ_DELAY_MASK=0x00FF                     #
#                          -DROUTE_EXPIRY_TIME=30 -DAPSC_ACK_WAIT_DURATION_PO #
#                          LLED=3000 -DNWK_INDIRECT_MSG_TIMEOUT=7             #
#                          -DMAX_RREQ_ENTRIES=8 -DAPSC_MAX_FRAME_RETRIES=3    #
#                          -DNWK_MAX_DATA_RETRIES=2                           #
#                          -DMAX_POLL_FAILURE_RETRIES=2 -DMAX_BCAST=9         #
#                          -DAPS_MAX_GROUPS=16 -DMAX_RTG_ENTRIES=40           #
#                          -DNWK_MAX_BINDING_ENTRIES=4                        #
#                          -DMAX_BINDING_CLUSTER_IDS=4 "-DDEFAULT_KEY={0x01,  #
#                          0x03, 0x05, 0x07, 0x09, 0x0B, 0x0D, 0x0F, 0x00,    #
#                          0x02, 0x04, 0x06, 0x08, 0x0A, 0x0C, 0x0D}"         #
#                          -DMAC_MAX_FRAME_SIZE=116 "-DCONST=const __code"    #
#                          -DGENERIC=__generic -DRFD_RCVC_ALWAYS_ON=TRUE      #
#                          -DPOLL_RATE=1000 -DQUEUED_POLL_RATE=100            #
#                          -DRESPONSE_POLL_RATE=100 -DREJOIN_POLL_RATE=440)   #
#                          -f "D:\GitHub\z-stack\Sensor Network               #
#                          Example\Projects\zstack\Sensor Network             #
#                          Application\ZIGBEE Coordinator &                   #
#                          Router\CC2530DB\..\..\..\Tools\CC2530DB\f8wZCL.cfg #
#                          " (-DZCL_READ -DZCL_WRITE -DZCL_BASIC              #
#                          -DZCL_IDENTIFY -DZCL_ON_OFF -DZCL_KEY_ESTABLISH    #
#                          -DZCL_LOAD_CONTROL -DZCL_SIMPLE_METERING           #
#                          -DZCL_PRICING) -DZCL_MESSAGE                       #
#                          "D:\GitHub\z-stack\Sensor Network                  #
#                          Example\Components\hal\target\CC2530KB\hal_buzzer. #
#                          c" -D CC2530 -D ZTOOL_P1 -D MT_TASK -D             #
#                          MT_APP_FUNC -D MT_SYS_FUNC -D MT_ZDO_FUNC -D       #
#                          LCD_SUPPORTED=DEBUG -D Coor_receiver -D            #
#                          xHAL_KEYPAD -D xPA2591 -lC                         #
#                          "D:\GitHub\z-stack\Sensor Network                  #
#                          Example\Projects\zstack\Sensor Network             #
#                          Application\ZIGBEE Coordinator &                   #
#                          Router\CC2530DB\Coordinator_KB_PA\List\" -lA       #
#                          "D:\GitHub\z-stack\Sensor Network                  #
#                          Example\Projects\zstack\Sensor Network             #
#                          Application\ZIGBEE Coordinator &                   #
#                          Router\CC2530DB\Coordinator_KB_PA\List\"           #
#                          --diag_suppress Pe001,Pa010 -o                     #
#                          "D:\GitHub\z-stack\Sensor Network                  #
#                          Example\Projects\zstack\Sensor Network             #
#                          Application\ZIGBEE Coordinator &                   #
#                          Router\CC2530DB\Coordinator_KB_PA\Obj\" -e         #
#                          --require_prototypes --debug --core=plain          #
#                          --dptr=16,1 --data_model=large                     #
#                          --code_model=banked --calling_convention=xdata_ree #
#                          ntrant --place_constants=data_rom                  #
#                          --nr_virtual_regs 16 -I "D:\GitHub\z-stack\Sensor  #
#                          Network Example\Projects\zstack\Sensor Network     #
#                          Application\ZIGBEE Coordinator &                   #
#                          Router\CC2530DB\" -I "D:\GitHub\z-stack\Sensor     #
#                          Network Example\Projects\zstack\Sensor Network     #
#                          Application\ZIGBEE Coordinator &                   #
#                          Router\CC2530DB\..\SOURCE\" -I                     #
#                          "D:\GitHub\z-stack\Sensor Network                  #
#                          Example\Projects\zstack\Sensor Network             #
#                          Application\ZIGBEE Coordinator &                   #
#                          Router\CC2530DB\..\..\SOURCE\" -I                  #
#                          "D:\GitHub\z-stack\Sensor Network                  #
#                          Example\Projects\zstack\Sensor Network             #
#                          Application\ZIGBEE Coordinator &                   #
#                          Router\CC2530DB\..\..\..\ZMAIN\TI2530DB\" -I       #
#                          "D:\GitHub\z-stack\Sensor Network                  #
#                          Example\Projects\zstack\Sensor Network             #
#                          Application\ZIGBEE Coordinator &                   #
#                          Router\CC2530DB\..\..\..\..\..\COMPONENTS\MT\" -I  #
#                          "D:\GitHub\z-stack\Sensor Network                  #
#                          Example\Projects\zstack\Sensor Network             #
#                          Application\ZIGBEE Coordinator &                   #
#                          Router\CC2530DB\..\..\..\..\..\COMPONENTS\HAL\INCL #
#                          UDE\" -I "D:\GitHub\z-stack\Sensor Network         #
#                          Example\Projects\zstack\Sensor Network             #
#                          Application\ZIGBEE Coordinator &                   #
#                          Router\CC2530DB\..\..\..\..\..\COMPONENTS\HAL\TARG #
#                          ET\CC2530KB\" -I "D:\GitHub\z-stack\Sensor         #
#                          Network Example\Projects\zstack\Sensor Network     #
#                          Application\ZIGBEE Coordinator &                   #
#                          Router\CC2530DB\..\..\..\..\..\COMPONENTS\OSAL\MCU #
#                          \CCSOC\" -I "D:\GitHub\z-stack\Sensor Network      #
#                          Example\Projects\zstack\Sensor Network             #
#                          Application\ZIGBEE Coordinator &                   #
#                          Router\CC2530DB\..\..\..\..\..\COMPONENTS\OSAL\INC #
#                          LUDE\" -I "D:\GitHub\z-stack\Sensor Network        #
#                          Example\Projects\zstack\Sensor Network             #
#                          Application\ZIGBEE Coordinator &                   #
#                          Router\CC2530DB\..\..\..\..\..\COMPONENTS\STACK\AF #
#                          \" -I "D:\GitHub\z-stack\Sensor Network            #
#                          Example\Projects\zstack\Sensor Network             #
#                          Application\ZIGBEE Coordinator &                   #
#                          Router\CC2530DB\..\..\..\..\..\COMPONENTS\STACK\NW #
#                          K\" -I "D:\GitHub\z-stack\Sensor Network           #
#                          Example\Projects\zstack\Sensor Network             #
#                          Application\ZIGBEE Coordinator &                   #
#                          Router\CC2530DB\..\..\..\..\..\COMPONENTS\STACK\SE #
#                          C\" -I "D:\GitHub\z-stack\Sensor Network           #
#                          Example\Projects\zstack\Sensor Network             #
#                          Application\ZIGBEE Coordinator &                   #
#                          Router\CC2530DB\..\..\..\..\..\COMPONENTS\STACK\SA #
#                          PI\" -I "D:\GitHub\z-stack\Sensor Network          #
#                          Example\Projects\zstack\Sensor Network             #
#                          Application\ZIGBEE Coordinator &                   #
#                          Router\CC2530DB\..\..\..\..\..\COMPONENTS\STACK\SY #
#                          S\" -I "D:\GitHub\z-stack\Sensor Network           #
#                          Example\Projects\zstack\Sensor Network             #
#                          Application\ZIGBEE Coordinator &                   #
#                          Router\CC2530DB\..\..\..\..\..\COMPONENTS\STACK\ZC #
#                          L\" -I "D:\GitHub\z-stack\Sensor Network           #
#                          Example\Projects\zstack\Sensor Network             #
#                          Application\ZIGBEE Coordinator &                   #
#                          Router\CC2530DB\..\..\..\..\..\COMPONENTS\STACK\ZD #
#                          O\" -I "D:\GitHub\z-stack\Sensor Network           #
#                          Example\Projects\zstack\Sensor Network             #
#                          Application\ZIGBEE Coordinator &                   #
#                          Router\CC2530DB\..\..\..\..\..\COMPONENTS\ZMAC\F8W #
#                          \" -I "D:\GitHub\z-stack\Sensor Network            #
#                          Example\Projects\zstack\Sensor Network             #
#                          Application\ZIGBEE Coordinator &                   #
#                          Router\CC2530DB\..\..\..\..\..\COMPONENTS\ZMAC\"   #
#                          -I "D:\GitHub\z-stack\Sensor Network               #
#                          Example\Projects\zstack\Sensor Network             #
#                          Application\ZIGBEE Coordinator &                   #
#                          Router\CC2530DB\..\..\..\..\..\COMPONENTS\SERVICES #
#                          \SADDR\" -I "D:\GitHub\z-stack\Sensor Network      #
#                          Example\Projects\zstack\Sensor Network             #
#                          Application\ZIGBEE Coordinator &                   #
#                          Router\CC2530DB\..\..\..\..\..\COMPONENTS\SERVICES #
#                          \SDATA\" -I "D:\GitHub\z-stack\Sensor Network      #
#                          Example\Projects\zstack\Sensor Network             #
#                          Application\ZIGBEE Coordinator &                   #
#                          Router\CC2530DB\..\..\..\..\..\COMPONENTS\MAC\INCL #
#                          UDE\" -I "D:\GitHub\z-stack\Sensor Network         #
#                          Example\Projects\zstack\Sensor Network             #
#                          Application\ZIGBEE Coordinator &                   #
#                          Router\CC2530DB\..\..\..\..\..\COMPONENTS\MAC\HIGH #
#                          _LEVEL\" -I "D:\GitHub\z-stack\Sensor Network      #
#                          Example\Projects\zstack\Sensor Network             #
#                          Application\ZIGBEE Coordinator &                   #
#                          Router\CC2530DB\..\..\..\..\..\COMPONENTS\MAC\LOW_ #
#                          LEVEL\srf04\" -I "D:\GitHub\z-stack\Sensor         #
#                          Network Example\Projects\zstack\Sensor Network     #
#                          Application\ZIGBEE Coordinator &                   #
#                          Router\CC2530DB\..\..\..\..\..\COMPONENTS\MAC\LOW_ #
#                          LEVEL\srf04\SINGLE_CHIP\" -I "C:\Program Files     #
#                          (x86)\IAR Systems\Embedded Workbench               #
#                          5.3\8051\INC\" -I "C:\Program Files (x86)\IAR      #
#                          Systems\Embedded Workbench 5.3\8051\INC\CLIB\"     #
#                          -Ohz                                               #
#    List file          =  D:\GitHub\z-stack\Sensor Network                   #
#                          Example\Projects\zstack\Sensor Network             #
#                          Application\ZIGBEE Coordinator &                   #
#                          Router\CC2530DB\Coordinator_KB_PA\List\hal_buzzer. #
#                          lst                                                #
#    Object file        =  D:\GitHub\z-stack\Sensor Network                   #
#                          Example\Projects\zstack\Sensor Network             #
#                          Application\ZIGBEE Coordinator &                   #
#                          Router\CC2530DB\Coordinator_KB_PA\Obj\hal_buzzer.r #
#                          51                                                 #
#                                                                             #
#                                                                             #
###############################################################################

D:\GitHub\z-stack\Sensor Network Example\Components\hal\target\CC2530KB\hal_buzzer.c
      1          //-------------------------------------------------------------------
      2          // Filename: hal_buzzer.c
      3          // Description: hal buzzer library
      4          //-------------------------------------------------------------------
      5          //-------------------------------------------------------------------
      6          // INCLUDES
      7          //-------------------------------------------------------------------
      8          #include "hal_types.h"
      9          #include "hal_board.h"

   \                                 In  segment SFR_AN, at 0x80
   \   union <unnamed> volatile __sfr _A_P0
   \                     _A_P0:
   \   000000                DS 1

   \                                 In  segment SFR_AN, at 0xf3
   \   unsigned char volatile __sfr P0SEL
   \                     P0SEL:
   \   000000                DS 1

   \                                 In  segment SFR_AN, at 0xfd
   \   unsigned char volatile __sfr P0DIR
   \                     P0DIR:
   \   000000                DS 1
     10          #include "hal_timer.h"
     11          #include "hal_keypad.h"
     12          #include "hal_buzzer.h"
     13          
     14          //-------------------------------------------------------------------
     15          // @fn      halBuzzerInit
     16          // @brief    Set up timer 1  to generate an interrupt freq
     17          // @param       uint16 freq
     18          // @return  none
     19          //-------------------------------------------------------------------

   \                                 In  segment BANKED_CODE, align 1, keep-with-next
     20          void halBuzzerInit(void)
   \                     halBuzzerInit:
     21          {  
   \   000000                ; Saved register size: 0
   \   000000                ; Auto size: 0
     22              // Set the buzzer for output
     23              HAL_BUZZER_OUTPUT();
   \   000000   53F3FD       ANL     0xf3,#0xfd
   \   000003   43FD02       ORL     0xfd,#0x2
     24          }
   \   000006   02....       LJMP    ?BRET
   \   000009                REQUIRE P0SEL
   \   000009                REQUIRE P0DIR
     25          
     26          //-------------------------------------------------------------------
     27          // @fn          halBuzzerOff
     28          // @brief       Turn Buzzer off.
     29          // @return      none
     30          //-------------------------------------------------------------------

   \                                 In  segment BANKED_CODE, align 1, keep-with-next
     31          void halBuzzerOff(void)
   \                     halBuzzerOff:
     32          {
   \   000000                ; Saved register size: 0
   \   000000                ; Auto size: 0
     33              HAL_BUZZER_OFF();
   \   000000   D281         SETB    0x80.1
     34          }
   \   000002   02....       LJMP    ?BRET
   \   000005                REQUIRE _A_P0
     35          
     36          //-------------------------------------------------------------------
     37          // @fn          halBuzzer
     38          // @brief       Turn Buzzer on.
     39          // @param       uint16 freq
     40          //-------------------------------------------------------------------

   \                                 In  segment BANKED_CODE, align 1, keep-with-next
     41          void halBuzzerOn(uint16 ms)
   \                     halBuzzerOn:
     42          {
   \   000000   74F6         MOV     A,#-0xa
   \   000002   12....       LCALL   ?BANKED_ENTER_XDATA
   \   000005                ; Saved register size: 10
   \   000005                ; Auto size: 0
   \   000005   8A..         MOV     ?V0 + 0,R2
   \   000007   8B..         MOV     ?V0 + 1,R3
     43              int i;
     44              
     45              for(i=0; i<ms; i++)
   \   000009   7E00         MOV     R6,#0x0
   \   00000B   7F00         MOV     R7,#0x0
   \   00000D   8014         SJMP    ??halBuzzerOn_0
     46              {
     47                 HAL_BUZZER_TGL();
   \                     ??halBuzzerOn_1:
   \   00000F   638002       XRL     0x80,#0x2
   \   000012   E580         MOV     A,0x80
     48                 halMcuWaitUs(200);
   \   000014                ; Setup parameters for call to function halMcuWaitUs
   \   000014   7AC8         MOV     R2,#-0x38
   \   000016   7B00         MOV     R3,#0x0
   \   000018   12....       LCALL   ??halMcuWaitUs?relay
     49              }
   \   00001B   EE           MOV     A,R6
   \   00001C   2401         ADD     A,#0x1
   \   00001E   0E           INC     R6
   \   00001F   EF           MOV     A,R7
   \   000020   3400         ADDC    A,#0x0
   \   000022   FF           MOV     R7,A
   \                     ??halBuzzerOn_0:
   \   000023   C3           CLR     C
   \   000024   EE           MOV     A,R6
   \   000025   95..         SUBB    A,?V0 + 0
   \   000027   EF           MOV     A,R7
   \   000028   95..         SUBB    A,?V0 + 1
   \   00002A   40E3         JC      ??halBuzzerOn_1
     50              HAL_BUZZER_OFF();
   \   00002C   D281         SETB    0x80.1
     51          }
   \   00002E   7F02         MOV     R7,#0x2
   \   000030   02....       LJMP    ?BANKED_LEAVE_XDATA
   \   000033                REQUIRE _A_P0

   \                                 In  segment BANK_RELAYS, align 1
   \                     ??halBuzzerInit?relay:
   \   000000   12....       LCALL   ?BDISPATCH
   \   000003   ......       DC24    halBuzzerInit

   \                                 In  segment BANK_RELAYS, align 1
   \                     ??halBuzzerOff?relay:
   \   000000   12....       LCALL   ?BDISPATCH
   \   000003   ......       DC24    halBuzzerOff

   \                                 In  segment BANK_RELAYS, align 1
   \                     ??halBuzzerOn?relay:
   \   000000   12....       LCALL   ?BDISPATCH
   \   000003   ......       DC24    halBuzzerOn

   Maximum stack usage in bytes:

     Function          ISTACK PSTACK XSTACK
     --------          ------ ------ ------
     halBuzzerInit         0      0      0
     halBuzzerOff          0      0      0
     halBuzzerOn           0      0     10
       -> halMcuWaitUs     0      0     20


   Segment part sizes:

     Function/Label        Bytes
     --------------        -----
     _A_P0                    1
     P0SEL                    1
     P0DIR                    1
     halBuzzerInit            9
     halBuzzerOff             5
     halBuzzerOn             51
     ??halBuzzerInit?relay    6
     ??halBuzzerOff?relay     6
     ??halBuzzerOn?relay      6

 
 65 bytes in segment BANKED_CODE
 18 bytes in segment BANK_RELAYS
  3 bytes in segment SFR_AN
 
 83 bytes of CODE memory
  0 bytes of DATA memory (+ 3 bytes shared)

Errors: none
Warnings: none
