###############################################################################
#                                                                             #
# IAR C/C++ Compiler V7.51A/W32 for 8051                19/Mar/2010  17:55:03 #
# Copyright 2004-2009 IAR Systems AB.                                         #
#                                                                             #
#    Core               =  plain                                              #
#    Code model         =  banked                                             #
#    Data model         =  large                                              #
#    Calling convention =  xdata reentrant                                    #
#    Constant location  =  data_rom                                           #
#    Dptr setup         =  1,16                                               #
#    Source file        =  D:\µ{¦¡¶}µo\TI Zigbee Z-Stack\ZStack-CC2530-2.3.0- #
#                          1.4.0\Projects\zstack\Samples\SampleApp\Source\Sam #
#                          pleApp.c                                           #
#    Command line       =  -f "D:\µ{¦¡¶}µo\TI Zigbee                          #
#                          Z-Stack\ZStack-CC2530-2.3.0-1.4.0\Projects\zstack\ #
#                          Samples\SampleApp\CC2530DB\..\..\..\Tools\CC2530DB #
#                          \f8wEndev.cfg" (-DCPU32MHZ -DROOT=__near_func      #
#                          -DBLINK_LEDS) -f "D:\µ{¦¡¶}µo\TI Zigbee            #
#                          Z-Stack\ZStack-CC2530-2.3.0-1.4.0\Projects\zstack\ #
#                          Samples\SampleApp\CC2530DB\..\..\..\Tools\CC2530DB #
#                          \f8wConfig.cfg" (-DSECURE=0 -DZG_SECURE_DYNAMIC=0  #
#                          -DREFLECTOR -DDEFAULT_CHANLIST=0x00000800          #
#                          -DZDAPP_CONFIG_PAN_ID=0xFFFF                       #
#                          -DNWK_START_DELAY=100 -DEXTENDED_JOINING_RANDOM_MA #
#                          SK=0x007F -DBEACON_REQUEST_DELAY=100               #
#                          -DBEACON_REQ_DELAY_MASK=0x00FF                     #
#                          -DROUTE_EXPIRY_TIME=30 -DAPSC_ACK_WAIT_DURATION_PO #
#                          LLED=3000 -DNWK_INDIRECT_MSG_TIMEOUT=7             #
#                          -DMAX_RREQ_ENTRIES=8 -DAPSC_MAX_FRAME_RETRIES=3    #
#                          -DNWK_MAX_DATA_RETRIES=2                           #
#                          -DMAX_POLL_FAILURE_RETRIES=2 -DMAX_BCAST=9         #
#                          -DAPS_MAX_GROUPS=16 -DMAX_RTG_ENTRIES=40           #
#                          -DNWK_MAX_BINDING_ENTRIES=4                        #
#                          -DMAX_BINDING_CLUSTER_IDS=4 "-DDEFAULT_KEY={0x01,  #
#                          0x03, 0x05, 0x07, 0x09, 0x0B, 0x0D, 0x0F, 0x00,    #
#                          0x02, 0x04, 0x06, 0x08, 0x0A, 0x0C, 0x0D}"         #
#                          -DMAC_MAX_FRAME_SIZE=116 "-DCONST=const __code"    #
#                          -DGENERIC=__generic -DRFD_RCVC_ALWAYS_ON=FALSE     #
#                          -DPOLL_RATE=1000 -DQUEUED_POLL_RATE=100            #
#                          -DRESPONSE_POLL_RATE=100) -DREJOIN_POLL_RATE=440   #
#                          "D:\µ{¦¡¶}µo\TI Zigbee Z-Stack\ZStack-CC2530-2.3.0 #
#                          -1.4.0\Projects\zstack\Samples\SampleApp\Source\Sa #
#                          mpleApp.c" -D NWK_AUTO_POLL -D ZTOOL_P1 -D         #
#                          MT_TASK -D MT_SYS_FUNC -D MT_ZDO_FUNC -D           #
#                          LCD_SUPPORTED=DEBUG -lC "D:\µ{¦¡¶}µo\TI Zigbee     #
#                          Z-Stack\ZStack-CC2530-2.3.0-1.4.0\Projects\zstack\ #
#                          Samples\SampleApp\CC2530DB\EndDeviceKB\List\" -lA  #
#                          "D:\µ{¦¡¶}µo\TI Zigbee Z-Stack\ZStack-CC2530-2.3.0 #
#                          -1.4.0\Projects\zstack\Samples\SampleApp\CC2530DB\ #
#                          EndDeviceKB\List\" --diag_suppress Pe001,Pa010 -o  #
#                          "D:\µ{¦¡¶}µo\TI Zigbee Z-Stack\ZStack-CC2530-2.3.0 #
#                          -1.4.0\Projects\zstack\Samples\SampleApp\CC2530DB\ #
#                          EndDeviceKB\Obj\" -e --require_prototypes --debug  #
#                          --core=plain --dptr=16,1 --data_model=large        #
#                          --code_model=banked --calling_convention=xdata_ree #
#                          ntrant --place_constants=data_rom                  #
#                          --nr_virtual_regs 16 -I "D:\µ{¦¡¶}µo\TI Zigbee     #
#                          Z-Stack\ZStack-CC2530-2.3.0-1.4.0\Projects\zstack\ #
#                          Samples\SampleApp\CC2530DB\" -I "D:\µ{¦¡¶}µo\TI    #
#                          Zigbee Z-Stack\ZStack-CC2530-2.3.0-1.4.0\Projects\ #
#                          zstack\Samples\SampleApp\CC2530DB\..\SOURCE\" -I   #
#                          "D:\µ{¦¡¶}µo\TI Zigbee Z-Stack\ZStack-CC2530-2.3.0 #
#                          -1.4.0\Projects\zstack\Samples\SampleApp\CC2530DB\ #
#                          ..\..\..\ZMAIN\TI2530DB\" -I "D:\µ{¦¡¶}µo\TI       #
#                          Zigbee Z-Stack\ZStack-CC2530-2.3.0-1.4.0\Projects\ #
#                          zstack\Samples\SampleApp\CC2530DB\..\..\..\..\..\C #
#                          OMPONENTS\MT\" -I "D:\µ{¦¡¶}µo\TI Zigbee           #
#                          Z-Stack\ZStack-CC2530-2.3.0-1.4.0\Projects\zstack\ #
#                          Samples\SampleApp\CC2530DB\..\..\..\..\..\COMPONEN #
#                          TS\HAL\INCLUDE\" -I "D:\µ{¦¡¶}µo\TI Zigbee         #
#                          Z-Stack\ZStack-CC2530-2.3.0-1.4.0\Projects\zstack\ #
#                          Samples\SampleApp\CC2530DB\..\..\..\..\..\COMPONEN #
#                          TS\HAL\TARGET\CC2530EB\" -I "D:\µ{¦¡¶}µo\TI        #
#                          Zigbee Z-Stack\ZStack-CC2530-2.3.0-1.4.0\Projects\ #
#                          zstack\Samples\SampleApp\CC2530DB\..\..\..\..\..\C #
#                          OMPONENTS\OSAL\MCU\CCSOC\" -I "D:\µ{¦¡¶}µo\TI      #
#                          Zigbee Z-Stack\ZStack-CC2530-2.3.0-1.4.0\Projects\ #
#                          zstack\Samples\SampleApp\CC2530DB\..\..\..\..\..\C #
#                          OMPONENTS\OSAL\INCLUDE\" -I "D:\µ{¦¡¶}µo\TI        #
#                          Zigbee Z-Stack\ZStack-CC2530-2.3.0-1.4.0\Projects\ #
#                          zstack\Samples\SampleApp\CC2530DB\..\..\..\..\..\C #
#                          OMPONENTS\STACK\AF\" -I "D:\µ{¦¡¶}µo\TI Zigbee     #
#                          Z-Stack\ZStack-CC2530-2.3.0-1.4.0\Projects\zstack\ #
#                          Samples\SampleApp\CC2530DB\..\..\..\..\..\COMPONEN #
#                          TS\STACK\NWK\" -I "D:\µ{¦¡¶}µo\TI Zigbee           #
#                          Z-Stack\ZStack-CC2530-2.3.0-1.4.0\Projects\zstack\ #
#                          Samples\SampleApp\CC2530DB\..\..\..\..\..\COMPONEN #
#                          TS\STACK\SEC\" -I "D:\µ{¦¡¶}µo\TI Zigbee           #
#                          Z-Stack\ZStack-CC2530-2.3.0-1.4.0\Projects\zstack\ #
#                          Samples\SampleApp\CC2530DB\..\..\..\..\..\COMPONEN #
#                          TS\STACK\SAPI\" -I "D:\µ{¦¡¶}µo\TI Zigbee          #
#                          Z-Stack\ZStack-CC2530-2.3.0-1.4.0\Projects\zstack\ #
#                          Samples\SampleApp\CC2530DB\..\..\..\..\..\COMPONEN #
#                          TS\STACK\SYS\" -I "D:\µ{¦¡¶}µo\TI Zigbee           #
#                          Z-Stack\ZStack-CC2530-2.3.0-1.4.0\Projects\zstack\ #
#                          Samples\SampleApp\CC2530DB\..\..\..\..\..\COMPONEN #
#                          TS\STACK\ZDO\" -I "D:\µ{¦¡¶}µo\TI Zigbee           #
#                          Z-Stack\ZStack-CC2530-2.3.0-1.4.0\Projects\zstack\ #
#                          Samples\SampleApp\CC2530DB\..\..\..\..\..\COMPONEN #
#                          TS\ZMAC\F8W\" -I "D:\µ{¦¡¶}µo\TI Zigbee            #
#                          Z-Stack\ZStack-CC2530-2.3.0-1.4.0\Projects\zstack\ #
#                          Samples\SampleApp\CC2530DB\..\..\..\..\..\COMPONEN #
#                          TS\ZMAC\" -I "D:\µ{¦¡¶}µo\TI Zigbee                #
#                          Z-Stack\ZStack-CC2530-2.3.0-1.4.0\Projects\zstack\ #
#                          Samples\SampleApp\CC2530DB\..\..\..\..\..\COMPONEN #
#                          TS\SERVICES\SADDR\" -I "D:\µ{¦¡¶}µo\TI Zigbee      #
#                          Z-Stack\ZStack-CC2530-2.3.0-1.4.0\Projects\zstack\ #
#                          Samples\SampleApp\CC2530DB\..\..\..\..\..\COMPONEN #
#                          TS\SERVICES\SDATA\" -I "D:\µ{¦¡¶}µo\TI Zigbee      #
#                          Z-Stack\ZStack-CC2530-2.3.0-1.4.0\Projects\zstack\ #
#                          Samples\SampleApp\CC2530DB\..\..\..\..\..\COMPONEN #
#                          TS\MAC\INCLUDE\" -I "D:\µ{¦¡¶}µo\TI Zigbee         #
#                          Z-Stack\ZStack-CC2530-2.3.0-1.4.0\Projects\zstack\ #
#                          Samples\SampleApp\CC2530DB\..\..\..\..\..\COMPONEN #
#                          TS\MAC\HIGH_LEVEL\" -I "D:\µ{¦¡¶}µo\TI Zigbee      #
#                          Z-Stack\ZStack-CC2530-2.3.0-1.4.0\Projects\zstack\ #
#                          Samples\SampleApp\CC2530DB\..\..\..\..\..\COMPONEN #
#                          TS\MAC\LOW_LEVEL\srf04\" -I "D:\µ{¦¡¶}µo\TI        #
#                          Zigbee Z-Stack\ZStack-CC2530-2.3.0-1.4.0\Projects\ #
#                          zstack\Samples\SampleApp\CC2530DB\..\..\..\..\..\C #
#                          OMPONENTS\MAC\LOW_LEVEL\srf04\SINGLE_CHIP\" -I     #
#                          "C:\IAR Systems\Embedded Workbench 5.3\8051\INC\"  #
#                          -I "C:\IAR Systems\Embedded Workbench              #
#                          5.3\8051\INC\CLIB\" -Ohz                           #
#    List file          =  D:\µ{¦¡¶}µo\TI Zigbee Z-Stack\ZStack-CC2530-2.3.0- #
#                          1.4.0\Projects\zstack\Samples\SampleApp\CC2530DB\E #
#                          ndDeviceKB\List\SampleApp.lst                      #
#    Object file        =  D:\µ{¦¡¶}µo\TI Zigbee Z-Stack\ZStack-CC2530-2.3.0- #
#                          1.4.0\Projects\zstack\Samples\SampleApp\CC2530DB\E #
#                          ndDeviceKB\Obj\SampleApp.r51                       #
#                                                                             #
#                                                                             #
###############################################################################

D:\µ{¦¡¶}µo\TI Zigbee Z-Stack\ZStack-CC2530-2.3.0-1.4.0\Projects\zstack\Samples\SampleApp\Source\SampleApp.c
      1          /**************************************************************************************************
      2            Filename:       SampleApp.c
      3            Revised:        $Date: 2009-03-18 15:56:27 -0700 (Wed, 18 Mar 2009) $
      4            Revision:       $Revision: 19453 $
      5          
      6            Description:    Sample Application (no Profile).
      7          
      8          
      9            Copyright 2007 Texas Instruments Incorporated. All rights reserved.
     10          
     11            IMPORTANT: Your use of this Software is limited to those specific rights
     12            granted under the terms of a software license agreement between the user
     13            who downloaded the software, his/her employer (which must be your employer)
     14            and Texas Instruments Incorporated (the "License").  You may not use this
     15            Software unless you agree to abide by the terms of the License. The License
     16            limits your use, and you acknowledge, that the Software may not be modified,
     17            copied or distributed unless embedded on a Texas Instruments microcontroller
     18            or used solely and exclusively in conjunction with a Texas Instruments radio
     19            frequency transceiver, which is integrated into your product.  Other than for
     20            the foregoing purpose, you may not use, reproduce, copy, prepare derivative
     21            works of, modify, distribute, perform, display or sell this Software and/or
     22            its documentation for any purpose.
     23          
     24            YOU FURTHER ACKNOWLEDGE AND AGREE THAT THE SOFTWARE AND DOCUMENTATION ARE
     25            PROVIDED “AS IS?WITHOUT WARRANTY OF ANY KIND, EITHER EXPRESS OR IMPLIED,
     26            INCLUDING WITHOUT LIMITATION, ANY WARRANTY OF MERCHANTABILITY, TITLE,
     27            NON-INFRINGEMENT AND FITNESS FOR A PARTICULAR PURPOSE. IN NO EVENT SHALL
     28            TEXAS INSTRUMENTS OR ITS LICENSORS BE LIABLE OR OBLIGATED UNDER CONTRACT,
     29            NEGLIGENCE, STRICT LIABILITY, CONTRIBUTION, BREACH OF WARRANTY, OR OTHER
     30            LEGAL EQUITABLE THEORY ANY DIRECT OR INDIRECT DAMAGES OR EXPENSES
     31            INCLUDING BUT NOT LIMITED TO ANY INCIDENTAL, SPECIAL, INDIRECT, PUNITIVE
     32            OR CONSEQUENTIAL DAMAGES, LOST PROFITS OR LOST DATA, COST OF PROCUREMENT
     33            OF SUBSTITUTE GOODS, TECHNOLOGY, SERVICES, OR ANY CLAIMS BY THIRD PARTIES
     34            (INCLUDING BUT NOT LIMITED TO ANY DEFENSE THEREOF), OR OTHER SIMILAR COSTS.
     35          
     36            Should you have any questions regarding your right to use this Software,
     37            contact Texas Instruments Incorporated at www.TI.com.
     38          **************************************************************************************************/
     39          
     40          /*********************************************************************
     41            This application isn't intended to do anything useful, it is
     42            intended to be a simple example of an application's structure.
     43          
     44            This application sends it's messages either as broadcast or
     45            broadcast filtered group messages.  The other (more normal)
     46            message addressing is unicast.  Most of the other sample
     47            applications are written to support the unicast message model.
     48          
     49            Key control:
     50              SW1:  Sends a flash command to all devices in Group 1.
     51              SW2:  Adds/Removes (toggles) this device in and out
     52                    of Group 1.  This will enable and disable the
     53                    reception of the flash command.
     54          *********************************************************************/
     55          
     56          /*********************************************************************
     57           * INCLUDES
     58           */
     59          #include "OSAL.h"
     60          #include "ZGlobals.h"
     61          #include "AF.h"
     62          #include "aps_groups.h"
     63          #include "ZDApp.h"
     64          
     65          #include "SampleApp.h"
     66          #include "SampleAppHw.h"
     67          
     68          #include "OnBoard.h"
     69          
     70          /* HAL */
     71          #include "hal_lcd.h"
     72          #include "hal_led.h"
     73          #include "hal_key.h"
     74          
     75          /*********************************************************************
     76           * MACROS
     77           */
     78          
     79          /*********************************************************************
     80           * CONSTANTS
     81           */
     82          
     83          /*********************************************************************
     84           * TYPEDEFS
     85           */
     86          
     87          /*********************************************************************
     88           * GLOBAL VARIABLES
     89           */
     90          
     91          // This list should be filled with Application specific Cluster IDs.

   \                                 In  segment XDATA_ROM_C, align 1
     92          const cId_t SampleApp_ClusterList[SAMPLEAPP_MAX_CLUSTERS] =
   \                     SampleApp_ClusterList:
   \   000000   01000200     DW 1, 2
     93          {
     94            SAMPLEAPP_PERIODIC_CLUSTERID,
     95            SAMPLEAPP_FLASH_CLUSTERID
     96          };
     97          

   \                                 In  segment XDATA_ROM_C, align 1
     98          const SimpleDescriptionFormat_t SampleApp_SimpleDesc =
   \                     SampleApp_SimpleDesc:
   \   000000   14           DB 20
   \   000001   080F0100     DW 3848, 1
   \   000005   0002         DB 0, 2
   \   000007   ....         DW SampleApp_ClusterList
   \   000009   02           DB 2
   \   00000A   ....         DW SampleApp_ClusterList
     99          {
    100            SAMPLEAPP_ENDPOINT,              //  int Endpoint;
    101            SAMPLEAPP_PROFID,                //  uint16 AppProfId[2];
    102            SAMPLEAPP_DEVICEID,              //  uint16 AppDeviceId[2];
    103            SAMPLEAPP_DEVICE_VERSION,        //  int   AppDevVer:4;
    104            SAMPLEAPP_FLAGS,                 //  int   AppFlags:4;          //endpoint~flag:À³¥Îµ{¦¡ªº¿ìÃÑID(¹ï©ó¤U¼h¨Ó»¡)
    105            SAMPLEAPP_MAX_CLUSTERS,          //  uint8  AppNumInClusters;
    106            (cId_t *)SampleApp_ClusterList,  //  uint8 *pAppInClusterList;
    107            SAMPLEAPP_MAX_CLUSTERS,          //  uint8  AppNumInClusters;
    108            (cId_t *)SampleApp_ClusterList   //  uint8 *pAppInClusterList;  //MAX_CLUSTERS~SampleApp_ClusterList:
    109          };                                                                            //±µ¦¬&¶Ç°eªº«Ê¥]IDªí¡A¦¹À³¥Î¥u¶Ç°e¤W­zªº«Ê¥]ID
    110          
    111          // This is the Endpoint/Interface description.  It is defined here, but
    112          // filled-in in SampleApp_Init().  Another way to go would be to fill
    113          // in the structure here and make it a "const" (in code space).  The
    114          // way it's defined in this sample app it is define in RAM.

   \                                 In  segment XDATA_Z, align 1, keep-with-next
    115          endPointDesc_t SampleApp_epDesc;   //§¹¾ã´y­z¦¹À³¥Îªº¸ê®Æµ²ºc
   \                     SampleApp_epDesc:
   \   000000                DS 6
   \   000006                REQUIRE __INIT_XDATA_Z
    116          
    117          /*********************************************************************
    118           * EXTERNAL VARIABLES
    119           */
    120          
    121          /*********************************************************************
    122           * EXTERNAL FUNCTIONS
    123           */
    124          
    125          /*********************************************************************
    126           * LOCAL VARIABLES
    127           */

   \                                 In  segment XDATA_Z, align 1, keep-with-next
    128          uint8 SampleApp_TaskID;   // Task ID for internal task/event processing
   \                     SampleApp_TaskID:
   \   000000                DS 1
   \   000001                REQUIRE __INIT_XDATA_Z
    129                                    // This variable will be received when
    130                                    // SampleApp_Init() is called.

   \                                 In  segment XDATA_Z, align 1, keep-with-next
    131          devStates_t SampleApp_NwkState;
   \                     SampleApp_NwkState:
   \   000000                DS 1
   \   000001                REQUIRE __INIT_XDATA_Z
    132          

   \                                 In  segment XDATA_Z, align 1, keep-with-next
    133          uint8 SampleApp_TransID;  // This is the unique message ID (counter)
   \                     SampleApp_TransID:
   \   000000                DS 1
   \   000001                REQUIRE __INIT_XDATA_Z
    134          

   \                                 In  segment XDATA_Z, align 1, keep-with-next
    135          afAddrType_t SampleApp_Periodic_DstAddr;
   \                     SampleApp_Periodic_DstAddr:
   \   000000                DS 12
   \   00000C                REQUIRE __INIT_XDATA_Z

   \                                 In  segment XDATA_Z, align 1, keep-with-next
    136          afAddrType_t SampleApp_Flash_DstAddr;
   \                     SampleApp_Flash_DstAddr:
   \   000000                DS 12
   \   00000C                REQUIRE __INIT_XDATA_Z
    137          

   \                                 In  segment XDATA_Z, align 1, keep-with-next
    138          aps_Group_t SampleApp_Group;
   \                     SampleApp_Group:
   \   000000                DS 18
   \   000012                REQUIRE __INIT_XDATA_Z
    139          

   \                                 In  segment XDATA_Z, align 1, keep-with-next
    140          uint8 SampleAppPeriodicCounter = 0;
   \                     SampleAppPeriodicCounter:
   \   000000                DS 1
   \   000001                REQUIRE __INIT_XDATA_Z

   \                                 In  segment XDATA_Z, align 1, keep-with-next
    141          uint8 SampleAppFlashCounter = 0;
   \                     SampleAppFlashCounter:
   \   000000                DS 1
   \   000001                REQUIRE __INIT_XDATA_Z
    142          
    143          /*********************************************************************
    144           * LOCAL FUNCTIONS
    145           */
    146          void SampleApp_HandleKeys( uint8 shift, uint8 keys );
    147          void SampleApp_MessageMSGCB( afIncomingMSGPacket_t *pckt );
    148          void SampleApp_SendPeriodicMessage( void );
    149          void SampleApp_SendFlashMessage( uint16 flashTime );
    150          
    151          /*********************************************************************
    152           * NETWORK LAYER CALLBACKS
    153           */
    154          
    155          /*********************************************************************
    156           * PUBLIC FUNCTIONS
    157           */
    158          
    159          /*********************************************************************
    160           * @fn      SampleApp_Init
    161           *
    162           * @brief   Initialization function for the Generic App Task.
    163           *          This is called during initialization and should contain
    164           *          any application specific initialization (ie. hardware
    165           *          initialization/setup, table initialization, power up
    166           *          notificaiton ... ).
    167           *
    168           * @param   task_id - the ID assigned by OSAL.  This ID should be
    169           *                    used to send messages and set timers.
    170           *
    171           * @return  none
    172           */

   \                                 In  segment BANKED_CODE, align 1, keep-with-next
    173          void SampleApp_Init( uint8 task_id )
   \                     SampleApp_Init:
    174          {
   \   000000   74F5         MOV     A,#-0xb
   \   000002   12....       LCALL   ?BANKED_ENTER_XDATA
   \   000005                ; Saved register size: 11
   \   000005                ; Auto size: 0
    175            SampleApp_TaskID = task_id;
   \   000005   E9           MOV     A,R1
   \   000006   90....       MOV     DPTR,#SampleApp_TaskID
   \   000009   F0           MOVX    @DPTR,A
    176            SampleApp_NwkState = DEV_INIT;
   \   00000A   7401         MOV     A,#0x1
   \   00000C   90....       MOV     DPTR,#SampleApp_NwkState
   \   00000F   F0           MOVX    @DPTR,A
    177            SampleApp_TransID = 0;
   \   000010   E4           CLR     A
   \   000011   90....       MOV     DPTR,#SampleApp_TransID
   \   000014   F0           MOVX    @DPTR,A
    178          
    179            // Device hardware initialization can be added here or in main() (Zmain.c).
    180            // If the hardware is application specific - add it here.
    181            // If the hardware is other parts of the device add it in main().
    182          
    183           #if defined ( BUILD_ALL_DEVICES )
    184            // The "Demo" target is setup to have BUILD_ALL_DEVICES and HOLD_AUTO_START
    185            // We are looking at a jumper (defined in SampleAppHw.c) to be jumpered
    186            // together - if they are - we will start up a coordinator. Otherwise,
    187            // the device will start as a router.
    188            if ( readCoordinatorJumper() )
    189              zgDeviceLogicalType = ZG_DEVICETYPE_COORDINATOR;
    190            else
    191              zgDeviceLogicalType = ZG_DEVICETYPE_ROUTER;
    192          #endif // BUILD_ALL_DEVICES
    193          
    194          #if defined ( HOLD_AUTO_START )
    195            // HOLD_AUTO_START is a compile option that will surpress ZDApp
    196            //  from starting the device and wait for the application to
    197            //  start the device.
    198            ZDOInitDevice(0);
    199          #endif
    200          
    201            // Setup for the periodic message's destination address
    202            // Broadcast to everyone
    203            SampleApp_Periodic_DstAddr.addrMode = (afAddrMode_t)AddrBroadcast; //¶Ç°e¼Ò¦¡-¼s¼½
   \   000015   740F         MOV     A,#0xf
   \   000017   90....       MOV     DPTR,#(SampleApp_Periodic_DstAddr + 8)
   \   00001A   F0           MOVX    @DPTR,A
    204            SampleApp_Periodic_DstAddr.endPoint = SAMPLEAPP_ENDPOINT;          //¹ï¶HÀ³¥Îµ{¦¡ID
   \   00001B   7414         MOV     A,#0x14
   \   00001D   90....       MOV     DPTR,#(SampleApp_Periodic_DstAddr + 9)
   \   000020   F0           MOVX    @DPTR,A
    205            SampleApp_Periodic_DstAddr.addr.shortAddr = 0xFFFF;                //¼s¼½¤º©w¦a§}
   \   000021   90....       MOV     DPTR,#SampleApp_Periodic_DstAddr
   \   000024   74FF         MOV     A,#-0x1
   \   000026   F0           MOVX    @DPTR,A
   \   000027   A3           INC     DPTR
   \   000028   F0           MOVX    @DPTR,A
    206          
    207            // Setup for the flash command's destination address - Group 1
    208            SampleApp_Flash_DstAddr.addrMode = (afAddrMode_t)afAddrGroup;      
   \   000029   7401         MOV     A,#0x1
   \   00002B   90....       MOV     DPTR,#(SampleApp_Flash_DstAddr + 8)
   \   00002E   F0           MOVX    @DPTR,A
    209            SampleApp_Flash_DstAddr.endPoint = SAMPLEAPP_ENDPOINT;             //¶Ç°e¼Ò¦¡-²Õ¤º¶Ç°e
   \   00002F   7414         MOV     A,#0x14
   \   000031   90....       MOV     DPTR,#(SampleApp_Flash_DstAddr + 9)
   \   000034   F0           MOVX    @DPTR,A
    210            SampleApp_Flash_DstAddr.addr.shortAddr = SAMPLEAPP_FLASH_GROUP;    //²Õ¦WºÙ(¦¹À³¥Î¤º©w)
   \   000035   90....       MOV     DPTR,#SampleApp_Flash_DstAddr
   \   000038   7401         MOV     A,#0x1
   \   00003A   F0           MOVX    @DPTR,A
   \   00003B   A3           INC     DPTR
   \   00003C   E4           CLR     A
   \   00003D   F0           MOVX    @DPTR,A
    211          
    212            // Fill out the endpoint description.
    213            SampleApp_epDesc.endPoint = SAMPLEAPP_ENDPOINT;
   \   00003E   7414         MOV     A,#0x14
   \   000040   90....       MOV     DPTR,#SampleApp_epDesc
   \   000043   F0           MOVX    @DPTR,A
    214            SampleApp_epDesc.task_id = &SampleApp_TaskID;
   \   000044   90....       MOV     DPTR,#(SampleApp_epDesc + 1)
   \   000047   74..         MOV     A,#(SampleApp_TaskID & 0xff)
   \   000049   F0           MOVX    @DPTR,A
   \   00004A   A3           INC     DPTR
   \   00004B   74..         MOV     A,#((SampleApp_TaskID >> 8) & 0xff)
   \   00004D   F0           MOVX    @DPTR,A
    215            SampleApp_epDesc.simpleDesc
    216                      = (SimpleDescriptionFormat_t *)&SampleApp_SimpleDesc;
   \   00004E   90....       MOV     DPTR,#(SampleApp_epDesc + 3)
   \   000051   74..         MOV     A,#(SampleApp_SimpleDesc & 0xff)
   \   000053   F0           MOVX    @DPTR,A
   \   000054   A3           INC     DPTR
   \   000055   74..         MOV     A,#((SampleApp_SimpleDesc >> 8) & 0xff)
   \   000057   F0           MOVX    @DPTR,A
    217            SampleApp_epDesc.latencyReq = noLatencyReqs;
   \   000058   E4           CLR     A
   \   000059   90....       MOV     DPTR,#(SampleApp_epDesc + 5)
   \   00005C   F0           MOVX    @DPTR,A
    218          
    219            // Register the endpoint description with the AF
    220            afRegister( &SampleApp_epDesc );          //¦V¤U¼hµù¥U¦¹À³¥Îµ{¦¡
   \   00005D                ; Setup parameters for call to function afRegister
   \   00005D   7A..         MOV     R2,#(SampleApp_epDesc & 0xff)
   \   00005F   7B..         MOV     R3,#((SampleApp_epDesc >> 8) & 0xff)
   \   000061   12....       LCALL   ??afRegister?relay
    221          
    222            // Register for all key events - This app will handle all key events
    223            RegisterForKeys( SampleApp_TaskID );      //¦V¤U¼hµù¥U«ö¶s¨Æ¥ó
   \   000064                ; Setup parameters for call to function RegisterForKeys
   \   000064   90....       MOV     DPTR,#SampleApp_TaskID
   \   000067   E0           MOVX    A,@DPTR
   \   000068   F9           MOV     R1,A
   \   000069   12....       LCALL   ??RegisterForKeys?relay
    224          
    225            // By default, all devices start out in Group 1
    226            SampleApp_Group.ID = 0x0001;
   \   00006C   90....       MOV     DPTR,#SampleApp_Group
   \   00006F   7401         MOV     A,#0x1
   \   000071   F0           MOVX    @DPTR,A
   \   000072   A3           INC     DPTR
   \   000073   E4           CLR     A
   \   000074   F0           MOVX    @DPTR,A
    227            osal_memcpy( SampleApp_Group.name, "Group 1", 7  );
   \   000075                ; Setup parameters for call to function osal_memcpy
   \   000075   75....       MOV     ?V0 + 0,#(`?<Constant "Group 1">` & 0xff)
   \   000078   75....       MOV     ?V0 + 1,#((`?<Constant "Group 1">` >> 8) & 0xff)
   \   00007B   F5..         MOV     ?V0 + 2,A
   \   00007D   78..         MOV     R0,#?V0 + 0
   \   00007F   12....       LCALL   ?PUSH_XSTACK_I_THREE
   \   000082   7C07         MOV     R4,#0x7
   \   000084   7D00         MOV     R5,#0x0
   \   000086   7A..         MOV     R2,#((SampleApp_Group + 2) & 0xff)
   \   000088   7B..         MOV     R3,#(((SampleApp_Group + 2) >> 8) & 0xff)
   \   00008A   12....       LCALL   ??osal_memcpy?relay
   \   00008D   7403         MOV     A,#0x3
   \   00008F   12....       LCALL   ?DEALLOC_XSTACK8
    228            aps_AddGroup( SAMPLEAPP_ENDPOINT, &SampleApp_Group );  //µù¥U¸s²Õ
   \   000092                ; Setup parameters for call to function aps_AddGroup
   \   000092   7A..         MOV     R2,#(SampleApp_Group & 0xff)
   \   000094   7B..         MOV     R3,#((SampleApp_Group >> 8) & 0xff)
   \   000096   7914         MOV     R1,#0x14
   \   000098   12....       LCALL   ??aps_AddGroup?relay
    229          
    230          #if defined ( LCD_SUPPORTED )
    231            HalLcdWriteString( "SampleApp", HAL_LCD_LINE_1 );
   \   00009B                ; Setup parameters for call to function HalLcdWriteString
   \   00009B   7901         MOV     R1,#0x1
   \   00009D   7A..         MOV     R2,#(`?<Constant "SampleApp">` & 0xff)
   \   00009F   7B..         MOV     R3,#((`?<Constant "SampleApp">` >> 8) & 0xff)
   \   0000A1   12....       LCALL   ??HalLcdWriteString?relay
    232          #endif
    233          }
   \   0000A4   7F03         MOV     R7,#0x3
   \   0000A6   02....       LJMP    ?BANKED_LEAVE_XDATA
    234          
    235          /*********************************************************************
    236           * @fn      SampleApp_ProcessEvent
    237           *
    238           * @brief   Generic Application Task event processor.  This function
    239           *          is called to process all events for the task.  Events
    240           *          include timers, messages and any other user defined events.
    241           *
    242           * @param   task_id  - The OSAL assigned task ID.
    243           * @param   events - events to process.  This is a bit map and can
    244           *                   contain more than one event.
    245           *
    246           * @return  none
    247           */

   \                                 In  segment BANKED_CODE, align 1, keep-with-next
    248          uint16 SampleApp_ProcessEvent( uint8 task_id, uint16 events )
   \                     SampleApp_ProcessEvent:
    249          {
   \   000000   74F4         MOV     A,#-0xc
   \   000002   12....       LCALL   ?BANKED_ENTER_XDATA
   \   000005                ; Saved register size: 12
   \   000005                ; Auto size: 0
   \   000005   EA           MOV     A,R2
   \   000006   FE           MOV     R6,A
   \   000007   EB           MOV     A,R3
   \   000008   FF           MOV     R7,A
    250            afIncomingMSGPacket_t *MSGpkt;
    251            (void)task_id;  // Intentionally unreferenced parameter
    252          
    253            if ( events & SYS_EVENT_MSG )
   \   000009   7480         MOV     A,#-0x80
   \   00000B   5F           ANL     A,R7
   \   00000C   F9           MOV     R1,A
   \   00000D   E4           CLR     A
   \   00000E   7001         JNZ     ??SampleApp_ProcessEvent_0
   \   000010   E9           MOV     A,R1
   \                     ??SampleApp_ProcessEvent_0:
   \   000011   7003         JNZ     $+5
   \   000013   02....       LJMP    ??SampleApp_ProcessEvent_1 & 0xFFFF
    254            {
    255              MSGpkt = (afIncomingMSGPacket_t *)osal_msg_receive( SampleApp_TaskID );
   \   000016                ; Setup parameters for call to function osal_msg_receive
   \   000016   8031         SJMP    ??SampleApp_ProcessEvent_2
    256              while ( MSGpkt )
    257              {
    258                switch ( MSGpkt->hdr.event )
    259                {
    260                  // Received when a key is pressed
    261                  case KEY_CHANGE:        //·í«ö¤Ukey®É,±µ¦¬¨ì   
    262                    SampleApp_HandleKeys( ((keyChange_t *)MSGpkt)->state, ((keyChange_t *)MSGpkt)->keys );
    263                    break;
    264          
    265                  // Received when a messages is received (OTA) for this endpoint
    266                  case AF_INCOMING_MSG_CMD:  //·íendpoint±µ¦¬¨ìmessage,±µ¦¬¨ì
    267                    SampleApp_MessageMSGCB( MSGpkt );
    268                    break;
    269          
    270                  // Received whenever the device changes state in the network
    271                  case ZDO_STATE_CHANGE:     //¥[¤Jºô¸ô«á¡Aª¬ºA§ïÅÜ
    272                    SampleApp_NwkState = (devStates_t)(MSGpkt->hdr.status);
   \                     ??SampleApp_ProcessEvent_3:
   \   000018   85..82       MOV     DPL,?V0 + 0
   \   00001B   85..83       MOV     DPH,?V0 + 1
   \   00001E   A3           INC     DPTR
   \   00001F   E0           MOVX    A,@DPTR
   \   000020   90....       MOV     DPTR,#SampleApp_NwkState
   \   000023   F0           MOVX    @DPTR,A
    273                    if ( (SampleApp_NwkState == DEV_ZB_COORD)
    274                        || (SampleApp_NwkState == DEV_ROUTER)
    275                        || (SampleApp_NwkState == DEV_END_DEVICE) )
   \   000024   6409         XRL     A,#0x9
   \   000026   600A         JZ      ??SampleApp_ProcessEvent_4
   \   000028   E0           MOVX    A,@DPTR
   \   000029   6407         XRL     A,#0x7
   \   00002B   6005         JZ      ??SampleApp_ProcessEvent_4
   \   00002D   E0           MOVX    A,@DPTR
   \   00002E   6406         XRL     A,#0x6
   \   000030   7010         JNZ     ??SampleApp_ProcessEvent_5
    276                    {
    277                      // Start sending the periodic message in a regular interval.
    278                      osal_start_timerEx( SampleApp_TaskID,
    279                                        SAMPLEAPP_SEND_PERIODIC_MSG_EVT,
    280                                        SAMPLEAPP_SEND_PERIODIC_MSG_TIMEOUT );
   \                     ??SampleApp_ProcessEvent_4:
   \   000032                ; Setup parameters for call to function osal_start_timerEx
   \   000032   7C88         MOV     R4,#-0x78
   \   000034   7D13         MOV     R5,#0x13
   \   000036   7A01         MOV     R2,#0x1
   \   000038   7B00         MOV     R3,#0x0
   \   00003A   90....       MOV     DPTR,#SampleApp_TaskID
   \   00003D   E0           MOVX    A,@DPTR
   \   00003E   F9           MOV     R1,A
   \   00003F   12....       LCALL   ??osal_start_timerEx?relay
    281                    }
    282                    else
    283                    {
    284                      // Device is no longer in the network
    285                    }
    286                    break;
    287          
    288                  default:
    289                    break;
    290                }
    291          
    292                // Release the memory
    293                osal_msg_deallocate( (uint8 *)MSGpkt );
   \                     ??SampleApp_ProcessEvent_5:
   \   000042                ; Setup parameters for call to function osal_msg_deallocate
   \   000042   AA..         MOV     R2,?V0 + 0
   \   000044   AB..         MOV     R3,?V0 + 1
   \   000046   12....       LCALL   ??osal_msg_deallocate?relay
    294          
    295                // Next - if one is available
    296                MSGpkt = (afIncomingMSGPacket_t *)osal_msg_receive( SampleApp_TaskID );
   \   000049                ; Setup parameters for call to function osal_msg_receive
   \                     ??SampleApp_ProcessEvent_2:
   \   000049   90....       MOV     DPTR,#SampleApp_TaskID
   \   00004C   E0           MOVX    A,@DPTR
   \   00004D   F9           MOV     R1,A
   \   00004E   12....       LCALL   ??osal_msg_receive?relay
   \   000051   8A..         MOV     ?V0 + 0,R2
   \   000053   8B..         MOV     ?V0 + 1,R3
   \   000055   E5..         MOV     A,?V0 + 0
   \   000057   7002         JNZ     ??SampleApp_ProcessEvent_6
   \   000059   E5..         MOV     A,?V0 + 1
   \                     ??SampleApp_ProcessEvent_6:
   \   00005B   603A         JZ      ??SampleApp_ProcessEvent_7
   \   00005D   85..82       MOV     DPL,?V0 + 0
   \   000060   85..83       MOV     DPH,?V0 + 1
   \   000063   E0           MOVX    A,@DPTR
   \   000064   12....       LCALL   ?UC_SWITCH_SPARSE
   \                     `?<Jumptable for SampleApp_ProcessEvent>_0`:
   \   000067   00           DB        0
   \   000068   03           DB        3
   \   000069   1A           DB        26
   \   00006A   ....         DW        ??SampleApp_ProcessEvent_8
   \   00006C   C0           DB        192
   \   00006D   ....         DW        ??SampleApp_ProcessEvent_9
   \   00006F   D1           DB        209
   \   000070   ....         DW        ??SampleApp_ProcessEvent_3
   \   000072   ....         DW        ??SampleApp_ProcessEvent_5
   \                     ??SampleApp_ProcessEvent_9:
   \   000074                ; Setup parameters for call to function SampleApp_HandleKeys
   \   000074   85..82       MOV     DPL,?V0 + 0
   \   000077   85..83       MOV     DPH,?V0 + 1
   \   00007A   A3           INC     DPTR
   \   00007B   A3           INC     DPTR
   \   00007C   A3           INC     DPTR
   \   00007D   E0           MOVX    A,@DPTR
   \   00007E   FA           MOV     R2,A
   \   00007F   85..82       MOV     DPL,?V0 + 0
   \   000082   85..83       MOV     DPH,?V0 + 1
   \   000085   A3           INC     DPTR
   \   000086   A3           INC     DPTR
   \   000087   E0           MOVX    A,@DPTR
   \   000088   F9           MOV     R1,A
   \   000089   12....       LCALL   ??SampleApp_HandleKeys?relay
   \   00008C   80B4         SJMP    ??SampleApp_ProcessEvent_5
   \                     ??SampleApp_ProcessEvent_8:
   \   00008E                ; Setup parameters for call to function SampleApp_MessageMSGCB
   \   00008E   AA..         MOV     R2,?V0 + 0
   \   000090   AB..         MOV     R3,?V0 + 1
   \   000092   12....       LCALL   ??SampleApp_MessageMSGCB?relay
   \   000095   80AB         SJMP    ??SampleApp_ProcessEvent_5
    297              }
    298          
    299              // return unprocessed events
    300              return (events ^ SYS_EVENT_MSG);
   \                     ??SampleApp_ProcessEvent_7:
   \   000097   EE           MOV     A,R6
   \   000098   FA           MOV     R2,A
   \   000099   7480         MOV     A,#-0x80
   \   00009B   6F           XRL     A,R7
   \                     ??SampleApp_ProcessEvent_10:
   \   00009C   FB           MOV     R3,A
   \   00009D   802F         SJMP    ??SampleApp_ProcessEvent_11
    301            }
    302          
    303            // Send a message out - This event is generated by a timer
    304            //  (setup in SampleApp_Init()).
    305            if ( events & SAMPLEAPP_SEND_PERIODIC_MSG_EVT )
   \                     ??SampleApp_ProcessEvent_1:
   \   00009F   EE           MOV     A,R6
   \   0000A0   A2E0         MOV     C,0xE0 /* A   */.0
   \   0000A2   5026         JNC     ??SampleApp_ProcessEvent_12
    306            {
    307              // Send the periodic message
    308              SampleApp_SendPeriodicMessage();
   \   0000A4                ; Setup parameters for call to function SampleApp_SendPeriodicMessage
   \   0000A4   12....       LCALL   ??SampleApp_SendPeriodicMessage?relay
    309          
    310              // Setup to send message again in normal period (+ a little jitter)
    311              osal_start_timerEx( SampleApp_TaskID, SAMPLEAPP_SEND_PERIODIC_MSG_EVT,
    312                  (SAMPLEAPP_SEND_PERIODIC_MSG_TIMEOUT + (osal_rand() & 0x00FF)) );
   \   0000A7                ; Setup parameters for call to function osal_rand
   \   0000A7   12....       LCALL   ??osal_rand?relay
   \   0000AA   8A..         MOV     ?V0 + 0,R2
   \   0000AC   A8..         MOV     R0,?V0 + 0
   \   0000AE                ; Setup parameters for call to function osal_start_timerEx
   \   0000AE   7488         MOV     A,#-0x78
   \   0000B0   28           ADD     A,R0
   \   0000B1   FC           MOV     R4,A
   \   0000B2   7413         MOV     A,#0x13
   \   0000B4   3400         ADDC    A,#0x0
   \   0000B6   FD           MOV     R5,A
   \   0000B7   7A01         MOV     R2,#0x1
   \   0000B9   7B00         MOV     R3,#0x0
   \   0000BB   90....       MOV     DPTR,#SampleApp_TaskID
   \   0000BE   E0           MOVX    A,@DPTR
   \   0000BF   F9           MOV     R1,A
   \   0000C0   12....       LCALL   ??osal_start_timerEx?relay
    313          
    314              // return unprocessed events
    315              return (events ^ SAMPLEAPP_SEND_PERIODIC_MSG_EVT);
   \   0000C3   7401         MOV     A,#0x1
   \   0000C5   6E           XRL     A,R6
   \   0000C6   FA           MOV     R2,A
   \   0000C7   EF           MOV     A,R7
   \   0000C8   80D2         SJMP    ??SampleApp_ProcessEvent_10
    316            }
    317          
    318            // Discard unknown events
    319            return 0;
   \                     ??SampleApp_ProcessEvent_12:
   \   0000CA   7A00         MOV     R2,#0x0
   \   0000CC   7B00         MOV     R3,#0x0
   \                     ??SampleApp_ProcessEvent_11:
   \   0000CE   7F04         MOV     R7,#0x4
   \   0000D0   02....       LJMP    ?BANKED_LEAVE_XDATA
    320          }
    321          
    322          /*********************************************************************
    323           * Event Generation Functions
    324           */
    325          /*********************************************************************
    326           * @fn      SampleApp_HandleKeys
    327           *
    328           * @brief   Handles all key events for this device.
    329           *
    330           * @param   shift - true if in shift/alt.
    331           * @param   keys - bit field for key events. Valid entries:
    332           *                 HAL_KEY_SW_2
    333           *                 HAL_KEY_SW_1
    334           *
    335           * @return  none
    336           */

   \                                 In  segment BANKED_CODE, align 1, keep-with-next
    337          void SampleApp_HandleKeys( uint8 shift, uint8 keys )
   \                     SampleApp_HandleKeys:
    338          {
   \   000000   74F6         MOV     A,#-0xa
   \   000002   12....       LCALL   ?BANKED_ENTER_XDATA
   \   000005                ; Saved register size: 10
   \   000005                ; Auto size: 0
   \   000005   EA           MOV     A,R2
   \   000006   FE           MOV     R6,A
    339            (void)shift;  // Intentionally unreferenced parameter
    340            
    341            if ( keys & HAL_KEY_SW_1 )
   \   000007   A2E0         MOV     C,0xE0 /* A   */.0
   \   000009   5007         JNC     ??SampleApp_HandleKeys_0
    342            {
    343              /* This key sends the Flash Command is sent to Group 1.
    344               * This device will not receive the Flash Command from this
    345               * device (even if it belongs to group 1).
    346               */
    347              SampleApp_SendFlashMessage( SAMPLEAPP_FLASH_DURATION );
   \   00000B                ; Setup parameters for call to function SampleApp_SendFlashMessage
   \   00000B   7AE8         MOV     R2,#-0x18
   \   00000D   7B03         MOV     R3,#0x3
   \   00000F   12....       LCALL   ??SampleApp_SendFlashMessage?relay
    348            }
    349          
    350            if ( keys & HAL_KEY_SW_2 )
   \                     ??SampleApp_HandleKeys_0:
   \   000012   EE           MOV     A,R6
   \   000013   A2E1         MOV     C,0xE0 /* A   */.1
   \   000015   5023         JNC     ??SampleApp_HandleKeys_1
    351            {
    352              /* The Flashr Command is sent to Group 1.
    353               * This key toggles this device in and out of group 1.
    354               * If this device doesn't belong to group 1, this application
    355               * will not receive the Flash command sent to group 1.
    356               */
    357              aps_Group_t *grp;
    358              grp = aps_FindGroup( SAMPLEAPP_ENDPOINT, SAMPLEAPP_FLASH_GROUP );
    359              if ( grp )
   \   000017                ; Setup parameters for call to function aps_FindGroup
   \   000017   7A01         MOV     R2,#0x1
   \   000019   7B00         MOV     R3,#0x0
   \   00001B   7914         MOV     R1,#0x14
   \   00001D   12....       LCALL   ??aps_FindGroup?relay
   \   000020   EA           MOV     A,R2
   \   000021   7001         JNZ     ??SampleApp_HandleKeys_2
   \   000023   EB           MOV     A,R3
   \                     ??SampleApp_HandleKeys_2:
   \   000024   600B         JZ      ??SampleApp_HandleKeys_3
    360              {
    361                // Remove from the group
    362                aps_RemoveGroup( SAMPLEAPP_ENDPOINT, SAMPLEAPP_FLASH_GROUP );
   \   000026                ; Setup parameters for call to function aps_RemoveGroup
   \   000026   7A01         MOV     R2,#0x1
   \   000028   7B00         MOV     R3,#0x0
   \   00002A   7914         MOV     R1,#0x14
   \   00002C   12....       LCALL   ??aps_RemoveGroup?relay
   \   00002F   8009         SJMP    ??SampleApp_HandleKeys_1
    363              }
    364              else
    365              {
    366                // Add to the flash group
    367                aps_AddGroup( SAMPLEAPP_ENDPOINT, &SampleApp_Group );
   \                     ??SampleApp_HandleKeys_3:
   \   000031                ; Setup parameters for call to function aps_AddGroup
   \   000031   7A..         MOV     R2,#(SampleApp_Group & 0xff)
   \   000033   7B..         MOV     R3,#((SampleApp_Group >> 8) & 0xff)
   \   000035   7914         MOV     R1,#0x14
   \   000037   12....       LCALL   ??aps_AddGroup?relay
    368              }
    369            }
    370          }
   \                     ??SampleApp_HandleKeys_1:
   \   00003A   80..         SJMP    ??Subroutine1_0

   \                                 In  segment BANKED_CODE, align 1, keep-with-next
   \                     ??Subroutine1_0:
   \   000000   7F02         MOV     R7,#0x2
   \   000002   02....       LJMP    ?BANKED_LEAVE_XDATA
    371          
    372          /*********************************************************************
    373           * LOCAL FUNCTIONS
    374           */
    375          
    376          /*********************************************************************
    377           * @fn      SampleApp_MessageMSGCB
    378           *
    379           * @brief   Data message processor callback.  This function processes
    380           *          any incoming data - probably from other devices.  So, based
    381           *          on cluster ID, perform the intended action.
    382           *
    383           * @param   none
    384           *
    385           * @return  none
    386           */

   \                                 In  segment BANKED_CODE, align 1, keep-with-next
    387          void SampleApp_MessageMSGCB( afIncomingMSGPacket_t *pkt )
   \                     SampleApp_MessageMSGCB:
    388          {
   \   000000   74F6         MOV     A,#-0xa
   \   000002   12....       LCALL   ?BANKED_ENTER_XDATA
   \   000005                ; Saved register size: 10
   \   000005                ; Auto size: 0
    389            uint16 flashTime;
    390          
    391            switch ( pkt->clusterId )
   \   000005   8A82         MOV     DPL,R2
   \   000007   8B83         MOV     DPH,R3
   \   000009   A3           INC     DPTR
   \   00000A   A3           INC     DPTR
   \   00000B   A3           INC     DPTR
   \   00000C   A3           INC     DPTR
   \   00000D   E0           MOVX    A,@DPTR
   \   00000E   6402         XRL     A,#0x2
   \   000010   7002         JNZ     ??SampleApp_MessageMSGCB_0
   \   000012   A3           INC     DPTR
   \   000013   E0           MOVX    A,@DPTR
   \                     ??SampleApp_MessageMSGCB_0:
   \   000014   7038         JNZ     ??SampleApp_MessageMSGCB_1
    392            {
    393              case SAMPLEAPP_PERIODIC_CLUSTERID:
    394                break;
    395          
    396              case SAMPLEAPP_FLASH_CLUSTERID:
    397                flashTime = BUILD_UINT16(pkt->cmd.Data[1], pkt->cmd.Data[2] );
    398                HalLedBlink( HAL_LED_4, 4, 50, (flashTime / 4) );
   \   000016   EA           MOV     A,R2
   \   000017   2421         ADD     A,#0x21
   \   000019   F582         MOV     DPL,A
   \   00001B   EB           MOV     A,R3
   \   00001C   3400         ADDC    A,#0x0
   \   00001E   F583         MOV     DPH,A
   \   000020   E0           MOVX    A,@DPTR
   \   000021   F8           MOV     R0,A
   \   000022   A3           INC     DPTR
   \   000023   E0           MOVX    A,@DPTR
   \   000024   F9           MOV     R1,A
   \   000025                ; Setup parameters for call to function HalLedBlink
   \   000025   8882         MOV     DPL,R0
   \   000027   8983         MOV     DPH,R1
   \   000029   A3           INC     DPTR
   \   00002A   E0           MOVX    A,@DPTR
   \   00002B   FA           MOV     R2,A
   \   00002C   8882         MOV     DPL,R0
   \   00002E   8983         MOV     DPH,R1
   \   000030   A3           INC     DPTR
   \   000031   A3           INC     DPTR
   \   000032   E0           MOVX    A,@DPTR
   \   000033   F9           MOV     R1,A
   \   000034   EA           MOV     A,R2
   \   000035   F5..         MOV     ?V0 + 0,A
   \   000037   E9           MOV     A,R1
   \   000038   F5..         MOV     ?V0 + 1,A
   \   00003A   7402         MOV     A,#0x2
   \   00003C   78..         MOV     R0,#?V0 + 0
   \   00003E   12....       LCALL   ?US_SHR
   \   000041   AC..         MOV     R4,?V0 + 0
   \   000043   AD..         MOV     R5,?V0 + 1
   \   000045   7B32         MOV     R3,#0x32
   \   000047   7A04         MOV     R2,#0x4
   \   000049   7908         MOV     R1,#0x8
   \   00004B   12....       LCALL   ??HalLedBlink?relay
    399                break;
    400            }
    401          }
   \                     ??SampleApp_MessageMSGCB_1:
   \   00004E   80..         SJMP    ??Subroutine1_0
    402          
    403          /*********************************************************************
    404           * @fn      SampleApp_SendPeriodicMessage
    405           *
    406           * @brief   Send the periodic message.
    407           *
    408           * @param   none
    409           *
    410           * @return  none
    411           */

   \                                 In  segment BANKED_CODE, align 1, keep-with-next
   \                     ?Subroutine0:
   \   000000   12....       LCALL   ?DEALLOC_XSTACK8
   \   000003                REQUIRE ??Subroutine1_0
   \   000003                ; // Fall through to label ??Subroutine1_0

   \                                 In  segment BANKED_CODE, align 1, keep-with-next
    412          void SampleApp_SendPeriodicMessage( void )
   \                     SampleApp_SendPeriodicMessage:
    413          {
   \   000000   74F6         MOV     A,#-0xa
   \   000002   12....       LCALL   ?BANKED_ENTER_XDATA
   \   000005                ; Saved register size: 10
   \   000005                ; Auto size: 0
    414            if ( AF_DataRequest( &SampleApp_Periodic_DstAddr, &SampleApp_epDesc,
    415                                 SAMPLEAPP_PERIODIC_CLUSTERID,
    416                                 1,
    417                                 (uint8*)&SampleAppPeriodicCounter,
    418                                 &SampleApp_TransID,
    419                                 AF_DISCV_ROUTE,
    420                                 AF_DEFAULT_RADIUS ) == afStatus_SUCCESS )
   \   000005                ; Setup parameters for call to function AF_DataRequest
   \   000005   75..1E       MOV     ?V0 + 0,#0x1e
   \   000008   78..         MOV     R0,#?V0 + 0
   \   00000A   12....       LCALL   ?PUSH_XSTACK_I_ONE
   \   00000D   75....       MOV     ?V0 + 0,#(SampleApp_TransID & 0xff)
   \   000010   75....       MOV     ?V0 + 1,#((SampleApp_TransID >> 8) & 0xff)
   \   000013   78..         MOV     R0,#?V0 + 0
   \   000015   12....       LCALL   ?PUSH_XSTACK_I_TWO
   \   000018   75....       MOV     ?V0 + 0,#(SampleAppPeriodicCounter & 0xff)
   \   00001B   75....       MOV     ?V0 + 1,#((SampleAppPeriodicCounter >> 8) & 0xff)
   \   00001E   78..         MOV     R0,#?V0 + 0
   \   000020   12....       LCALL   ?PUSH_XSTACK_I_TWO
   \   000023   75..01       MOV     ?V0 + 0,#0x1
   \   000026   75..00       MOV     ?V0 + 1,#0x0
   \   000029   78..         MOV     R0,#?V0 + 0
   \   00002B   12....       LCALL   ?PUSH_XSTACK_I_TWO
   \   00002E   78..         MOV     R0,#?V0 + 0
   \   000030   12....       LCALL   ?PUSH_XSTACK_I_TWO
   \   000033   7920         MOV     R1,#0x20
   \   000035   7C..         MOV     R4,#(SampleApp_epDesc & 0xff)
   \   000037   7D..         MOV     R5,#((SampleApp_epDesc >> 8) & 0xff)
   \   000039   7A..         MOV     R2,#(SampleApp_Periodic_DstAddr & 0xff)
   \   00003B   7B..         MOV     R3,#((SampleApp_Periodic_DstAddr >> 8) & 0xff)
   \   00003D   12....       LCALL   ??AF_DataRequest?relay
   \   000040   7409         MOV     A,#0x9
   \   000042   02....       LJMP    ?Subroutine0 & 0xFFFF
    421            {
    422            }
    423            else
    424            {
    425              // Error occurred in request to send.
    426            }
    427          }
    428          
    429          /*********************************************************************
    430           * @fn      SampleApp_SendFlashMessage
    431           *
    432           * @brief   Send the flash message to group 1.
    433           *
    434           * @param   flashTime - in milliseconds
    435           *
    436           * @return  none
    437           */

   \                                 In  segment BANKED_CODE, align 1, keep-with-next
    438          void SampleApp_SendFlashMessage( uint16 flashTime )
   \                     SampleApp_SendFlashMessage:
    439          {
   \   000000   74F6         MOV     A,#-0xa
   \   000002   12....       LCALL   ?BANKED_ENTER_XDATA
   \   000005                ; Saved register size: 10
   \   000005                ; Auto size: 3
   \   000005   74FD         MOV     A,#-0x3
   \   000007   12....       LCALL   ?ALLOC_XSTACK8
    440            uint8 buffer[3];
    441            buffer[0] = (uint8)(SampleAppFlashCounter++);
   \   00000A   90....       MOV     DPTR,#SampleAppFlashCounter
   \   00000D   E0           MOVX    A,@DPTR
   \   00000E   85..82       MOV     DPL,?XSP + 0
   \   000011   85..83       MOV     DPH,?XSP + 1
   \   000014   F0           MOVX    @DPTR,A
   \   000015   90....       MOV     DPTR,#SampleAppFlashCounter
   \   000018   E0           MOVX    A,@DPTR
   \   000019   04           INC     A
   \   00001A   F0           MOVX    @DPTR,A
    442            buffer[1] = LO_UINT16( flashTime );
   \   00001B   7401         MOV     A,#0x1
   \   00001D   12....       LCALL   ?XSTACK_DISP0_8
   \   000020   EA           MOV     A,R2
   \   000021   F0           MOVX    @DPTR,A
    443            buffer[2] = HI_UINT16( flashTime );
   \   000022   7402         MOV     A,#0x2
   \   000024   12....       LCALL   ?XSTACK_DISP0_8
   \   000027   EB           MOV     A,R3
   \   000028   F0           MOVX    @DPTR,A
    444          
    445            if ( AF_DataRequest( &SampleApp_Flash_DstAddr, &SampleApp_epDesc,
    446                                 SAMPLEAPP_FLASH_CLUSTERID,
    447                                 3,
    448                                 buffer,
    449                                 &SampleApp_TransID,
    450                                 AF_DISCV_ROUTE,
    451                                 AF_DEFAULT_RADIUS ) == afStatus_SUCCESS )
   \   000029                ; Setup parameters for call to function AF_DataRequest
   \   000029   75..1E       MOV     ?V0 + 0,#0x1e
   \   00002C   78..         MOV     R0,#?V0 + 0
   \   00002E   12....       LCALL   ?PUSH_XSTACK_I_ONE
   \   000031   75....       MOV     ?V0 + 0,#(SampleApp_TransID & 0xff)
   \   000034   75....       MOV     ?V0 + 1,#((SampleApp_TransID >> 8) & 0xff)
   \   000037   78..         MOV     R0,#?V0 + 0
   \   000039   12....       LCALL   ?PUSH_XSTACK_I_TWO
   \   00003C   7403         MOV     A,#0x3
   \   00003E   12....       LCALL   ?XSTACK_DISP0_8
   \   000041   8582..       MOV     ?V0 + 0,DPL
   \   000044   8583..       MOV     ?V0 + 1,DPH
   \   000047   78..         MOV     R0,#?V0 + 0
   \   000049   12....       LCALL   ?PUSH_XSTACK_I_TWO
   \   00004C   75..03       MOV     ?V0 + 0,#0x3
   \   00004F   75..00       MOV     ?V0 + 1,#0x0
   \   000052   78..         MOV     R0,#?V0 + 0
   \   000054   12....       LCALL   ?PUSH_XSTACK_I_TWO
   \   000057   75..02       MOV     ?V0 + 0,#0x2
   \   00005A   78..         MOV     R0,#?V0 + 0
   \   00005C   12....       LCALL   ?PUSH_XSTACK_I_TWO
   \   00005F   7920         MOV     R1,#0x20
   \   000061   7C..         MOV     R4,#(SampleApp_epDesc & 0xff)
   \   000063   7D..         MOV     R5,#((SampleApp_epDesc >> 8) & 0xff)
   \   000065   7A..         MOV     R2,#(SampleApp_Flash_DstAddr & 0xff)
   \   000067   7B..         MOV     R3,#((SampleApp_Flash_DstAddr >> 8) & 0xff)
   \   000069   12....       LCALL   ??AF_DataRequest?relay
   \   00006C   7409         MOV     A,#0x9
   \   00006E   12....       LCALL   ?DEALLOC_XSTACK8
    452            {
    453            }
    454            else
    455            {
    456              // Error occurred in request to send.
    457            }
    458          }
   \   000071   7403         MOV     A,#0x3
   \   000073   02....       LJMP    ?Subroutine0 & 0xFFFF

   \                                 In  segment BANK_RELAYS, align 1
   \                     ??SampleApp_Init?relay:
   \   000000   12....       LCALL   ?BDISPATCH
   \   000003   ......       DC24    SampleApp_Init

   \                                 In  segment BANK_RELAYS, align 1
   \                     ??SampleApp_ProcessEvent?relay:
   \   000000   12....       LCALL   ?BDISPATCH
   \   000003   ......       DC24    SampleApp_ProcessEvent

   \                                 In  segment BANK_RELAYS, align 1
   \                     ??SampleApp_HandleKeys?relay:
   \   000000   12....       LCALL   ?BDISPATCH
   \   000003   ......       DC24    SampleApp_HandleKeys

   \                                 In  segment BANK_RELAYS, align 1
   \                     ??SampleApp_MessageMSGCB?relay:
   \   000000   12....       LCALL   ?BDISPATCH
   \   000003   ......       DC24    SampleApp_MessageMSGCB

   \                                 In  segment BANK_RELAYS, align 1
   \                     ??SampleApp_SendPeriodicMessage?relay:
   \   000000   12....       LCALL   ?BDISPATCH
   \   000003   ......       DC24    SampleApp_SendPeriodicMessage

   \                                 In  segment BANK_RELAYS, align 1
   \                     ??SampleApp_SendFlashMessage?relay:
   \   000000   12....       LCALL   ?BDISPATCH
   \   000003   ......       DC24    SampleApp_SendFlashMessage

   \                                 In  segment XDATA_ROM_C, align 1
   \                     `?<Constant "Group 1">`:
   \   000000   47726F75     DB "Group 1"
   \            70203100

   \                                 In  segment XDATA_ROM_C, align 1
   \                     `?<Constant "SampleApp">`:
   \   000000   53616D70     DB "SampleApp"
   \            6C654170
   \            7000    
    459          
    460          /*********************************************************************
    461          *********************************************************************/

   Maximum stack usage in bytes:

     Function                       ISTACK PSTACK XSTACK
     --------                       ------ ------ ------
     SampleApp_HandleKeys               0      0     22
       -> SampleApp_SendFlashMessage
                                        0      0     20
       -> aps_FindGroup                 0      0     20
       -> aps_RemoveGroup               0      0     20
       -> aps_AddGroup                  0      0     20
     SampleApp_Init                     0      0     14
       -> afRegister                    0      0     22
       -> RegisterForKeys               0      0     22
       -> osal_memcpy                   0      0     28
       -> aps_AddGroup                  0      0     22
       -> HalLcdWriteString             0      0     22
     SampleApp_MessageMSGCB             0      0     22
       -> HalLedBlink                   0      0     20
     SampleApp_ProcessEvent             0      0     12
       -> osal_msg_receive              0      0     24
       -> osal_start_timerEx            0      0     24
       -> osal_msg_deallocate           0      0     24
       -> osal_msg_receive              0      0     24
       -> SampleApp_HandleKeys          0      0     24
       -> SampleApp_MessageMSGCB        0      0     24
       -> SampleApp_SendPeriodicMessage
                                        0      0     24
       -> osal_rand                     0      0     24
       -> osal_start_timerEx            0      0     24
     SampleApp_SendFlashMessage         1      0     32
       -> AF_DataRequest                0      0     44
     SampleApp_SendPeriodicMessage      0      0     31
       -> AF_DataRequest                0      0     38


   Segment part sizes:

     Function/Label                        Bytes
     --------------                        -----
     SampleApp_ClusterList                    4
     SampleApp_SimpleDesc                    12
     SampleApp_epDesc                         6
     SampleApp_TaskID                         1
     SampleApp_NwkState                       1
     SampleApp_TransID                        1
     SampleApp_Periodic_DstAddr              12
     SampleApp_Flash_DstAddr                 12
     SampleApp_Group                         18
     SampleAppPeriodicCounter                 1
     SampleAppFlashCounter                    1
     SampleApp_Init                         169
     SampleApp_ProcessEvent                 211
     SampleApp_HandleKeys                    60
     ??Subroutine1_0                          5
     SampleApp_MessageMSGCB                  80
     ?Subroutine0                             3
     SampleApp_SendPeriodicMessage           69
     SampleApp_SendFlashMessage             118
     ??SampleApp_Init?relay                   6
     ??SampleApp_ProcessEvent?relay           6
     ??SampleApp_HandleKeys?relay             6
     ??SampleApp_MessageMSGCB?relay           6
     ??SampleApp_SendPeriodicMessage?relay    6
     ??SampleApp_SendFlashMessage?relay       6
     ?<Constant "Group 1">                    8
     ?<Constant "SampleApp">                 10

 
 715 bytes in segment BANKED_CODE
  36 bytes in segment BANK_RELAYS
  34 bytes in segment XDATA_ROM_C
  53 bytes in segment XDATA_Z
 
 751 bytes of CODE  memory
  34 bytes of CONST memory
  53 bytes of XDATA memory

Errors: none
Warnings: none
