###############################################################################
#                                                                             #
# IAR C/C++ Compiler V7.51A/W32 for 8051                19/Aug/2013  21:28:31 #
# Copyright 2004-2009 IAR Systems AB.                                         #
#                                                                             #
#    Core               =  plain                                              #
#    Code model         =  banked                                             #
#    Data model         =  large                                              #
#    Calling convention =  xdata reentrant                                    #
#    Constant location  =  data_rom                                           #
#    Dptr setup         =  1,16                                               #
#    Source file        =  D:\GitHub\z-stack\Sensor Network                   #
#                          Example\Projects\zstack\Sensor Network             #
#                          Application\ZIGBEE Endpoint &                      #
#                          Device\Source\hal_sensor.c                         #
#    Command line       =  -f "D:\GitHub\z-stack\Sensor Network               #
#                          Example\Projects\zstack\Sensor Network             #
#                          Application\ZIGBEE Endpoint &                      #
#                          Device\CC2530DB\..\..\..\Tools\CC2530DB\f8wEndev.c #
#                          fg" (-DCPU32MHZ -DROOT=__near_func -DBLINK_LEDS)   #
#                          -f "D:\GitHub\z-stack\Sensor Network               #
#                          Example\Projects\zstack\Sensor Network             #
#                          Application\ZIGBEE Endpoint &                      #
#                          Device\CC2530DB\..\..\..\Tools\CC2530DB\f8wConfig. #
#                          cfg" (-DSECURE=0 -DZG_SECURE_DYNAMIC=0             #
#                          -DREFLECTOR -DDEFAULT_CHANLIST=0x00000800          #
#                          -DZDAPP_CONFIG_PAN_ID=0xFFFF                       #
#                          -DNWK_START_DELAY=100 -DEXTENDED_JOINING_RANDOM_MA #
#                          SK=0x007F -DBEACON_REQUEST_DELAY=100               #
#                          -DBEACON_REQ_DELAY_MASK=0x00FF                     #
#                          -DROUTE_EXPIRY_TIME=30 -DAPSC_ACK_WAIT_DURATION_PO #
#                          LLED=3000 -DNWK_INDIRECT_MSG_TIMEOUT=7             #
#                          -DMAX_RREQ_ENTRIES=8 -DAPSC_MAX_FRAME_RETRIES=3    #
#                          -DNWK_MAX_DATA_RETRIES=2                           #
#                          -DMAX_POLL_FAILURE_RETRIES=2 -DMAX_BCAST=9         #
#                          -DAPS_MAX_GROUPS=16 -DMAX_RTG_ENTRIES=40           #
#                          -DNWK_MAX_BINDING_ENTRIES=4                        #
#                          -DMAX_BINDING_CLUSTER_IDS=4 "-DDEFAULT_KEY={0x01,  #
#                          0x03, 0x05, 0x07, 0x09, 0x0B, 0x0D, 0x0F, 0x00,    #
#                          0x02, 0x04, 0x06, 0x08, 0x0A, 0x0C, 0x0D}"         #
#                          -DMAC_MAX_FRAME_SIZE=116 "-DCONST=const __code"    #
#                          -DGENERIC=__generic -DRFD_RCVC_ALWAYS_ON=TRUE      #
#                          -DPOLL_RATE=1000 -DQUEUED_POLL_RATE=100            #
#                          -DRESPONSE_POLL_RATE=100 -DREJOIN_POLL_RATE=440)   #
#                          -f "D:\GitHub\z-stack\Sensor Network               #
#                          Example\Projects\zstack\Sensor Network             #
#                          Application\ZIGBEE Endpoint &                      #
#                          Device\CC2530DB\..\..\..\Tools\CC2530DB\f8wZCL.cfg #
#                          " (-DZCL_READ -DZCL_WRITE -DZCL_BASIC              #
#                          -DZCL_IDENTIFY -DZCL_ON_OFF -DZCL_KEY_ESTABLISH    #
#                          -DZCL_LOAD_CONTROL -DZCL_SIMPLE_METERING           #
#                          -DZCL_PRICING) -DZCL_MESSAGE                       #
#                          "D:\GitHub\z-stack\Sensor Network                  #
#                          Example\Projects\zstack\Sensor Network             #
#                          Application\ZIGBEE Endpoint &                      #
#                          Device\Source\hal_sensor.c" -D NWK_AUTO_POLL -D    #
#                          ZTOOL_P1 -D MT_TASK -D MT_APP_FUNC -D MT_SYS_FUNC  #
#                          -D MT_ZDO_FUNC -D LCD_SUPPORTED=DEBUG -D           #
#                          xPOWER_SAVING -D End_Device -D M140 -D xPA2591     #
#                          -lC "D:\GitHub\z-stack\Sensor Network              #
#                          Example\Projects\zstack\Sensor Network             #
#                          Application\ZIGBEE Endpoint &                      #
#                          Device\CC2530DB\EndDeviceKB_M140\List\" -lA        #
#                          "D:\GitHub\z-stack\Sensor Network                  #
#                          Example\Projects\zstack\Sensor Network             #
#                          Application\ZIGBEE Endpoint &                      #
#                          Device\CC2530DB\EndDeviceKB_M140\List\"            #
#                          --diag_suppress Pe001,Pa010 -o                     #
#                          "D:\GitHub\z-stack\Sensor Network                  #
#                          Example\Projects\zstack\Sensor Network             #
#                          Application\ZIGBEE Endpoint &                      #
#                          Device\CC2530DB\EndDeviceKB_M140\Obj\" -e          #
#                          --require_prototypes --debug --core=plain          #
#                          --dptr=16,1 --data_model=large                     #
#                          --code_model=banked --calling_convention=xdata_ree #
#                          ntrant --place_constants=data_rom                  #
#                          --nr_virtual_regs 16 -I "D:\GitHub\z-stack\Sensor  #
#                          Network Example\Projects\zstack\Sensor Network     #
#                          Application\ZIGBEE Endpoint & Device\CC2530DB\"    #
#                          -I "D:\GitHub\z-stack\Sensor Network               #
#                          Example\Projects\zstack\Sensor Network             #
#                          Application\ZIGBEE Endpoint &                      #
#                          Device\CC2530DB\..\SOURCE\" -I                     #
#                          "D:\GitHub\z-stack\Sensor Network                  #
#                          Example\Projects\zstack\Sensor Network             #
#                          Application\ZIGBEE Endpoint &                      #
#                          Device\CC2530DB\..\..\SOURCE\" -I                  #
#                          "D:\GitHub\z-stack\Sensor Network                  #
#                          Example\Projects\zstack\Sensor Network             #
#                          Application\ZIGBEE Endpoint &                      #
#                          Device\CC2530DB\..\..\..\ZMAIN\TI2530DB\" -I       #
#                          "D:\GitHub\z-stack\Sensor Network                  #
#                          Example\Projects\zstack\Sensor Network             #
#                          Application\ZIGBEE Endpoint &                      #
#                          Device\CC2530DB\..\..\..\..\..\COMPONENTS\MT\" -I  #
#                          "D:\GitHub\z-stack\Sensor Network                  #
#                          Example\Projects\zstack\Sensor Network             #
#                          Application\ZIGBEE Endpoint &                      #
#                          Device\CC2530DB\..\..\..\..\..\COMPONENTS\HAL\INCL #
#                          UDE\" -I "D:\GitHub\z-stack\Sensor Network         #
#                          Example\Projects\zstack\Sensor Network             #
#                          Application\ZIGBEE Endpoint &                      #
#                          Device\CC2530DB\..\..\..\..\..\COMPONENTS\HAL\MODU #
#                          LE\" -I "D:\GitHub\z-stack\Sensor Network          #
#                          Example\Projects\zstack\Sensor Network             #
#                          Application\ZIGBEE Endpoint &                      #
#                          Device\CC2530DB\..\..\..\..\..\COMPONENTS\HAL\TARG #
#                          ET\CC2530KB\" -I "D:\GitHub\z-stack\Sensor         #
#                          Network Example\Projects\zstack\Sensor Network     #
#                          Application\ZIGBEE Endpoint &                      #
#                          Device\CC2530DB\..\..\..\..\..\COMPONENTS\OSAL\MCU #
#                          \CCSOC\" -I "D:\GitHub\z-stack\Sensor Network      #
#                          Example\Projects\zstack\Sensor Network             #
#                          Application\ZIGBEE Endpoint &                      #
#                          Device\CC2530DB\..\..\..\..\..\COMPONENTS\OSAL\INC #
#                          LUDE\" -I "D:\GitHub\z-stack\Sensor Network        #
#                          Example\Projects\zstack\Sensor Network             #
#                          Application\ZIGBEE Endpoint &                      #
#                          Device\CC2530DB\..\..\..\..\..\COMPONENTS\STACK\AF #
#                          \" -I "D:\GitHub\z-stack\Sensor Network            #
#                          Example\Projects\zstack\Sensor Network             #
#                          Application\ZIGBEE Endpoint &                      #
#                          Device\CC2530DB\..\..\..\..\..\COMPONENTS\STACK\NW #
#                          K\" -I "D:\GitHub\z-stack\Sensor Network           #
#                          Example\Projects\zstack\Sensor Network             #
#                          Application\ZIGBEE Endpoint &                      #
#                          Device\CC2530DB\..\..\..\..\..\COMPONENTS\STACK\SE #
#                          C\" -I "D:\GitHub\z-stack\Sensor Network           #
#                          Example\Projects\zstack\Sensor Network             #
#                          Application\ZIGBEE Endpoint &                      #
#                          Device\CC2530DB\..\..\..\..\..\COMPONENTS\STACK\SA #
#                          PI\" -I "D:\GitHub\z-stack\Sensor Network          #
#                          Example\Projects\zstack\Sensor Network             #
#                          Application\ZIGBEE Endpoint &                      #
#                          Device\CC2530DB\..\..\..\..\..\COMPONENTS\STACK\SY #
#                          S\" -I "D:\GitHub\z-stack\Sensor Network           #
#                          Example\Projects\zstack\Sensor Network             #
#                          Application\ZIGBEE Endpoint &                      #
#                          Device\CC2530DB\..\..\..\..\..\COMPONENTS\STACK\ZC #
#                          L\" -I "D:\GitHub\z-stack\Sensor Network           #
#                          Example\Projects\zstack\Sensor Network             #
#                          Application\ZIGBEE Endpoint &                      #
#                          Device\CC2530DB\..\..\..\..\..\COMPONENTS\STACK\ZD #
#                          O\" -I "D:\GitHub\z-stack\Sensor Network           #
#                          Example\Projects\zstack\Sensor Network             #
#                          Application\ZIGBEE Endpoint &                      #
#                          Device\CC2530DB\..\..\..\..\..\COMPONENTS\ZMAC\F8W #
#                          \" -I "D:\GitHub\z-stack\Sensor Network            #
#                          Example\Projects\zstack\Sensor Network             #
#                          Application\ZIGBEE Endpoint &                      #
#                          Device\CC2530DB\..\..\..\..\..\COMPONENTS\ZMAC\"   #
#                          -I "D:\GitHub\z-stack\Sensor Network               #
#                          Example\Projects\zstack\Sensor Network             #
#                          Application\ZIGBEE Endpoint &                      #
#                          Device\CC2530DB\..\..\..\..\..\COMPONENTS\SERVICES #
#                          \SADDR\" -I "D:\GitHub\z-stack\Sensor Network      #
#                          Example\Projects\zstack\Sensor Network             #
#                          Application\ZIGBEE Endpoint &                      #
#                          Device\CC2530DB\..\..\..\..\..\COMPONENTS\SERVICES #
#                          \SDATA\" -I "D:\GitHub\z-stack\Sensor Network      #
#                          Example\Projects\zstack\Sensor Network             #
#                          Application\ZIGBEE Endpoint &                      #
#                          Device\CC2530DB\..\..\..\..\..\COMPONENTS\MAC\INCL #
#                          UDE\" -I "D:\GitHub\z-stack\Sensor Network         #
#                          Example\Projects\zstack\Sensor Network             #
#                          Application\ZIGBEE Endpoint &                      #
#                          Device\CC2530DB\..\..\..\..\..\COMPONENTS\MAC\HIGH #
#                          _LEVEL\" -I "D:\GitHub\z-stack\Sensor Network      #
#                          Example\Projects\zstack\Sensor Network             #
#                          Application\ZIGBEE Endpoint &                      #
#                          Device\CC2530DB\..\..\..\..\..\COMPONENTS\MAC\LOW_ #
#                          LEVEL\srf04\" -I "D:\GitHub\z-stack\Sensor         #
#                          Network Example\Projects\zstack\Sensor Network     #
#                          Application\ZIGBEE Endpoint &                      #
#                          Device\CC2530DB\..\..\..\..\..\COMPONENTS\MAC\LOW_ #
#                          LEVEL\srf04\SINGLE_CHIP\" -I "C:\Program Files     #
#                          (x86)\IAR Systems\Embedded Workbench               #
#                          5.3\8051\INC\" -I "C:\Program Files (x86)\IAR      #
#                          Systems\Embedded Workbench 5.3\8051\INC\CLIB\"     #
#                          -Ohz                                               #
#    List file          =  D:\GitHub\z-stack\Sensor Network                   #
#                          Example\Projects\zstack\Sensor Network             #
#                          Application\ZIGBEE Endpoint &                      #
#                          Device\CC2530DB\EndDeviceKB_M140\List\hal_sensor.l #
#                          st                                                 #
#    Object file        =  D:\GitHub\z-stack\Sensor Network                   #
#                          Example\Projects\zstack\Sensor Network             #
#                          Application\ZIGBEE Endpoint &                      #
#                          Device\CC2530DB\EndDeviceKB_M140\Obj\hal_sensor.r5 #
#                          1                                                  #
#                                                                             #
#                                                                             #
###############################################################################

D:\GitHub\z-stack\Sensor Network Example\Projects\zstack\Sensor Network Application\ZIGBEE Endpoint & Device\Source\hal_sensor.c
      1          #include <string.h>
      2          #include <stdio.h>
      3          #include "ZComDef.h"
      4          #include "OSAL.h"
      5          #include "AF.h"
      6          #include "ZDApp.h"
      7          #include "ZDObject.h"
      8          #include "ZDProfile.h"
      9          #include "mac_radio_defs.h"
     10          
     11          /* ZCL */
     12          #include "zcl.h"
     13          #include "zcl_general.h"
     14          #include "zcl_ha.h"
     15          #include "zcl_zigbee device.h"
     16          
     17          /* HAL */
     18          #include "onboard.h"
     19          #include "hal_lcd.h"
     20          #include "hal_led.h"
     21          #include "hal_key.h"
     22          #include "MT_UART.h"
     23          #include "hal_uart.h"
     24          #include "hal_timer.h"
     25          #include "hal_keypad.h"
     26          #include "hal_buzzer.h"
     27            
     28          /* HAL Sensor */
     29          #include "hal_sensor.h"
     30          
     31          #if defined(M110)
     32            #include "M110.h"
     33          #endif
     34          #if defined(M140)
     35            #include "M140.h"
     36          #endif
     37          #if defined(M160)
     38            #include "M160.h"
     39          #endif
     40          #if defined(M170)
     41            #include "M170.h"
     42          #endif
     43          #if defined(M190)
     44            #include "M190.h"
     45          #endif
     46          #if defined(M200)
     47            #include "M200.h"
     48          #endif
     49          #if defined(M270)
     50            #include "M270.h"
     51          #endif
     52          

   \                                 In  segment XDATA_Z, align 1, keep-with-next
     53          byte TransmitApp_Msg[ TRANSMITAPP_MAX_DATA_LEN ]; 
   \                     TransmitApp_Msg:
   \   000000                DS 102
   \   000066                REQUIRE __INIT_XDATA_Z
     54           
     55          void M110_SensorFunction(void); // M140 Module function
     56          void M140_SensorFunction(void); // M140 Module function
     57          void M160_SensorFunction(void); // M160 Module function
     58          void M170_SensorFunction(void); // M170 Module function
     59          void M190_SensorFunction(void); // M190 Module function
     60          void M200_SensorFunction(void); // M200 Module function
     61          void M270_SensorFunction(void); // M270 Module function
     62          

   \                                 In  segment BANKED_CODE, align 1, keep-with-next
     63          void sleep(uint16 sec)
   \                     sleep:
     64          {
   \   000000                ; Saved register size: 0
   \   000000                ; Auto size: 0
     65              uint16 i,j,k;
     66              
     67              k = sec * 1000;
   \   000000   EA           MOV     A,R2
   \   000001   75F0E8       MOV     B,#-0x18
   \   000004   A4           MUL     AB
   \   000005   CA           XCH     A,R2
   \   000006   ACF0         MOV     R4,B
   \   000008   75F003       MOV     B,#0x3
   \   00000B   A4           MUL     AB
   \   00000C   2C           ADD     A,R4
   \   00000D   FC           MOV     R4,A
   \   00000E   75F0E8       MOV     B,#-0x18
   \   000011   EB           MOV     A,R3
   \   000012   A4           MUL     AB
   \   000013   2C           ADD     A,R4
   \   000014   FB           MOV     R3,A
     68              
     69              for(i=0;i<1600;i++)
   \   000015   7C40         MOV     R4,#0x40
   \   000017   7D06         MOV     R5,#0x6
     70                for(j=0;j<k;j++)
   \                     ??sleep_0:
   \   000019   7800         MOV     R0,#0x0
   \   00001B   7900         MOV     R1,#0x0
   \   00001D   8009         SJMP    ??sleep_1
     71                  asm("nop");
   \                     ??sleep_2:
   \   00001F   00           nop
   \   000020   E8           MOV     A,R0
   \   000021   2401         ADD     A,#0x1
   \   000023   08           INC     R0
   \   000024   E9           MOV     A,R1
   \   000025   3400         ADDC    A,#0x0
   \   000027   F9           MOV     R1,A
   \                     ??sleep_1:
   \   000028   C3           CLR     C
   \   000029   E8           MOV     A,R0
   \   00002A   9A           SUBB    A,R2
   \   00002B   E9           MOV     A,R1
   \   00002C   9B           SUBB    A,R3
   \   00002D   40F0         JC      ??sleep_2
   \   00002F   EC           MOV     A,R4
   \   000030   24FF         ADD     A,#-0x1
   \   000032   1C           DEC     R4
   \   000033   ED           MOV     A,R5
   \   000034   34FF         ADDC    A,#-0x1
   \   000036   FD           MOV     R5,A
   \   000037   EC           MOV     A,R4
   \   000038   7001         JNZ     ??sleep_3
   \   00003A   ED           MOV     A,R5
   \                     ??sleep_3:
   \   00003B   70DC         JNZ     ??sleep_0
     72          }
   \   00003D   02....       LJMP    ?BRET
     73          
     74          #if defined(M110)
     75          
     76          void M110_SensorFunction(void)
     77          {
     78              uint16 val;
     79                
     80              M110_Init();
     81              
     82              val = M110_GetValue();
     83              
     84              TransmitApp_Msg[0] = 3 + '0';   
     85              TransmitApp_Msg[1] = ',';
     86              TransmitApp_Msg[2] = 1 + '0';  
     87              TransmitApp_Msg[3] = 1 + '0';   
     88              TransmitApp_Msg[4] = 0 + '0';        
     89              TransmitApp_Msg[5] = ',';
     90          
     91              if(val > 3000)
     92              {    
     93                  TransmitApp_Msg[6] = 1 + '0';
     94              }
     95              else
     96              {
     97                  TransmitApp_Msg[6] = 0 + '0';  
     98              }    
     99              TransmitApp_Msg[7] = ',';
    100              TransmitApp_Msg[8] = 'N'; 
    101              TransmitApp_Msg[9] = '$';     
    102              TransmitApp_Msg[10] = '\n';     
    103            
    104              sleep(1);
    105             
    106              uint8 temp = zcl_SendCommand( ZIGBEEDEVICE_ENDPOINT, &zclZigbeeDevice_DstAddr, 
    107                                           ZCL_CLUSTER_ID_GEN_ON_OFF, ZCL_CLUSTER_ID_GEN_BASIC,
    108                                           TRUE, ZCL_FRAME_CLIENT_SERVER_DIR, false, 0, 0, 11, 
    109                                           TransmitApp_Msg );
    110           }
    111          #endif
    112            
    113          #if defined(M140)
    114          

   \                                 In  segment BANKED_CODE, align 1, keep-with-next
    115          void M140_SensorFunction(void)
   \                     M140_SensorFunction:
    116          {
   \   000000   74F6         MOV     A,#-0xa
   \   000002   12....       LCALL   ?BANKED_ENTER_XDATA
   \   000005                ; Saved register size: 10
   \   000005                ; Auto size: 0
    117            uint16 val;
    118          
    119            M140_Init();
   \   000005                ; Setup parameters for call to function M140_Init
   \   000005   12....       LCALL   ??M140_Init?relay
    120                
    121            val = M140_GetValue();  
   \   000008                ; Setup parameters for call to function M140_GetValue
   \   000008   12....       LCALL   ??M140_GetValue?relay
   \   00000B   8A..         MOV     ?V0 + 0,R2
   \   00000D   8B..         MOV     ?V0 + 1,R3
   \   00000F   AC..         MOV     R4,?V0 + 0
   \   000011   AD..         MOV     R5,?V0 + 1
    122            if((0x2000 & val) == 0x2000) // check sign bit for negative value
   \   000013   7420         MOV     A,#0x20
   \   000015   5D           ANL     A,R5
   \   000016   F9           MOV     R1,A
   \   000017   E4           CLR     A
   \   000018   7001         JNZ     ??M140_SensorFunction_0
   \   00001A   E9           MOV     A,R1
   \                     ??M140_SensorFunction_0:
   \   00001B   601B         JZ      ??M140_SensorFunction_1
    123            {
    124              val = ((val - 16384) * 10) / 32;
   \   00001D   E4           CLR     A
   \   00001E   2C           ADD     A,R4
   \   00001F   74C0         MOV     A,#-0x40
   \   000021   3D           ADDC    A,R5
   \   000022   F5..         MOV     ?V0 + 1,A
   \   000024   EA           MOV     A,R2
   \   000025   75F00A       MOV     B,#0xa
   \   000028   A4           MUL     AB
   \   000029   F5..         MOV     ?V0 + 0,A
   \   00002B   AAF0         MOV     R2,B
   \   00002D   75F00A       MOV     B,#0xa
   \   000030   E5..         MOV     A,?V0 + 1
   \   000032   A4           MUL     AB
   \   000033   2A           ADD     A,R2
   \   000034   F5..         MOV     ?V0 + 1,A
   \   000036   8013         SJMP    ??M140_SensorFunction_2
    125            }
    126            else
    127            {
    128              val = (val * 10) / 32;
   \                     ??M140_SensorFunction_1:
   \   000038   EC           MOV     A,R4
   \   000039   75F00A       MOV     B,#0xa
   \   00003C   A4           MUL     AB
   \   00003D   FC           MOV     R4,A
   \   00003E   AAF0         MOV     R2,B
   \   000040   75F00A       MOV     B,#0xa
   \   000043   ED           MOV     A,R5
   \   000044   A4           MUL     AB
   \   000045   2A           ADD     A,R2
   \   000046   FD           MOV     R5,A
   \   000047   8C..         MOV     ?V0 + 0,R4
   \   000049   8D..         MOV     ?V0 + 1,R5
   \                     ??M140_SensorFunction_2:
   \   00004B   7405         MOV     A,#0x5
   \   00004D   78..         MOV     R0,#?V0 + 0
   \   00004F   12....       LCALL   ?US_SHR
   \   000052   AC..         MOV     R4,?V0 + 0
   \   000054   AD..         MOV     R5,?V0 + 1
    129            }
    130          
    131            TransmitApp_Msg[0] = 3 + '0';   
   \   000056   7433         MOV     A,#0x33
   \   000058   90....       MOV     DPTR,#TransmitApp_Msg
   \   00005B   F0           MOVX    @DPTR,A
    132            TransmitApp_Msg[1] = ',';
   \   00005C   742C         MOV     A,#0x2c
   \   00005E   90....       MOV     DPTR,#(TransmitApp_Msg + 1)
   \   000061   F0           MOVX    @DPTR,A
    133            TransmitApp_Msg[2] = 1 + '0';  
   \   000062   7431         MOV     A,#0x31
   \   000064   90....       MOV     DPTR,#(TransmitApp_Msg + 2)
   \   000067   F0           MOVX    @DPTR,A
    134            TransmitApp_Msg[3] = 4 + '0';   
   \   000068   7434         MOV     A,#0x34
   \   00006A   90....       MOV     DPTR,#(TransmitApp_Msg + 3)
   \   00006D   F0           MOVX    @DPTR,A
    135            TransmitApp_Msg[4] = 0 + '0';        
   \   00006E   7430         MOV     A,#0x30
   \   000070   90....       MOV     DPTR,#(TransmitApp_Msg + 4)
   \   000073   F0           MOVX    @DPTR,A
    136            TransmitApp_Msg[5] = ',';
   \   000074   742C         MOV     A,#0x2c
   \   000076   90....       MOV     DPTR,#(TransmitApp_Msg + 5)
   \   000079   F0           MOVX    @DPTR,A
    137            TransmitApp_Msg[6] = 'B';   
   \   00007A   7442         MOV     A,#0x42
   \   00007C   90....       MOV     DPTR,#(TransmitApp_Msg + 6)
   \   00007F   F0           MOVX    @DPTR,A
    138            TransmitApp_Msg[7] = ',';  
   \   000080   742C         MOV     A,#0x2c
   \   000082   90....       MOV     DPTR,#(TransmitApp_Msg + 7)
   \   000085   F0           MOVX    @DPTR,A
    139            TransmitApp_Msg[8] = (val / 100) + '0';
   \   000086   EC           MOV     A,R4
   \   000087   F8           MOV     R0,A
   \   000088   ED           MOV     A,R5
   \   000089   F9           MOV     R1,A
   \   00008A   7A64         MOV     R2,#0x64
   \   00008C   7B00         MOV     R3,#0x0
   \   00008E   12....       LCALL   ?US_DIV_MOD
   \   000091   E8           MOV     A,R0
   \   000092   2430         ADD     A,#0x30
   \   000094   90....       MOV     DPTR,#(TransmitApp_Msg + 8)
   \   000097   12....       LCALL   ?Subroutine0 & 0xFFFF
    140            TransmitApp_Msg[9] = ((val / 10) % 10) + '0';
   \                     ??CrossCallReturnLabel_0:
   \   00009A   12....       LCALL   ?US_DIV_MOD
   \   00009D   7A0A         MOV     R2,#0xa
   \   00009F   7B00         MOV     R3,#0x0
   \   0000A1   12....       LCALL   ?US_DIV_MOD
   \   0000A4   EA           MOV     A,R2
   \   0000A5   2430         ADD     A,#0x30
   \   0000A7   90....       MOV     DPTR,#(TransmitApp_Msg + 9)
   \   0000AA   F0           MOVX    @DPTR,A
    141            TransmitApp_Msg[10] = '.';
   \   0000AB   742E         MOV     A,#0x2e
   \   0000AD   90....       MOV     DPTR,#(TransmitApp_Msg + 10)
   \   0000B0   12....       LCALL   ?Subroutine0 & 0xFFFF
    142            TransmitApp_Msg[11] = (val % 10) + '0';
   \                     ??CrossCallReturnLabel_1:
   \   0000B3   12....       LCALL   ?US_DIV_MOD
   \   0000B6   EA           MOV     A,R2
   \   0000B7   2430         ADD     A,#0x30
   \   0000B9   90....       MOV     DPTR,#(TransmitApp_Msg + 11)
   \   0000BC   F0           MOVX    @DPTR,A
    143            TransmitApp_Msg[12] = '$'; 
   \   0000BD   7424         MOV     A,#0x24
   \   0000BF   90....       MOV     DPTR,#(TransmitApp_Msg + 12)
   \   0000C2   F0           MOVX    @DPTR,A
    144            TransmitApp_Msg[13] = '\n'; 
   \   0000C3   740A         MOV     A,#0xa
   \   0000C5   90....       MOV     DPTR,#(TransmitApp_Msg + 13)
   \   0000C8   F0           MOVX    @DPTR,A
    145            
    146            sleep(1);
   \   0000C9                ; Setup parameters for call to function sleep
   \   0000C9   7A01         MOV     R2,#0x1
   \   0000CB   7B00         MOV     R3,#0x0
   \   0000CD   12....       LCALL   ??sleep?relay
    147              
    148            uint8 temp = zcl_SendCommand( ZIGBEEDEVICE_ENDPOINT, &zclZigbeeDevice_DstAddr, 
    149                                          ZCL_CLUSTER_ID_GEN_ON_OFF, ZCL_CLUSTER_ID_GEN_BASIC, 
    150                                          TRUE, ZCL_FRAME_CLIENT_SERVER_DIR, false, 0, 0, 14, 
    151                                          TransmitApp_Msg );   
   \   0000D0                ; Setup parameters for call to function zcl_SendCommand
   \   0000D0   75....       MOV     ?V0 + 0,#(TransmitApp_Msg & 0xff)
   \   0000D3   75....       MOV     ?V0 + 1,#((TransmitApp_Msg >> 8) & 0xff)
   \   0000D6   78..         MOV     R0,#?V0 + 0
   \   0000D8   12....       LCALL   ?PUSH_XSTACK_I_TWO
   \   0000DB   75..0E       MOV     ?V0 + 0,#0xe
   \   0000DE   75..00       MOV     ?V0 + 1,#0x0
   \   0000E1   78..         MOV     R0,#?V0 + 0
   \   0000E3   12....       LCALL   ?PUSH_XSTACK_I_TWO
   \   0000E6   75..00       MOV     ?V0 + 0,#0x0
   \   0000E9   78..         MOV     R0,#?V0 + 0
   \   0000EB   12....       LCALL   ?PUSH_XSTACK_I_ONE
   \   0000EE   78..         MOV     R0,#?V0 + 0
   \   0000F0   12....       LCALL   ?PUSH_XSTACK_I_TWO
   \   0000F3   78..         MOV     R0,#?V0 + 0
   \   0000F5   12....       LCALL   ?PUSH_XSTACK_I_ONE
   \   0000F8   78..         MOV     R0,#?V0 + 0
   \   0000FA   12....       LCALL   ?PUSH_XSTACK_I_ONE
   \   0000FD   75..01       MOV     ?V0 + 0,#0x1
   \   000100   78..         MOV     R0,#?V0 + 0
   \   000102   12....       LCALL   ?PUSH_XSTACK_I_ONE
   \   000105   75..00       MOV     ?V0 + 0,#0x0
   \   000108   78..         MOV     R0,#?V0 + 0
   \   00010A   12....       LCALL   ?PUSH_XSTACK_I_ONE
   \   00010D   7C06         MOV     R4,#0x6
   \   00010F   7D00         MOV     R5,#0x0
   \   000111   7A..         MOV     R2,#(zclZigbeeDevice_DstAddr & 0xff)
   \   000113   7B..         MOV     R3,#((zclZigbeeDevice_DstAddr >> 8) & 0xff)
   \   000115   790C         MOV     R1,#0xc
   \   000117   12....       LCALL   ??zcl_SendCommand?relay
   \   00011A   740B         MOV     A,#0xb
   \   00011C   12....       LCALL   ?DEALLOC_XSTACK8
    152           }
   \   00011F   7F02         MOV     R7,#0x2
   \   000121   02....       LJMP    ?BANKED_LEAVE_XDATA

   \                                 In  segment BANKED_CODE, align 1, keep-with-next
   \                     ?Subroutine0:
   \   000000   F0           MOVX    @DPTR,A
   \   000001   EC           MOV     A,R4
   \   000002   F8           MOV     R0,A
   \   000003   ED           MOV     A,R5
   \   000004   F9           MOV     R1,A
   \   000005   7A0A         MOV     R2,#0xa
   \   000007   7B00         MOV     R3,#0x0
   \   000009   22           RET

   \                                 In  segment BANK_RELAYS, align 1
   \                     ??sleep?relay:
   \   000000   12....       LCALL   ?BDISPATCH
   \   000003   ......       DC24    sleep

   \                                 In  segment BANK_RELAYS, align 1
   \                     ??M140_SensorFunction?relay:
   \   000000   12....       LCALL   ?BDISPATCH
   \   000003   ......       DC24    M140_SensorFunction
    153          #endif
    154          
    155          #if defined(M160)
    156          void M160_SensorFunction(void)
    157           {
    158            // M160 sensor variable
    159            static uint8 duty = 50;
    160            
    161            // initilization the device
    162            M160_Init();
    163            
    164            if (ch > 0)
    165            {           
    166              if (ch == 'U')
    167              {
    168                if (duty < 100)
    169                {
    170                  duty = duty + 5;
    171                }
    172              }
    173              
    174              if (ch == 'N')
    175              {
    176                if (duty > 0)
    177                {
    178                  duty = duty - 5;
    179                }
    180              }
    181                
    182              M160_On(duty);
    183              #if defined ( LCD_SUPPORTED )
    184                HalLcdWriteString("** M160 Test  **", HAL_LCD_LINE_1);
    185                HalLcdWriteString("   Duty =     % ", HAL_LCD_LINE_2);
    186                halLcdDisplayUint8(HAL_LCD_LINE_2, 10, HAL_LCD_RADIX_DEC, duty); 
    187              #endif
    188            }
    189          //  M160_Off();
    190           }
    191          #endif 
    192          
    193           
    194          #if defined(M170)
    195          /*********************************************************************
    196           * @fn          M170_SensorFunction
    197           * @brief       The ZIGBEE Device to receive the M170 optical data.
    198           */
    199           void M170_SensorFunction(void)
    200           {
    201              // M170 sensor variable
    202              uint16 val;
    203              uint8 tmp1, tmp2, tmp3;
    204              // ZCL transmit variable
    205              uint8 len;
    206                
    207              // initilization the device
    208              M170_Init();
    209            
    210             val = M170_GetValue();
    211             if (val > 2000)
    212             {
    213                val -= 2000;
    214             }
    215             else
    216              {
    217                val = 0;
    218              }val /= 120;
    219                      
    220             if (val > 100)
    221             {
    222                val = 100;
    223             }
    224             
    225             tmp1 = (val / 100) + '0';
    226             TransmitApp_Msg[0] = tmp1;
    227             tmp2 = ((val / 10) % 10) + '0';
    228             TransmitApp_Msg[1] = tmp2;
    229             tmp3 = (val % 10) + '0';
    230             TransmitApp_Msg[2] = tmp3;
    231             
    232          #if defined ( LCD_SUPPORTED )
    233             HalLcdWriteString("* Z-Stack M170 *", HAL_LCD_LINE_1);
    234             HalLcdWriteString(" Bright =     % ", HAL_LCD_LINE_2);
    235             HalLcdWriteChar(HAL_LCD_LINE_2, 10, tmp1);
    236             HalLcdWriteChar(HAL_LCD_LINE_2, 11, tmp2);
    237             HalLcdWriteChar(HAL_LCD_LINE_2, 12, tmp3);
    238          #endif
    239             
    240             len = 3;
    241             uint8 temp = zcl_SendCommand( ZIGBEEDEVICE_ENDPOINT, &zclZigbeeDevice_DstAddr, ZCL_CLUSTER_ID_GEN_ON_OFF, ZCL_CLUSTER_ID_GEN_BASIC,
    242                                           TRUE, ZCL_FRAME_CLIENT_SERVER_DIR, false, 0, 0, len, TransmitApp_Msg );
    243           }
    244          #endif
    245           
    246          #if defined(M190)
    247          /*********************************************************************
    248           * @fn          M190_SensorFunction
    249           * @brief       The ZIGBEE Device to receive the M190 optical data.
    250           */
    251           void M190_SensorFunction(void)
    252           {
    253              // M190 sensor variable
    254              uint16 val;
    255              char buf[16];
    256          
    257              // ZCL transmit variable
    258              uint8 len;
    259                
    260              // initilization the device
    261              M190_Init();
    262              val = M190_GetValue();  
    263              sprintf(buf, "ADC = %u %", val);
    264          
    265          #if defined ( LCD_SUPPORTED )
    266              HalLcdWriteString("* Z-Stack M190 *", HAL_LCD_LINE_1);
    267              HalLcdWriteString( buf, HAL_LCD_LINE_2 );
    268          #endif
    269             
    270             len = 3;
    271             uint8 temp = zcl_SendCommand( ZIGBEEDEVICE_ENDPOINT, &zclZigbeeDevice_DstAddr, ZCL_CLUSTER_ID_GEN_ON_OFF, ZCL_CLUSTER_ID_GEN_BASIC,
    272                                           TRUE, ZCL_FRAME_CLIENT_SERVER_DIR, false, 0, 0, len, TransmitApp_Msg );
    273           }
    274          #endif
    275           
    276          #if defined(M200)
    277          /*********************************************************************
    278           * @fn          M200_SensorFunction
    279           * @brief       The ZIGBEE Device to receive the M200 Temp and Humi data.
    280           */
    281           void M200_SensorFunction(void)
    282           {
    283              // M200 module variable
    284              uint16 temp, humi;
    285              uint8 hum_1,hum_2,hum_3,hum_4;
    286              uint8 temp_1,temp_2,temp_3,temp_4;
    287              uint8 len;
    288                
    289              // initilization the device
    290              M200_Init();
    291            
    292              M200_GetValue();
    293              temp = (uint16)(((((float)M200_Temp) *0.01) - 40.0) *10.0);
    294              humi = (uint16)(((((float)M200_Humi) *0.0405) - (((float)M200_Humi)*((float)M200_Humi) *0.0000028) - 4.0) *10.0);
    295              if (humi > 999)
    296              {
    297                humi = 999;
    298              }
    299              if (temp > 999)
    300              {
    301                temp = 999;
    302              }
    303              hum_1 = (humi / 100) + '0';
    304              TransmitApp_Msg[0] = hum_1;
    305              hum_2 = ((humi / 10) % 10) + '0';
    306              TransmitApp_Msg[1] = hum_2;
    307              hum_3 = '.';
    308              TransmitApp_Msg[2] = hum_3;
    309              hum_4 = (humi % 10) + '0';
    310              TransmitApp_Msg[3] = hum_4;
    311              TransmitApp_Msg[4] = ' ';
    312              temp_1 = (temp / 100) + '0';
    313              TransmitApp_Msg[5] = temp_1;
    314              temp_2 = ((temp / 10) % 10) + '0';
    315              TransmitApp_Msg[6] = temp_2;
    316              temp_3 = '.';
    317              TransmitApp_Msg[7] = temp_3;
    318              temp_4 = (temp % 10) + '0';
    319              TransmitApp_Msg[8] = temp_4;
    320              
    321              #if defined ( LCD_SUPPORTED )
    322                HalLcdWriteString("Humidity=      %", HAL_LCD_LINE_1);
    323                HalLcdWriteString(" Temp. =       C", HAL_LCD_LINE_2);
    324                // Humi
    325                HalLcdWriteChar(HAL_LCD_LINE_1, 10, hum_1);
    326                HalLcdWriteChar(HAL_LCD_LINE_1, 11, hum_2);
    327                HalLcdWriteChar(HAL_LCD_LINE_1, 12, hum_3);
    328                HalLcdWriteChar(HAL_LCD_LINE_1, 13, hum_4);
    329                // Temp
    330                HalLcdWriteChar(HAL_LCD_LINE_2, 9, temp_1);
    331                HalLcdWriteChar(HAL_LCD_LINE_2, 10, temp_2);
    332                HalLcdWriteChar(HAL_LCD_LINE_2, 11, temp_3);
    333                HalLcdWriteChar(HAL_LCD_LINE_2, 12, temp_4);
    334              #endif
    335          
    336              len = 9;
    337              uint8 tmp = zcl_SendCommand( ZIGBEEDEVICE_ENDPOINT, &zclZigbeeDevice_DstAddr, ZCL_CLUSTER_ID_GEN_ON_OFF, 
    338                                           ZCL_CLUSTER_ID_GEN_BASIC, TRUE, ZCL_FRAME_CLIENT_SERVER_DIR, false, 0, 0, len, TransmitApp_Msg );
    339           }
    340          #endif
    341           
    342          #if defined(M270)
    343          /*********************************************************************
    344           * @fn          M270_SensorFunction
    345           * @brief       The ZIGBEE Device to receive the M200 Temp and Humi data.
    346           */
    347           void M270_SensorFunction(void)
    348           {
    349              static uint8 udo;
    350          
    351              M270_Init();
    352              
    353               if( ch == 'A' )
    354               {
    355                  udo = 1;
    356                  M270_SetDO(udo);
    357               }
    358               
    359               if( ch == 'D' )
    360               {
    361                  udo = 0;
    362                  M270_SetDO(udo);
    363               }
    364              
    365               #if defined ( LCD_SUPPORTED )
    366                  HalLcdWriteString("** M270 Test  **", HAL_LCD_LINE_1);
    367                  HalLcdWriteString("* RELAY DO=[0] *", HAL_LCD_LINE_2);
    368                  // Show the control value
    369                  HalLcdWriteChar(HAL_LCD_LINE_2, 12, udo + '0');
    370               #endif
    371           }
    372          #endif

   Maximum stack usage in bytes:

     Function             ISTACK PSTACK XSTACK
     --------             ------ ------ ------
     M140_SensorFunction      0      0     21
       -> M140_Init           0      0     20
       -> M140_GetValue       0      0     20
       -> sleep               0      0     20
       -> zcl_SendCommand     0      0     42
     sleep                    0      0     10


   Segment part sizes:

     Function/Label              Bytes
     --------------              -----
     TransmitApp_Msg              102
     sleep                         64
     M140_SensorFunction          292
     ?Subroutine0                  10
     ??sleep?relay                  6
     ??M140_SensorFunction?relay    6

 
 366 bytes in segment BANKED_CODE
  12 bytes in segment BANK_RELAYS
 102 bytes in segment XDATA_Z
 
 378 bytes of CODE  memory
 102 bytes of XDATA memory

Errors: none
Warnings: none
