###############################################################################
#                                                                             #
# IAR C/C++ Compiler V7.51A/W32 for 8051                23/Aug/2010  13:35:32 #
# Copyright 2004-2009 IAR Systems AB.                                         #
#                                                                             #
#    Core               =  plain                                              #
#    Code model         =  banked                                             #
#    Data model         =  large                                              #
#    Calling convention =  xdata reentrant                                    #
#    Constant location  =  data_rom                                           #
#    Dptr setup         =  1,16                                               #
#    Source file        =  D:\R.D Dept\專案Project\南開科大_ZIGBEE            #
#                          Router\ZIGBEE Router\XT200_PA_Z-Stack\ZStack-CC253 #
#                          0-2.3.0-1.4.0\Components\hal\target\CC2530EB\hal_P #
#                          A2591.c                                            #
#    Command line       =  -f "D:\R.D Dept\專案Project\南開科大_ZIGBEE        #
#                          Router\ZIGBEE Router\XT200_PA_Z-Stack\ZStack-CC253 #
#                          0-2.3.0-1.4.0\Projects\zstack\Sensor Network       #
#                          Application\ZIGBEE Endpoint &                      #
#                          Device\CC2530DB\..\..\..\Tools\CC2530DB\f8wEndev.c #
#                          fg" (-DCPU32MHZ -DROOT=__near_func -DBLINK_LEDS)   #
#                          -f "D:\R.D Dept\專案Project\南開科大_ZIGBEE        #
#                          Router\ZIGBEE Router\XT200_PA_Z-Stack\ZStack-CC253 #
#                          0-2.3.0-1.4.0\Projects\zstack\Sensor Network       #
#                          Application\ZIGBEE Endpoint &                      #
#                          Device\CC2530DB\..\..\..\Tools\CC2530DB\f8wConfig. #
#                          cfg" (-DSECURE=0 -DZG_SECURE_DYNAMIC=0             #
#                          -DREFLECTOR -DDEFAULT_CHANLIST=0x00000800          #
#                          -DZDAPP_CONFIG_PAN_ID=0xFFFF                       #
#                          -DNWK_START_DELAY=100 -DEXTENDED_JOINING_RANDOM_MA #
#                          SK=0x007F -DBEACON_REQUEST_DELAY=100               #
#                          -DBEACON_REQ_DELAY_MASK=0x00FF                     #
#                          -DROUTE_EXPIRY_TIME=30 -DAPSC_ACK_WAIT_DURATION_PO #
#                          LLED=3000 -DNWK_INDIRECT_MSG_TIMEOUT=7             #
#                          -DMAX_RREQ_ENTRIES=8 -DAPSC_MAX_FRAME_RETRIES=3    #
#                          -DNWK_MAX_DATA_RETRIES=2                           #
#                          -DMAX_POLL_FAILURE_RETRIES=2 -DMAX_BCAST=9         #
#                          -DAPS_MAX_GROUPS=16 -DMAX_RTG_ENTRIES=40           #
#                          -DNWK_MAX_BINDING_ENTRIES=4                        #
#                          -DMAX_BINDING_CLUSTER_IDS=4 "-DDEFAULT_KEY={0x01,  #
#                          0x03, 0x05, 0x07, 0x09, 0x0B, 0x0D, 0x0F, 0x00,    #
#                          0x02, 0x04, 0x06, 0x08, 0x0A, 0x0C, 0x0D}"         #
#                          -DMAC_MAX_FRAME_SIZE=116 "-DCONST=const __code"    #
#                          -DGENERIC=__generic -DRFD_RCVC_ALWAYS_ON=TRUE      #
#                          -DPOLL_RATE=1000 -DQUEUED_POLL_RATE=100            #
#                          -DRESPONSE_POLL_RATE=100 -DREJOIN_POLL_RATE=440)   #
#                          -f "D:\R.D Dept\專案Project\南開科大_ZIGBEE        #
#                          Router\ZIGBEE Router\XT200_PA_Z-Stack\ZStack-CC253 #
#                          0-2.3.0-1.4.0\Projects\zstack\Sensor Network       #
#                          Application\ZIGBEE Endpoint &                      #
#                          Device\CC2530DB\..\..\..\Tools\CC2530DB\f8wZCL.cfg #
#                          " (-DZCL_READ -DZCL_WRITE -DZCL_BASIC              #
#                          -DZCL_IDENTIFY -DZCL_ON_OFF -DZCL_KEY_ESTABLISH    #
#                          -DZCL_LOAD_CONTROL -DZCL_SIMPLE_METERING           #
#                          -DZCL_PRICING) -DZCL_MESSAGE "D:\R.D               #
#                          Dept\專案Project\南開科大_ZIGBEE Router\ZIGBEE     #
#                          Router\XT200_PA_Z-Stack\ZStack-CC2530-2.3.0-1.4.0\ #
#                          Components\hal\target\CC2530EB\hal_PA2591.c" -D    #
#                          LCD_SUPPORTED=DEBUG -D NWK_AUTO_POLL -D ZTOOL_P1   #
#                          -D MT_APP_FUNC -D MT_SYS_FUNC -D MT_ZDO_FUNC -D    #
#                          MT_TASK -D xPOWER_SAVING -D xNV_RESTORE -D         #
#                          End_Device -D M140 -D xHAL_KEYPAD -D               #
#                          MAC_RUNTIME_CC2591 -lC "D:\R.D                     #
#                          Dept\專案Project\南開科大_ZIGBEE Router\ZIGBEE     #
#                          Router\XT200_PA_Z-Stack\ZStack-CC2530-2.3.0-1.4.0\ #
#                          Projects\zstack\Sensor Network Application\ZIGBEE  #
#                          Endpoint & Device\CC2530DB\EndDeviceEB_M140\List\" #
#                           -lA "D:\R.D Dept\專案Project\南開科大_ZIGBEE      #
#                          Router\ZIGBEE Router\XT200_PA_Z-Stack\ZStack-CC253 #
#                          0-2.3.0-1.4.0\Projects\zstack\Sensor Network       #
#                          Application\ZIGBEE Endpoint &                      #
#                          Device\CC2530DB\EndDeviceEB_M140\List\"            #
#                          --diag_suppress Pe001,Pa010 -o "D:\R.D             #
#                          Dept\專案Project\南開科大_ZIGBEE Router\ZIGBEE     #
#                          Router\XT200_PA_Z-Stack\ZStack-CC2530-2.3.0-1.4.0\ #
#                          Projects\zstack\Sensor Network Application\ZIGBEE  #
#                          Endpoint & Device\CC2530DB\EndDeviceEB_M140\Obj\"  #
#                          -e --require_prototypes --debug --core=plain       #
#                          --dptr=16,1 --data_model=large                     #
#                          --code_model=banked --calling_convention=xdata_ree #
#                          ntrant --place_constants=data_rom                  #
#                          --nr_virtual_regs 16 -I "D:\R.D                    #
#                          Dept\專案Project\南開科大_ZIGBEE Router\ZIGBEE     #
#                          Router\XT200_PA_Z-Stack\ZStack-CC2530-2.3.0-1.4.0\ #
#                          Projects\zstack\Sensor Network Application\ZIGBEE  #
#                          Endpoint & Device\CC2530DB\" -I "D:\R.D            #
#                          Dept\專案Project\南開科大_ZIGBEE Router\ZIGBEE     #
#                          Router\XT200_PA_Z-Stack\ZStack-CC2530-2.3.0-1.4.0\ #
#                          Projects\zstack\Sensor Network Application\ZIGBEE  #
#                          Endpoint & Device\CC2530DB\..\SOURCE\" -I "D:\R.D  #
#                          Dept\專案Project\南開科大_ZIGBEE Router\ZIGBEE     #
#                          Router\XT200_PA_Z-Stack\ZStack-CC2530-2.3.0-1.4.0\ #
#                          Projects\zstack\Sensor Network Application\ZIGBEE  #
#                          Endpoint & Device\CC2530DB\..\..\SOURCE\" -I       #
#                          "D:\R.D Dept\專案Project\南開科大_ZIGBEE           #
#                          Router\ZIGBEE Router\XT200_PA_Z-Stack\ZStack-CC253 #
#                          0-2.3.0-1.4.0\Projects\zstack\Sensor Network       #
#                          Application\ZIGBEE Endpoint &                      #
#                          Device\CC2530DB\..\..\..\ZMAIN\TI2530DB\" -I       #
#                          "D:\R.D Dept\專案Project\南開科大_ZIGBEE           #
#                          Router\ZIGBEE Router\XT200_PA_Z-Stack\ZStack-CC253 #
#                          0-2.3.0-1.4.0\Projects\zstack\Sensor Network       #
#                          Application\ZIGBEE Endpoint &                      #
#                          Device\CC2530DB\..\..\..\..\..\COMPONENTS\MT\" -I  #
#                          "D:\R.D Dept\專案Project\南開科大_ZIGBEE           #
#                          Router\ZIGBEE Router\XT200_PA_Z-Stack\ZStack-CC253 #
#                          0-2.3.0-1.4.0\Projects\zstack\Sensor Network       #
#                          Application\ZIGBEE Endpoint &                      #
#                          Device\CC2530DB\..\..\..\..\..\COMPONENTS\HAL\INCL #
#                          UDE\" -I "D:\R.D Dept\專案Project\南開科大_ZIGBEE  #
#                          Router\ZIGBEE Router\XT200_PA_Z-Stack\ZStack-CC253 #
#                          0-2.3.0-1.4.0\Projects\zstack\Sensor Network       #
#                          Application\ZIGBEE Endpoint &                      #
#                          Device\CC2530DB\..\..\..\..\..\COMPONENTS\HAL\MODU #
#                          LE\" -I "D:\R.D Dept\專案Project\南開科大_ZIGBEE   #
#                          Router\ZIGBEE Router\XT200_PA_Z-Stack\ZStack-CC253 #
#                          0-2.3.0-1.4.0\Projects\zstack\Sensor Network       #
#                          Application\ZIGBEE Endpoint &                      #
#                          Device\CC2530DB\..\..\..\..\..\COMPONENTS\HAL\TARG #
#                          ET\CC2530EB\" -I "D:\R.D                           #
#                          Dept\專案Project\南開科大_ZIGBEE Router\ZIGBEE     #
#                          Router\XT200_PA_Z-Stack\ZStack-CC2530-2.3.0-1.4.0\ #
#                          Projects\zstack\Sensor Network Application\ZIGBEE  #
#                          Endpoint & Device\CC2530DB\..\..\..\..\..\COMPONEN #
#                          TS\OSAL\MCU\CCSOC\" -I "D:\R.D                     #
#                          Dept\專案Project\南開科大_ZIGBEE Router\ZIGBEE     #
#                          Router\XT200_PA_Z-Stack\ZStack-CC2530-2.3.0-1.4.0\ #
#                          Projects\zstack\Sensor Network Application\ZIGBEE  #
#                          Endpoint & Device\CC2530DB\..\..\..\..\..\COMPONEN #
#                          TS\OSAL\INCLUDE\" -I "D:\R.D                       #
#                          Dept\專案Project\南開科大_ZIGBEE Router\ZIGBEE     #
#                          Router\XT200_PA_Z-Stack\ZStack-CC2530-2.3.0-1.4.0\ #
#                          Projects\zstack\Sensor Network Application\ZIGBEE  #
#                          Endpoint & Device\CC2530DB\..\..\..\..\..\COMPONEN #
#                          TS\STACK\AF\" -I "D:\R.D                           #
#                          Dept\專案Project\南開科大_ZIGBEE Router\ZIGBEE     #
#                          Router\XT200_PA_Z-Stack\ZStack-CC2530-2.3.0-1.4.0\ #
#                          Projects\zstack\Sensor Network Application\ZIGBEE  #
#                          Endpoint & Device\CC2530DB\..\..\..\..\..\COMPONEN #
#                          TS\STACK\NWK\" -I "D:\R.D                          #
#                          Dept\專案Project\南開科大_ZIGBEE Router\ZIGBEE     #
#                          Router\XT200_PA_Z-Stack\ZStack-CC2530-2.3.0-1.4.0\ #
#                          Projects\zstack\Sensor Network Application\ZIGBEE  #
#                          Endpoint & Device\CC2530DB\..\..\..\..\..\COMPONEN #
#                          TS\STACK\SEC\" -I "D:\R.D                          #
#                          Dept\專案Project\南開科大_ZIGBEE Router\ZIGBEE     #
#                          Router\XT200_PA_Z-Stack\ZStack-CC2530-2.3.0-1.4.0\ #
#                          Projects\zstack\Sensor Network Application\ZIGBEE  #
#                          Endpoint & Device\CC2530DB\..\..\..\..\..\COMPONEN #
#                          TS\STACK\SAPI\" -I "D:\R.D                         #
#                          Dept\專案Project\南開科大_ZIGBEE Router\ZIGBEE     #
#                          Router\XT200_PA_Z-Stack\ZStack-CC2530-2.3.0-1.4.0\ #
#                          Projects\zstack\Sensor Network Application\ZIGBEE  #
#                          Endpoint & Device\CC2530DB\..\..\..\..\..\COMPONEN #
#                          TS\STACK\SYS\" -I "D:\R.D                          #
#                          Dept\專案Project\南開科大_ZIGBEE Router\ZIGBEE     #
#                          Router\XT200_PA_Z-Stack\ZStack-CC2530-2.3.0-1.4.0\ #
#                          Projects\zstack\Sensor Network Application\ZIGBEE  #
#                          Endpoint & Device\CC2530DB\..\..\..\..\..\COMPONEN #
#                          TS\STACK\ZCL\" -I "D:\R.D                          #
#                          Dept\專案Project\南開科大_ZIGBEE Router\ZIGBEE     #
#                          Router\XT200_PA_Z-Stack\ZStack-CC2530-2.3.0-1.4.0\ #
#                          Projects\zstack\Sensor Network Application\ZIGBEE  #
#                          Endpoint & Device\CC2530DB\..\..\..\..\..\COMPONEN #
#                          TS\STACK\ZDO\" -I "D:\R.D                          #
#                          Dept\專案Project\南開科大_ZIGBEE Router\ZIGBEE     #
#                          Router\XT200_PA_Z-Stack\ZStack-CC2530-2.3.0-1.4.0\ #
#                          Projects\zstack\Sensor Network Application\ZIGBEE  #
#                          Endpoint & Device\CC2530DB\..\..\..\..\..\COMPONEN #
#                          TS\ZMAC\F8W\" -I "D:\R.D                           #
#                          Dept\專案Project\南開科大_ZIGBEE Router\ZIGBEE     #
#                          Router\XT200_PA_Z-Stack\ZStack-CC2530-2.3.0-1.4.0\ #
#                          Projects\zstack\Sensor Network Application\ZIGBEE  #
#                          Endpoint & Device\CC2530DB\..\..\..\..\..\COMPONEN #
#                          TS\ZMAC\" -I "D:\R.D Dept\專案Project\南開科大_ZIG #
#                          BEE Router\ZIGBEE Router\XT200_PA_Z-Stack\ZStack-C #
#                          C2530-2.3.0-1.4.0\Projects\zstack\Sensor Network   #
#                          Application\ZIGBEE Endpoint &                      #
#                          Device\CC2530DB\..\..\..\..\..\COMPONENTS\SERVICES #
#                          \SADDR\" -I "D:\R.D Dept\專案Project\南開科大_ZIGB #
#                          EE Router\ZIGBEE Router\XT200_PA_Z-Stack\ZStack-CC #
#                          2530-2.3.0-1.4.0\Projects\zstack\Sensor Network    #
#                          Application\ZIGBEE Endpoint &                      #
#                          Device\CC2530DB\..\..\..\..\..\COMPONENTS\SERVICES #
#                          \SDATA\" -I "D:\R.D Dept\專案Project\南開科大_ZIGB #
#                          EE Router\ZIGBEE Router\XT200_PA_Z-Stack\ZStack-CC #
#                          2530-2.3.0-1.4.0\Projects\zstack\Sensor Network    #
#                          Application\ZIGBEE Endpoint &                      #
#                          Device\CC2530DB\..\..\..\..\..\COMPONENTS\MAC\INCL #
#                          UDE\" -I "D:\R.D Dept\專案Project\南開科大_ZIGBEE  #
#                          Router\ZIGBEE Router\XT200_PA_Z-Stack\ZStack-CC253 #
#                          0-2.3.0-1.4.0\Projects\zstack\Sensor Network       #
#                          Application\ZIGBEE Endpoint &                      #
#                          Device\CC2530DB\..\..\..\..\..\COMPONENTS\MAC\HIGH #
#                          _LEVEL\" -I "D:\R.D Dept\專案Project\南開科大_ZIGB #
#                          EE Router\ZIGBEE Router\XT200_PA_Z-Stack\ZStack-CC #
#                          2530-2.3.0-1.4.0\Projects\zstack\Sensor Network    #
#                          Application\ZIGBEE Endpoint &                      #
#                          Device\CC2530DB\..\..\..\..\..\COMPONENTS\MAC\LOW_ #
#                          LEVEL\srf04\" -I "D:\R.D                           #
#                          Dept\專案Project\南開科大_ZIGBEE Router\ZIGBEE     #
#                          Router\XT200_PA_Z-Stack\ZStack-CC2530-2.3.0-1.4.0\ #
#                          Projects\zstack\Sensor Network Application\ZIGBEE  #
#                          Endpoint & Device\CC2530DB\..\..\..\..\..\COMPONEN #
#                          TS\MAC\LOW_LEVEL\srf04\SINGLE_CHIP\" -I "C:\IAR    #
#                          Systems\Embedded Workbench MCS 51\8051\INC\" -I    #
#                          "C:\IAR Systems\Embedded Workbench MCS             #
#                          51\8051\INC\CLIB\" -Ohz                            #
#    List file          =  D:\R.D Dept\專案Project\南開科大_ZIGBEE            #
#                          Router\ZIGBEE Router\XT200_PA_Z-Stack\ZStack-CC253 #
#                          0-2.3.0-1.4.0\Projects\zstack\Sensor Network       #
#                          Application\ZIGBEE Endpoint &                      #
#                          Device\CC2530DB\EndDeviceEB_M140\List\hal_PA2591.l #
#                          st                                                 #
#    Object file        =  D:\R.D Dept\專案Project\南開科大_ZIGBEE            #
#                          Router\ZIGBEE Router\XT200_PA_Z-Stack\ZStack-CC253 #
#                          0-2.3.0-1.4.0\Projects\zstack\Sensor Network       #
#                          Application\ZIGBEE Endpoint &                      #
#                          Device\CC2530DB\EndDeviceEB_M140\Obj\hal_PA2591.r5 #
#                          1                                                  #
#                                                                             #
#                                                                             #
###############################################################################

D:\R.D Dept\專案Project\南開科大_ZIGBEE Router\ZIGBEE Router\XT200_PA_Z-Stack\ZStack-CC2530-2.3.0-1.4.0\Components\hal\target\CC2530EB\hal_PA2591.c
      1          /**************************************************************************************************
      2            Filename:       hal_PA2591.c
      3            Revised:        $Date: 2009-06-12 09:16:43 -0700 (Fri, 12 Jun 2009) $
      4            Revision:       $Revision: 20142 $
      5          
      6            Description: This file contains the interface to the H/W UART driver.
      7          
      8            Copyright 2006-2009 Texas Instruments Incorporated. All rights reserved.
      9          
     10            Should you have any questions regarding your right to use this Software,
     11            contact Texas Instruments Incorporated at www.TI.com.
     12          **************************************************************************************************/
     13          
     14          /*********************************************************************
     15           * INCLUDES
     16           */
     17          #include "hal_defs.h"
     18          #include "hal_types.h"
     19          
     20          /* APP */
     21          #if defined(End_Device)
     22            #include "zcl_zigbee device.h"
     23          #endif
     24          
     25          /* HAL */
     26          #include "hal_board_cfg.h"

   \                                 In  segment SFR_AN, at 0x80
   \   union <unnamed> volatile __sfr _A_P0
   \                     _A_P0:
   \   000000                DS 1

   \                                 In  segment SFR_AN, at 0x90
   \   union <unnamed> volatile __sfr _A_P1
   \                     _A_P1:
   \   000000                DS 1

   \                                 In  segment SFR_AN, at 0xf3
   \   unsigned char volatile __sfr P0SEL
   \                     P0SEL:
   \   000000                DS 1

   \                                 In  segment SFR_AN, at 0xf4
   \   unsigned char volatile __sfr P1SEL
   \                     P1SEL:
   \   000000                DS 1

   \                                 In  segment SFR_AN, at 0xfd
   \   unsigned char volatile __sfr P0DIR
   \                     P0DIR:
   \   000000                DS 1

   \                                 In  segment SFR_AN, at 0xfe
   \   unsigned char volatile __sfr P1DIR
   \                     P1DIR:
   \   000000                DS 1
     27          #include "hal_PA2591.h"
     28          #include "hal_timer.h"
     29          #include "hal_uart.h"
     30          
     31          /*********************************************************************
     32           * MACROS
     33           */
     34          
     35          /*********************************************************************
     36           * TYPEDEFS
     37           */
     38          
     39          /*********************************************************************
     40           * CONSTANTS
     41           */
     42          
     43          /*********************************************************************
     44           * GLOBAL VARIABLES
     45           */
     46          
     47          /*********************************************************************
     48           * GLOBAL FUNCTIONS
     49           */
     50          
     51          /*********************************************************************
     52           * LOCAL VARIABLES
     53           */
     54          
     55          /*********************************************************************
     56           * LOCAL FUNCTIONS
     57           */
     58          
     59          
     60          /******************************************************************************
     61           * @fn      HalPA2591Init
     62           * @brief   Initilization the PA2591 IO pin to output
     63           *****************************************************************************/

   \                                 In  segment BANKED_CODE, align 1, keep-with-next
     64          void HalPA2591Init(void)
   \                     HalPA2591Init:
     65          { 
   \   000000                ; Saved register size: 0
   \   000000                ; Auto size: 0
     66            // Setting the PA2591 IO pin to output
     67            HAL_PA_EN_OUTPUT();
   \   000000   53F4FD       ANL     0xf4,#0xfd
   \   000003   D291         SETB    0x90.1
   \   000005   43FE02       ORL     0xfe,#0x2
     68            HAL_EN_2591_OUTPUT();
   \   000008   53F4EF       ANL     0xf4,#0xef
   \   00000B   D294         SETB    0x90.4
   \   00000D   43FE10       ORL     0xfe,#0x10
     69            HAL_HGM_OUTPUT();
   \   000010   53F37F       ANL     0xf3,#0x7f
   \   000013   D287         SETB    0x80.7
   \   000015   43FD80       ORL     0xfd,#0x80
     70          }
   \   000018   02....       LJMP    ?BRET
   \   00001B                REQUIRE _A_P0
   \   00001B                REQUIRE _A_P1
   \   00001B                REQUIRE P0SEL
   \   00001B                REQUIRE P1SEL
   \   00001B                REQUIRE P0DIR
   \   00001B                REQUIRE P1DIR
     71          
     72          /******************************************************************************
     73           * @fn      HalPA2591Enable
     74           * @brief   Enable the PA2591 IO pin state
     75           *****************************************************************************/

   \                                 In  segment BANKED_CODE, align 1, keep-with-next
     76          void HalPA2591Enable(void)
   \                     HalPA2591Enable:
     77          { 
   \   000000                ; Saved register size: 0
   \   000000                ; Auto size: 0
     78             HAL_PA_EN_HIGH();
   \   000000   D291         SETB    0x90.1
     79             HAL_EN_2591_LOW();
   \   000002   C294         CLR     0x90.4
     80             
     81            #if defined(End_Device)
     82              HAL_HGM_HIGH();
   \   000004                REQUIRE ?Subroutine0
   \   000004                REQUIRE _A_P0
   \   000004                REQUIRE _A_P1
   \   000004                ; // Fall through to label ?Subroutine0
     83            #endif
     84            #if defined(Coor_receiver)
     85              HAL_HGM_LOW();
     86            #endif
     87          }

   \                                 In  segment BANKED_CODE, align 1, keep-with-next
   \                     ?Subroutine0:
   \   000000   D287         SETB    0x80.7
   \   000002   02....       LJMP    ?BRET
     88          
     89          /******************************************************************************
     90           * @fn      HalPA2591HGM
     91           * @brief   Set the PA2591 to high gain mode
     92           *****************************************************************************/

   \                                 In  segment BANKED_CODE, align 1, keep-with-next
     93          void HalPA2591HGM (void)
   \                     HalPA2591HGM:
     94          {
   \   000000                ; Saved register size: 0
   \   000000                ; Auto size: 0
     95            HAL_HGM_HIGH();
   \   000000   80..         SJMP    ?Subroutine0
   \   000002                REQUIRE _A_P0
     96          }
     97          
     98          /*****************************************************************************
     99           * @fn      HalPA2591LGM
    100           * @brief   Read a buffer from the RS485
    101           *****************************************************************************/

   \                                 In  segment BANKED_CODE, align 1, keep-with-next
    102          void HalPA2591LGM (void)
   \                     HalPA2591LGM:
    103          {
   \   000000                ; Saved register size: 0
   \   000000                ; Auto size: 0
    104            HAL_HGM_LOW();
   \   000000   C287         CLR     0x80.7
    105          }
   \   000002   02....       LJMP    ?BRET
   \   000005                REQUIRE _A_P0

   \                                 In  segment BANK_RELAYS, align 1
   \                     ??HalPA2591Init?relay:
   \   000000   12....       LCALL   ?BDISPATCH
   \   000003   ......       DC24    HalPA2591Init

   \                                 In  segment BANK_RELAYS, align 1
   \                     ??HalPA2591Enable?relay:
   \   000000   12....       LCALL   ?BDISPATCH
   \   000003   ......       DC24    HalPA2591Enable

   \                                 In  segment BANK_RELAYS, align 1
   \                     ??HalPA2591HGM?relay:
   \   000000   12....       LCALL   ?BDISPATCH
   \   000003   ......       DC24    HalPA2591HGM

   \                                 In  segment BANK_RELAYS, align 1
   \                     ??HalPA2591LGM?relay:
   \   000000   12....       LCALL   ?BDISPATCH
   \   000003   ......       DC24    HalPA2591LGM
    106          
    107          
    108          /******************************************************************************
    109          ******************************************************************************/

   Maximum stack usage in bytes:

     Function        ISTACK PSTACK XSTACK
     --------        ------ ------ ------
     HalPA2591Enable     0      0      0
     HalPA2591HGM        0      0      0
     HalPA2591Init       0      0      0
     HalPA2591LGM        0      0      0


   Segment part sizes:

     Function/Label          Bytes
     --------------          -----
     _A_P0                      1
     _A_P1                      1
     P0SEL                      1
     P1SEL                      1
     P0DIR                      1
     P1DIR                      1
     HalPA2591Init             27
     HalPA2591Enable            4
     ?Subroutine0               5
     HalPA2591HGM               2
     HalPA2591LGM               5
     ??HalPA2591Init?relay      6
     ??HalPA2591Enable?relay    6
     ??HalPA2591HGM?relay       6
     ??HalPA2591LGM?relay       6

 
 43 bytes in segment BANKED_CODE
 24 bytes in segment BANK_RELAYS
  6 bytes in segment SFR_AN
 
 67 bytes of CODE memory
  0 bytes of DATA memory (+ 6 bytes shared)

Errors: none
Warnings: none
