###############################################################################
#                                                                             #
# IAR C/C++ Compiler V7.51A/W32 for 8051                06/Sep/2013  11:07:36 #
# Copyright 2004-2009 IAR Systems AB.                                         #
#                                                                             #
#    Core               =  plain                                              #
#    Code model         =  banked                                             #
#    Data model         =  large                                              #
#    Calling convention =  xdata reentrant                                    #
#    Constant location  =  data_rom                                           #
#    Dptr setup         =  1,16                                               #
#    Source file        =  D:\GitHub\z-stack\Sensor Network                   #
#                          Example\Components\hal\target\CC2530NB\hal_rs485.c #
#    Command line       =  -f "D:\GitHub\z-stack\Sensor Network               #
#                          Example\Projects\zstack\Sensor Network             #
#                          Application\ZIGBEE Endpoint &                      #
#                          Device\CC2530DB\..\..\..\Tools\CC2530DB\f8wEndev.c #
#                          fg" (-DCPU32MHZ -DROOT=__near_func -DBLINK_LEDS)   #
#                          -f "D:\GitHub\z-stack\Sensor Network               #
#                          Example\Projects\zstack\Sensor Network             #
#                          Application\ZIGBEE Endpoint &                      #
#                          Device\CC2530DB\..\..\..\Tools\CC2530DB\f8wConfig. #
#                          cfg" (-DSECURE=0 -DZG_SECURE_DYNAMIC=0             #
#                          -DREFLECTOR -DDEFAULT_CHANLIST=0x00000800          #
#                          -DZDAPP_CONFIG_PAN_ID=0xFFFF                       #
#                          -DNWK_START_DELAY=100 -DEXTENDED_JOINING_RANDOM_MA #
#                          SK=0x007F -DBEACON_REQUEST_DELAY=100               #
#                          -DBEACON_REQ_DELAY_MASK=0x00FF                     #
#                          -DROUTE_EXPIRY_TIME=30 -DAPSC_ACK_WAIT_DURATION_PO #
#                          LLED=3000 -DNWK_INDIRECT_MSG_TIMEOUT=7             #
#                          -DMAX_RREQ_ENTRIES=8 -DAPSC_MAX_FRAME_RETRIES=3    #
#                          -DNWK_MAX_DATA_RETRIES=2                           #
#                          -DMAX_POLL_FAILURE_RETRIES=2 -DMAX_BCAST=9         #
#                          -DAPS_MAX_GROUPS=16 -DMAX_RTG_ENTRIES=40           #
#                          -DNWK_MAX_BINDING_ENTRIES=4                        #
#                          -DMAX_BINDING_CLUSTER_IDS=4 "-DDEFAULT_KEY={0x01,  #
#                          0x03, 0x05, 0x07, 0x09, 0x0B, 0x0D, 0x0F, 0x00,    #
#                          0x02, 0x04, 0x06, 0x08, 0x0A, 0x0C, 0x0D}"         #
#                          -DMAC_MAX_FRAME_SIZE=116 "-DCONST=const __code"    #
#                          -DGENERIC=__generic -DRFD_RCVC_ALWAYS_ON=TRUE      #
#                          -DPOLL_RATE=1000 -DQUEUED_POLL_RATE=100            #
#                          -DRESPONSE_POLL_RATE=100 -DREJOIN_POLL_RATE=440)   #
#                          -f "D:\GitHub\z-stack\Sensor Network               #
#                          Example\Projects\zstack\Sensor Network             #
#                          Application\ZIGBEE Endpoint &                      #
#                          Device\CC2530DB\..\..\..\Tools\CC2530DB\f8wZCL.cfg #
#                          " (-DZCL_READ -DZCL_WRITE -DZCL_BASIC              #
#                          -DZCL_IDENTIFY -DZCL_ON_OFF -DZCL_KEY_ESTABLISH    #
#                          -DZCL_LOAD_CONTROL -DZCL_SIMPLE_METERING           #
#                          -DZCL_PRICING) -DZCL_MESSAGE                       #
#                          "D:\GitHub\z-stack\Sensor Network                  #
#                          Example\Components\hal\target\CC2530NB\hal_rs485.c #
#                          " -D NWK_AUTO_POLL -D ZTOOL_P1 -D MT_TASK -D       #
#                          MT_APP_FUNC -D MT_SYS_FUNC -D MT_ZDO_FUNC -D       #
#                          LCD_SUPPORTED=DEBUG -D xPOWER_SAVING -D            #
#                          End_Device -D HAL_KEYPAD -D xPA2591 -D             #
#                          HAL_TIMER=TRUE -D MMN_UART -lC                     #
#                          "D:\GitHub\z-stack\Sensor Network                  #
#                          Example\Projects\zstack\Sensor Network             #
#                          Application\ZIGBEE Endpoint &                      #
#                          Device\CC2530DB\EndDeviceEB_M160\List\" -lA        #
#                          "D:\GitHub\z-stack\Sensor Network                  #
#                          Example\Projects\zstack\Sensor Network             #
#                          Application\ZIGBEE Endpoint &                      #
#                          Device\CC2530DB\EndDeviceEB_M160\List\"            #
#                          --diag_suppress Pe001,Pa010 -o                     #
#                          "D:\GitHub\z-stack\Sensor Network                  #
#                          Example\Projects\zstack\Sensor Network             #
#                          Application\ZIGBEE Endpoint &                      #
#                          Device\CC2530DB\EndDeviceEB_M160\Obj\" -e          #
#                          --require_prototypes --debug --core=plain          #
#                          --dptr=16,1 --data_model=large                     #
#                          --code_model=banked --calling_convention=xdata_ree #
#                          ntrant --place_constants=data_rom                  #
#                          --nr_virtual_regs 16 -I "D:\GitHub\z-stack\Sensor  #
#                          Network Example\Projects\zstack\Sensor Network     #
#                          Application\ZIGBEE Endpoint & Device\CC2530DB\"    #
#                          -I "D:\GitHub\z-stack\Sensor Network               #
#                          Example\Projects\zstack\Sensor Network             #
#                          Application\ZIGBEE Endpoint &                      #
#                          Device\CC2530DB\..\SOURCE\" -I                     #
#                          "D:\GitHub\z-stack\Sensor Network                  #
#                          Example\Projects\zstack\Sensor Network             #
#                          Application\ZIGBEE Endpoint &                      #
#                          Device\CC2530DB\..\..\SOURCE\" -I                  #
#                          "D:\GitHub\z-stack\Sensor Network                  #
#                          Example\Projects\zstack\Sensor Network             #
#                          Application\ZIGBEE Endpoint &                      #
#                          Device\CC2530DB\..\..\..\ZMAIN\TI2530DB\" -I       #
#                          "D:\GitHub\z-stack\Sensor Network                  #
#                          Example\Projects\zstack\Sensor Network             #
#                          Application\ZIGBEE Endpoint &                      #
#                          Device\CC2530DB\..\..\..\..\..\COMPONENTS\MT\" -I  #
#                          "D:\GitHub\z-stack\Sensor Network                  #
#                          Example\Projects\zstack\Sensor Network             #
#                          Application\ZIGBEE Endpoint &                      #
#                          Device\CC2530DB\..\..\..\..\..\COMPONENTS\HAL\INCL #
#                          UDE\" -I "D:\GitHub\z-stack\Sensor Network         #
#                          Example\Projects\zstack\Sensor Network             #
#                          Application\ZIGBEE Endpoint &                      #
#                          Device\CC2530DB\..\..\..\..\..\COMPONENTS\HAL\MODU #
#                          LE\" -I "D:\GitHub\z-stack\Sensor Network          #
#                          Example\Projects\zstack\Sensor Network             #
#                          Application\ZIGBEE Endpoint &                      #
#                          Device\CC2530DB\..\..\..\..\..\COMPONENTS\HAL\TARG #
#                          ET\CC2530EB\" -I "D:\GitHub\z-stack\Sensor         #
#                          Network Example\Projects\zstack\Sensor Network     #
#                          Application\ZIGBEE Endpoint &                      #
#                          Device\CC2530DB\..\..\..\..\..\COMPONENTS\OSAL\MCU #
#                          \CCSOC\" -I "D:\GitHub\z-stack\Sensor Network      #
#                          Example\Projects\zstack\Sensor Network             #
#                          Application\ZIGBEE Endpoint &                      #
#                          Device\CC2530DB\..\..\..\..\..\COMPONENTS\OSAL\INC #
#                          LUDE\" -I "D:\GitHub\z-stack\Sensor Network        #
#                          Example\Projects\zstack\Sensor Network             #
#                          Application\ZIGBEE Endpoint &                      #
#                          Device\CC2530DB\..\..\..\..\..\COMPONENTS\STACK\AF #
#                          \" -I "D:\GitHub\z-stack\Sensor Network            #
#                          Example\Projects\zstack\Sensor Network             #
#                          Application\ZIGBEE Endpoint &                      #
#                          Device\CC2530DB\..\..\..\..\..\COMPONENTS\STACK\NW #
#                          K\" -I "D:\GitHub\z-stack\Sensor Network           #
#                          Example\Projects\zstack\Sensor Network             #
#                          Application\ZIGBEE Endpoint &                      #
#                          Device\CC2530DB\..\..\..\..\..\COMPONENTS\STACK\SE #
#                          C\" -I "D:\GitHub\z-stack\Sensor Network           #
#                          Example\Projects\zstack\Sensor Network             #
#                          Application\ZIGBEE Endpoint &                      #
#                          Device\CC2530DB\..\..\..\..\..\COMPONENTS\STACK\SA #
#                          PI\" -I "D:\GitHub\z-stack\Sensor Network          #
#                          Example\Projects\zstack\Sensor Network             #
#                          Application\ZIGBEE Endpoint &                      #
#                          Device\CC2530DB\..\..\..\..\..\COMPONENTS\STACK\SY #
#                          S\" -I "D:\GitHub\z-stack\Sensor Network           #
#                          Example\Projects\zstack\Sensor Network             #
#                          Application\ZIGBEE Endpoint &                      #
#                          Device\CC2530DB\..\..\..\..\..\COMPONENTS\STACK\ZC #
#                          L\" -I "D:\GitHub\z-stack\Sensor Network           #
#                          Example\Projects\zstack\Sensor Network             #
#                          Application\ZIGBEE Endpoint &                      #
#                          Device\CC2530DB\..\..\..\..\..\COMPONENTS\STACK\ZD #
#                          O\" -I "D:\GitHub\z-stack\Sensor Network           #
#                          Example\Projects\zstack\Sensor Network             #
#                          Application\ZIGBEE Endpoint &                      #
#                          Device\CC2530DB\..\..\..\..\..\COMPONENTS\ZMAC\F8W #
#                          \" -I "D:\GitHub\z-stack\Sensor Network            #
#                          Example\Projects\zstack\Sensor Network             #
#                          Application\ZIGBEE Endpoint &                      #
#                          Device\CC2530DB\..\..\..\..\..\COMPONENTS\ZMAC\"   #
#                          -I "D:\GitHub\z-stack\Sensor Network               #
#                          Example\Projects\zstack\Sensor Network             #
#                          Application\ZIGBEE Endpoint &                      #
#                          Device\CC2530DB\..\..\..\..\..\COMPONENTS\SERVICES #
#                          \SADDR\" -I "D:\GitHub\z-stack\Sensor Network      #
#                          Example\Projects\zstack\Sensor Network             #
#                          Application\ZIGBEE Endpoint &                      #
#                          Device\CC2530DB\..\..\..\..\..\COMPONENTS\SERVICES #
#                          \SDATA\" -I "D:\GitHub\z-stack\Sensor Network      #
#                          Example\Projects\zstack\Sensor Network             #
#                          Application\ZIGBEE Endpoint &                      #
#                          Device\CC2530DB\..\..\..\..\..\COMPONENTS\MAC\INCL #
#                          UDE\" -I "D:\GitHub\z-stack\Sensor Network         #
#                          Example\Projects\zstack\Sensor Network             #
#                          Application\ZIGBEE Endpoint &                      #
#                          Device\CC2530DB\..\..\..\..\..\COMPONENTS\MAC\HIGH #
#                          _LEVEL\" -I "D:\GitHub\z-stack\Sensor Network      #
#                          Example\Projects\zstack\Sensor Network             #
#                          Application\ZIGBEE Endpoint &                      #
#                          Device\CC2530DB\..\..\..\..\..\COMPONENTS\MAC\LOW_ #
#                          LEVEL\srf04\" -I "D:\GitHub\z-stack\Sensor         #
#                          Network Example\Projects\zstack\Sensor Network     #
#                          Application\ZIGBEE Endpoint &                      #
#                          Device\CC2530DB\..\..\..\..\..\COMPONENTS\MAC\LOW_ #
#                          LEVEL\srf04\SINGLE_CHIP\" -I "C:\Program Files     #
#                          (x86)\IAR Systems\Embedded Workbench               #
#                          5.3\8051\INC\" -I "C:\Program Files (x86)\IAR      #
#                          Systems\Embedded Workbench 5.3\8051\INC\CLIB\"     #
#                          -Ohz                                               #
#    List file          =  D:\GitHub\z-stack\Sensor Network                   #
#                          Example\Projects\zstack\Sensor Network             #
#                          Application\ZIGBEE Endpoint &                      #
#                          Device\CC2530DB\EndDeviceEB_M160\List\hal_rs485.ls #
#                          t                                                  #
#    Object file        =  D:\GitHub\z-stack\Sensor Network                   #
#                          Example\Projects\zstack\Sensor Network             #
#                          Application\ZIGBEE Endpoint &                      #
#                          Device\CC2530DB\EndDeviceEB_M160\Obj\hal_rs485.r51 #
#                                                                             #
#                                                                             #
###############################################################################

D:\GitHub\z-stack\Sensor Network Example\Components\hal\target\CC2530NB\hal_rs485.c
      1          /**************************************************************************************************
      2            Filename:       hal_rs485.c
      3            Revised:        $Date: 2009-06-12 09:16:43 -0700 (Fri, 12 Jun 2009) $
      4            Revision:       $Revision: 20142 $
      5          
      6            Description: This file contains the interface to the H/W UART driver.
      7          
      8            Copyright 2006-2009 Texas Instruments Incorporated. All rights reserved.
      9          
     10            Should you have any questions regarding your right to use this Software,
     11            contact Texas Instruments Incorporated at www.TI.com.
     12          **************************************************************************************************/
     13          
     14          /*********************************************************************
     15           * INCLUDES
     16           */
     17          #include "hal_defs.h"
     18          #include "hal_types.h"
     19          
     20          /* APP */
     21          #if defined(End_Device) || defined(Router_Device)
     22            #include "zcl_zigbee device.h"
     23          #endif
     24          
     25          /* HAL */
     26          #include "hal_board_cfg.h"

   \                                 In  segment SFR_AN, at 0x90
   \   union <unnamed> volatile __sfr _A_P1
   \                     _A_P1:
   \   000000                DS 1

   \                                 In  segment SFR_AN, at 0xf4
   \   unsigned char volatile __sfr P1SEL
   \                     P1SEL:
   \   000000                DS 1

   \                                 In  segment SFR_AN, at 0xfe
   \   unsigned char volatile __sfr P1DIR
   \                     P1DIR:
   \   000000                DS 1
     27          #include "mt_uart.h"
     28          #include "hal_timer.h"
     29          #include "hal_uart.h"
     30          #include "hal_rs485.h"
     31          
     32          /*********************************************************************
     33           * MACROS
     34           */
     35          
     36          /*********************************************************************
     37           * TYPEDEFS
     38           */
     39          
     40          /*********************************************************************
     41           * CONSTANTS
     42           */
     43          
     44          /*********************************************************************
     45           * GLOBAL VARIABLES
     46           */
     47          
     48          /*********************************************************************
     49           * GLOBAL FUNCTIONS
     50           */
     51          
     52          /*********************************************************************
     53           * LOCAL VARIABLES
     54           */
     55          
     56          /*********************************************************************
     57           * LOCAL FUNCTIONS
     58           */
     59          
     60          
     61          /******************************************************************************
     62           * @fn      HalRS485Init
     63           * @brief   Initilization the RS485 to transmit/receive
     64           *****************************************************************************/

   \                                 In  segment BANKED_CODE, align 1, keep-with-next
     65          void HalRS485Init(void)
   \                     HalRS485Init:
     66          { 
   \   000000                ; Saved register size: 0
   \   000000                ; Auto size: 0
     67            // Set the RS485 Enable pin to output
     68            HAL_RS485_EN_OUTPUT();
   \   000000   53F4BF       ANL     0xf4,#0xbf
   \   000003   D296         SETB    0x90.6
   \   000005   43FE40       ORL     0xfe,#0x40
     69            // Initilization the Enable pin to low
     70            HAL_RS485_EN_LOW();
   \   000008   C296         CLR     0x90.6
     71          }
   \   00000A   02....       LJMP    ?BRET
   \   00000D                REQUIRE _A_P1
   \   00000D                REQUIRE P1DIR
   \   00000D                REQUIRE P1SEL
     72          
     73          /******************************************************************************
     74           * @fn      HalRS485EnTX
     75           * @brief   Enable the RS485 to transmit state
     76           *****************************************************************************/

   \                                 In  segment BANKED_CODE, align 1, keep-with-next
     77          void HalRS485EnTX(void)
   \                     HalRS485EnTX:
     78          {
   \   000000   C082         PUSH    DPL
   \   000002   C083         PUSH    DPH
   \   000004                ; Saved register size: 2
   \   000004                ; Auto size: 0
     79            HAL_RS485_EN_HIGH();
   \   000004   D296         SETB    0x90.6
     80            halMcuWaitUs(500);
   \   000006                ; Setup parameters for call to function halMcuWaitUs
   \   000006                REQUIRE ?Subroutine0
   \   000006                REQUIRE _A_P1
   \   000006                ; // Fall through to label ?Subroutine0
     81          }

   \                                 In  segment BANKED_CODE, align 1, keep-with-next
   \                     ?Subroutine0:
   \   000000   7AF4         MOV     R2,#-0xc
   \   000002   7B01         MOV     R3,#0x1
   \   000004   12....       LCALL   ??halMcuWaitUs?relay
   \   000007                REQUIRE ??Subroutine1_0
   \   000007                ; // Fall through to label ??Subroutine1_0

   \                                 In  segment BANKED_CODE, align 1, keep-with-next
   \                     ??Subroutine1_0:
   \   000000   D083         POP     DPH
   \   000002   D082         POP     DPL
   \   000004   02....       LJMP    ?BRET
     82          
     83          /******************************************************************************
     84           * @fn      HalRS485DisTX
     85           * @brief   Disable the RS485 to transmit state
     86           *****************************************************************************/

   \                                 In  segment BANKED_CODE, align 1, keep-with-next
     87          void HalRS485DisTX (void)
   \                     HalRS485DisTX:
     88          {
   \   000000   C082         PUSH    DPL
   \   000002   C083         PUSH    DPH
   \   000004                ; Saved register size: 2
   \   000004                ; Auto size: 0
     89            halMcuWaitUs(500);
   \   000004                ; Setup parameters for call to function halMcuWaitUs
   \   000004   7AF4         MOV     R2,#-0xc
   \   000006   7B01         MOV     R3,#0x1
   \   000008   12....       LCALL   ??halMcuWaitUs?relay
     90            HAL_RS485_EN_LOW();
   \   00000B   C296         CLR     0x90.6
     91          }
   \   00000D   80..         SJMP    ??Subroutine1_0
   \   00000F                REQUIRE _A_P1
     92          
     93          /******************************************************************************
     94           * @fn      HalRS485EnRX
     95           * @brief   Enable the RS485 to receive state
     96           *****************************************************************************/

   \                                 In  segment BANKED_CODE, align 1, keep-with-next
     97          void HalRS485EnRX ( void )
   \                     HalRS485EnRX:
     98          {
   \   000000   C082         PUSH    DPL
   \   000002   C083         PUSH    DPH
   \   000004                ; Saved register size: 2
   \   000004                ; Auto size: 0
     99            HAL_RS485_EN_LOW();
   \   000004   C296         CLR     0x90.6
    100            halMcuWaitUs(500);
   \   000006                ; Setup parameters for call to function halMcuWaitUs
   \   000006   80..         SJMP    ?Subroutine0
   \   000008                REQUIRE _A_P1
    101          }

   \                                 In  segment BANK_RELAYS, align 1
   \                     ??HalRS485Init?relay:
   \   000000   12....       LCALL   ?BDISPATCH
   \   000003   ......       DC24    HalRS485Init

   \                                 In  segment BANK_RELAYS, align 1
   \                     ??HalRS485EnTX?relay:
   \   000000   12....       LCALL   ?BDISPATCH
   \   000003   ......       DC24    HalRS485EnTX

   \                                 In  segment BANK_RELAYS, align 1
   \                     ??HalRS485DisTX?relay:
   \   000000   12....       LCALL   ?BDISPATCH
   \   000003   ......       DC24    HalRS485DisTX

   \                                 In  segment BANK_RELAYS, align 1
   \                     ??HalRS485EnRX?relay:
   \   000000   12....       LCALL   ?BDISPATCH
   \   000003   ......       DC24    HalRS485EnRX
    102          
    103          /******************************************************************************
    104          ******************************************************************************/

   Maximum stack usage in bytes:

     Function          ISTACK PSTACK XSTACK
     --------          ------ ------ ------
     HalRS485DisTX         2      0      0
       -> halMcuWaitUs     4      0      0
     HalRS485EnRX          2      0      0
       -> halMcuWaitUs     4      0      0
     HalRS485EnTX          2      0      0
       -> halMcuWaitUs     4      0      0
     HalRS485Init          0      0      0


   Segment part sizes:

     Function/Label        Bytes
     --------------        -----
     _A_P1                    1
     P1SEL                    1
     P1DIR                    1
     HalRS485Init            13
     HalRS485EnTX             6
     ?Subroutine0             7
     ??Subroutine1_0          7
     HalRS485DisTX           15
     HalRS485EnRX             8
     ??HalRS485Init?relay     6
     ??HalRS485EnTX?relay     6
     ??HalRS485DisTX?relay    6
     ??HalRS485EnRX?relay     6

 
 56 bytes in segment BANKED_CODE
 24 bytes in segment BANK_RELAYS
  3 bytes in segment SFR_AN
 
 80 bytes of CODE memory
  0 bytes of DATA memory (+ 3 bytes shared)

Errors: none
Warnings: none
