###############################################################################
#                                                                             #
# IAR C/C++ Compiler V7.51A/W32 for 8051                09/Aug/2013  16:01:02 #
# Copyright 2004-2009 IAR Systems AB.                                         #
#                                                                             #
#    Core               =  plain                                              #
#    Code model         =  banked                                             #
#    Data model         =  large                                              #
#    Calling convention =  xdata reentrant                                    #
#    Constant location  =  data_rom                                           #
#    Dptr setup         =  1,16                                               #
#    Source file        =  D:\CC2530_ZStack0801\Sensor Network                #
#                          Example\Components\hal\module\M270.c               #
#    Command line       =  -f "D:\CC2530_ZStack0801\Sensor Network            #
#                          Example\Projects\zstack\Sensor Network             #
#                          Application\ZIGBEE Endpoint &                      #
#                          Device\CC2530DB\..\..\..\Tools\CC2530DB\f8wEndev.c #
#                          fg" (-DCPU32MHZ -DROOT=__near_func -DBLINK_LEDS)   #
#                          -f "D:\CC2530_ZStack0801\Sensor Network            #
#                          Example\Projects\zstack\Sensor Network             #
#                          Application\ZIGBEE Endpoint &                      #
#                          Device\CC2530DB\..\..\..\Tools\CC2530DB\f8wConfig. #
#                          cfg" (-DSECURE=0 -DZG_SECURE_DYNAMIC=0             #
#                          -DREFLECTOR -DDEFAULT_CHANLIST=0x00000800          #
#                          -DZDAPP_CONFIG_PAN_ID=0xFFFF                       #
#                          -DNWK_START_DELAY=100 -DEXTENDED_JOINING_RANDOM_MA #
#                          SK=0x007F -DBEACON_REQUEST_DELAY=100               #
#                          -DBEACON_REQ_DELAY_MASK=0x00FF                     #
#                          -DROUTE_EXPIRY_TIME=30 -DAPSC_ACK_WAIT_DURATION_PO #
#                          LLED=3000 -DNWK_INDIRECT_MSG_TIMEOUT=7             #
#                          -DMAX_RREQ_ENTRIES=8 -DAPSC_MAX_FRAME_RETRIES=3    #
#                          -DNWK_MAX_DATA_RETRIES=2                           #
#                          -DMAX_POLL_FAILURE_RETRIES=2 -DMAX_BCAST=9         #
#                          -DAPS_MAX_GROUPS=16 -DMAX_RTG_ENTRIES=40           #
#                          -DNWK_MAX_BINDING_ENTRIES=4                        #
#                          -DMAX_BINDING_CLUSTER_IDS=4 "-DDEFAULT_KEY={0x01,  #
#                          0x03, 0x05, 0x07, 0x09, 0x0B, 0x0D, 0x0F, 0x00,    #
#                          0x02, 0x04, 0x06, 0x08, 0x0A, 0x0C, 0x0D}"         #
#                          -DMAC_MAX_FRAME_SIZE=116 "-DCONST=const __code"    #
#                          -DGENERIC=__generic -DRFD_RCVC_ALWAYS_ON=TRUE      #
#                          -DPOLL_RATE=1000 -DQUEUED_POLL_RATE=100            #
#                          -DRESPONSE_POLL_RATE=100 -DREJOIN_POLL_RATE=440)   #
#                          -f "D:\CC2530_ZStack0801\Sensor Network            #
#                          Example\Projects\zstack\Sensor Network             #
#                          Application\ZIGBEE Endpoint &                      #
#                          Device\CC2530DB\..\..\..\Tools\CC2530DB\f8wZCL.cfg #
#                          " (-DZCL_READ -DZCL_WRITE -DZCL_BASIC              #
#                          -DZCL_IDENTIFY -DZCL_ON_OFF -DZCL_KEY_ESTABLISH    #
#                          -DZCL_LOAD_CONTROL -DZCL_SIMPLE_METERING           #
#                          -DZCL_PRICING) -DZCL_MESSAGE                       #
#                          "D:\CC2530_ZStack0801\Sensor Network               #
#                          Example\Components\hal\module\M270.c" -D           #
#                          NWK_AUTO_POLL -D ZTOOL_P1 -D MT_TASK -D            #
#                          MT_APP_FUNC -D MT_SYS_FUNC -D MT_ZDO_FUNC -D       #
#                          LCD_SUPPORTED=DEBUG -D xPOWER_SAVING -D            #
#                          End_Device -D HAL_KEYPAD -D M110 -D xPA2591 -lC    #
#                          "D:\CC2530_ZStack0801\Sensor Network               #
#                          Example\Projects\zstack\Sensor Network             #
#                          Application\ZIGBEE Endpoint &                      #
#                          Device\CC2530DB\EndDeviceEB_M160\List\" -lA        #
#                          "D:\CC2530_ZStack0801\Sensor Network               #
#                          Example\Projects\zstack\Sensor Network             #
#                          Application\ZIGBEE Endpoint &                      #
#                          Device\CC2530DB\EndDeviceEB_M160\List\"            #
#                          --diag_suppress Pe001,Pa010 -o                     #
#                          "D:\CC2530_ZStack0801\Sensor Network               #
#                          Example\Projects\zstack\Sensor Network             #
#                          Application\ZIGBEE Endpoint &                      #
#                          Device\CC2530DB\EndDeviceEB_M160\Obj\" -e          #
#                          --require_prototypes --debug --core=plain          #
#                          --dptr=16,1 --data_model=large                     #
#                          --code_model=banked --calling_convention=xdata_ree #
#                          ntrant --place_constants=data_rom                  #
#                          --nr_virtual_regs 16 -I "D:\CC2530_ZStack0801\Sens #
#                          or Network Example\Projects\zstack\Sensor Network  #
#                          Application\ZIGBEE Endpoint & Device\CC2530DB\"    #
#                          -I "D:\CC2530_ZStack0801\Sensor Network            #
#                          Example\Projects\zstack\Sensor Network             #
#                          Application\ZIGBEE Endpoint &                      #
#                          Device\CC2530DB\..\SOURCE\" -I                     #
#                          "D:\CC2530_ZStack0801\Sensor Network               #
#                          Example\Projects\zstack\Sensor Network             #
#                          Application\ZIGBEE Endpoint &                      #
#                          Device\CC2530DB\..\..\SOURCE\" -I                  #
#                          "D:\CC2530_ZStack0801\Sensor Network               #
#                          Example\Projects\zstack\Sensor Network             #
#                          Application\ZIGBEE Endpoint &                      #
#                          Device\CC2530DB\..\..\..\ZMAIN\TI2530DB\" -I       #
#                          "D:\CC2530_ZStack0801\Sensor Network               #
#                          Example\Projects\zstack\Sensor Network             #
#                          Application\ZIGBEE Endpoint &                      #
#                          Device\CC2530DB\..\..\..\..\..\COMPONENTS\MT\" -I  #
#                          "D:\CC2530_ZStack0801\Sensor Network               #
#                          Example\Projects\zstack\Sensor Network             #
#                          Application\ZIGBEE Endpoint &                      #
#                          Device\CC2530DB\..\..\..\..\..\COMPONENTS\HAL\INCL #
#                          UDE\" -I "D:\CC2530_ZStack0801\Sensor Network      #
#                          Example\Projects\zstack\Sensor Network             #
#                          Application\ZIGBEE Endpoint &                      #
#                          Device\CC2530DB\..\..\..\..\..\COMPONENTS\HAL\MODU #
#                          LE\" -I "D:\CC2530_ZStack0801\Sensor Network       #
#                          Example\Projects\zstack\Sensor Network             #
#                          Application\ZIGBEE Endpoint &                      #
#                          Device\CC2530DB\..\..\..\..\..\COMPONENTS\HAL\TARG #
#                          ET\CC2530EB\" -I "D:\CC2530_ZStack0801\Sensor      #
#                          Network Example\Projects\zstack\Sensor Network     #
#                          Application\ZIGBEE Endpoint &                      #
#                          Device\CC2530DB\..\..\..\..\..\COMPONENTS\OSAL\MCU #
#                          \CCSOC\" -I "D:\CC2530_ZStack0801\Sensor Network   #
#                          Example\Projects\zstack\Sensor Network             #
#                          Application\ZIGBEE Endpoint &                      #
#                          Device\CC2530DB\..\..\..\..\..\COMPONENTS\OSAL\INC #
#                          LUDE\" -I "D:\CC2530_ZStack0801\Sensor Network     #
#                          Example\Projects\zstack\Sensor Network             #
#                          Application\ZIGBEE Endpoint &                      #
#                          Device\CC2530DB\..\..\..\..\..\COMPONENTS\STACK\AF #
#                          \" -I "D:\CC2530_ZStack0801\Sensor Network         #
#                          Example\Projects\zstack\Sensor Network             #
#                          Application\ZIGBEE Endpoint &                      #
#                          Device\CC2530DB\..\..\..\..\..\COMPONENTS\STACK\NW #
#                          K\" -I "D:\CC2530_ZStack0801\Sensor Network        #
#                          Example\Projects\zstack\Sensor Network             #
#                          Application\ZIGBEE Endpoint &                      #
#                          Device\CC2530DB\..\..\..\..\..\COMPONENTS\STACK\SE #
#                          C\" -I "D:\CC2530_ZStack0801\Sensor Network        #
#                          Example\Projects\zstack\Sensor Network             #
#                          Application\ZIGBEE Endpoint &                      #
#                          Device\CC2530DB\..\..\..\..\..\COMPONENTS\STACK\SA #
#                          PI\" -I "D:\CC2530_ZStack0801\Sensor Network       #
#                          Example\Projects\zstack\Sensor Network             #
#                          Application\ZIGBEE Endpoint &                      #
#                          Device\CC2530DB\..\..\..\..\..\COMPONENTS\STACK\SY #
#                          S\" -I "D:\CC2530_ZStack0801\Sensor Network        #
#                          Example\Projects\zstack\Sensor Network             #
#                          Application\ZIGBEE Endpoint &                      #
#                          Device\CC2530DB\..\..\..\..\..\COMPONENTS\STACK\ZC #
#                          L\" -I "D:\CC2530_ZStack0801\Sensor Network        #
#                          Example\Projects\zstack\Sensor Network             #
#                          Application\ZIGBEE Endpoint &                      #
#                          Device\CC2530DB\..\..\..\..\..\COMPONENTS\STACK\ZD #
#                          O\" -I "D:\CC2530_ZStack0801\Sensor Network        #
#                          Example\Projects\zstack\Sensor Network             #
#                          Application\ZIGBEE Endpoint &                      #
#                          Device\CC2530DB\..\..\..\..\..\COMPONENTS\ZMAC\F8W #
#                          \" -I "D:\CC2530_ZStack0801\Sensor Network         #
#                          Example\Projects\zstack\Sensor Network             #
#                          Application\ZIGBEE Endpoint &                      #
#                          Device\CC2530DB\..\..\..\..\..\COMPONENTS\ZMAC\"   #
#                          -I "D:\CC2530_ZStack0801\Sensor Network            #
#                          Example\Projects\zstack\Sensor Network             #
#                          Application\ZIGBEE Endpoint &                      #
#                          Device\CC2530DB\..\..\..\..\..\COMPONENTS\SERVICES #
#                          \SADDR\" -I "D:\CC2530_ZStack0801\Sensor Network   #
#                          Example\Projects\zstack\Sensor Network             #
#                          Application\ZIGBEE Endpoint &                      #
#                          Device\CC2530DB\..\..\..\..\..\COMPONENTS\SERVICES #
#                          \SDATA\" -I "D:\CC2530_ZStack0801\Sensor Network   #
#                          Example\Projects\zstack\Sensor Network             #
#                          Application\ZIGBEE Endpoint &                      #
#                          Device\CC2530DB\..\..\..\..\..\COMPONENTS\MAC\INCL #
#                          UDE\" -I "D:\CC2530_ZStack0801\Sensor Network      #
#                          Example\Projects\zstack\Sensor Network             #
#                          Application\ZIGBEE Endpoint &                      #
#                          Device\CC2530DB\..\..\..\..\..\COMPONENTS\MAC\HIGH #
#                          _LEVEL\" -I "D:\CC2530_ZStack0801\Sensor Network   #
#                          Example\Projects\zstack\Sensor Network             #
#                          Application\ZIGBEE Endpoint &                      #
#                          Device\CC2530DB\..\..\..\..\..\COMPONENTS\MAC\LOW_ #
#                          LEVEL\srf04\" -I "D:\CC2530_ZStack0801\Sensor      #
#                          Network Example\Projects\zstack\Sensor Network     #
#                          Application\ZIGBEE Endpoint &                      #
#                          Device\CC2530DB\..\..\..\..\..\COMPONENTS\MAC\LOW_ #
#                          LEVEL\srf04\SINGLE_CHIP\" -I "C:\Program Files     #
#                          (x86)\IAR Systems\Embedded Workbench               #
#                          5.3\8051\INC\" -I "C:\Program Files (x86)\IAR      #
#                          Systems\Embedded Workbench 5.3\8051\INC\CLIB\"     #
#                          -Ohz                                               #
#    List file          =  D:\CC2530_ZStack0801\Sensor Network                #
#                          Example\Projects\zstack\Sensor Network             #
#                          Application\ZIGBEE Endpoint &                      #
#                          Device\CC2530DB\EndDeviceEB_M160\List\M270.lst     #
#    Object file        =  D:\CC2530_ZStack0801\Sensor Network                #
#                          Example\Projects\zstack\Sensor Network             #
#                          Application\ZIGBEE Endpoint &                      #
#                          Device\CC2530DB\EndDeviceEB_M160\Obj\M270.r51      #
#                                                                             #
#                                                                             #
###############################################################################

D:\CC2530_ZStack0801\Sensor Network Example\Components\hal\module\M270.c
      1          //-------------------------------------------------------------------
      2          // Filename: M270.c
      3          // Description: hal M270 module library Ä~¹q¾¹/«öÁä(DI/DO)
      4          //-------------------------------------------------------------------
      5          //-------------------------------------------------------------------
      6          // INCLUDES
      7          //-------------------------------------------------------------------
      8          #include "hal_defs.h"
      9          #include "hal_mcu.h"

   \                                 In  segment SFR_AN, at 0x80
   \   union <unnamed> volatile __sfr _A_P0
   \                     _A_P0:
   \   000000                DS 1

   \                                 In  segment SFR_AN, at 0xf3
   \   unsigned char volatile __sfr P0SEL
   \                     P0SEL:
   \   000000                DS 1

   \                                 In  segment SFR_AN, at 0xfd
   \   unsigned char volatile __sfr P0DIR
   \                     P0DIR:
   \   000000                DS 1
     10          #include "hal_board.h"
     11          #include "M270.h"
     12          
     13          //-------------------------------------------------------------------

   \                                 In  segment BANKED_CODE, align 1, keep-with-next
     14          void M270_Init(void)
   \                     M270_Init:
     15          {
   \   000000                ; Saved register size: 0
   \   000000                ; Auto size: 0
     16              HAL_IO_RELAY_OUTPUT();
   \   000000   53F37F       ANL     0xf3,#0x7f
   \   000003   43FD80       ORL     0xfd,#0x80
     17          }
   \   000006   02....       LJMP    ?BRET
   \   000009                REQUIRE P0SEL
   \   000009                REQUIRE P0DIR
     18          
     19          //-------------------------------------------------------------------

   \                                 In  segment BANKED_CODE, align 1, keep-with-next
     20          void M270_SetDO(uint8 udo)
   \                     M270_SetDO:
     21          {
   \   000000                ; Saved register size: 0
   \   000000                ; Auto size: 0
     22          	if(udo == 0)
   \   000000   E9           MOV     A,R1
   \   000001   7004         JNZ     ??M270_SetDO_0
     23                  {
     24                    HAL_RELAY_OFF();
   \   000003   D287         SETB    0x80.7
   \   000005   8007         SJMP    ??M270_SetDO_1
     25                  }
     26          	else if (udo == 1)
   \                     ??M270_SetDO_0:
   \   000007   7401         MOV     A,#0x1
   \   000009   69           XRL     A,R1
   \   00000A   7002         JNZ     ??M270_SetDO_1
     27                  {
     28                    HAL_RELAY_ON();
   \   00000C   C287         CLR     0x80.7
     29                  }
     30          }
   \                     ??M270_SetDO_1:
   \   00000E   02....       LJMP    ?BRET
   \   000011                REQUIRE _A_P0

   \                                 In  segment BANK_RELAYS, align 1
   \                     ??M270_Init?relay:
   \   000000   12....       LCALL   ?BDISPATCH
   \   000003   ......       DC24    M270_Init

   \                                 In  segment BANK_RELAYS, align 1
   \                     ??M270_SetDO?relay:
   \   000000   12....       LCALL   ?BDISPATCH
   \   000003   ......       DC24    M270_SetDO

   Maximum stack usage in bytes:

     Function   ISTACK PSTACK XSTACK
     --------   ------ ------ ------
     M270_Init      0      0      0
     M270_SetDO     0      0      0


   Segment part sizes:

     Function/Label     Bytes
     --------------     -----
     _A_P0                 1
     P0SEL                 1
     P0DIR                 1
     M270_Init             9
     M270_SetDO           17
     ??M270_Init?relay     6
     ??M270_SetDO?relay    6

 
 26 bytes in segment BANKED_CODE
 12 bytes in segment BANK_RELAYS
  3 bytes in segment SFR_AN
 
 38 bytes of CODE memory
  0 bytes of DATA memory (+ 3 bytes shared)

Errors: none
Warnings: none
