###############################################################################
#                                                                             #
# IAR C/C++ Compiler V7.51A/W32 for 8051                12/Aug/2013  00:53:38 #
# Copyright 2004-2009 IAR Systems AB.                                         #
#                                                                             #
#    Core               =  plain                                              #
#    Code model         =  banked                                             #
#    Data model         =  large                                              #
#    Calling convention =  xdata reentrant                                    #
#    Constant location  =  data_rom                                           #
#    Dptr setup         =  1,16                                               #
#    Source file        =  C:\z-stack\Sensor Network                          #
#                          Example\Components\hal\module\M280.c               #
#    Command line       =  -f "C:\z-stack\Sensor Network                      #
#                          Example\Projects\zstack\Sensor Network             #
#                          Application\ZIGBEE Endpoint &                      #
#                          Device\CC2530DB\..\..\..\Tools\CC2530DB\f8wEndev.c #
#                          fg" (-DCPU32MHZ -DROOT=__near_func -DBLINK_LEDS)   #
#                          -f "C:\z-stack\Sensor Network                      #
#                          Example\Projects\zstack\Sensor Network             #
#                          Application\ZIGBEE Endpoint &                      #
#                          Device\CC2530DB\..\..\..\Tools\CC2530DB\f8wConfig. #
#                          cfg" (-DSECURE=0 -DZG_SECURE_DYNAMIC=0             #
#                          -DREFLECTOR -DDEFAULT_CHANLIST=0x00000800          #
#                          -DZDAPP_CONFIG_PAN_ID=0xFFFF                       #
#                          -DNWK_START_DELAY=100 -DEXTENDED_JOINING_RANDOM_MA #
#                          SK=0x007F -DBEACON_REQUEST_DELAY=100               #
#                          -DBEACON_REQ_DELAY_MASK=0x00FF                     #
#                          -DROUTE_EXPIRY_TIME=30 -DAPSC_ACK_WAIT_DURATION_PO #
#                          LLED=3000 -DNWK_INDIRECT_MSG_TIMEOUT=7             #
#                          -DMAX_RREQ_ENTRIES=8 -DAPSC_MAX_FRAME_RETRIES=3    #
#                          -DNWK_MAX_DATA_RETRIES=2                           #
#                          -DMAX_POLL_FAILURE_RETRIES=2 -DMAX_BCAST=9         #
#                          -DAPS_MAX_GROUPS=16 -DMAX_RTG_ENTRIES=40           #
#                          -DNWK_MAX_BINDING_ENTRIES=4                        #
#                          -DMAX_BINDING_CLUSTER_IDS=4 "-DDEFAULT_KEY={0x01,  #
#                          0x03, 0x05, 0x07, 0x09, 0x0B, 0x0D, 0x0F, 0x00,    #
#                          0x02, 0x04, 0x06, 0x08, 0x0A, 0x0C, 0x0D}"         #
#                          -DMAC_MAX_FRAME_SIZE=116 "-DCONST=const __code"    #
#                          -DGENERIC=__generic -DRFD_RCVC_ALWAYS_ON=TRUE      #
#                          -DPOLL_RATE=1000 -DQUEUED_POLL_RATE=100            #
#                          -DRESPONSE_POLL_RATE=100 -DREJOIN_POLL_RATE=440)   #
#                          -f "C:\z-stack\Sensor Network                      #
#                          Example\Projects\zstack\Sensor Network             #
#                          Application\ZIGBEE Endpoint &                      #
#                          Device\CC2530DB\..\..\..\Tools\CC2530DB\f8wZCL.cfg #
#                          " (-DZCL_READ -DZCL_WRITE -DZCL_BASIC              #
#                          -DZCL_IDENTIFY -DZCL_ON_OFF -DZCL_KEY_ESTABLISH    #
#                          -DZCL_LOAD_CONTROL -DZCL_SIMPLE_METERING           #
#                          -DZCL_PRICING) -DZCL_MESSAGE "C:\z-stack\Sensor    #
#                          Network Example\Components\hal\module\M280.c" -D   #
#                          NWK_AUTO_POLL -D ZTOOL_P1 -D MT_TASK -D            #
#                          MT_APP_FUNC -D MT_SYS_FUNC -D MT_ZDO_FUNC -D       #
#                          LCD_SUPPORTED=DEBUG -D xPOWER_SAVING -D            #
#                          End_Device -D HAL_KEYPAD -D M190 -D xPA2591 -lC    #
#                          "C:\z-stack\Sensor Network                         #
#                          Example\Projects\zstack\Sensor Network             #
#                          Application\ZIGBEE Endpoint &                      #
#                          Device\CC2530DB\EndDeviceEB_M160\List\" -lA        #
#                          "C:\z-stack\Sensor Network                         #
#                          Example\Projects\zstack\Sensor Network             #
#                          Application\ZIGBEE Endpoint &                      #
#                          Device\CC2530DB\EndDeviceEB_M160\List\"            #
#                          --diag_suppress Pe001,Pa010 -o "C:\z-stack\Sensor  #
#                          Network Example\Projects\zstack\Sensor Network     #
#                          Application\ZIGBEE Endpoint &                      #
#                          Device\CC2530DB\EndDeviceEB_M160\Obj\" -e          #
#                          --require_prototypes --debug --core=plain          #
#                          --dptr=16,1 --data_model=large                     #
#                          --code_model=banked --calling_convention=xdata_ree #
#                          ntrant --place_constants=data_rom                  #
#                          --nr_virtual_regs 16 -I "C:\z-stack\Sensor         #
#                          Network Example\Projects\zstack\Sensor Network     #
#                          Application\ZIGBEE Endpoint & Device\CC2530DB\"    #
#                          -I "C:\z-stack\Sensor Network                      #
#                          Example\Projects\zstack\Sensor Network             #
#                          Application\ZIGBEE Endpoint &                      #
#                          Device\CC2530DB\..\SOURCE\" -I "C:\z-stack\Sensor  #
#                          Network Example\Projects\zstack\Sensor Network     #
#                          Application\ZIGBEE Endpoint &                      #
#                          Device\CC2530DB\..\..\SOURCE\" -I                  #
#                          "C:\z-stack\Sensor Network                         #
#                          Example\Projects\zstack\Sensor Network             #
#                          Application\ZIGBEE Endpoint &                      #
#                          Device\CC2530DB\..\..\..\ZMAIN\TI2530DB\" -I       #
#                          "C:\z-stack\Sensor Network                         #
#                          Example\Projects\zstack\Sensor Network             #
#                          Application\ZIGBEE Endpoint &                      #
#                          Device\CC2530DB\..\..\..\..\..\COMPONENTS\MT\" -I  #
#                          "C:\z-stack\Sensor Network                         #
#                          Example\Projects\zstack\Sensor Network             #
#                          Application\ZIGBEE Endpoint &                      #
#                          Device\CC2530DB\..\..\..\..\..\COMPONENTS\HAL\INCL #
#                          UDE\" -I "C:\z-stack\Sensor Network                #
#                          Example\Projects\zstack\Sensor Network             #
#                          Application\ZIGBEE Endpoint &                      #
#                          Device\CC2530DB\..\..\..\..\..\COMPONENTS\HAL\MODU #
#                          LE\" -I "C:\z-stack\Sensor Network                 #
#                          Example\Projects\zstack\Sensor Network             #
#                          Application\ZIGBEE Endpoint &                      #
#                          Device\CC2530DB\..\..\..\..\..\COMPONENTS\HAL\TARG #
#                          ET\CC2530EB\" -I "C:\z-stack\Sensor Network        #
#                          Example\Projects\zstack\Sensor Network             #
#                          Application\ZIGBEE Endpoint &                      #
#                          Device\CC2530DB\..\..\..\..\..\COMPONENTS\OSAL\MCU #
#                          \CCSOC\" -I "C:\z-stack\Sensor Network             #
#                          Example\Projects\zstack\Sensor Network             #
#                          Application\ZIGBEE Endpoint &                      #
#                          Device\CC2530DB\..\..\..\..\..\COMPONENTS\OSAL\INC #
#                          LUDE\" -I "C:\z-stack\Sensor Network               #
#                          Example\Projects\zstack\Sensor Network             #
#                          Application\ZIGBEE Endpoint &                      #
#                          Device\CC2530DB\..\..\..\..\..\COMPONENTS\STACK\AF #
#                          \" -I "C:\z-stack\Sensor Network                   #
#                          Example\Projects\zstack\Sensor Network             #
#                          Application\ZIGBEE Endpoint &                      #
#                          Device\CC2530DB\..\..\..\..\..\COMPONENTS\STACK\NW #
#                          K\" -I "C:\z-stack\Sensor Network                  #
#                          Example\Projects\zstack\Sensor Network             #
#                          Application\ZIGBEE Endpoint &                      #
#                          Device\CC2530DB\..\..\..\..\..\COMPONENTS\STACK\SE #
#                          C\" -I "C:\z-stack\Sensor Network                  #
#                          Example\Projects\zstack\Sensor Network             #
#                          Application\ZIGBEE Endpoint &                      #
#                          Device\CC2530DB\..\..\..\..\..\COMPONENTS\STACK\SA #
#                          PI\" -I "C:\z-stack\Sensor Network                 #
#                          Example\Projects\zstack\Sensor Network             #
#                          Application\ZIGBEE Endpoint &                      #
#                          Device\CC2530DB\..\..\..\..\..\COMPONENTS\STACK\SY #
#                          S\" -I "C:\z-stack\Sensor Network                  #
#                          Example\Projects\zstack\Sensor Network             #
#                          Application\ZIGBEE Endpoint &                      #
#                          Device\CC2530DB\..\..\..\..\..\COMPONENTS\STACK\ZC #
#                          L\" -I "C:\z-stack\Sensor Network                  #
#                          Example\Projects\zstack\Sensor Network             #
#                          Application\ZIGBEE Endpoint &                      #
#                          Device\CC2530DB\..\..\..\..\..\COMPONENTS\STACK\ZD #
#                          O\" -I "C:\z-stack\Sensor Network                  #
#                          Example\Projects\zstack\Sensor Network             #
#                          Application\ZIGBEE Endpoint &                      #
#                          Device\CC2530DB\..\..\..\..\..\COMPONENTS\ZMAC\F8W #
#                          \" -I "C:\z-stack\Sensor Network                   #
#                          Example\Projects\zstack\Sensor Network             #
#                          Application\ZIGBEE Endpoint &                      #
#                          Device\CC2530DB\..\..\..\..\..\COMPONENTS\ZMAC\"   #
#                          -I "C:\z-stack\Sensor Network                      #
#                          Example\Projects\zstack\Sensor Network             #
#                          Application\ZIGBEE Endpoint &                      #
#                          Device\CC2530DB\..\..\..\..\..\COMPONENTS\SERVICES #
#                          \SADDR\" -I "C:\z-stack\Sensor Network             #
#                          Example\Projects\zstack\Sensor Network             #
#                          Application\ZIGBEE Endpoint &                      #
#                          Device\CC2530DB\..\..\..\..\..\COMPONENTS\SERVICES #
#                          \SDATA\" -I "C:\z-stack\Sensor Network             #
#                          Example\Projects\zstack\Sensor Network             #
#                          Application\ZIGBEE Endpoint &                      #
#                          Device\CC2530DB\..\..\..\..\..\COMPONENTS\MAC\INCL #
#                          UDE\" -I "C:\z-stack\Sensor Network                #
#                          Example\Projects\zstack\Sensor Network             #
#                          Application\ZIGBEE Endpoint &                      #
#                          Device\CC2530DB\..\..\..\..\..\COMPONENTS\MAC\HIGH #
#                          _LEVEL\" -I "C:\z-stack\Sensor Network             #
#                          Example\Projects\zstack\Sensor Network             #
#                          Application\ZIGBEE Endpoint &                      #
#                          Device\CC2530DB\..\..\..\..\..\COMPONENTS\MAC\LOW_ #
#                          LEVEL\srf04\" -I "C:\z-stack\Sensor Network        #
#                          Example\Projects\zstack\Sensor Network             #
#                          Application\ZIGBEE Endpoint &                      #
#                          Device\CC2530DB\..\..\..\..\..\COMPONENTS\MAC\LOW_ #
#                          LEVEL\srf04\SINGLE_CHIP\" -I "C:\Program           #
#                          Files\IAR Systems\Embedded Workbench               #
#                          5.3\8051\INC\" -I "C:\Program Files\IAR            #
#                          Systems\Embedded Workbench 5.3\8051\INC\CLIB\"     #
#                          -Ohz                                               #
#    List file          =  C:\z-stack\Sensor Network                          #
#                          Example\Projects\zstack\Sensor Network             #
#                          Application\ZIGBEE Endpoint &                      #
#                          Device\CC2530DB\EndDeviceEB_M160\List\M280.lst     #
#    Object file        =  C:\z-stack\Sensor Network                          #
#                          Example\Projects\zstack\Sensor Network             #
#                          Application\ZIGBEE Endpoint &                      #
#                          Device\CC2530DB\EndDeviceEB_M160\Obj\M280.r51      #
#                                                                             #
#                                                                             #
###############################################################################

C:\z-stack\Sensor Network Example\Components\hal\module\M280.c
      1          //-------------------------------------------------------------------
      2          // Filename: M280.c
      3          // Description: hal M280 Motor PWM library °¨¹F±±¨î(PWM)
      4          //-------------------------------------------------------------------
      5          //-------------------------------------------------------------------
      6          // INCLUDES
      7          //-------------------------------------------------------------------
      8          /*
      9          #include "hal_defs.h"
     10          #include "hal_cc8051.h"
     11          #include "hal_mcu.h"
     12          #include "hal_board.h"
     13          #include "M280.h"
     14          */
     15          #include "hal_defs.h"
     16          #include "ioCC2530.h"
     17          #include "hal_mcu.h"
     18          #include "hal_board.h"
     19          #include "M280.h"
     20          
     21          uint8 M280_MotorCount;
     22          uint8 M280_MotorValue;
     23          uint8 M280_MotorCW;
     24          
     25          //-------------------------------------------------------------------
     26          // LOCAL FUNCTIONS
     27          //-------------------------------------------------------------------
     28          //-------------------------------------------------------------------
     29          // @fn      timerPwm_ISR
     30          // @brief   ISR framework for the 1k timer component
     31          // @param   none
     32          // @return  none
     33          //-------------------------------------------------------------------
     34          HAL_ISR_FUNCTION(T4_ISR, T4_VECTOR)
     35          {
     36              M280_MotorCount++;
     37              if (M280_MotorCount >= 100)
     38              {
     39                  M280_MotorCount = 0;
     40              }
     41              if (M280_MotorCount >= M280_MotorValue)
     42              {
     43                  HAL_CW_OFF();
                         ^
Error[Pe223]: function "MCU_IO_SET_LOW" declared implicitly
     44                  HAL_CCW_OFF();
                         ^
Error[Pa045]: function "MCU_IO_SET_LOW" has no prototype
     45              }
     46              else
     47              {
     48                  if (M280_MotorCW == 1)
     49                  {
     50                      HAL_CW_ON();
                             ^
Error[Pe223]: function "MCU_IO_SET_HIGH" declared implicitly
     51                  }
     52                  else
     53                  {
     54                      HAL_CCW_ON();
                             ^
Error[Pe223]: function "MCU_IO_SET_HIGH" declared implicitly
     55                  }
     56              }
     57          }
     58          
     59          //-------------------------------------------------------------------
     60          // @fn      M280_Init
     61          // @brief   Set up timer 4 to generate an interrupt 10 kHz for PWM
     62          // @return  none
     63          //-------------------------------------------------------------------
     64          void M280_Init(void)
     65          {
     66              HAL_CW_OUTPUT();
                     ^
Error[Pe223]: function "MCU_IO_OUTPUT" declared implicitly
     67              HAL_CCW_OUTPUT();
                     ^
Error[Pa045]: function "MCU_IO_OUTPUT" has no prototype
     68              HAL_CW_OFF();
                     ^
Error[Pe223]: function "MCU_IO_SET_LOW" declared implicitly
     69              HAL_CCW_OFF();
                     ^
Error[Pa045]: function "MCU_IO_SET_LOW" has no prototype
     70          
     71              MCU_IO_OUTPUT(HAL_BOARD_IO_DO_PORT, HAL_BOARD_IO_DO_PIN, 1);
                                   ^
Error[Pe020]: identifier "HAL_BOARD_IO_DO_PORT" is undefined

      MCU_IO_OUTPUT(HAL_BOARD_IO_DO_PORT, HAL_BOARD_IO_DO_PIN, 1);
                                          ^
"C:\z-stack\Sensor Network Example\Components\hal\module\M280.c",71  Error[Pe020]: 
          identifier "HAL_BOARD_IO_DO_PIN" is undefined
     72              MCU_IO_OUTPUT(HAL_BOARD_IO_DO_PORT, HAL_BOARD_IO_DO_PIN, 1);
     73          
     74              // Set prescaler divider value to 128 (8KHz)
     75              //T4CTL |= 0xE0; // 0x80
     76              T4CTL |= 0x80; // 0x80
     77          
     78              T4CTL &= ~(0x10); // Stop timer
     79              T4IE = 0; // Disable interrupt
     80          }
     81          
     82          //-------------------------------------------------------------------
     83          void M280_CW(uint8 duty)
     84          {
     85              M280_MotorCount = 0;
     86              M280_MotorValue = duty;
     87              M280_MotorCW = 1;
     88              T4CTL |= 0x10; // Start timer
     89              T4IE = 1; // Enable interrupt
     90          }
     91          
     92          //-------------------------------------------------------------------
     93          void M280_CCW(uint8 duty)
     94          {
     95              M280_MotorCount = 0;
     96              M280_MotorValue = duty;
     97              M280_MotorCW = 0;
     98              T4CTL |= 0x10; // Start timer
     99              T4IE = 1; // Enable interrupt
    100          }
    101          
    102          //-------------------------------------------------------------------
    103          void M280_Stop(void)
    104          {
    105              T4CTL &= ~(0x10); // Stop timer
    106              T4IE = 0; // Disable interrupt
    107          
    108              HAL_CW_OFF();
                     ^
Error[Pe223]: function "MCU_IO_SET_LOW" declared implicitly
    109              HAL_CCW_OFF();
                     ^
Error[Pa045]: function "MCU_IO_SET_LOW" has no prototype
    110          }

Errors: 12
Warnings: none
