###############################################################################
#                                                                             #
# IAR C/C++ Compiler V7.51A/W32 for 8051                22/Jul/2010  09:34:23 #
# Copyright 2004-2009 IAR Systems AB.                                         #
#                                                                             #
#    Core               =  plain                                              #
#    Code model         =  banked                                             #
#    Data model         =  large                                              #
#    Calling convention =  xdata reentrant                                    #
#    Constant location  =  data_rom                                           #
#    Dptr setup         =  1,16                                               #
#    Source file        =  D:\公司產品\XT-200\ZIGBEE CC2530\ZIGBEE            #
#                          Z-STACK\ZStack-CC2530-2.3.0-1.4.0\Components\hal\m #
#                          odule\M310.c                                       #
#    Command line       =  -f "D:\公司產品\XT-200\ZIGBEE CC2530\ZIGBEE        #
#                          Z-STACK\ZStack-CC2530-2.3.0-1.4.0\Projects\zstack\ #
#                          Sensor Network Application\ZIGBEE Endpoint &       #
#                          Device\CC2530DB\..\..\..\Tools\CC2530DB\f8wEndev.c #
#                          fg" (-DCPU32MHZ -DROOT=__near_func -DBLINK_LEDS)   #
#                          -f "D:\公司產品\XT-200\ZIGBEE CC2530\ZIGBEE        #
#                          Z-STACK\ZStack-CC2530-2.3.0-1.4.0\Projects\zstack\ #
#                          Sensor Network Application\ZIGBEE Endpoint &       #
#                          Device\CC2530DB\..\..\..\Tools\CC2530DB\f8wConfig. #
#                          cfg" (-DSECURE=0 -DZG_SECURE_DYNAMIC=0             #
#                          -DREFLECTOR -DDEFAULT_CHANLIST=0x00000800          #
#                          -DZDAPP_CONFIG_PAN_ID=0xFFFF                       #
#                          -DNWK_START_DELAY=100 -DEXTENDED_JOINING_RANDOM_MA #
#                          SK=0x007F -DBEACON_REQUEST_DELAY=100               #
#                          -DBEACON_REQ_DELAY_MASK=0x00FF                     #
#                          -DROUTE_EXPIRY_TIME=30 -DAPSC_ACK_WAIT_DURATION_PO #
#                          LLED=3000 -DNWK_INDIRECT_MSG_TIMEOUT=7             #
#                          -DMAX_RREQ_ENTRIES=8 -DAPSC_MAX_FRAME_RETRIES=3    #
#                          -DNWK_MAX_DATA_RETRIES=2                           #
#                          -DMAX_POLL_FAILURE_RETRIES=2 -DMAX_BCAST=9         #
#                          -DAPS_MAX_GROUPS=16 -DMAX_RTG_ENTRIES=40           #
#                          -DNWK_MAX_BINDING_ENTRIES=4                        #
#                          -DMAX_BINDING_CLUSTER_IDS=4 "-DDEFAULT_KEY={0x01,  #
#                          0x03, 0x05, 0x07, 0x09, 0x0B, 0x0D, 0x0F, 0x00,    #
#                          0x02, 0x04, 0x06, 0x08, 0x0A, 0x0C, 0x0D}"         #
#                          -DMAC_MAX_FRAME_SIZE=116 "-DCONST=const __code"    #
#                          -DGENERIC=__generic -DRFD_RCVC_ALWAYS_ON=TRUE      #
#                          -DPOLL_RATE=1000 -DQUEUED_POLL_RATE=100            #
#                          -DRESPONSE_POLL_RATE=100 -DREJOIN_POLL_RATE=440)   #
#                          -f "D:\公司產品\XT-200\ZIGBEE CC2530\ZIGBEE        #
#                          Z-STACK\ZStack-CC2530-2.3.0-1.4.0\Projects\zstack\ #
#                          Sensor Network Application\ZIGBEE Endpoint &       #
#                          Device\CC2530DB\..\..\..\Tools\CC2530DB\f8wZCL.cfg #
#                          " (-DZCL_READ -DZCL_WRITE -DZCL_BASIC              #
#                          -DZCL_IDENTIFY -DZCL_ON_OFF -DZCL_KEY_ESTABLISH    #
#                          -DZCL_LOAD_CONTROL -DZCL_SIMPLE_METERING           #
#                          -DZCL_PRICING) -DZCL_MESSAGE                       #
#                          "D:\公司產品\XT-200\ZIGBEE CC2530\ZIGBEE           #
#                          Z-STACK\ZStack-CC2530-2.3.0-1.4.0\Components\hal\m #
#                          odule\M310.c" -D NWK_AUTO_POLL -D ZTOOL_P1 -D      #
#                          MT_TASK -D MT_APP_FUNC -D MT_SYS_FUNC -D           #
#                          MT_ZDO_FUNC -D LCD_SUPPORTED=DEBUG -D              #
#                          xPOWER_SAVING -D M310 -lC                          #
#                          "D:\公司產品\XT-200\ZIGBEE CC2530\ZIGBEE           #
#                          Z-STACK\ZStack-CC2530-2.3.0-1.4.0\Projects\zstack\ #
#                          Sensor Network Application\ZIGBEE Endpoint &       #
#                          Device\CC2530DB\EndDeviceKB_M310\List\" -lA        #
#                          "D:\公司產品\XT-200\ZIGBEE CC2530\ZIGBEE           #
#                          Z-STACK\ZStack-CC2530-2.3.0-1.4.0\Projects\zstack\ #
#                          Sensor Network Application\ZIGBEE Endpoint &       #
#                          Device\CC2530DB\EndDeviceKB_M310\List\"            #
#                          --diag_suppress Pe001,Pa010 -o                     #
#                          "D:\公司產品\XT-200\ZIGBEE CC2530\ZIGBEE           #
#                          Z-STACK\ZStack-CC2530-2.3.0-1.4.0\Projects\zstack\ #
#                          Sensor Network Application\ZIGBEE Endpoint &       #
#                          Device\CC2530DB\EndDeviceKB_M310\Obj\" -e          #
#                          --require_prototypes --debug --core=plain          #
#                          --dptr=16,1 --data_model=large                     #
#                          --code_model=banked --calling_convention=xdata_ree #
#                          ntrant --place_constants=data_rom                  #
#                          --nr_virtual_regs 16 -I "D:\公司產品\XT-200\ZIGBEE #
#                           CC2530\ZIGBEE Z-STACK\ZStack-CC2530-2.3.0-1.4.0\P #
#                          rojects\zstack\Sensor Network Application\ZIGBEE   #
#                          Endpoint & Device\CC2530DB\" -I                    #
#                          "D:\公司產品\XT-200\ZIGBEE CC2530\ZIGBEE           #
#                          Z-STACK\ZStack-CC2530-2.3.0-1.4.0\Projects\zstack\ #
#                          Sensor Network Application\ZIGBEE Endpoint &       #
#                          Device\CC2530DB\..\SOURCE\" -I                     #
#                          "D:\公司產品\XT-200\ZIGBEE CC2530\ZIGBEE           #
#                          Z-STACK\ZStack-CC2530-2.3.0-1.4.0\Projects\zstack\ #
#                          Sensor Network Application\ZIGBEE Endpoint &       #
#                          Device\CC2530DB\..\..\SOURCE\" -I                  #
#                          "D:\公司產品\XT-200\ZIGBEE CC2530\ZIGBEE           #
#                          Z-STACK\ZStack-CC2530-2.3.0-1.4.0\Projects\zstack\ #
#                          Sensor Network Application\ZIGBEE Endpoint &       #
#                          Device\CC2530DB\..\..\..\ZMAIN\TI2530DB\" -I       #
#                          "D:\公司產品\XT-200\ZIGBEE CC2530\ZIGBEE           #
#                          Z-STACK\ZStack-CC2530-2.3.0-1.4.0\Projects\zstack\ #
#                          Sensor Network Application\ZIGBEE Endpoint &       #
#                          Device\CC2530DB\..\..\..\..\..\COMPONENTS\MT\" -I  #
#                          "D:\公司產品\XT-200\ZIGBEE CC2530\ZIGBEE           #
#                          Z-STACK\ZStack-CC2530-2.3.0-1.4.0\Projects\zstack\ #
#                          Sensor Network Application\ZIGBEE Endpoint &       #
#                          Device\CC2530DB\..\..\..\..\..\COMPONENTS\HAL\INCL #
#                          UDE\" -I "D:\公司產品\XT-200\ZIGBEE CC2530\ZIGBEE  #
#                          Z-STACK\ZStack-CC2530-2.3.0-1.4.0\Projects\zstack\ #
#                          Sensor Network Application\ZIGBEE Endpoint &       #
#                          Device\CC2530DB\..\..\..\..\..\COMPONENTS\HAL\MODU #
#                          LE\" -I "D:\公司產品\XT-200\ZIGBEE CC2530\ZIGBEE   #
#                          Z-STACK\ZStack-CC2530-2.3.0-1.4.0\Projects\zstack\ #
#                          Sensor Network Application\ZIGBEE Endpoint &       #
#                          Device\CC2530DB\..\..\..\..\..\COMPONENTS\HAL\TARG #
#                          ET\CC2530EB\" -I "D:\公司產品\XT-200\ZIGBEE        #
#                          CC2530\ZIGBEE Z-STACK\ZStack-CC2530-2.3.0-1.4.0\Pr #
#                          ojects\zstack\Sensor Network Application\ZIGBEE    #
#                          Endpoint & Device\CC2530DB\..\..\..\..\..\COMPONEN #
#                          TS\OSAL\MCU\CCSOC\" -I "D:\公司產品\XT-200\ZIGBEE  #
#                          CC2530\ZIGBEE Z-STACK\ZStack-CC2530-2.3.0-1.4.0\Pr #
#                          ojects\zstack\Sensor Network Application\ZIGBEE    #
#                          Endpoint & Device\CC2530DB\..\..\..\..\..\COMPONEN #
#                          TS\OSAL\INCLUDE\" -I "D:\公司產品\XT-200\ZIGBEE    #
#                          CC2530\ZIGBEE Z-STACK\ZStack-CC2530-2.3.0-1.4.0\Pr #
#                          ojects\zstack\Sensor Network Application\ZIGBEE    #
#                          Endpoint & Device\CC2530DB\..\..\..\..\..\COMPONEN #
#                          TS\STACK\AF\" -I "D:\公司產品\XT-200\ZIGBEE        #
#                          CC2530\ZIGBEE Z-STACK\ZStack-CC2530-2.3.0-1.4.0\Pr #
#                          ojects\zstack\Sensor Network Application\ZIGBEE    #
#                          Endpoint & Device\CC2530DB\..\..\..\..\..\COMPONEN #
#                          TS\STACK\NWK\" -I "D:\公司產品\XT-200\ZIGBEE       #
#                          CC2530\ZIGBEE Z-STACK\ZStack-CC2530-2.3.0-1.4.0\Pr #
#                          ojects\zstack\Sensor Network Application\ZIGBEE    #
#                          Endpoint & Device\CC2530DB\..\..\..\..\..\COMPONEN #
#                          TS\STACK\SEC\" -I "D:\公司產品\XT-200\ZIGBEE       #
#                          CC2530\ZIGBEE Z-STACK\ZStack-CC2530-2.3.0-1.4.0\Pr #
#                          ojects\zstack\Sensor Network Application\ZIGBEE    #
#                          Endpoint & Device\CC2530DB\..\..\..\..\..\COMPONEN #
#                          TS\STACK\SAPI\" -I "D:\公司產品\XT-200\ZIGBEE      #
#                          CC2530\ZIGBEE Z-STACK\ZStack-CC2530-2.3.0-1.4.0\Pr #
#                          ojects\zstack\Sensor Network Application\ZIGBEE    #
#                          Endpoint & Device\CC2530DB\..\..\..\..\..\COMPONEN #
#                          TS\STACK\SYS\" -I "D:\公司產品\XT-200\ZIGBEE       #
#                          CC2530\ZIGBEE Z-STACK\ZStack-CC2530-2.3.0-1.4.0\Pr #
#                          ojects\zstack\Sensor Network Application\ZIGBEE    #
#                          Endpoint & Device\CC2530DB\..\..\..\..\..\COMPONEN #
#                          TS\STACK\ZCL\" -I "D:\公司產品\XT-200\ZIGBEE       #
#                          CC2530\ZIGBEE Z-STACK\ZStack-CC2530-2.3.0-1.4.0\Pr #
#                          ojects\zstack\Sensor Network Application\ZIGBEE    #
#                          Endpoint & Device\CC2530DB\..\..\..\..\..\COMPONEN #
#                          TS\STACK\ZDO\" -I "D:\公司產品\XT-200\ZIGBEE       #
#                          CC2530\ZIGBEE Z-STACK\ZStack-CC2530-2.3.0-1.4.0\Pr #
#                          ojects\zstack\Sensor Network Application\ZIGBEE    #
#                          Endpoint & Device\CC2530DB\..\..\..\..\..\COMPONEN #
#                          TS\ZMAC\F8W\" -I "D:\公司產品\XT-200\ZIGBEE        #
#                          CC2530\ZIGBEE Z-STACK\ZStack-CC2530-2.3.0-1.4.0\Pr #
#                          ojects\zstack\Sensor Network Application\ZIGBEE    #
#                          Endpoint & Device\CC2530DB\..\..\..\..\..\COMPONEN #
#                          TS\ZMAC\" -I "D:\公司產品\XT-200\ZIGBEE            #
#                          CC2530\ZIGBEE Z-STACK\ZStack-CC2530-2.3.0-1.4.0\Pr #
#                          ojects\zstack\Sensor Network Application\ZIGBEE    #
#                          Endpoint & Device\CC2530DB\..\..\..\..\..\COMPONEN #
#                          TS\SERVICES\SADDR\" -I "D:\公司產品\XT-200\ZIGBEE  #
#                          CC2530\ZIGBEE Z-STACK\ZStack-CC2530-2.3.0-1.4.0\Pr #
#                          ojects\zstack\Sensor Network Application\ZIGBEE    #
#                          Endpoint & Device\CC2530DB\..\..\..\..\..\COMPONEN #
#                          TS\SERVICES\SDATA\" -I "D:\公司產品\XT-200\ZIGBEE  #
#                          CC2530\ZIGBEE Z-STACK\ZStack-CC2530-2.3.0-1.4.0\Pr #
#                          ojects\zstack\Sensor Network Application\ZIGBEE    #
#                          Endpoint & Device\CC2530DB\..\..\..\..\..\COMPONEN #
#                          TS\MAC\INCLUDE\" -I "D:\公司產品\XT-200\ZIGBEE     #
#                          CC2530\ZIGBEE Z-STACK\ZStack-CC2530-2.3.0-1.4.0\Pr #
#                          ojects\zstack\Sensor Network Application\ZIGBEE    #
#                          Endpoint & Device\CC2530DB\..\..\..\..\..\COMPONEN #
#                          TS\MAC\HIGH_LEVEL\" -I "D:\公司產品\XT-200\ZIGBEE  #
#                          CC2530\ZIGBEE Z-STACK\ZStack-CC2530-2.3.0-1.4.0\Pr #
#                          ojects\zstack\Sensor Network Application\ZIGBEE    #
#                          Endpoint & Device\CC2530DB\..\..\..\..\..\COMPONEN #
#                          TS\MAC\LOW_LEVEL\srf04\" -I                        #
#                          "D:\公司產品\XT-200\ZIGBEE CC2530\ZIGBEE           #
#                          Z-STACK\ZStack-CC2530-2.3.0-1.4.0\Projects\zstack\ #
#                          Sensor Network Application\ZIGBEE Endpoint &       #
#                          Device\CC2530DB\..\..\..\..\..\COMPONENTS\MAC\LOW_ #
#                          LEVEL\srf04\SINGLE_CHIP\" -I "C:\IAR               #
#                          Systems\Embedded Workbench 5.3\8051\INC\" -I       #
#                          "C:\IAR Systems\Embedded Workbench                 #
#                          5.3\8051\INC\CLIB\" -Ohz                           #
#    List file          =  D:\公司產品\XT-200\ZIGBEE CC2530\ZIGBEE            #
#                          Z-STACK\ZStack-CC2530-2.3.0-1.4.0\Projects\zstack\ #
#                          Sensor Network Application\ZIGBEE Endpoint &       #
#                          Device\CC2530DB\EndDeviceKB_M310\List\M310.lst     #
#    Object file        =  D:\公司產品\XT-200\ZIGBEE CC2530\ZIGBEE            #
#                          Z-STACK\ZStack-CC2530-2.3.0-1.4.0\Projects\zstack\ #
#                          Sensor Network Application\ZIGBEE Endpoint &       #
#                          Device\CC2530DB\EndDeviceKB_M310\Obj\M310.r51      #
#                                                                             #
#                                                                             #
###############################################################################

D:\公司產品\XT-200\ZIGBEE CC2530\ZIGBEE Z-STACK\ZStack-CC2530-2.3.0-1.4.0\Components\hal\module\M310.c
      1          //-------------------------------------------------------------------
      2          // Filename: M310.c
      3          // Description: hal M310 module library 光遮斷偵測(DI/DO)
      4          //-------------------------------------------------------------------
      5          //-------------------------------------------------------------------
      6          // INCLUDES
      7          //-------------------------------------------------------------------
      8          #include "hal_mcu.h"

   \                                 In  segment SFR_AN, at 0x80
   \   union <unnamed> volatile __sfr _A_P0
   \                     _A_P0:
   \   000000                DS 1

   \                                 In  segment SFR_AN, at 0xf3
   \   unsigned char volatile __sfr P0SEL
   \                     P0SEL:
   \   000000                DS 1

   \                                 In  segment SFR_AN, at 0xfd
   \   unsigned char volatile __sfr P0DIR
   \                     P0DIR:
   \   000000                DS 1
      9          #include "hal_board.h"
     10          #include "hal_digio.h"
     11          #include "hal_keypad.h"
     12          #include "M310.h"
     13          
     14          //-------------------------------------------------------------------
     15          // LOCAL VARIABLES
     16          //-------------------------------------------------------------------

   \                                 In  segment XDATA_Z, align 1, keep-with-next
     17          uint8 udi;
   \                     udi:
   \   000000                DS 1
   \   000001                REQUIRE __INIT_XDATA_Z
     18          
     19          void M310_Init(void);
     20          uint8 M310_GetSensor(void);
     21          
     22          //-------------------------------------------------------------------
     23          // LOCAL FUNCTIONS
     24          //-------------------------------------------------------------------
     25          //-------------------------------------------------------------------

   \                                 In  segment BANKED_CODE, align 1, keep-with-next
     26          void M310_Init(void)
   \                     M310_Init:
     27          {
   \   000000                ; Saved register size: 0
   \   000000                ; Auto size: 0
     28              HAL_SEN_1_INPUT();
   \   000000   12....       LCALL   ?Subroutine0 & 0xFFFF
     29              HAL_SEN_2_INPUT();
     30          
     31              HAL_LED_1_OUTPUT();
   \                     ??CrossCallReturnLabel_0:
   \   000003   53F3DF       ANL     0xf3,#0xdf
   \   000006   D285         SETB    0x80.5
   \   000008   43FD20       ORL     0xfd,#0x20
     32              HAL_LED_2_OUTPUT();
   \   00000B   53F37F       ANL     0xf3,#0x7f
   \   00000E   D287         SETB    0x80.7
   \   000010   43FD80       ORL     0xfd,#0x80
     33          }
   \   000013   02....       LJMP    ?BRET
   \   000016                REQUIRE _A_P0
   \   000016                REQUIRE P0SEL
   \   000016                REQUIRE P0DIR

   \                                 In  segment BANKED_CODE, align 1, keep-with-next
   \                     ?Subroutine0:
   \   000000   53F3EF       ANL     0xf3,#0xef
   \   000003   53FDEF       ANL     0xfd,#0xef
   \   000006   53F3BF       ANL     0xf3,#0xbf
   \   000009   53FDBF       ANL     0xfd,#0xbf
   \   00000C   22           RET
     34          
     35          //-------------------------------------------------------------------

   \                                 In  segment BANKED_CODE, align 1, keep-with-next
     36          uint8 M310_GetSensor(void)
   \                     M310_GetSensor:
     37          {
   \   000000   C082         PUSH    DPL
   \   000002   C083         PUSH    DPH
   \   000004                ; Saved register size: 2
   \   000004                ; Auto size: 0
     38          
     39              HAL_SEN_1_INPUT();
   \   000004   12....       LCALL   ?Subroutine0 & 0xFFFF
     40              HAL_SEN_2_INPUT();
     41              halMcuWaitMs(2);
   \                     ??CrossCallReturnLabel_1:
   \   000007                ; Setup parameters for call to function halMcuWaitMs
   \   000007   7A02         MOV     R2,#0x2
   \   000009   7B00         MOV     R3,#0x0
   \   00000B   12....       LCALL   ??halMcuWaitMs?relay
     42          	udi=0x03;
   \   00000E   7403         MOV     A,#0x3
   \   000010   90....       MOV     DPTR,#udi
   \   000013   F0           MOVX    @DPTR,A
     43          	if(HAL_SEN_1_DETECT())
   \   000014   A284         MOV     C,0x80.4
   \   000016   4003         JC      ??M310_GetSensor_0
     44          		udi&=~(0x01);
   \   000018   7402         MOV     A,#0x2
   \   00001A   F0           MOVX    @DPTR,A
     45          	if(HAL_SEN_2_DETECT())
   \                     ??M310_GetSensor_0:
   \   00001B   A286         MOV     C,0x80.6
   \   00001D   4004         JC      ??M310_GetSensor_1
     46          		udi&=~(0x02);
   \   00001F   E0           MOVX    A,@DPTR
   \   000020   C2E1         CLR     0xE0 /* A   */.1
   \   000022   F0           MOVX    @DPTR,A
     47          	return udi;
   \                     ??M310_GetSensor_1:
   \   000023   E0           MOVX    A,@DPTR
   \   000024   F9           MOV     R1,A
   \   000025   D083         POP     DPH
   \   000027   D082         POP     DPL
   \   000029   02....       LJMP    ?BRET
   \   00002C                REQUIRE _A_P0
   \   00002C                REQUIRE P0SEL
   \   00002C                REQUIRE P0DIR
     48          }

   \                                 In  segment BANK_RELAYS, align 1
   \                     ??M310_Init?relay:
   \   000000   12....       LCALL   ?BDISPATCH
   \   000003   ......       DC24    M310_Init

   \                                 In  segment BANK_RELAYS, align 1
   \                     ??M310_GetSensor?relay:
   \   000000   12....       LCALL   ?BDISPATCH
   \   000003   ......       DC24    M310_GetSensor

   Maximum stack usage in bytes:

     Function          ISTACK PSTACK XSTACK
     --------          ------ ------ ------
     M310_GetSensor        2      0      0
       -> halMcuWaitMs     4      0      0
     M310_Init             0      0      0


   Segment part sizes:

     Function/Label         Bytes
     --------------         -----
     _A_P0                     1
     P0SEL                     1
     P0DIR                     1
     udi                       1
     M310_Init                22
     ?Subroutine0             13
     M310_GetSensor           44
     ??M310_Init?relay         6
     ??M310_GetSensor?relay    6

 
 79 bytes in segment BANKED_CODE
 12 bytes in segment BANK_RELAYS
  3 bytes in segment SFR_AN
  1 byte  in segment XDATA_Z
 
 91 bytes of CODE  memory
  0 bytes of DATA  memory (+ 3 bytes shared)
  1 byte  of XDATA memory

Errors: none
Warnings: none
