###############################################################################
#                                                                             #
# IAR C/C++ Compiler V7.51A/W32 for 8051                22/Jul/2010  09:34:48 #
# Copyright 2004-2009 IAR Systems AB.                                         #
#                                                                             #
#    Core               =  plain                                              #
#    Code model         =  banked                                             #
#    Data model         =  large                                              #
#    Calling convention =  xdata reentrant                                    #
#    Constant location  =  data_rom                                           #
#    Dptr setup         =  1,16                                               #
#    Source file        =  D:\公司產品\XT-200\ZIGBEE CC2530\ZIGBEE            #
#                          Z-STACK\ZStack-CC2530-2.3.0-1.4.0\Projects\zstack\ #
#                          Sensor Network Application\ZIGBEE Endpoint &       #
#                          Device\Source\zcl_zigbee device.c                  #
#    Command line       =  -f "D:\公司產品\XT-200\ZIGBEE CC2530\ZIGBEE        #
#                          Z-STACK\ZStack-CC2530-2.3.0-1.4.0\Projects\zstack\ #
#                          Sensor Network Application\ZIGBEE Endpoint &       #
#                          Device\CC2530DB\..\..\..\Tools\CC2530DB\f8wEndev.c #
#                          fg" (-DCPU32MHZ -DROOT=__near_func -DBLINK_LEDS)   #
#                          -f "D:\公司產品\XT-200\ZIGBEE CC2530\ZIGBEE        #
#                          Z-STACK\ZStack-CC2530-2.3.0-1.4.0\Projects\zstack\ #
#                          Sensor Network Application\ZIGBEE Endpoint &       #
#                          Device\CC2530DB\..\..\..\Tools\CC2530DB\f8wConfig. #
#                          cfg" (-DSECURE=0 -DZG_SECURE_DYNAMIC=0             #
#                          -DREFLECTOR -DDEFAULT_CHANLIST=0x00000800          #
#                          -DZDAPP_CONFIG_PAN_ID=0xFFFF                       #
#                          -DNWK_START_DELAY=100 -DEXTENDED_JOINING_RANDOM_MA #
#                          SK=0x007F -DBEACON_REQUEST_DELAY=100               #
#                          -DBEACON_REQ_DELAY_MASK=0x00FF                     #
#                          -DROUTE_EXPIRY_TIME=30 -DAPSC_ACK_WAIT_DURATION_PO #
#                          LLED=3000 -DNWK_INDIRECT_MSG_TIMEOUT=7             #
#                          -DMAX_RREQ_ENTRIES=8 -DAPSC_MAX_FRAME_RETRIES=3    #
#                          -DNWK_MAX_DATA_RETRIES=2                           #
#                          -DMAX_POLL_FAILURE_RETRIES=2 -DMAX_BCAST=9         #
#                          -DAPS_MAX_GROUPS=16 -DMAX_RTG_ENTRIES=40           #
#                          -DNWK_MAX_BINDING_ENTRIES=4                        #
#                          -DMAX_BINDING_CLUSTER_IDS=4 "-DDEFAULT_KEY={0x01,  #
#                          0x03, 0x05, 0x07, 0x09, 0x0B, 0x0D, 0x0F, 0x00,    #
#                          0x02, 0x04, 0x06, 0x08, 0x0A, 0x0C, 0x0D}"         #
#                          -DMAC_MAX_FRAME_SIZE=116 "-DCONST=const __code"    #
#                          -DGENERIC=__generic -DRFD_RCVC_ALWAYS_ON=TRUE      #
#                          -DPOLL_RATE=1000 -DQUEUED_POLL_RATE=100            #
#                          -DRESPONSE_POLL_RATE=100 -DREJOIN_POLL_RATE=440)   #
#                          -f "D:\公司產品\XT-200\ZIGBEE CC2530\ZIGBEE        #
#                          Z-STACK\ZStack-CC2530-2.3.0-1.4.0\Projects\zstack\ #
#                          Sensor Network Application\ZIGBEE Endpoint &       #
#                          Device\CC2530DB\..\..\..\Tools\CC2530DB\f8wZCL.cfg #
#                          " (-DZCL_READ -DZCL_WRITE -DZCL_BASIC              #
#                          -DZCL_IDENTIFY -DZCL_ON_OFF -DZCL_KEY_ESTABLISH    #
#                          -DZCL_LOAD_CONTROL -DZCL_SIMPLE_METERING           #
#                          -DZCL_PRICING) -DZCL_MESSAGE                       #
#                          "D:\公司產品\XT-200\ZIGBEE CC2530\ZIGBEE           #
#                          Z-STACK\ZStack-CC2530-2.3.0-1.4.0\Projects\zstack\ #
#                          Sensor Network Application\ZIGBEE Endpoint &       #
#                          Device\Source\zcl_zigbee device.c" -D              #
#                          NWK_AUTO_POLL -D ZTOOL_P1 -D MT_TASK -D            #
#                          MT_APP_FUNC -D MT_SYS_FUNC -D MT_ZDO_FUNC -D       #
#                          LCD_SUPPORTED=DEBUG -D xPOWER_SAVING -D M310 -lC   #
#                          "D:\公司產品\XT-200\ZIGBEE CC2530\ZIGBEE           #
#                          Z-STACK\ZStack-CC2530-2.3.0-1.4.0\Projects\zstack\ #
#                          Sensor Network Application\ZIGBEE Endpoint &       #
#                          Device\CC2530DB\EndDeviceKB_M310\List\" -lA        #
#                          "D:\公司產品\XT-200\ZIGBEE CC2530\ZIGBEE           #
#                          Z-STACK\ZStack-CC2530-2.3.0-1.4.0\Projects\zstack\ #
#                          Sensor Network Application\ZIGBEE Endpoint &       #
#                          Device\CC2530DB\EndDeviceKB_M310\List\"            #
#                          --diag_suppress Pe001,Pa010 -o                     #
#                          "D:\公司產品\XT-200\ZIGBEE CC2530\ZIGBEE           #
#                          Z-STACK\ZStack-CC2530-2.3.0-1.4.0\Projects\zstack\ #
#                          Sensor Network Application\ZIGBEE Endpoint &       #
#                          Device\CC2530DB\EndDeviceKB_M310\Obj\" -e          #
#                          --require_prototypes --debug --core=plain          #
#                          --dptr=16,1 --data_model=large                     #
#                          --code_model=banked --calling_convention=xdata_ree #
#                          ntrant --place_constants=data_rom                  #
#                          --nr_virtual_regs 16 -I "D:\公司產品\XT-200\ZIGBEE #
#                           CC2530\ZIGBEE Z-STACK\ZStack-CC2530-2.3.0-1.4.0\P #
#                          rojects\zstack\Sensor Network Application\ZIGBEE   #
#                          Endpoint & Device\CC2530DB\" -I                    #
#                          "D:\公司產品\XT-200\ZIGBEE CC2530\ZIGBEE           #
#                          Z-STACK\ZStack-CC2530-2.3.0-1.4.0\Projects\zstack\ #
#                          Sensor Network Application\ZIGBEE Endpoint &       #
#                          Device\CC2530DB\..\SOURCE\" -I                     #
#                          "D:\公司產品\XT-200\ZIGBEE CC2530\ZIGBEE           #
#                          Z-STACK\ZStack-CC2530-2.3.0-1.4.0\Projects\zstack\ #
#                          Sensor Network Application\ZIGBEE Endpoint &       #
#                          Device\CC2530DB\..\..\SOURCE\" -I                  #
#                          "D:\公司產品\XT-200\ZIGBEE CC2530\ZIGBEE           #
#                          Z-STACK\ZStack-CC2530-2.3.0-1.4.0\Projects\zstack\ #
#                          Sensor Network Application\ZIGBEE Endpoint &       #
#                          Device\CC2530DB\..\..\..\ZMAIN\TI2530DB\" -I       #
#                          "D:\公司產品\XT-200\ZIGBEE CC2530\ZIGBEE           #
#                          Z-STACK\ZStack-CC2530-2.3.0-1.4.0\Projects\zstack\ #
#                          Sensor Network Application\ZIGBEE Endpoint &       #
#                          Device\CC2530DB\..\..\..\..\..\COMPONENTS\MT\" -I  #
#                          "D:\公司產品\XT-200\ZIGBEE CC2530\ZIGBEE           #
#                          Z-STACK\ZStack-CC2530-2.3.0-1.4.0\Projects\zstack\ #
#                          Sensor Network Application\ZIGBEE Endpoint &       #
#                          Device\CC2530DB\..\..\..\..\..\COMPONENTS\HAL\INCL #
#                          UDE\" -I "D:\公司產品\XT-200\ZIGBEE CC2530\ZIGBEE  #
#                          Z-STACK\ZStack-CC2530-2.3.0-1.4.0\Projects\zstack\ #
#                          Sensor Network Application\ZIGBEE Endpoint &       #
#                          Device\CC2530DB\..\..\..\..\..\COMPONENTS\HAL\MODU #
#                          LE\" -I "D:\公司產品\XT-200\ZIGBEE CC2530\ZIGBEE   #
#                          Z-STACK\ZStack-CC2530-2.3.0-1.4.0\Projects\zstack\ #
#                          Sensor Network Application\ZIGBEE Endpoint &       #
#                          Device\CC2530DB\..\..\..\..\..\COMPONENTS\HAL\TARG #
#                          ET\CC2530EB\" -I "D:\公司產品\XT-200\ZIGBEE        #
#                          CC2530\ZIGBEE Z-STACK\ZStack-CC2530-2.3.0-1.4.0\Pr #
#                          ojects\zstack\Sensor Network Application\ZIGBEE    #
#                          Endpoint & Device\CC2530DB\..\..\..\..\..\COMPONEN #
#                          TS\OSAL\MCU\CCSOC\" -I "D:\公司產品\XT-200\ZIGBEE  #
#                          CC2530\ZIGBEE Z-STACK\ZStack-CC2530-2.3.0-1.4.0\Pr #
#                          ojects\zstack\Sensor Network Application\ZIGBEE    #
#                          Endpoint & Device\CC2530DB\..\..\..\..\..\COMPONEN #
#                          TS\OSAL\INCLUDE\" -I "D:\公司產品\XT-200\ZIGBEE    #
#                          CC2530\ZIGBEE Z-STACK\ZStack-CC2530-2.3.0-1.4.0\Pr #
#                          ojects\zstack\Sensor Network Application\ZIGBEE    #
#                          Endpoint & Device\CC2530DB\..\..\..\..\..\COMPONEN #
#                          TS\STACK\AF\" -I "D:\公司產品\XT-200\ZIGBEE        #
#                          CC2530\ZIGBEE Z-STACK\ZStack-CC2530-2.3.0-1.4.0\Pr #
#                          ojects\zstack\Sensor Network Application\ZIGBEE    #
#                          Endpoint & Device\CC2530DB\..\..\..\..\..\COMPONEN #
#                          TS\STACK\NWK\" -I "D:\公司產品\XT-200\ZIGBEE       #
#                          CC2530\ZIGBEE Z-STACK\ZStack-CC2530-2.3.0-1.4.0\Pr #
#                          ojects\zstack\Sensor Network Application\ZIGBEE    #
#                          Endpoint & Device\CC2530DB\..\..\..\..\..\COMPONEN #
#                          TS\STACK\SEC\" -I "D:\公司產品\XT-200\ZIGBEE       #
#                          CC2530\ZIGBEE Z-STACK\ZStack-CC2530-2.3.0-1.4.0\Pr #
#                          ojects\zstack\Sensor Network Application\ZIGBEE    #
#                          Endpoint & Device\CC2530DB\..\..\..\..\..\COMPONEN #
#                          TS\STACK\SAPI\" -I "D:\公司產品\XT-200\ZIGBEE      #
#                          CC2530\ZIGBEE Z-STACK\ZStack-CC2530-2.3.0-1.4.0\Pr #
#                          ojects\zstack\Sensor Network Application\ZIGBEE    #
#                          Endpoint & Device\CC2530DB\..\..\..\..\..\COMPONEN #
#                          TS\STACK\SYS\" -I "D:\公司產品\XT-200\ZIGBEE       #
#                          CC2530\ZIGBEE Z-STACK\ZStack-CC2530-2.3.0-1.4.0\Pr #
#                          ojects\zstack\Sensor Network Application\ZIGBEE    #
#                          Endpoint & Device\CC2530DB\..\..\..\..\..\COMPONEN #
#                          TS\STACK\ZCL\" -I "D:\公司產品\XT-200\ZIGBEE       #
#                          CC2530\ZIGBEE Z-STACK\ZStack-CC2530-2.3.0-1.4.0\Pr #
#                          ojects\zstack\Sensor Network Application\ZIGBEE    #
#                          Endpoint & Device\CC2530DB\..\..\..\..\..\COMPONEN #
#                          TS\STACK\ZDO\" -I "D:\公司產品\XT-200\ZIGBEE       #
#                          CC2530\ZIGBEE Z-STACK\ZStack-CC2530-2.3.0-1.4.0\Pr #
#                          ojects\zstack\Sensor Network Application\ZIGBEE    #
#                          Endpoint & Device\CC2530DB\..\..\..\..\..\COMPONEN #
#                          TS\ZMAC\F8W\" -I "D:\公司產品\XT-200\ZIGBEE        #
#                          CC2530\ZIGBEE Z-STACK\ZStack-CC2530-2.3.0-1.4.0\Pr #
#                          ojects\zstack\Sensor Network Application\ZIGBEE    #
#                          Endpoint & Device\CC2530DB\..\..\..\..\..\COMPONEN #
#                          TS\ZMAC\" -I "D:\公司產品\XT-200\ZIGBEE            #
#                          CC2530\ZIGBEE Z-STACK\ZStack-CC2530-2.3.0-1.4.0\Pr #
#                          ojects\zstack\Sensor Network Application\ZIGBEE    #
#                          Endpoint & Device\CC2530DB\..\..\..\..\..\COMPONEN #
#                          TS\SERVICES\SADDR\" -I "D:\公司產品\XT-200\ZIGBEE  #
#                          CC2530\ZIGBEE Z-STACK\ZStack-CC2530-2.3.0-1.4.0\Pr #
#                          ojects\zstack\Sensor Network Application\ZIGBEE    #
#                          Endpoint & Device\CC2530DB\..\..\..\..\..\COMPONEN #
#                          TS\SERVICES\SDATA\" -I "D:\公司產品\XT-200\ZIGBEE  #
#                          CC2530\ZIGBEE Z-STACK\ZStack-CC2530-2.3.0-1.4.0\Pr #
#                          ojects\zstack\Sensor Network Application\ZIGBEE    #
#                          Endpoint & Device\CC2530DB\..\..\..\..\..\COMPONEN #
#                          TS\MAC\INCLUDE\" -I "D:\公司產品\XT-200\ZIGBEE     #
#                          CC2530\ZIGBEE Z-STACK\ZStack-CC2530-2.3.0-1.4.0\Pr #
#                          ojects\zstack\Sensor Network Application\ZIGBEE    #
#                          Endpoint & Device\CC2530DB\..\..\..\..\..\COMPONEN #
#                          TS\MAC\HIGH_LEVEL\" -I "D:\公司產品\XT-200\ZIGBEE  #
#                          CC2530\ZIGBEE Z-STACK\ZStack-CC2530-2.3.0-1.4.0\Pr #
#                          ojects\zstack\Sensor Network Application\ZIGBEE    #
#                          Endpoint & Device\CC2530DB\..\..\..\..\..\COMPONEN #
#                          TS\MAC\LOW_LEVEL\srf04\" -I                        #
#                          "D:\公司產品\XT-200\ZIGBEE CC2530\ZIGBEE           #
#                          Z-STACK\ZStack-CC2530-2.3.0-1.4.0\Projects\zstack\ #
#                          Sensor Network Application\ZIGBEE Endpoint &       #
#                          Device\CC2530DB\..\..\..\..\..\COMPONENTS\MAC\LOW_ #
#                          LEVEL\srf04\SINGLE_CHIP\" -I "C:\IAR               #
#                          Systems\Embedded Workbench 5.3\8051\INC\" -I       #
#                          "C:\IAR Systems\Embedded Workbench                 #
#                          5.3\8051\INC\CLIB\" -Ohz                           #
#    List file          =  D:\公司產品\XT-200\ZIGBEE CC2530\ZIGBEE            #
#                          Z-STACK\ZStack-CC2530-2.3.0-1.4.0\Projects\zstack\ #
#                          Sensor Network Application\ZIGBEE Endpoint &       #
#                          Device\CC2530DB\EndDeviceKB_M310\List\zcl_zigbee   #
#                          device.lst                                         #
#    Object file        =  D:\公司產品\XT-200\ZIGBEE CC2530\ZIGBEE            #
#                          Z-STACK\ZStack-CC2530-2.3.0-1.4.0\Projects\zstack\ #
#                          Sensor Network Application\ZIGBEE Endpoint &       #
#                          Device\CC2530DB\EndDeviceKB_M310\Obj\zcl_zigbee    #
#                          device.r51                                         #
#                                                                             #
#                                                                             #
###############################################################################

D:\公司產品\XT-200\ZIGBEE CC2530\ZIGBEE Z-STACK\ZStack-CC2530-2.3.0-1.4.0\Projects\zstack\Sensor Network Application\ZIGBEE Endpoint & Device\Source\zcl_zigbee device.c
      1          /**************************************************************************************************
      2            Filename:       zcl_zigbee device.c
      3            Revised:        $Date: 2009-03-18 15:56:27 -0700 (Wed, 18 Mar 2009) $
      4            Revision:       $Revision: 19453 $
      5          
      6            Description:    Zigbee Cluster Library - sample device application.
      7          
      8            Copyright 2006-2009 Texas Instruments Incorporated. All rights reserved.
      9          
     10            Should you have any questions regarding your right to use this Software,
     11            contact Texas Instruments Incorporated at www.TI.com.
     12          **************************************************************************************************/
     13          
     14          /**************************************************************************************************
     15            This device will be like an On/Off Switch device. This application is not intended to be a On/Off 
     16            Switch device, but will use the device description to implement this sample code.
     17          **************************************************************************************************/
     18          
     19          /*********************************************************************
     20           * INCLUDES
     21           */
     22          #include "ZComDef.h"
     23          #include "OSAL.h"
     24          #include "AF.h"
     25          #include "ZDApp.h"
     26          #include "ZDObject.h"
     27          #include "ZDProfile.h"
     28          
     29          /* ZCL */
     30          #include "zcl.h"
     31          #include "zcl_general.h"
     32          #include "zcl_ha.h"
     33          #include "zcl_zigbee device.h"
     34          
     35          /* HAL */
     36          #include "onboard.h"
     37          #include "hal_lcd.h"
     38          #include "hal_led.h"
     39          #include "hal_key.h"
     40          #include "hal_keypad.h"
     41          #include "hal_buzzer.h"
     42          
     43          /*********************************************************************
     44           * MACROS
     45           */
     46          /*********************************************************************
     47           * CONSTANTS
     48           */

   \                                 In  segment XDATA_Z, align 1, keep-with-next
     49           static afAddrType_t zclZigbeeDevice_DstAddr;
   \                     zclZigbeeDevice_DstAddr:
   \   000000                DS 12
   \   00000C                REQUIRE __INIT_XDATA_Z
     50          
     51          /*********************************************************************
     52           * TYPEDEFS
     53           */
     54          /*********************************************************************
     55           * GLOBAL VARIABLES
     56           */

   \                                 In  segment XDATA_Z, align 1, keep-with-next
     57          byte zclZigbeeDevice_TaskID; // Task ID variable
   \                     zclZigbeeDevice_TaskID:
   \   000000                DS 1
   \   000001                REQUIRE __INIT_XDATA_Z

   \                                 In  segment XDATA_Z, align 1, keep-with-next
     58          endPointDesc_t TransmitApp_epDesc;
   \                     TransmitApp_epDesc:
   \   000000                DS 6
   \   000006                REQUIRE __INIT_XDATA_Z
     59          
     60          /*********************************************************************
     61           * GLOBAL FUNCTIONS
     62           */
     63          
     64          /*********************************************************************
     65           * LOCAL VARIABLES
     66           */
     67          
     68          #define ZCLZIGBEEDEV_BINDINGLIST       1

   \                                 In  segment XDATA_I, align 1, keep-with-next
     69          static cId_t bindingOutClusters[ZCLZIGBEEDEV_BINDINGLIST] =
   \                     bindingOutClusters:
   \   000000                DS 2
   \   000002                REQUIRE `?<Initializer for bindingOutClusters>`
   \   000002                REQUIRE __INIT_XDATA_I
     70          {
     71            ZCL_CLUSTER_ID_GEN_ON_OFF
     72          };
     73          
     74          // Test Endpoint to allow SYS_APP_MSGs

   \                                 In  segment XDATA_I, align 1, keep-with-next
     75          static endPointDesc_t zigbeeDevice_TestEp =
   \                     zigbeeDevice_TestEp:
   \   000000                DS 6
   \   000006                REQUIRE `?<Initializer for zigbeeDevice_TestEp>`
   \   000006                REQUIRE __INIT_XDATA_I
     76          {
     77            20,                                 // Test endpoint
     78            &zclZigbeeDevice_TaskID,
     79            (SimpleDescriptionFormat_t *)NULL,  // No Simple description for this test endpoint
     80            (afNetworkLatencyReq_t)0            // No Network Latency req
     81          };
     82          
     83          
     84          /*********************************************************************
     85           * LOCAL FUNCTIONS
     86           */
     87          static void zclZigbeeDevice_ProcessZDOMsgs( zdoIncomingMsg_t *inMsg );
     88          static void zclZigbeeDevice_HandleKeys( byte shift, byte keys );
     89          static void zclZigbeeDevice_BasicResetCB( void );
     90          static void zclZigbeeDevice_IdentifyCB( zclIdentify_t *pCmd );
     91          static void zclZigbeeDevice_IdentifyQueryRspCB( zclIdentifyQueryRsp_t *pRsp );
     92          static void zclZigbeeDevice_ProcessIdentifyTimeChange( void );
     93          
     94          // Functions to process ZCL Foundation incoming Command/Response messages
     95          static void zclZigbeeDevice_ProcessIncomingMsg( zclIncomingMsg_t *msg );
     96          #ifdef ZCL_READ
     97            static uint8 zclZigbeeDevice_ProcessInReadRspCmd( zclIncomingMsg_t *pInMsg );
     98          #endif
     99          #ifdef ZCL_WRITE
    100            static uint8 zclZigbeeDevice_ProcessInWriteRspCmd( zclIncomingMsg_t *pInMsg );
    101          #endif
    102            static uint8 zclZigbeeDevice_ProcessInDefaultRspCmd( zclIncomingMsg_t *pInMsg );
    103          #ifdef ZCL_DISCOVER
    104            static uint8 zclZigbeeDevice_ProcessInDiscRspCmd( zclIncomingMsg_t *pInMsg );
    105          #endif
    106          
    107          //void GenericApp_SendTheMessage( void );
    108          
    109          void zclZIGBEEDevice_SendMsg(void);
    110            
    111          /*********************************************************************
    112           * ZCL General Profile Callback table
    113           */

   \                                 In  segment XDATA_I, align 1, keep-with-next
    114          static zclGeneral_AppCallbacks_t zclZigbeeDevice_CmdCallbacks =
   \                     zclZigbeeDevice_CmdCallbacks:
   \   000000                DS 30
   \   00001E                REQUIRE `?<Initializer for zclZigbeeDevice_CmdCallbacks`
   \   00001E                REQUIRE __INIT_XDATA_I
    115          {
    116            zclZigbeeDevice_BasicResetCB,       // Basic Cluster Reset command
    117            zclZigbeeDevice_IdentifyCB,         // Identify command
    118            zclZigbeeDevice_IdentifyQueryRspCB, // Identify Query Response command
    119            NULL,                               // On / Off cluster command - not needed.
    120            NULL,                               // Level Control Move to Level command
    121            NULL,                               // Level Control Move command
    122            NULL,                               // Level Control Step command
    123            NULL,                               // Group Response commands
    124            NULL,                               // Scene Store Request command
    125            NULL,                               // Scene Recall Request command
    126            NULL,                               // Scene Response commands
    127            NULL,                               // Alarm (Response) commands
    128            NULL,                               // RSSI Location commands
    129            NULL,                               // RSSI Location Response commands
    130          };
    131          
    132          
    133          /*********************************************************************
    134           * @fn          zcl_ZigbeeDevice_Init
    135           * @brief       Initialization function for the zclGeneral layer.
    136           */

   \                                 In  segment BANKED_CODE, align 1, keep-with-next
    137          void zcl_ZigbeeDevice_Init( byte task_id )
   \                     zcl_ZigbeeDevice_Init:
    138          {
   \   000000   C082         PUSH    DPL
   \   000002   C083         PUSH    DPH
   \   000004                ; Saved register size: 2
   \   000004                ; Auto size: 0
    139            zclZigbeeDevice_TaskID = task_id;
   \   000004   E9           MOV     A,R1
   \   000005   90....       MOV     DPTR,#zclZigbeeDevice_TaskID
   \   000008   F0           MOVX    @DPTR,A
    140          
    141            // Set destination address to indirect
    142            zclZigbeeDevice_DstAddr.addrMode = (afAddrMode_t)AddrNotPresent; //傳送模式-AddrNotPresent=0; AddrBroadcast=15(廣播)
   \   000009   E4           CLR     A
   \   00000A   90....       MOV     DPTR,#(zclZigbeeDevice_DstAddr + 8)
   \   00000D   F0           MOVX    @DPTR,A
    143            zclZigbeeDevice_DstAddr.endPoint = 0;                            //對象應用程式ID
   \   00000E   90....       MOV     DPTR,#(zclZigbeeDevice_DstAddr + 9)
   \   000011   F0           MOVX    @DPTR,A
    144            zclZigbeeDevice_DstAddr.addr.shortAddr = 0;                      //廣播內定地址
   \   000012   90....       MOV     DPTR,#zclZigbeeDevice_DstAddr
   \   000015   F0           MOVX    @DPTR,A
   \   000016   A3           INC     DPTR
   \   000017   F0           MOVX    @DPTR,A
    145            
    146            zclZD_Init( &zclZigbeeDevice_SimpleDesc ); // This App is part of the ZIGBEE Device Profile                      
   \   000018                ; Setup parameters for call to function zclZD_Init
   \   000018   7A..         MOV     R2,#(zclZigbeeDevice_SimpleDesc & 0xff)
   \   00001A   7B..         MOV     R3,#((zclZigbeeDevice_SimpleDesc >> 8) & 0xff)
   \   00001C   12....       LCALL   ??zclZD_Init?relay
    147          
    148            zclGeneral_RegisterCmdCallbacks( ZIGBEEDEVICE_ENDPOINT, &zclZigbeeDevice_CmdCallbacks ); // Register the ZCL General Cluster Library callback functions
   \   00001F                ; Setup parameters for call to function zclGeneral_RegisterCmdCallbacks
   \   00001F   7A..         MOV     R2,#(zclZigbeeDevice_CmdCallbacks & 0xff)
   \   000021   7B..         MOV     R3,#((zclZigbeeDevice_CmdCallbacks >> 8) & 0xff)
   \   000023   790C         MOV     R1,#0xc
   \   000025   12....       LCALL   ??zclGeneral_RegisterCmdCallbacks?relay
    149            
    150            zcl_registerAttrList( ZIGBEEDEVICE_ENDPOINT, ZIGBEEDEVICE_MAX_ATTRIBUTES, zclZigbeeDevice_Attrs ); // Register the application's attribute list
   \   000028                ; Setup parameters for call to function zcl_registerAttrList
   \   000028   7C..         MOV     R4,#(zclZigbeeDevice_Attrs & 0xff)
   \   00002A   7D..         MOV     R5,#((zclZigbeeDevice_Attrs >> 8) & 0xff)
   \   00002C   7A0B         MOV     R2,#0xb
   \   00002E   790C         MOV     R1,#0xc
   \   000030   12....       LCALL   ??zcl_registerAttrList?relay
    151            
    152            zcl_registerForMsg( zclZigbeeDevice_TaskID ); // Register the Application to receive the unprocessed Foundation command/response messages
   \   000033                ; Setup parameters for call to function zcl_registerForMsg
   \   000033   90....       MOV     DPTR,#zclZigbeeDevice_TaskID
   \   000036   E0           MOVX    A,@DPTR
   \   000037   F9           MOV     R1,A
   \   000038   12....       LCALL   ??zcl_registerForMsg?relay
    153            
    154            RegisterForKeys( zclZigbeeDevice_TaskID ); // Register for all key events - This app will handle all key events
   \   00003B                ; Setup parameters for call to function RegisterForKeys
   \   00003B   90....       MOV     DPTR,#zclZigbeeDevice_TaskID
   \   00003E   E0           MOVX    A,@DPTR
   \   00003F   F9           MOV     R1,A
   \   000040   12....       LCALL   ??RegisterForKeys?relay
    155            
    156            afRegister( &zigbeeDevice_TestEp ); // Register for a test endpoint
   \   000043                ; Setup parameters for call to function afRegister
   \   000043   7A..         MOV     R2,#(zigbeeDevice_TestEp & 0xff)
   \   000045   7B..         MOV     R3,#((zigbeeDevice_TestEp >> 8) & 0xff)
   \   000047   12....       LCALL   ??afRegister?relay
    157          
    158            ZDO_RegisterForZDOMsg( zclZigbeeDevice_TaskID, End_Device_Bind_rsp );
   \   00004A                ; Setup parameters for call to function ZDO_RegisterForZDOMsg
   \   00004A   7A20         MOV     R2,#0x20
   \   00004C   7B80         MOV     R3,#-0x80
   \   00004E   90....       MOV     DPTR,#zclZigbeeDevice_TaskID
   \   000051   E0           MOVX    A,@DPTR
   \   000052   F9           MOV     R1,A
   \   000053   12....       LCALL   ??ZDO_RegisterForZDOMsg?relay
    159            ZDO_RegisterForZDOMsg( zclZigbeeDevice_TaskID, Match_Desc_rsp );
   \   000056                ; Setup parameters for call to function ZDO_RegisterForZDOMsg
   \   000056   7A06         MOV     R2,#0x6
   \   000058   7B80         MOV     R3,#-0x80
   \   00005A   90....       MOV     DPTR,#zclZigbeeDevice_TaskID
   \   00005D   E0           MOVX    A,@DPTR
   \   00005E   F9           MOV     R1,A
   \   00005F   12....       LCALL   ??ZDO_RegisterForZDOMsg?relay
    160          }
   \   000062   02....       LJMP    ?Subroutine3 & 0xFFFF

   \                                 In  segment BANKED_CODE, align 1, keep-with-next
   \                     ?Subroutine3:
   \   000000   D083         POP     DPH
   \   000002   D082         POP     DPL
   \   000004   02....       LJMP    ?BRET
    161          
    162          /*********************************************************************
    163           * @fn          zclSample_event_loop
    164           * @brief       Event Loop Processor for zclGeneral.
    165           */

   \                                 In  segment BANKED_CODE, align 1, keep-with-next
    166          uint16 zclZigbeeDevice_event_loop( uint8 task_id, uint16 events )
   \                     zclZigbeeDevice_event_loop:
    167          {
   \   000000   74F0         MOV     A,#-0x10
   \   000002   12....       LCALL   ?BANKED_ENTER_XDATA
   \   000005                ; Saved register size: 16
   \   000005                ; Auto size: 9
   \   000005   74F7         MOV     A,#-0x9
   \   000007   12....       LCALL   ?ALLOC_XSTACK8
   \   00000A   EA           MOV     A,R2
   \   00000B   FE           MOV     R6,A
   \   00000C   EB           MOV     A,R3
   \   00000D   FF           MOV     R7,A
    168            afIncomingMSGPacket_t *MSGpkt;
    169            (void)task_id;  // Intentionally unreferenced parameter
    170            
    171            // Data Confirmation message fields
    172            ZStatus_t sentStatus;
    173            byte sentEP;
    174            
    175            if ( events & SYS_EVENT_MSG )
   \   00000E   7480         MOV     A,#-0x80
   \   000010   5F           ANL     A,R7
   \   000011   F9           MOV     R1,A
   \   000012   E4           CLR     A
   \   000013   7001         JNZ     ??zclZigbeeDevice_event_loop_0
   \   000015   E9           MOV     A,R1
   \                     ??zclZigbeeDevice_event_loop_0:
   \   000016   6003         JZ      $+5
   \   000018   02....       LJMP    ??zclZigbeeDevice_event_loop_1 & 0xFFFF
    176            {
    177              while ( (MSGpkt = (afIncomingMSGPacket_t *)osal_msg_receive( zclZigbeeDevice_TaskID )) )
    178              { 
    179                switch ( MSGpkt->hdr.event )
    180                {
    181                  case ZCL_INCOMING_MSG:
    182                    zclZigbeeDevice_ProcessIncomingMsg( (zclIncomingMsg_t *)MSGpkt ); // Incoming ZCL Foundation command/response messages         
    183                    break;
    184          
    185                  case ZDO_CB_MSG:
    186                    zclZigbeeDevice_ProcessZDOMsgs( (zdoIncomingMsg_t *)MSGpkt );
    187                    if ( (ZSuccess == sentStatus) && (TransmitApp_epDesc.endPoint == sentEP) )
    188                    {
    189                        osal_start_timerEx( zclZigbeeDevice_TaskID, SENSOR_SEND_MSG_EVT, SEND_DISPLAY_TIMER);
    190                    }
    191                    // Action taken when confirmation is received to Send the next message.
    192                    Sensor_SetSendEvent();
    193                    break;
    194          
    195                  case KEY_CHANGE:
    196                    zclZigbeeDevice_HandleKeys( ((keyChange_t *)MSGpkt)->state, ((keyChange_t *)MSGpkt)->keys );
    197                    break;
    198          
    199                  default:
    200                    break;
    201                }
    202                osal_msg_deallocate( (uint8 *)MSGpkt ); // Release the memory
    203              }
    204              return (events ^ SYS_EVENT_MSG); // return unprocessed events
    205            }
    206            
    207            // Called to process any change to the IdentifyTime attribute.
    208            if ( events & SAMPLESW_IDENTIFY_TIMEOUT_EVT )
   \   00001B   EE           MOV     A,R6
   \   00001C   A2E0         MOV     C,0xE0 /* A   */.0
   \   00001E   4003         JC      $+5
   \   000020   02....       LJMP    ??zclZigbeeDevice_event_loop_2 & 0xFFFF
    209            {
    210              zclSampleSw_IdentifyTime = 10;
   \   000023   90....       MOV     DPTR,#zclSampleSw_IdentifyTime
   \   000026   740A         MOV     A,#0xa
   \   000028   F0           MOVX    @DPTR,A
   \   000029   A3           INC     DPTR
   \   00002A   E4           CLR     A
   \   00002B   F0           MOVX    @DPTR,A
    211              zclZigbeeDevice_ProcessIdentifyTimeChange();
   \   00002C                ; Setup parameters for call to function zclZigbeeDevice_ProcessIdentifyTimeChange
   \   00002C   12....       LCALL   ??zclZigbeeDevice_ProcessIdentifyTimeChange?rel
    212              return ( events ^ SAMPLESW_IDENTIFY_TIMEOUT_EVT );
   \   00002F   7401         MOV     A,#0x1
   \   000031   6E           XRL     A,R6
   \   000032   FA           MOV     R2,A
   \   000033   EF           MOV     A,R7
   \                     ??zclZigbeeDevice_event_loop_3:
   \   000034   FB           MOV     R3,A
   \   000035   02....       LJMP    ??zclZigbeeDevice_event_loop_4 & 0xFFFF
    213            }
   \                     ??zclZigbeeDevice_event_loop_5:
   \   000038   8A82         MOV     DPL,R2
   \   00003A   8B83         MOV     DPH,R3
   \   00003C   A3           INC     DPTR
   \   00003D   A3           INC     DPTR
   \   00003E   A3           INC     DPTR
   \   00003F   E0           MOVX    A,@DPTR
   \   000040   F5..         MOV     ?V0 + 4,A
   \   000042   A2E0         MOV     C,0xE0 /* A   */.0
   \   000044   5049         JNC     ??zclZigbeeDevice_event_loop_6
   \   000046                ; Setup parameters for call to function zcl_SendCommand
   \   000046   75..00       MOV     ?V0 + 6,#0x0
   \   000049   75..00       MOV     ?V0 + 7,#0x0
   \   00004C   78..         MOV     R0,#?V0 + 6
   \   00004E   12....       LCALL   ?PUSH_XSTACK_I_TWO
   \   000051   78..         MOV     R0,#?V0 + 6
   \   000053   12....       LCALL   ?PUSH_XSTACK_I_TWO
   \   000056   75..00       MOV     ?V0 + 5,#0x0
   \   000059   78..         MOV     R0,#?V0 + 5
   \   00005B   12....       LCALL   ?PUSH_XSTACK_I_ONE
   \   00005E   78..         MOV     R0,#?V0 + 6
   \   000060   12....       LCALL   ?PUSH_XSTACK_I_TWO
   \   000063   78..         MOV     R0,#?V0 + 5
   \   000065   12....       LCALL   ?PUSH_XSTACK_I_ONE
   \   000068   78..         MOV     R0,#?V0 + 5
   \   00006A   12....       LCALL   ?PUSH_XSTACK_I_ONE
   \   00006D   75..01       MOV     ?V0 + 5,#0x1
   \   000070   78..         MOV     R0,#?V0 + 5
   \   000072   12....       LCALL   ?PUSH_XSTACK_I_ONE
   \   000075   75..02       MOV     ?V0 + 5,#0x2
   \   000078   78..         MOV     R0,#?V0 + 5
   \   00007A   12....       LCALL   ?PUSH_XSTACK_I_ONE
   \   00007D   7C06         MOV     R4,#0x6
   \   00007F   7D00         MOV     R5,#0x0
   \   000081   7A..         MOV     R2,#(zclZigbeeDevice_DstAddr & 0xff)
   \   000083   7B..         MOV     R3,#((zclZigbeeDevice_DstAddr >> 8) & 0xff)
   \   000085   790C         MOV     R1,#0xc
   \   000087   12....       LCALL   ??zcl_SendCommand?relay
   \   00008A   740B         MOV     A,#0xb
   \   00008C   12....       LCALL   ?DEALLOC_XSTACK8
   \                     ??zclZigbeeDevice_event_loop_6:
   \   00008F   E5..         MOV     A,?V0 + 4
   \   000091   A2E3         MOV     C,0xE0 /* A   */.3
   \   000093   505C         JNC     ??zclZigbeeDevice_event_loop_7
   \   000095                ; Setup parameters for call to function HalLedSet
   \   000095   7A00         MOV     R2,#0x0
   \   000097   7901         MOV     R1,#0x1
   \   000099   12....       LCALL   ??HalLedSet?relay
   \   00009C   7408         MOV     A,#0x8
   \   00009E   12....       LCALL   ?XSTACK_DISP0_8
   \   0000A1   740F         MOV     A,#0xf
   \   0000A3   F0           MOVX    @DPTR,A
   \   0000A4   85..82       MOV     DPL,?XSP + 0
   \   0000A7   85..83       MOV     DPH,?XSP + 1
   \   0000AA   74FF         MOV     A,#-0x1
   \   0000AC   F0           MOVX    @DPTR,A
   \   0000AD   A3           INC     DPTR
   \   0000AE   F0           MOVX    @DPTR,A
   \   0000AF                ; Setup parameters for call to function ZDP_MatchDescReq
   \   0000AF   75..00       MOV     ?V0 + 4,#0x0
   \   0000B2   78..         MOV     R0,#?V0 + 4
   \   0000B4   12....       LCALL   ?PUSH_XSTACK_I_ONE
   \   0000B7   75..00       MOV     ?V0 + 5,#0x0
   \   0000BA   78..         MOV     R0,#?V0 + 4
   \   0000BC   12....       LCALL   ?PUSH_XSTACK_I_TWO
   \   0000BF   78..         MOV     R0,#?V0 + 4
   \   0000C1   12....       LCALL   ?PUSH_XSTACK_I_ONE
   \   0000C4   75....       MOV     ?V0 + 4,#(bindingOutClusters & 0xff)
   \   0000C7   75....       MOV     ?V0 + 5,#((bindingOutClusters >> 8) & 0xff)
   \   0000CA   78..         MOV     R0,#?V0 + 4
   \   0000CC   12....       LCALL   ?PUSH_XSTACK_I_TWO
   \   0000CF   75..04       MOV     ?V0 + 4,#0x4
   \   0000D2   75..01       MOV     ?V0 + 5,#0x1
   \   0000D5   78..         MOV     R0,#?V0 + 4
   \   0000D7   12....       LCALL   ?PUSH_XSTACK_I_TWO
   \   0000DA   7901         MOV     R1,#0x1
   \   0000DC   7CFF         MOV     R4,#-0x1
   \   0000DE   7DFF         MOV     R5,#-0x1
   \   0000E0   7408         MOV     A,#0x8
   \   0000E2   12....       LCALL   ?XSTACK_DISP0_8
   \   0000E5   AA82         MOV     R2,DPL
   \   0000E7   AB83         MOV     R3,DPH
   \   0000E9   12....       LCALL   ??ZDP_MatchDescReq?relay
   \   0000EC   7408         MOV     A,#0x8
   \   0000EE   12....       LCALL   ?DEALLOC_XSTACK8
   \                     ??zclZigbeeDevice_event_loop_7:
   \   0000F1                ; Setup parameters for call to function osal_msg_deallocate
   \   0000F1   AA..         MOV     R2,?V0 + 0
   \   0000F3   AB..         MOV     R3,?V0 + 1
   \   0000F5   12....       LCALL   ??osal_msg_deallocate?relay
   \                     ??zclZigbeeDevice_event_loop_1:
   \   0000F8                ; Setup parameters for call to function osal_msg_receive
   \   0000F8   90....       MOV     DPTR,#zclZigbeeDevice_TaskID
   \   0000FB   E0           MOVX    A,@DPTR
   \   0000FC   F9           MOV     R1,A
   \   0000FD   12....       LCALL   ??osal_msg_receive?relay
   \   000100   8A..         MOV     ?V0 + 0,R2
   \   000102   8B..         MOV     ?V0 + 1,R3
   \   000104   EA           MOV     A,R2
   \   000105   7001         JNZ     ??zclZigbeeDevice_event_loop_8
   \   000107   EB           MOV     A,R3
   \                     ??zclZigbeeDevice_event_loop_8:
   \   000108   7003         JNZ     $+5
   \   00010A   02....       LJMP    ??zclZigbeeDevice_event_loop_9 & 0xFFFF
   \   00010D   8A82         MOV     DPL,R2
   \   00010F   8B83         MOV     DPH,R3
   \   000111   E0           MOVX    A,@DPTR
   \   000112   12....       LCALL   ?UC_SWITCH_SPARSE
   \                     `?<Jumptable for zclZigbeeDevice_event_loop>_0`:
   \   000115   00           DB        0
   \   000116   03           DB        3
   \   000117   34           DB        52
   \   000118   ....         DW        ??zclZigbeeDevice_event_loop_10
   \   00011A   C0           DB        192
   \   00011B   ....         DW        ??zclZigbeeDevice_event_loop_5
   \   00011D   D3           DB        211
   \   00011E   ....         DW        ??zclZigbeeDevice_event_loop_11
   \   000120   ....         DW        ??zclZigbeeDevice_event_loop_7
   \                     ??zclZigbeeDevice_event_loop_10:
   \   000122   8A82         MOV     DPL,R2
   \   000124   8B83         MOV     DPH,R3
   \   000126   A3           INC     DPTR
   \   000127   A3           INC     DPTR
   \   000128   A3           INC     DPTR
   \   000129   A3           INC     DPTR
   \   00012A   A3           INC     DPTR
   \   00012B   A3           INC     DPTR
   \   00012C   A3           INC     DPTR
   \   00012D   E0           MOVX    A,@DPTR
   \   00012E   12....       LCALL   ?UC_SWITCH_SPARSE
   \                     `?<Jumptable for zclZigbeeDevice_event_loop>_1`:
   \   000131   00           DB        0
   \   000132   02           DB        2
   \   000133   01           DB        1
   \   000134   ....         DW        ??zclZigbeeDevice_event_loop_12
   \   000136   04           DB        4
   \   000137   ....         DW        ??zclZigbeeDevice_event_loop_13
   \   000139   ....         DW        ??zclZigbeeDevice_event_loop_14
   \                     ??zclZigbeeDevice_event_loop_12:
   \   00013B   12....       LCALL   ?Subroutine0 & 0xFFFF
   \                     ??CrossCallReturnLabel_0:
   \   00013E   E0           MOVX    A,@DPTR
   \   00013F   FA           MOV     R2,A
   \   000140   EB           MOV     A,R3
   \   000141   C3           CLR     C
   \   000142   9A           SUBB    A,R2
   \   000143   5010         JNC     ??zclZigbeeDevice_event_loop_14
   \   000145   0B           INC     R3
   \   000146   80F6         SJMP    ??CrossCallReturnLabel_0
   \                     ??zclZigbeeDevice_event_loop_13:
   \   000148   12....       LCALL   ?Subroutine0 & 0xFFFF
   \                     ??CrossCallReturnLabel_1:
   \   00014B   8001         SJMP    ??zclZigbeeDevice_event_loop_15
   \                     ??zclZigbeeDevice_event_loop_16:
   \   00014D   0B           INC     R3
   \                     ??zclZigbeeDevice_event_loop_15:
   \   00014E   E0           MOVX    A,@DPTR
   \   00014F   FA           MOV     R2,A
   \   000150   EB           MOV     A,R3
   \   000151   C3           CLR     C
   \   000152   9A           SUBB    A,R2
   \   000153   40F8         JC      ??zclZigbeeDevice_event_loop_16
   \                     ??zclZigbeeDevice_event_loop_14:
   \   000155   E5..         MOV     A,?V0 + 0
   \   000157   2416         ADD     A,#0x16
   \   000159   F582         MOV     DPL,A
   \   00015B   E5..         MOV     A,?V0 + 1
   \   00015D   3400         ADDC    A,#0x0
   \   00015F   F583         MOV     DPH,A
   \   000161   E0           MOVX    A,@DPTR
   \   000162   FA           MOV     R2,A
   \   000163   A3           INC     DPTR
   \   000164   E0           MOVX    A,@DPTR
   \   000165   FB           MOV     R3,A
   \   000166   EA           MOV     A,R2
   \   000167   7001         JNZ     ??zclZigbeeDevice_event_loop_17
   \   000169   EB           MOV     A,R3
   \                     ??zclZigbeeDevice_event_loop_17:
   \   00016A   6085         JZ      ??zclZigbeeDevice_event_loop_7
   \   00016C                ; Setup parameters for call to function osal_mem_free
   \   00016C   12....       LCALL   ??osal_mem_free?relay
   \   00016F   8080         SJMP    ??zclZigbeeDevice_event_loop_7
   \                     ??zclZigbeeDevice_event_loop_11:
   \   000171   EA           MOV     A,R2
   \   000172   240C         ADD     A,#0xc
   \   000174   F582         MOV     DPL,A
   \   000176   EB           MOV     A,R3
   \   000177   3400         ADDC    A,#0x0
   \   000179   F583         MOV     DPH,A
   \   00017B   E0           MOVX    A,@DPTR
   \   00017C   F5..         MOV     ?V0 + 4,A
   \   00017E   A3           INC     DPTR
   \   00017F   E0           MOVX    A,@DPTR
   \   000180   F5..         MOV     ?V0 + 5,A
   \   000182   78..         MOV     R0,#?V0 + 4
   \   000184   12....       LCALL   ?US_SWITCH_SPARSE
   \                     `?<Jumptable for zclZigbeeDevice_event_loop>_2`:
   \   000187   0000         DW        0
   \   000189   0200         DW        2
   \   00018B   0680         DW        32774
   \   00018D   ....         DW        ??zclZigbeeDevice_event_loop_18
   \   00018F   2080         DW        32800
   \   000191   ....         DW        ??zclZigbeeDevice_event_loop_19
   \   000193   ....         DW        ??zclZigbeeDevice_event_loop_20
   \                     ??zclZigbeeDevice_event_loop_19:
   \   000195   EA           MOV     A,R2
   \   000196   2413         ADD     A,#0x13
   \   000198   12....       LCALL   ?Subroutine2 & 0xFFFF
   \                     ??CrossCallReturnLabel_2:
   \   00019B   F583         MOV     DPH,A
   \   00019D   8882         MOV     DPL,R0
   \   00019F   E0           MOVX    A,@DPTR
   \   0001A0   7009         JNZ     ??zclZigbeeDevice_event_loop_21
   \   0001A2                ; Setup parameters for call to function HalLedSet
   \   0001A2   7A01         MOV     R2,#0x1
   \                     ??zclZigbeeDevice_event_loop_22:
   \   0001A4   7901         MOV     R1,#0x1
   \   0001A6   12....       LCALL   ??HalLedSet?relay
   \   0001A9   8051         SJMP    ??zclZigbeeDevice_event_loop_20
   \                     ??zclZigbeeDevice_event_loop_21:
   \   0001AB                ; Setup parameters for call to function HalLedSet
   \   0001AB   7A04         MOV     R2,#0x4
   \   0001AD   80F5         SJMP    ??zclZigbeeDevice_event_loop_22
   \                     ??zclZigbeeDevice_event_loop_18:
   \   0001AF                ; Setup parameters for call to function ZDO_ParseEPListRsp
   \   0001AF   12....       LCALL   ??ZDO_ParseEPListRsp?relay
   \   0001B2   8A..         MOV     ?V0 + 4,R2
   \   0001B4   8B..         MOV     ?V0 + 5,R3
   \   0001B6   EA           MOV     A,R2
   \   0001B7   7001         JNZ     ??zclZigbeeDevice_event_loop_23
   \   0001B9   EB           MOV     A,R3
   \                     ??zclZigbeeDevice_event_loop_23:
   \   0001BA   6040         JZ      ??zclZigbeeDevice_event_loop_20
   \   0001BC   8A82         MOV     DPL,R2
   \   0001BE   8B83         MOV     DPH,R3
   \   0001C0   E0           MOVX    A,@DPTR
   \   0001C1   7032         JNZ     ??zclZigbeeDevice_event_loop_24
   \   0001C3   A3           INC     DPTR
   \   0001C4   A3           INC     DPTR
   \   0001C5   A3           INC     DPTR
   \   0001C6   E0           MOVX    A,@DPTR
   \   0001C7   602C         JZ      ??zclZigbeeDevice_event_loop_24
   \   0001C9   7402         MOV     A,#0x2
   \   0001CB   90....       MOV     DPTR,#(zclZigbeeDevice_DstAddr + 8)
   \   0001CE   F0           MOVX    @DPTR,A
   \   0001CF   8A82         MOV     DPL,R2
   \   0001D1   8B83         MOV     DPH,R3
   \   0001D3   A3           INC     DPTR
   \   0001D4   E0           MOVX    A,@DPTR
   \   0001D5   F8           MOV     R0,A
   \   0001D6   A3           INC     DPTR
   \   0001D7   E0           MOVX    A,@DPTR
   \   0001D8   F9           MOV     R1,A
   \   0001D9   90....       MOV     DPTR,#zclZigbeeDevice_DstAddr
   \   0001DC   E8           MOV     A,R0
   \   0001DD   F0           MOVX    @DPTR,A
   \   0001DE   A3           INC     DPTR
   \   0001DF   E9           MOV     A,R1
   \   0001E0   F0           MOVX    @DPTR,A
   \   0001E1   8A82         MOV     DPL,R2
   \   0001E3   8B83         MOV     DPH,R3
   \   0001E5   A3           INC     DPTR
   \   0001E6   A3           INC     DPTR
   \   0001E7   A3           INC     DPTR
   \   0001E8   A3           INC     DPTR
   \   0001E9   E0           MOVX    A,@DPTR
   \   0001EA   90....       MOV     DPTR,#(zclZigbeeDevice_DstAddr + 9)
   \   0001ED   F0           MOVX    @DPTR,A
   \   0001EE                ; Setup parameters for call to function HalLedSet
   \   0001EE   7A01         MOV     R2,#0x1
   \   0001F0   7901         MOV     R1,#0x1
   \   0001F2   12....       LCALL   ??HalLedSet?relay
   \                     ??zclZigbeeDevice_event_loop_24:
   \   0001F5                ; Setup parameters for call to function osal_mem_free
   \   0001F5   AA..         MOV     R2,?V0 + 4
   \   0001F7   AB..         MOV     R3,?V0 + 5
   \   0001F9   12....       LCALL   ??osal_mem_free?relay
   \                     ??zclZigbeeDevice_event_loop_20:
   \   0001FC   E5..         MOV     A,?V0 + 3
   \   0001FE   700B         JNZ     ??CrossCallReturnLabel_4
   \   000200   90....       MOV     DPTR,#TransmitApp_epDesc
   \   000203   E0           MOVX    A,@DPTR
   \   000204   65..         XRL     A,?V0 + 2
   \   000206   7003         JNZ     ??CrossCallReturnLabel_4
   \   000208                ; Setup parameters for call to function osal_start_timerEx
   \   000208   12....       LCALL   ?Subroutine1 & 0xFFFF
   \                     ??CrossCallReturnLabel_4:
   \   00020B                ; Setup parameters for call to function Sensor_SetSendEvent
   \   00020B   12....       LCALL   ??Sensor_SetSendEvent?relay
   \   00020E   02....       LJMP    ??zclZigbeeDevice_event_loop_7 & 0xFFFF
   \                     ??zclZigbeeDevice_event_loop_9:
   \   000211   EE           MOV     A,R6
   \   000212   FA           MOV     R2,A
   \   000213   7480         MOV     A,#-0x80
   \   000215   6F           XRL     A,R7
   \   000216   02....       LJMP    ??zclZigbeeDevice_event_loop_3 & 0xFFFF
    214            
    215            // Send the sensor data to Coordinator
    216            if ( events & SENSOR_SEND_MSG_EVT )
   \                     ??zclZigbeeDevice_event_loop_2:
   \   000219   5402         ANL     A,#0x2
   \   00021B   600E         JZ      ??zclZigbeeDevice_event_loop_25
    217            {
    218              osal_start_timerEx( zclZigbeeDevice_TaskID, SENSOR_SEND_MSG_EVT, SEND_DISPLAY_TIMER);
   \   00021D                ; Setup parameters for call to function osal_start_timerEx
   \   00021D   12....       LCALL   ?Subroutine1 & 0xFFFF
    219              zclZIGBEEDevice_SendMsg();
   \                     ??CrossCallReturnLabel_5:
   \   000220                ; Setup parameters for call to function M310_SensorFunction
   \   000220   12....       LCALL   ??M310_SensorFunction?relay
    220              return ( events ^ SENSOR_SEND_MSG_EVT );
   \   000223   7402         MOV     A,#0x2
   \   000225   6E           XRL     A,R6
   \   000226   FA           MOV     R2,A
   \   000227   EF           MOV     A,R7
   \   000228   FB           MOV     R3,A
   \   000229   8004         SJMP    ??zclZigbeeDevice_event_loop_4
    221            }
    222            
    223            return 0; // Discard unknown events
   \                     ??zclZigbeeDevice_event_loop_25:
   \   00022B   7A00         MOV     R2,#0x0
   \   00022D   7B00         MOV     R3,#0x0
   \                     ??zclZigbeeDevice_event_loop_4:
   \   00022F   7409         MOV     A,#0x9
   \   000231   12....       LCALL   ?DEALLOC_XSTACK8
   \   000234   7F08         MOV     R7,#0x8
   \   000236   02....       LJMP    ?BANKED_LEAVE_XDATA
    224          }

   \                                 In  segment BANKED_CODE, align 1, keep-with-next
   \                     ?Subroutine1:
   \   000000   7CD0         MOV     R4,#-0x30
   \   000002   7D07         MOV     R5,#0x7
   \   000004   7A02         MOV     R2,#0x2
   \   000006                REQUIRE ??Subroutine4_0
   \   000006                ; // Fall through to label ??Subroutine4_0

   \                                 In  segment BANKED_CODE, align 1, keep-with-next
   \                     ??Subroutine4_0:
   \   000000   7B00         MOV     R3,#0x0
   \   000002   90....       MOV     DPTR,#zclZigbeeDevice_TaskID
   \   000005   E0           MOVX    A,@DPTR
   \   000006   F9           MOV     R1,A
   \   000007   12....       LCALL   ??osal_start_timerEx?relay
   \   00000A   22           RET

   \                                 In  segment BANKED_CODE, align 1, keep-with-next
   \                     ?Subroutine0:
   \   000000   EA           MOV     A,R2
   \   000001   2416         ADD     A,#0x16
   \   000003   12....       LCALL   ?Subroutine2 & 0xFFFF
   \                     ??CrossCallReturnLabel_3:
   \   000006   F9           MOV     R1,A
   \   000007   8882         MOV     DPL,R0
   \   000009   8983         MOV     DPH,R1
   \   00000B   7B00         MOV     R3,#0x0
   \   00000D   22           RET

   \                                 In  segment BANKED_CODE, align 1, keep-with-next
   \                     ?Subroutine2:
   \   000000   F582         MOV     DPL,A
   \   000002   EB           MOV     A,R3
   \   000003   3400         ADDC    A,#0x0
   \   000005   F583         MOV     DPH,A
   \   000007   E0           MOVX    A,@DPTR
   \   000008   F8           MOV     R0,A
   \   000009   A3           INC     DPTR
   \   00000A   E0           MOVX    A,@DPTR
   \   00000B   22           RET
    225          
    226          /*********************************************************************
    227           * @fn      Sensor_SetSendEvent
    228           * @brief   Set the Sensor send data event flag
    229           */

   \                                 In  segment BANKED_CODE, align 1, keep-with-next
    230          void Sensor_SetSendEvent( void )
   \                     Sensor_SetSendEvent:
    231          {
   \   000000   C082         PUSH    DPL
   \   000002   C083         PUSH    DPH
   \   000004                ; Saved register size: 2
   \   000004                ; Auto size: 0
    232          #if defined( DELAY_SEND )
    233            // Adds a delay to sending the data
    234            osal_start_timerEx( zclZigbeeDevice_TaskID, SEND_MSG_EVT, SEND_DELAY );
    235          #else
    236            // No Delay - just send the data
    237            osal_set_event( zclZigbeeDevice_TaskID, SENSOR_SEND_MSG_EVT );
   \   000004                ; Setup parameters for call to function osal_set_event
   \   000004   7A02         MOV     R2,#0x2
   \   000006   7B00         MOV     R3,#0x0
   \   000008   90....       MOV     DPTR,#zclZigbeeDevice_TaskID
   \   00000B   E0           MOVX    A,@DPTR
   \   00000C   F9           MOV     R1,A
   \   00000D   12....       LCALL   ??osal_set_event?relay
    238          #endif
    239          }
   \   000010   80..         SJMP    ?Subroutine3
    240          
    241          /*********************************************************************
    242           * @fn      zclZigbeeDevice_ProcessZDOMsgs()
    243           * @brief   Process response messages
    244           */
    245          void zclZigbeeDevice_ProcessZDOMsgs( zdoIncomingMsg_t *inMsg )
    246          {
    247            switch ( inMsg->clusterID )
    248            {
    249              case End_Device_Bind_rsp:
    250                if ( ZDO_ParseBindRsp( inMsg ) == ZSuccess )
    251                {
    252                  HalLedSet( HAL_LED_1, HAL_LED_MODE_ON ); // Light LED
    253                }
    254          #if defined(BLINK_LEDS)
    255                else
    256                {      
    257                  HalLedSet ( HAL_LED_1, HAL_LED_MODE_FLASH ); // Flash LED to show failure
    258                }
    259          #endif
    260                break;
    261          
    262              case Match_Desc_rsp:
    263                {
    264                  ZDO_ActiveEndpointRsp_t *pRsp = ZDO_ParseEPListRsp( inMsg );
    265                  if ( pRsp )
    266                  {
    267                    if ( pRsp->status == ZSuccess && pRsp->cnt )
    268                    {
    269                      zclZigbeeDevice_DstAddr.addrMode = (afAddrMode_t)Addr16Bit;
    270                      zclZigbeeDevice_DstAddr.addr.shortAddr = pRsp->nwkAddr;
    271                      // Take the first endpoint, Can be changed to search through endpoints
    272                      zclZigbeeDevice_DstAddr.endPoint = pRsp->epList[0];
    273                      
    274                      HalLedSet( HAL_LED_1, HAL_LED_MODE_ON ); // Light LED
    275                    }
    276                    osal_mem_free( pRsp );
    277                  }
    278                }
    279                break;
    280            }
    281          }
    282          
    283          /*********************************************************************
    284           * @fn      zclZigbeeDevice_HandleKeys
    285           * @brief   Handles all key events for this device.
    286           * @param   shift - true if in shift/alt.
    287           * @param   keys - bit field for key events. 
    288           *          Valid entries: HAL_KEY_SW_4(MCU-K2)
    289           *                         HAL_KEY_SW_1(MCU-K1)
    290           */
    291          static void zclZigbeeDevice_HandleKeys( byte shift, byte keys )
    292          {
    293            zAddrType_t dstAddr;
    294            (void)shift;  // Intentionally unreferenced parameter
    295            
    296            // Using this as the "Light Switch"
    297            if ( keys & HAL_KEY_SW1 )
    298            {    
    299              #ifdef ZCL_ON_OFF 
    300                zclGeneral_SendOnOff_CmdToggle( ZIGBEEDEVICE_ENDPOINT, &zclZigbeeDevice_DstAddr, false, 0 );
    301              #endif
    302            }
    303            
    304            //atuo binding(自動綁定裝置)
    305            if ( keys & HAL_KEY_SW2 ) 
    306            {
    307              HalLedSet ( HAL_LED_1, HAL_LED_MODE_OFF );
    308          
    309              // Initiate a Match Description Request (Service Discovery)
    310              dstAddr.addrMode = AddrBroadcast;
    311              dstAddr.addr.shortAddr = NWK_BROADCAST_SHORTADDR;
    312              ZDP_MatchDescReq( &dstAddr, 
    313                                NWK_BROADCAST_SHORTADDR,
    314                                ZCL_HA_PROFILE_ID,
    315                                ZCLZIGBEEDEV_BINDINGLIST, 
    316                                bindingOutClusters,
    317                                0, 
    318                                NULL, // No incoming clusters to bind
    319                                FALSE );
    320            }
    321          }
    322          
    323          /*********************************************************************
    324           * @fn      zclZigbeeDevice_ProcessIdentifyTimeChange
    325           * @brief   Called to process any change to the IdentifyTime attribute.
    326           */

   \                                 In  segment BANKED_CODE, align 1, keep-with-next
    327          static void zclZigbeeDevice_ProcessIdentifyTimeChange( void )
   \                     zclZigbeeDevice_ProcessIdentifyTimeChange:
    328          {
   \   000000   C082         PUSH    DPL
   \   000002   C083         PUSH    DPH
   \   000004                ; Saved register size: 2
   \   000004                ; Auto size: 0
    329            if ( zclSampleSw_IdentifyTime > 0 )
   \   000004   90....       MOV     DPTR,#zclSampleSw_IdentifyTime
   \   000007   E0           MOVX    A,@DPTR
   \   000008   7002         JNZ     ??zclZigbeeDevice_ProcessIdentifyTimeChange_0
   \   00000A   A3           INC     DPTR
   \   00000B   E0           MOVX    A,@DPTR
   \                     ??zclZigbeeDevice_ProcessIdentifyTimeChange_0:
   \   00000C   6018         JZ      ??zclZigbeeDevice_ProcessIdentifyTimeChange_1
    330            {
    331              osal_start_timerEx( zclZigbeeDevice_TaskID, SAMPLESW_IDENTIFY_TIMEOUT_EVT, 1000 );
   \   00000E                ; Setup parameters for call to function osal_start_timerEx
   \   00000E   7CE8         MOV     R4,#-0x18
   \   000010   7D03         MOV     R5,#0x3
   \   000012   7A01         MOV     R2,#0x1
   \   000014   12....       LCALL   ??Subroutine4_0 & 0xFFFF
    332              HalLedBlink ( HAL_LED_1, 0xFF, HAL_LED_DEFAULT_DUTY_CYCLE, HAL_LED_DEFAULT_FLASH_TIME );
   \                     ??CrossCallReturnLabel_6:
   \   000017                ; Setup parameters for call to function HalLedBlink
   \   000017   7CE8         MOV     R4,#-0x18
   \   000019   7D03         MOV     R5,#0x3
   \   00001B   7B05         MOV     R3,#0x5
   \   00001D   7AFF         MOV     R2,#-0x1
   \   00001F   7901         MOV     R1,#0x1
   \   000021   12....       LCALL   ??HalLedBlink?relay
   \   000024   801D         SJMP    ??zclZigbeeDevice_ProcessIdentifyTimeChange_2
    333            }
    334            else
    335            {
    336              if ( zclSampleSw_OnOff )
   \                     ??zclZigbeeDevice_ProcessIdentifyTimeChange_1:
   \   000026   90....       MOV     DPTR,#zclSampleSw_OnOff
   \   000029   E0           MOVX    A,@DPTR
   \   00002A   6004         JZ      ??zclZigbeeDevice_ProcessIdentifyTimeChange_3
    337                HalLedSet ( HAL_LED_1, HAL_LED_MODE_ON );
   \   00002C                ; Setup parameters for call to function HalLedSet
   \   00002C   7A01         MOV     R2,#0x1
   \   00002E   8002         SJMP    ??zclZigbeeDevice_ProcessIdentifyTimeChange_4
    338              else
    339                HalLedSet ( HAL_LED_1, HAL_LED_MODE_OFF );
   \                     ??zclZigbeeDevice_ProcessIdentifyTimeChange_3:
   \   000030                ; Setup parameters for call to function HalLedSet
   \   000030   7A00         MOV     R2,#0x0
   \                     ??zclZigbeeDevice_ProcessIdentifyTimeChange_4:
   \   000032   7901         MOV     R1,#0x1
   \   000034   12....       LCALL   ??HalLedSet?relay
    340              osal_stop_timerEx( zclZigbeeDevice_TaskID, SAMPLESW_IDENTIFY_TIMEOUT_EVT );
   \   000037                ; Setup parameters for call to function osal_stop_timerEx
   \   000037   7A01         MOV     R2,#0x1
   \   000039   7B00         MOV     R3,#0x0
   \   00003B   90....       MOV     DPTR,#zclZigbeeDevice_TaskID
   \   00003E   E0           MOVX    A,@DPTR
   \   00003F   F9           MOV     R1,A
   \   000040   12....       LCALL   ??osal_stop_timerEx?relay
    341            }
    342          }
   \                     ??zclZigbeeDevice_ProcessIdentifyTimeChange_2:
   \   000043                REQUIRE ?Subroutine3
   \   000043                ; // Fall through to label ?Subroutine3
    343          
    344          /*********************************************************************
    345           * @fn      zclZigbeeDevice_BasicResetCB
    346           * @brief   Callback from the ZCL General Cluster Library
    347           *          to set all the Basic Cluster attributes to  default values.
    348           */

   \                                 In  segment BANKED_CODE, align 1, keep-with-next
    349          static void zclZigbeeDevice_BasicResetCB( void )
   \                     zclZigbeeDevice_BasicResetCB:
    350          {
   \   000000                ; Saved register size: 0
   \   000000                ; Auto size: 0
    351          }
   \   000000   02....       LJMP    ?BRET
    352          
    353          /*********************************************************************
    354           * @fn      zclZigbeeDevice_IdentifyCB
    355           * @brief   Callback from the ZCL General Cluster Library when
    356           *          it received an Identity Command for this application.
    357           * @param   srcAddr - source address and endpoint of the response message
    358           *          identifyTime - the number of seconds to identify yourself
    359           */

   \                                 In  segment BANKED_CODE, align 1, keep-with-next
    360          static void zclZigbeeDevice_IdentifyCB( zclIdentify_t *pCmd )
   \                     zclZigbeeDevice_IdentifyCB:
    361          {
   \   000000   C082         PUSH    DPL
   \   000002   C083         PUSH    DPH
   \   000004                ; Saved register size: 2
   \   000004                ; Auto size: 0
    362            zclSampleSw_IdentifyTime = pCmd->identifyTime;
   \   000004   8A82         MOV     DPL,R2
   \   000006   8B83         MOV     DPH,R3
   \   000008   A3           INC     DPTR
   \   000009   A3           INC     DPTR
   \   00000A   E0           MOVX    A,@DPTR
   \   00000B   F8           MOV     R0,A
   \   00000C   A3           INC     DPTR
   \   00000D   E0           MOVX    A,@DPTR
   \   00000E   F9           MOV     R1,A
   \   00000F   90....       MOV     DPTR,#zclSampleSw_IdentifyTime
   \   000012   E8           MOV     A,R0
   \   000013   F0           MOVX    @DPTR,A
   \   000014   A3           INC     DPTR
   \   000015   E9           MOV     A,R1
   \   000016   F0           MOVX    @DPTR,A
    363            zclZigbeeDevice_ProcessIdentifyTimeChange();
   \   000017                ; Setup parameters for call to function zclZigbeeDevice_ProcessIdentifyTimeChange
   \   000017   12....       LCALL   ??zclZigbeeDevice_ProcessIdentifyTimeChange?rel
    364          }
   \   00001A   80..         SJMP    ?Subroutine3
    365          
    366          /*********************************************************************
    367           * @fn      zclZigbeeDevice_IdentifyQueryRspCB
    368           * @brief   Callback from the ZCL General Cluster Library when
    369           *          it received an Identity Query Response Command for this application.
    370           * @param   srcAddr - source address
    371           *          timeout - number of seconds to identify yourself (valid for query response)
    372           */

   \                                 In  segment BANKED_CODE, align 1, keep-with-next
    373          static void zclZigbeeDevice_IdentifyQueryRspCB( zclIdentifyQueryRsp_t *pRsp )
   \                     zclZigbeeDevice_IdentifyQueryRspCB:
    374          {
   \   000000                ; Saved register size: 0
   \   000000                ; Auto size: 0
    375            (void)pRsp; // Query Response (with timeout value)
    376          }
   \   000000   02....       LJMP    ?BRET
    377          
    378          /******************************************************************************
    379           *
    380           *  Functions for processing ZCL Foundation incoming Command/Response messages
    381           *
    382           *****************************************************************************/
    383          
    384          /*********************************************************************
    385           * @fn      zclZigbeeDevice_ProcessIncomingMsg
    386           * @brief   Process ZCL Foundation incoming message
    387           * @param   pInMsg - pointer to the received message
    388           */
    389          static void zclZigbeeDevice_ProcessIncomingMsg( zclIncomingMsg_t *pInMsg )
    390          {
    391            switch ( pInMsg->zclHdr.commandID )
    392            {
    393              #ifdef ZCL_READ
    394                case ZCL_CMD_READ_RSP:
    395                  zclZigbeeDevice_ProcessInReadRspCmd( pInMsg );
    396                  break;
    397              #endif
    398              #ifdef ZCL_WRITE
    399                case ZCL_CMD_WRITE_RSP:
    400                  zclZigbeeDevice_ProcessInWriteRspCmd( pInMsg );
    401                  break;
    402              #endif
    403              #ifdef ZCL_REPORT // See ZCL Test Applicaiton (zcl_testapp.c) for sample code on Attribute Reporting     
    404                case ZCL_CMD_CONFIG_REPORT:
    405                  //zclSampleSw_ProcessInConfigReportCmd( pInMsg );
    406                  break;
    407          
    408                case ZCL_CMD_CONFIG_REPORT_RSP:
    409                  //zclSampleSw_ProcessInConfigReportRspCmd( pInMsg );
    410                  break;
    411          
    412                case ZCL_CMD_READ_REPORT_CFG:
    413                  //zclSampleSw_ProcessInReadReportCfgCmd( pInMsg );
    414                  break;
    415          
    416                case ZCL_CMD_READ_REPORT_CFG_RSP:
    417                  //zclSampleSw_ProcessInReadReportCfgRspCmd( pInMsg );
    418                  break;
    419          
    420                case ZCL_CMD_REPORT:
    421                  //zclSampleSw_ProcessInReportCmd( pInMsg );
    422                  break;
    423              #endif
    424                case ZCL_CMD_DEFAULT_RSP:
    425                  zclZigbeeDevice_ProcessInDefaultRspCmd( pInMsg );
    426                  break;
    427              #ifdef ZCL_DISCOVER
    428                case ZCL_CMD_DISCOVER_RSP:
    429                  zclZigbeeDevice_ProcessInDiscRspCmd( pInMsg );
    430                  break;
    431              #endif
    432                default:
    433                  break;
    434            }
    435            if ( pInMsg->attrCmd )
    436              osal_mem_free( pInMsg->attrCmd );
    437          }
    438          
    439          #ifdef ZCL_READ
    440          /*********************************************************************
    441           * @fn      zclZigbeeDevice_ProcessInReadRspCmd
    442           * @brief   Process the "Profile" Read Response Command
    443           * @param   pInMsg - incoming message to process
    444           */
    445          static uint8 zclZigbeeDevice_ProcessInReadRspCmd( zclIncomingMsg_t *pInMsg )
    446          {
    447            zclReadRspCmd_t *readRspCmd;
    448            uint8 i;
    449          
    450            readRspCmd = (zclReadRspCmd_t *)pInMsg->attrCmd;
    451            for (i = 0; i < readRspCmd->numAttr; i++)
    452            {
    453              // Notify the originator of the results of the original read attributes
    454              // attempt and, for each successfull request, the value of the requested
    455              // attribute
    456            }return TRUE;
    457          }
    458          #endif // ZCL_READ
    459          
    460          #ifdef ZCL_WRITE
    461          /*********************************************************************
    462           * @fn      zclZigbeeDevice_ProcessInWriteRspCmd
    463           * @brief   Process the "Profile" Write Response Command
    464           * @param   pInMsg - incoming message to process
    465           */
    466          static uint8 zclZigbeeDevice_ProcessInWriteRspCmd( zclIncomingMsg_t *pInMsg )
    467          {
    468            zclWriteRspCmd_t *writeRspCmd;
    469            uint8 i;
    470          
    471            writeRspCmd = (zclWriteRspCmd_t *)pInMsg->attrCmd;
    472            for (i = 0; i < writeRspCmd->numAttr; i++)
    473            {
    474              // Notify the device of the results of the its original write attributes
    475              // command.
    476            }return TRUE;
    477          }
    478          #endif // ZCL_WRITE
    479          
    480          /*********************************************************************
    481           * @fn      zclZigbeeDevice_ProcessInDefaultRspCmd
    482           * @brief   Process the "Profile" Default Response Command
    483           * @param   pInMsg - incoming message to process
    484           */
    485          static uint8 zclZigbeeDevice_ProcessInDefaultRspCmd( zclIncomingMsg_t *pInMsg )
    486          {
    487            // zclDefaultRspCmd_t *defaultRspCmd = (zclDefaultRspCmd_t *)pInMsg->attrCmd;
    488            // Device is notified of the Default Response command.
    489            (void)pInMsg;
    490            return TRUE;
    491          }
    492          
    493          #ifdef ZCL_DISCOVER
    494          /*********************************************************************
    495           * @fn      zclZigbeeDevice_ProcessInDiscRspCmd
    496           * @brief   Process the "Profile" Discover Response Command
    497           * @param   pInMsg - incoming message to process
    498           */
    499          static uint8 zclZigbeeDevice_ProcessInDiscRspCmd( zclIncomingMsg_t *pInMsg )
    500          {
    501            zclDiscoverRspCmd_t *discoverRspCmd;
    502            uint8 i;
    503          
    504            discoverRspCmd = (zclDiscoverRspCmd_t *)pInMsg->attrCmd;
    505            for ( i = 0; i < discoverRspCmd->numAttr; i++ )
    506            {
    507              // Device is notified of the result of its attribute discovery command.
    508            }return TRUE;
    509          }
    510          #endif // ZCL_DISCOVER
    511          
    512          
    513          /****************************************************************************
    514          ****************************************************************************/
    515          
    516          /*********************************************************************
    517           * @fn      zclZIGBEEDevice_SendMsg
    518           * @brief   Use ZCL Foundation send the message to coordinator
    519           */

   \                                 In  segment BANKED_CODE, align 1, keep-with-next
    520          void zclZIGBEEDevice_SendMsg(void)
   \                     zclZIGBEEDevice_SendMsg:
    521          {
   \   000000   C082         PUSH    DPL
   \   000002   C083         PUSH    DPH
   \   000004                ; Saved register size: 2
   \   000004                ; Auto size: 0
    522            #if defined(M140)
    523              M140_SensorFunction();
    524            #endif
    525            #if defined(M170)
    526              M170_SensorFunction();
    527            #endif
    528            #if defined(M200)
    529              M200_SensorFunction();
    530            #endif
    531            #if defined(M220)
    532              M220_SensorFunction();
    533            #endif
    534            #if defined(M310)
    535              M310_SensorFunction();
   \   000004                ; Setup parameters for call to function M310_SensorFunction
   \   000004   12....       LCALL   ??M310_SensorFunction?relay
    536            #endif
    537          }
   \   000007   80..         SJMP    ?Subroutine3

   \                                 In  segment XDATA_ID, align 1, keep-with-next
   \                     `?<Initializer for bindingOutClusters>`:
   \   000000   0600         DW 6

   \                                 In  segment XDATA_ID, align 1, keep-with-next
   \                     `?<Initializer for zigbeeDevice_TestEp>`:
   \   000000   14           DB 20
   \   000001   ....0000     DW zclZigbeeDevice_TaskID, 0H
   \   000005   00           DB 0

   \                                 In  segment XDATA_ID, align 1, keep-with-next
   \                     `?<Initializer for zclZigbeeDevice_CmdCallbacks`:
   \   000000   ....         DW ??zclZigbeeDevice_BasicResetCB?relay
   \   000002   ....         DW ??zclZigbeeDevice_IdentifyCB?relay
   \   000004   ....0000     DW ??zclZigbeeDevice_IdentifyQueryRspCB?relay, 0H, 0H, 0H, 0H, 0H, 0H
   \            00000000
   \            00000000
   \            0000    
   \   000012   00000000     DW 0H, 0H, 0H, 0H, 0H
   \            00000000
   \            0000    
   \   00001C   0000         DB 0, 0

   \                                 In  segment BANK_RELAYS, align 1
   \                     ??zcl_ZigbeeDevice_Init?relay:
   \   000000   12....       LCALL   ?BDISPATCH
   \   000003   ......       DC24    zcl_ZigbeeDevice_Init

   \                                 In  segment BANK_RELAYS, align 1
   \                     ??zclZigbeeDevice_event_loop?relay:
   \   000000   12....       LCALL   ?BDISPATCH
   \   000003   ......       DC24    zclZigbeeDevice_event_loop

   \                                 In  segment BANK_RELAYS, align 1
   \                     ??Sensor_SetSendEvent?relay:
   \   000000   12....       LCALL   ?BDISPATCH
   \   000003   ......       DC24    Sensor_SetSendEvent

   \                                 In  segment BANK_RELAYS, align 1
   \                     ??zclZigbeeDevice_ProcessIdentifyTimeChange?rel:
   \   000000   12....       LCALL   ?BDISPATCH
   \   000003   ......       DC24    zclZigbeeDevice_ProcessIdentifyTimeChange

   \                                 In  segment BANK_RELAYS, align 1
   \                     ??zclZigbeeDevice_BasicResetCB?relay:
   \   000000   12....       LCALL   ?BDISPATCH
   \   000003   ......       DC24    zclZigbeeDevice_BasicResetCB

   \                                 In  segment BANK_RELAYS, align 1
   \                     ??zclZigbeeDevice_IdentifyCB?relay:
   \   000000   12....       LCALL   ?BDISPATCH
   \   000003   ......       DC24    zclZigbeeDevice_IdentifyCB

   \                                 In  segment BANK_RELAYS, align 1
   \                     ??zclZigbeeDevice_IdentifyQueryRspCB?relay:
   \   000000   12....       LCALL   ?BDISPATCH
   \   000003   ......       DC24    zclZigbeeDevice_IdentifyQueryRspCB

   \                                 In  segment BANK_RELAYS, align 1
   \                     ??zclZIGBEEDevice_SendMsg?relay:
   \   000000   12....       LCALL   ?BDISPATCH
   \   000003   ......       DC24    zclZIGBEEDevice_SendMsg
    538          

   Maximum stack usage in bytes:

     Function                       ISTACK PSTACK XSTACK
     --------                       ------ ------ ------
     Sensor_SetSendEvent                2      0     25
       -> osal_set_event                4      0      0
     zclZIGBEEDevice_SendMsg            2      0      0
       -> M310_SensorFunction           4      0      0
     zclZigbeeDevice_BasicResetCB       0      0      0
     zclZigbeeDevice_IdentifyCB         2      0      0
       -> zclZigbeeDevice_ProcessIdentifyTimeChange
                                        4      0      0
     zclZigbeeDevice_IdentifyQueryRspCB
                                        0      0      0
     zclZigbeeDevice_ProcessIdentifyTimeChange
                                        2      0     25
       -> osal_start_timerEx            4      0      0
       -> HalLedBlink                   4      0      0
       -> HalLedSet                     4      0      0
       -> HalLedSet                     4      0      0
       -> osal_stop_timerEx             4      0      0
     zclZigbeeDevice_event_loop         1      0     36
       -> zclZigbeeDevice_ProcessIdentifyTimeChange
                                        0      0     50
       -> zcl_SendCommand               0      0     72
       -> HalLedSet                     0      0     50
       -> ZDP_MatchDescReq              0      0     66
       -> osal_msg_deallocate           0      0     50
       -> osal_msg_receive              0      0     50
       -> osal_mem_free                 0      0     50
       -> HalLedSet                     0      0     50
       -> HalLedSet                     0      0     50
       -> ZDO_ParseEPListRsp            0      0     50
       -> HalLedSet                     0      0     50
       -> osal_mem_free                 0      0     50
       -> osal_start_timerEx            0      0     50
       -> Sensor_SetSendEvent           0      0     50
       -> osal_start_timerEx            0      0     50
       -> M310_SensorFunction           0      0     50
     zcl_ZigbeeDevice_Init              2      0      0
       -> zclZD_Init                    4      0      0
       -> zclGeneral_RegisterCmdCallbacks
                                        4      0      0
       -> zcl_registerAttrList          4      0      0
       -> zcl_registerForMsg            4      0      0
       -> RegisterForKeys               4      0      0
       -> afRegister                    4      0      0
       -> ZDO_RegisterForZDOMsg         4      0      0
       -> ZDO_RegisterForZDOMsg         4      0      0


   Segment part sizes:

     Function/Label                                  Bytes
     --------------                                  -----
     zclZigbeeDevice_DstAddr                           12
     zclZigbeeDevice_TaskID                             1
     TransmitApp_epDesc                                 6
     bindingOutClusters                                 2
     zigbeeDevice_TestEp                                6
     zclZigbeeDevice_CmdCallbacks                      30
     zcl_ZigbeeDevice_Init                            101
     ?Subroutine3                                       7
     zclZigbeeDevice_event_loop                       569
     ?Subroutine1                                       6
     ??Subroutine4_0                                   11
     ?Subroutine0                                      14
     ?Subroutine2                                      12
     Sensor_SetSendEvent                               18
     zclZigbeeDevice_ProcessIdentifyTimeChange
                                                       67
     zclZigbeeDevice_BasicResetCB                       3
     zclZigbeeDevice_IdentifyCB                        28
     zclZigbeeDevice_IdentifyQueryRspCB
                                                        3
     zclZIGBEEDevice_SendMsg                            9
     ?<Initializer for bindingOutClusters>              2
     ?<Initializer for zigbeeDevice_TestEp>             6
     ?<Initializer for zclZigbeeDevice_CmdCallbacks    30
     ??zcl_ZigbeeDevice_Init?relay                      6
     ??zclZigbeeDevice_event_loop?relay                 6
     ??Sensor_SetSendEvent?relay                        6
     ??zclZigbeeDevice_ProcessIdentifyTimeChange?rel    6
     ??zclZigbeeDevice_BasicResetCB?relay               6
     ??zclZigbeeDevice_IdentifyCB?relay                 6
     ??zclZigbeeDevice_IdentifyQueryRspCB?relay         6
     ??zclZIGBEEDevice_SendMsg?relay                    6

 
 848 bytes in segment BANKED_CODE
  48 bytes in segment BANK_RELAYS
  38 bytes in segment XDATA_I
  38 bytes in segment XDATA_ID
  19 bytes in segment XDATA_Z
 
 934 bytes of CODE  memory
  57 bytes of XDATA memory

Errors: none
Warnings: none
