###############################################################################
#                                                                             #
# IAR C/C++ Compiler V7.51A/W32 for 8051                08/Jun/2010  11:24:09 #
# Copyright 2004-2009 IAR Systems AB.                                         #
#                                                                             #
#    Core               =  plain                                              #
#    Code model         =  banked                                             #
#    Data model         =  large                                              #
#    Calling convention =  xdata reentrant                                    #
#    Constant location  =  data_rom                                           #
#    Dptr setup         =  1,16                                               #
#    Source file        =  D:\µ{¦¡¶}µo\TI Zigbee Z-Stack\ZStack-CC2530-2.3.0- #
#                          1.4.0\ZStack-CC2530-2.3.0-1.4.0\Projects\zstack\Ho #
#                          meAutomation\Source\zcl_ha.c                       #
#    Command line       =  -f "D:\µ{¦¡¶}µo\TI Zigbee                          #
#                          Z-Stack\ZStack-CC2530-2.3.0-1.4.0\ZStack-CC2530-2. #
#                          3.0-1.4.0\Projects\zstack\HomeAutomation\SampleSwi #
#                          tch\CC2530DB\..\..\..\Tools\CC2530DB\f8wRouter.cfg #
#                          " (-DCPU32MHZ -DROOT=__near_func                   #
#                          -DMAC_CFG_APP_PENDING_QUEUE=TRUE -DRTR_NWK         #
#                          -DBLINK_LEDS) -f "D:\µ{¦¡¶}µo\TI Zigbee            #
#                          Z-Stack\ZStack-CC2530-2.3.0-1.4.0\ZStack-CC2530-2. #
#                          3.0-1.4.0\Projects\zstack\HomeAutomation\SampleSwi #
#                          tch\CC2530DB\..\..\..\Tools\CC2530DB\f8wConfig.cfg #
#                          " (-DSECURE=0 -DZG_SECURE_DYNAMIC=0 -DREFLECTOR    #
#                          -DDEFAULT_CHANLIST=0x00000800                      #
#                          -DZDAPP_CONFIG_PAN_ID=0xFFFF                       #
#                          -DNWK_START_DELAY=100 -DEXTENDED_JOINING_RANDOM_MA #
#                          SK=0x007F -DBEACON_REQUEST_DELAY=100               #
#                          -DBEACON_REQ_DELAY_MASK=0x00FF                     #
#                          -DROUTE_EXPIRY_TIME=30 -DAPSC_ACK_WAIT_DURATION_PO #
#                          LLED=3000 -DNWK_INDIRECT_MSG_TIMEOUT=7             #
#                          -DMAX_RREQ_ENTRIES=8 -DAPSC_MAX_FRAME_RETRIES=3    #
#                          -DNWK_MAX_DATA_RETRIES=2                           #
#                          -DMAX_POLL_FAILURE_RETRIES=2 -DMAX_BCAST=9         #
#                          -DAPS_MAX_GROUPS=16 -DMAX_RTG_ENTRIES=40           #
#                          -DNWK_MAX_BINDING_ENTRIES=4                        #
#                          -DMAX_BINDING_CLUSTER_IDS=4 "-DDEFAULT_KEY={0x01,  #
#                          0x03, 0x05, 0x07, 0x09, 0x0B, 0x0D, 0x0F, 0x00,    #
#                          0x02, 0x04, 0x06, 0x08, 0x0A, 0x0C, 0x0D}"         #
#                          -DMAC_MAX_FRAME_SIZE=116 "-DCONST=const __code"    #
#                          -DGENERIC=__generic -DRFD_RCVC_ALWAYS_ON=TRUE      #
#                          -DPOLL_RATE=1000 -DQUEUED_POLL_RATE=100            #
#                          -DRESPONSE_POLL_RATE=100 -DREJOIN_POLL_RATE=440)   #
#                          -f "D:\µ{¦¡¶}µo\TI Zigbee                          #
#                          Z-Stack\ZStack-CC2530-2.3.0-1.4.0\ZStack-CC2530-2. #
#                          3.0-1.4.0\Projects\zstack\HomeAutomation\SampleSwi #
#                          tch\CC2530DB\..\..\..\Tools\CC2530DB\f8wZCL.cfg"   #
#                          (-DZCL_READ -DZCL_WRITE -DZCL_BASIC                #
#                          -DZCL_IDENTIFY -DZCL_ON_OFF -DZCL_KEY_ESTABLISH    #
#                          -DZCL_LOAD_CONTROL -DZCL_SIMPLE_METERING           #
#                          -DZCL_PRICING) -DZCL_MESSAGE "D:\µ{¦¡¶}µo\TI       #
#                          Zigbee Z-Stack\ZStack-CC2530-2.3.0-1.4.0\ZStack-CC #
#                          2530-2.3.0-1.4.0\Projects\zstack\HomeAutomation\So #
#                          urce\zcl_ha.c" -D ZTOOL_P1 -D MT_TASK -D           #
#                          MT_APP_FUNC -D MT_SYS_FUNC -D MT_ZDO_FUNC -D       #
#                          LCD_SUPPORTED=DEBUG -lC "D:\µ{¦¡¶}µo\TI Zigbee     #
#                          Z-Stack\ZStack-CC2530-2.3.0-1.4.0\ZStack-CC2530-2. #
#                          3.0-1.4.0\Projects\zstack\HomeAutomation\SampleSwi #
#                          tch\CC2530DB\RouterKB\List\" -lA "D:\µ{¦¡¶}µo\TI   #
#                          Zigbee Z-Stack\ZStack-CC2530-2.3.0-1.4.0\ZStack-CC #
#                          2530-2.3.0-1.4.0\Projects\zstack\HomeAutomation\Sa #
#                          mpleSwitch\CC2530DB\RouterKB\List\"                #
#                          --diag_suppress Pe001,Pa010 -o "D:\µ{¦¡¶}µo\TI     #
#                          Zigbee Z-Stack\ZStack-CC2530-2.3.0-1.4.0\ZStack-CC #
#                          2530-2.3.0-1.4.0\Projects\zstack\HomeAutomation\Sa #
#                          mpleSwitch\CC2530DB\RouterKB\Obj\" -e              #
#                          --require_prototypes --debug --core=plain          #
#                          --dptr=16,1 --data_model=large                     #
#                          --code_model=banked --calling_convention=xdata_ree #
#                          ntrant --place_constants=data_rom                  #
#                          --nr_virtual_regs 16 -I "D:\µ{¦¡¶}µo\TI Zigbee     #
#                          Z-Stack\ZStack-CC2530-2.3.0-1.4.0\ZStack-CC2530-2. #
#                          3.0-1.4.0\Projects\zstack\HomeAutomation\SampleSwi #
#                          tch\CC2530DB\" -I "D:\µ{¦¡¶}µo\TI Zigbee           #
#                          Z-Stack\ZStack-CC2530-2.3.0-1.4.0\ZStack-CC2530-2. #
#                          3.0-1.4.0\Projects\zstack\HomeAutomation\SampleSwi #
#                          tch\CC2530DB\..\SOURCE\" -I "D:\µ{¦¡¶}µo\TI        #
#                          Zigbee Z-Stack\ZStack-CC2530-2.3.0-1.4.0\ZStack-CC #
#                          2530-2.3.0-1.4.0\Projects\zstack\HomeAutomation\Sa #
#                          mpleSwitch\CC2530DB\..\..\SOURCE\" -I              #
#                          "D:\µ{¦¡¶}µo\TI Zigbee Z-Stack\ZStack-CC2530-2.3.0 #
#                          -1.4.0\ZStack-CC2530-2.3.0-1.4.0\Projects\zstack\H #
#                          omeAutomation\SampleSwitch\CC2530DB\..\..\..\ZMAIN #
#                          \TI2530DB\" -I "D:\µ{¦¡¶}µo\TI Zigbee              #
#                          Z-Stack\ZStack-CC2530-2.3.0-1.4.0\ZStack-CC2530-2. #
#                          3.0-1.4.0\Projects\zstack\HomeAutomation\SampleSwi #
#                          tch\CC2530DB\..\..\..\..\..\COMPONENTS\MT\" -I     #
#                          "D:\µ{¦¡¶}µo\TI Zigbee Z-Stack\ZStack-CC2530-2.3.0 #
#                          -1.4.0\ZStack-CC2530-2.3.0-1.4.0\Projects\zstack\H #
#                          omeAutomation\SampleSwitch\CC2530DB\..\..\..\..\.. #
#                          \COMPONENTS\HAL\INCLUDE\" -I "D:\µ{¦¡¶}µo\TI       #
#                          Zigbee Z-Stack\ZStack-CC2530-2.3.0-1.4.0\ZStack-CC #
#                          2530-2.3.0-1.4.0\Projects\zstack\HomeAutomation\Sa #
#                          mpleSwitch\CC2530DB\..\..\..\..\..\COMPONENTS\HAL\ #
#                          TARGET\CC2530EB\" -I "D:\µ{¦¡¶}µo\TI Zigbee        #
#                          Z-Stack\ZStack-CC2530-2.3.0-1.4.0\ZStack-CC2530-2. #
#                          3.0-1.4.0\Projects\zstack\HomeAutomation\SampleSwi #
#                          tch\CC2530DB\..\..\..\..\..\COMPONENTS\OSAL\MCU\CC #
#                          SOC\" -I "D:\µ{¦¡¶}µo\TI Zigbee                    #
#                          Z-Stack\ZStack-CC2530-2.3.0-1.4.0\ZStack-CC2530-2. #
#                          3.0-1.4.0\Projects\zstack\HomeAutomation\SampleSwi #
#                          tch\CC2530DB\..\..\..\..\..\COMPONENTS\OSAL\INCLUD #
#                          E\" -I "D:\µ{¦¡¶}µo\TI Zigbee                      #
#                          Z-Stack\ZStack-CC2530-2.3.0-1.4.0\ZStack-CC2530-2. #
#                          3.0-1.4.0\Projects\zstack\HomeAutomation\SampleSwi #
#                          tch\CC2530DB\..\..\..\..\..\COMPONENTS\STACK\AF\"  #
#                          -I "D:\µ{¦¡¶}µo\TI Zigbee                          #
#                          Z-Stack\ZStack-CC2530-2.3.0-1.4.0\ZStack-CC2530-2. #
#                          3.0-1.4.0\Projects\zstack\HomeAutomation\SampleSwi #
#                          tch\CC2530DB\..\..\..\..\..\COMPONENTS\STACK\NWK\" #
#                           -I "D:\µ{¦¡¶}µo\TI Zigbee                         #
#                          Z-Stack\ZStack-CC2530-2.3.0-1.4.0\ZStack-CC2530-2. #
#                          3.0-1.4.0\Projects\zstack\HomeAutomation\SampleSwi #
#                          tch\CC2530DB\..\..\..\..\..\COMPONENTS\STACK\SEC\" #
#                           -I "D:\µ{¦¡¶}µo\TI Zigbee                         #
#                          Z-Stack\ZStack-CC2530-2.3.0-1.4.0\ZStack-CC2530-2. #
#                          3.0-1.4.0\Projects\zstack\HomeAutomation\SampleSwi #
#                          tch\CC2530DB\..\..\..\..\..\COMPONENTS\STACK\SAPI\ #
#                          " -I "D:\µ{¦¡¶}µo\TI Zigbee                        #
#                          Z-Stack\ZStack-CC2530-2.3.0-1.4.0\ZStack-CC2530-2. #
#                          3.0-1.4.0\Projects\zstack\HomeAutomation\SampleSwi #
#                          tch\CC2530DB\..\..\..\..\..\COMPONENTS\STACK\SYS\" #
#                           -I "D:\µ{¦¡¶}µo\TI Zigbee                         #
#                          Z-Stack\ZStack-CC2530-2.3.0-1.4.0\ZStack-CC2530-2. #
#                          3.0-1.4.0\Projects\zstack\HomeAutomation\SampleSwi #
#                          tch\CC2530DB\..\..\..\..\..\COMPONENTS\STACK\ZCL\" #
#                           -I "D:\µ{¦¡¶}µo\TI Zigbee                         #
#                          Z-Stack\ZStack-CC2530-2.3.0-1.4.0\ZStack-CC2530-2. #
#                          3.0-1.4.0\Projects\zstack\HomeAutomation\SampleSwi #
#                          tch\CC2530DB\..\..\..\..\..\COMPONENTS\STACK\ZDO\" #
#                           -I "D:\µ{¦¡¶}µo\TI Zigbee                         #
#                          Z-Stack\ZStack-CC2530-2.3.0-1.4.0\ZStack-CC2530-2. #
#                          3.0-1.4.0\Projects\zstack\HomeAutomation\SampleSwi #
#                          tch\CC2530DB\..\..\..\..\..\COMPONENTS\ZMAC\F8W\"  #
#                          -I "D:\µ{¦¡¶}µo\TI Zigbee                          #
#                          Z-Stack\ZStack-CC2530-2.3.0-1.4.0\ZStack-CC2530-2. #
#                          3.0-1.4.0\Projects\zstack\HomeAutomation\SampleSwi #
#                          tch\CC2530DB\..\..\..\..\..\COMPONENTS\ZMAC\" -I   #
#                          "D:\µ{¦¡¶}µo\TI Zigbee Z-Stack\ZStack-CC2530-2.3.0 #
#                          -1.4.0\ZStack-CC2530-2.3.0-1.4.0\Projects\zstack\H #
#                          omeAutomation\SampleSwitch\CC2530DB\..\..\..\..\.. #
#                          \COMPONENTS\SERVICES\SADDR\" -I "D:\µ{¦¡¶}µo\TI    #
#                          Zigbee Z-Stack\ZStack-CC2530-2.3.0-1.4.0\ZStack-CC #
#                          2530-2.3.0-1.4.0\Projects\zstack\HomeAutomation\Sa #
#                          mpleSwitch\CC2530DB\..\..\..\..\..\COMPONENTS\SERV #
#                          ICES\SDATA\" -I "D:\µ{¦¡¶}µo\TI Zigbee             #
#                          Z-Stack\ZStack-CC2530-2.3.0-1.4.0\ZStack-CC2530-2. #
#                          3.0-1.4.0\Projects\zstack\HomeAutomation\SampleSwi #
#                          tch\CC2530DB\..\..\..\..\..\COMPONENTS\MAC\INCLUDE #
#                          \" -I "D:\µ{¦¡¶}µo\TI Zigbee                       #
#                          Z-Stack\ZStack-CC2530-2.3.0-1.4.0\ZStack-CC2530-2. #
#                          3.0-1.4.0\Projects\zstack\HomeAutomation\SampleSwi #
#                          tch\CC2530DB\..\..\..\..\..\COMPONENTS\MAC\HIGH_LE #
#                          VEL\" -I "D:\µ{¦¡¶}µo\TI Zigbee                    #
#                          Z-Stack\ZStack-CC2530-2.3.0-1.4.0\ZStack-CC2530-2. #
#                          3.0-1.4.0\Projects\zstack\HomeAutomation\SampleSwi #
#                          tch\CC2530DB\..\..\..\..\..\COMPONENTS\MAC\LOW_LEV #
#                          EL\srf04\" -I "D:\µ{¦¡¶}µo\TI Zigbee               #
#                          Z-Stack\ZStack-CC2530-2.3.0-1.4.0\ZStack-CC2530-2. #
#                          3.0-1.4.0\Projects\zstack\HomeAutomation\SampleSwi #
#                          tch\CC2530DB\..\..\..\..\..\COMPONENTS\MAC\LOW_LEV #
#                          EL\srf04\SINGLE_CHIP\" -I "C:\IAR                  #
#                          Systems\Embedded Workbench 5.3\8051\INC\" -I       #
#                          "C:\IAR Systems\Embedded Workbench                 #
#                          5.3\8051\INC\CLIB\" -Ohz                           #
#    List file          =  D:\µ{¦¡¶}µo\TI Zigbee Z-Stack\ZStack-CC2530-2.3.0- #
#                          1.4.0\ZStack-CC2530-2.3.0-1.4.0\Projects\zstack\Ho #
#                          meAutomation\SampleSwitch\CC2530DB\RouterKB\List\z #
#                          cl_ha.lst                                          #
#    Object file        =  D:\µ{¦¡¶}µo\TI Zigbee Z-Stack\ZStack-CC2530-2.3.0- #
#                          1.4.0\ZStack-CC2530-2.3.0-1.4.0\Projects\zstack\Ho #
#                          meAutomation\SampleSwitch\CC2530DB\RouterKB\Obj\zc #
#                          l_ha.r51                                           #
#                                                                             #
#                                                                             #
###############################################################################

D:\µ{¦¡¶}µo\TI Zigbee Z-Stack\ZStack-CC2530-2.3.0-1.4.0\ZStack-CC2530-2.3.0-1.4.0\Projects\zstack\HomeAutomation\Source\zcl_ha.c
      1          /**************************************************************************************************
      2            Filename:       zcl_ha.c
      3            Revised:        $Date: 2009-12-22 17:20:57 -0800 (Tue, 22 Dec 2009) $
      4            Revision:       $Revision: 21402 $
      5          
      6            Description:    Describe the purpose and contents of the file.
      7          
      8          
      9            Copyright 2006-2007 Texas Instruments Incorporated. All rights reserved.
     10          
     11            IMPORTANT: Your use of this Software is limited to those specific rights
     12            granted under the terms of a software license agreement between the user
     13            who downloaded the software, his/her employer (which must be your employer)
     14            and Texas Instruments Incorporated (the "License").  You may not use this
     15            Software unless you agree to abide by the terms of the License. The License
     16            limits your use, and you acknowledge, that the Software may not be modified,
     17            copied or distributed unless embedded on a Texas Instruments microcontroller
     18            or used solely and exclusively in conjunction with a Texas Instruments radio
     19            frequency transceiver, which is integrated into your product.  Other than for
     20            the foregoing purpose, you may not use, reproduce, copy, prepare derivative
     21            works of, modify, distribute, perform, display or sell this Software and/or
     22            its documentation for any purpose.
     23          
     24            YOU FURTHER ACKNOWLEDGE AND AGREE THAT THE SOFTWARE AND DOCUMENTATION ARE
     25            PROVIDED “AS IS” WITHOUT WARRANTY OF ANY KIND, EITHER EXPRESS OR IMPLIED, 
     26            INCLUDING WITHOUT LIMITATION, ANY WARRANTY OF MERCHANTABILITY, TITLE, 
     27            NON-INFRINGEMENT AND FITNESS FOR A PARTICULAR PURPOSE. IN NO EVENT SHALL
     28            TEXAS INSTRUMENTS OR ITS LICENSORS BE LIABLE OR OBLIGATED UNDER CONTRACT,
     29            NEGLIGENCE, STRICT LIABILITY, CONTRIBUTION, BREACH OF WARRANTY, OR OTHER
     30            LEGAL EQUITABLE THEORY ANY DIRECT OR INDIRECT DAMAGES OR EXPENSES
     31            INCLUDING BUT NOT LIMITED TO ANY INCIDENTAL, SPECIAL, INDIRECT, PUNITIVE
     32            OR CONSEQUENTIAL DAMAGES, LOST PROFITS OR LOST DATA, COST OF PROCUREMENT
     33            OF SUBSTITUTE GOODS, TECHNOLOGY, SERVICES, OR ANY CLAIMS BY THIRD PARTIES
     34            (INCLUDING BUT NOT LIMITED TO ANY DEFENSE THEREOF), OR OTHER SIMILAR COSTS.
     35          
     36            Should you have any questions regarding your right to use this Software,
     37            contact Texas Instruments Incorporated at www.TI.com. 
     38          **************************************************************************************************/
     39          
     40          /*********************************************************************
     41           * INCLUDES
     42           */
     43          #include "ZComDef.h"
     44          #include "OSAL.h"
     45          
     46          #include "zcl.h"
     47          #include "zcl_general.h"
     48          #include "zcl_closures.h"
     49          #include "zcl_HVAC.h"
     50          #include "zcl_ss.h"
     51          #include "zcl_ms.h"
     52          #include "zcl_lighting.h"
     53          #include "zcl_ha.h"
     54          
     55          /*********************************************************************
     56           * MACROS
     57           */
     58          
     59          /*********************************************************************
     60           * CONSTANTS
     61           */
     62          
     63          /*********************************************************************
     64           * TYPEDEFS
     65           */
     66          
     67          /*********************************************************************
     68           * GLOBAL VARIABLES
     69           */
     70          
     71          /*********************************************************************
     72           * EXTERNAL VARIABLES
     73           */
     74          
     75          /*********************************************************************
     76           * EXTERNAL FUNCTIONS
     77           */
     78          
     79          /*********************************************************************
     80           * LOCAL VARIABLES
     81           */
     82          
     83          /*********************************************************************
     84           * LOCAL FUNCTIONS
     85           */
     86          
     87          /*********************************************************************
     88           * @fn      zclHA_Init
     89           *
     90           * @brief   Register the Simple descriptor with the HA profile.
     91           *          This function also registers the profile's cluster
     92           *          conversion table.
     93           *
     94           * @param   simpleDesc - a pointer to a valid SimpleDescriptionFormat_t, must not be NULL.
     95           *
     96           * @return  none
     97           */

   \                                 In  segment BANKED_CODE, align 1, keep-with-next
     98          void zclHA_Init( SimpleDescriptionFormat_t *simpleDesc )
   \                     zclHA_Init:
     99          {
   \   000000   74F6         MOV     A,#-0xa
   \   000002   12....       LCALL   ?BANKED_ENTER_XDATA
   \   000005                ; Saved register size: 10
   \   000005                ; Auto size: 0
   \   000005   EA           MOV     A,R2
   \   000006   FE           MOV     R6,A
   \   000007   EB           MOV     A,R3
   \   000008   FF           MOV     R7,A
    100            endPointDesc_t *epDesc;
    101          
    102            // Register the application's endpoint descriptor
    103            //  - This memory is allocated and never freed.
    104            epDesc = osal_mem_alloc( sizeof ( endPointDesc_t ) );
   \   000009                ; Setup parameters for call to function osal_mem_alloc
   \   000009   7A06         MOV     R2,#0x6
   \   00000B   7B00         MOV     R3,#0x0
   \   00000D   12....       LCALL   ??osal_mem_alloc?relay
    105            if ( epDesc )
   \   000010   EA           MOV     A,R2
   \   000011   7001         JNZ     ??zclHA_Init_0
   \   000013   EB           MOV     A,R3
   \                     ??zclHA_Init_0:
   \   000014   602C         JZ      ??zclHA_Init_1
    106            {
    107              // Fill out the endpoint description.
    108              epDesc->endPoint = simpleDesc->EndPoint;
   \   000016   8E82         MOV     DPL,R6
   \   000018   8F83         MOV     DPH,R7
   \   00001A   E0           MOVX    A,@DPTR
   \   00001B   8A82         MOV     DPL,R2
   \   00001D   8B83         MOV     DPH,R3
   \   00001F   F0           MOVX    @DPTR,A
    109              epDesc->task_id = &zcl_TaskID;   // all messages get sent to ZCL first
   \   000020   A3           INC     DPTR
   \   000021   74..         MOV     A,#(zcl_TaskID & 0xff)
   \   000023   F0           MOVX    @DPTR,A
   \   000024   A3           INC     DPTR
   \   000025   74..         MOV     A,#((zcl_TaskID >> 8) & 0xff)
   \   000027   F0           MOVX    @DPTR,A
    110              epDesc->simpleDesc = simpleDesc;
   \   000028   8A82         MOV     DPL,R2
   \   00002A   8B83         MOV     DPH,R3
   \   00002C   A3           INC     DPTR
   \   00002D   A3           INC     DPTR
   \   00002E   A3           INC     DPTR
   \   00002F   EE           MOV     A,R6
   \   000030   F0           MOVX    @DPTR,A
   \   000031   A3           INC     DPTR
   \   000032   EF           MOV     A,R7
   \   000033   F0           MOVX    @DPTR,A
    111              epDesc->latencyReq = noLatencyReqs;
   \   000034   E4           CLR     A
   \   000035   8A82         MOV     DPL,R2
   \   000037   8B83         MOV     DPH,R3
   \   000039   A3           INC     DPTR
   \   00003A   A3           INC     DPTR
   \   00003B   A3           INC     DPTR
   \   00003C   A3           INC     DPTR
   \   00003D   A3           INC     DPTR
   \   00003E   F0           MOVX    @DPTR,A
    112          
    113              // Register the endpoint description with the AF
    114              afRegister( epDesc );
   \   00003F                ; Setup parameters for call to function afRegister
   \   00003F   12....       LCALL   ??afRegister?relay
    115            }
    116          }
   \                     ??zclHA_Init_1:
   \   000042   7F02         MOV     R7,#0x2
   \   000044   02....       LJMP    ?BANKED_LEAVE_XDATA

   \                                 In  segment BANK_RELAYS, align 1
   \                     ??zclHA_Init?relay:
   \   000000   12....       LCALL   ?BDISPATCH
   \   000003   ......       DC24    zclHA_Init
    117          
    118          /*********************************************************************
    119          *********************************************************************/

   Maximum stack usage in bytes:

     Function            ISTACK PSTACK XSTACK
     --------            ------ ------ ------
     zclHA_Init              1      0     10
       -> osal_mem_alloc     0      0     20
       -> afRegister         0      0     20


   Segment part sizes:

     Function/Label     Bytes
     --------------     -----
     zclHA_Init           71
     ??zclHA_Init?relay    6

 
 71 bytes in segment BANKED_CODE
  6 bytes in segment BANK_RELAYS
 
 77 bytes of CODE memory

Errors: none
Warnings: none
