###############################################################################
#                                                                             #
# IAR C/C++ Compiler V7.51A/W32 for 8051                27/Aug/2010  10:08:01 #
# Copyright 2004-2009 IAR Systems AB.                                         #
#                                                                             #
#    Core               =  plain                                              #
#    Code model         =  banked                                             #
#    Data model         =  large                                              #
#    Calling convention =  xdata reentrant                                    #
#    Constant location  =  data_rom                                           #
#    Dptr setup         =  1,16                                               #
#    Source file        =  D:\Z-Stack¾ã²zCode\«n¶}¬ì¤j_Z-Stack_ZigbeeRouter\X #
#                          T200_PA_Z-Stack\ZStack-CC2530-2.3.0-1.4.0\Projects #
#                          \zstack\Sensor Network Application\ZIGBEE          #
#                          Endpoint & Device\Source\zcl_zigbee device.c       #
#    Command line       =  -f "D:\Z-Stack¾ã²zCode\«n¶}¬ì¤j_Z-Stack_ZigbeeRout #
#                          er\XT200_PA_Z-Stack\ZStack-CC2530-2.3.0-1.4.0\Proj #
#                          ects\zstack\Sensor Network Application\ZIGBEE      #
#                          Endpoint & Device\CC2530DB\..\..\..\Tools\CC2530DB #
#                          \f8wEndev.cfg" (-DCPU32MHZ -DROOT=__near_func      #
#                          -DBLINK_LEDS) -f "D:\Z-Stack¾ã²zCode\«n¶}¬ì¤j_Z-St #
#                          ack_ZigbeeRouter\XT200_PA_Z-Stack\ZStack-CC2530-2. #
#                          3.0-1.4.0\Projects\zstack\Sensor Network           #
#                          Application\ZIGBEE Endpoint &                      #
#                          Device\CC2530DB\..\..\..\Tools\CC2530DB\f8wConfig. #
#                          cfg" (-DSECURE=0 -DZG_SECURE_DYNAMIC=0             #
#                          -DREFLECTOR -DDEFAULT_CHANLIST=0x00000800          #
#                          -DZDAPP_CONFIG_PAN_ID=0xFFFF                       #
#                          -DNWK_START_DELAY=100 -DEXTENDED_JOINING_RANDOM_MA #
#                          SK=0x007F -DBEACON_REQUEST_DELAY=100               #
#                          -DBEACON_REQ_DELAY_MASK=0x00FF                     #
#                          -DROUTE_EXPIRY_TIME=30 -DAPSC_ACK_WAIT_DURATION_PO #
#                          LLED=3000 -DNWK_INDIRECT_MSG_TIMEOUT=7             #
#                          -DMAX_RREQ_ENTRIES=8 -DAPSC_MAX_FRAME_RETRIES=3    #
#                          -DNWK_MAX_DATA_RETRIES=2                           #
#                          -DMAX_POLL_FAILURE_RETRIES=2 -DMAX_BCAST=9         #
#                          -DAPS_MAX_GROUPS=16 -DMAX_RTG_ENTRIES=40           #
#                          -DNWK_MAX_BINDING_ENTRIES=4                        #
#                          -DMAX_BINDING_CLUSTER_IDS=4 "-DDEFAULT_KEY={0x01,  #
#                          0x03, 0x05, 0x07, 0x09, 0x0B, 0x0D, 0x0F, 0x00,    #
#                          0x02, 0x04, 0x06, 0x08, 0x0A, 0x0C, 0x0D}"         #
#                          -DMAC_MAX_FRAME_SIZE=116 "-DCONST=const __code"    #
#                          -DGENERIC=__generic -DRFD_RCVC_ALWAYS_ON=TRUE      #
#                          -DPOLL_RATE=1000 -DQUEUED_POLL_RATE=100            #
#                          -DRESPONSE_POLL_RATE=100 -DREJOIN_POLL_RATE=440)   #
#                          -f "D:\Z-Stack¾ã²zCode\«n¶}¬ì¤j_Z-Stack_ZigbeeRout #
#                          er\XT200_PA_Z-Stack\ZStack-CC2530-2.3.0-1.4.0\Proj #
#                          ects\zstack\Sensor Network Application\ZIGBEE      #
#                          Endpoint & Device\CC2530DB\..\..\..\Tools\CC2530DB #
#                          \f8wZCL.cfg" (-DZCL_READ -DZCL_WRITE -DZCL_BASIC   #
#                          -DZCL_IDENTIFY -DZCL_ON_OFF -DZCL_KEY_ESTABLISH    #
#                          -DZCL_LOAD_CONTROL -DZCL_SIMPLE_METERING           #
#                          -DZCL_PRICING) -DZCL_MESSAGE                       #
#                          "D:\Z-Stack¾ã²zCode\«n¶}¬ì¤j_Z-Stack_ZigbeeRouter\ #
#                          XT200_PA_Z-Stack\ZStack-CC2530-2.3.0-1.4.0\Project #
#                          s\zstack\Sensor Network Application\ZIGBEE         #
#                          Endpoint & Device\Source\zcl_zigbee device.c" -D   #
#                          LCD_SUPPORTED=DEBUG -D NWK_AUTO_POLL -D ZTOOL_P1   #
#                          -D MT_APP_FUNC -D MT_SYS_FUNC -D MT_ZDO_FUNC -D    #
#                          MT_TASK -D xPOWER_SAVING -D xNV_RESTORE -D         #
#                          End_Device -D xHAL_KEYPAD -D xPA2591 -lC           #
#                          "D:\Z-Stack¾ã²zCode\«n¶}¬ì¤j_Z-Stack_ZigbeeRouter\ #
#                          XT200_PA_Z-Stack\ZStack-CC2530-2.3.0-1.4.0\Project #
#                          s\zstack\Sensor Network Application\ZIGBEE         #
#                          Endpoint & Device\CC2530DB\EndDeviceEB_RS232\List\ #
#                          " -lA "D:\Z-Stack¾ã²zCode\«n¶}¬ì¤j_Z-Stack_ZigbeeR #
#                          outer\XT200_PA_Z-Stack\ZStack-CC2530-2.3.0-1.4.0\P #
#                          rojects\zstack\Sensor Network Application\ZIGBEE   #
#                          Endpoint & Device\CC2530DB\EndDeviceEB_RS232\List\ #
#                          " --diag_suppress Pe001,Pa010 -o                   #
#                          "D:\Z-Stack¾ã²zCode\«n¶}¬ì¤j_Z-Stack_ZigbeeRouter\ #
#                          XT200_PA_Z-Stack\ZStack-CC2530-2.3.0-1.4.0\Project #
#                          s\zstack\Sensor Network Application\ZIGBEE         #
#                          Endpoint & Device\CC2530DB\EndDeviceEB_RS232\Obj\" #
#                           -e --require_prototypes --debug --core=plain      #
#                          --dptr=16,1 --data_model=large                     #
#                          --code_model=banked --calling_convention=xdata_ree #
#                          ntrant --place_constants=data_rom                  #
#                          --nr_virtual_regs 16 -I "D:\Z-Stack¾ã²zCode\«n¶}¬ì #
#                          ¤j_Z-Stack_ZigbeeRouter\XT200_PA_Z-Stack\ZStack-CC #
#                          2530-2.3.0-1.4.0\Projects\zstack\Sensor Network    #
#                          Application\ZIGBEE Endpoint & Device\CC2530DB\"    #
#                          -I "D:\Z-Stack¾ã²zCode\«n¶}¬ì¤j_Z-Stack_ZigbeeRout #
#                          er\XT200_PA_Z-Stack\ZStack-CC2530-2.3.0-1.4.0\Proj #
#                          ects\zstack\Sensor Network Application\ZIGBEE      #
#                          Endpoint & Device\CC2530DB\..\SOURCE\" -I          #
#                          "D:\Z-Stack¾ã²zCode\«n¶}¬ì¤j_Z-Stack_ZigbeeRouter\ #
#                          XT200_PA_Z-Stack\ZStack-CC2530-2.3.0-1.4.0\Project #
#                          s\zstack\Sensor Network Application\ZIGBEE         #
#                          Endpoint & Device\CC2530DB\..\..\SOURCE\" -I       #
#                          "D:\Z-Stack¾ã²zCode\«n¶}¬ì¤j_Z-Stack_ZigbeeRouter\ #
#                          XT200_PA_Z-Stack\ZStack-CC2530-2.3.0-1.4.0\Project #
#                          s\zstack\Sensor Network Application\ZIGBEE         #
#                          Endpoint & Device\CC2530DB\..\..\..\ZMAIN\TI2530DB #
#                          \" -I "D:\Z-Stack¾ã²zCode\«n¶}¬ì¤j_Z-Stack_ZigbeeR #
#                          outer\XT200_PA_Z-Stack\ZStack-CC2530-2.3.0-1.4.0\P #
#                          rojects\zstack\Sensor Network Application\ZIGBEE   #
#                          Endpoint & Device\CC2530DB\..\..\..\..\..\COMPONEN #
#                          TS\MT\" -I "D:\Z-Stack¾ã²zCode\«n¶}¬ì¤j_Z-Stack_Zi #
#                          gbeeRouter\XT200_PA_Z-Stack\ZStack-CC2530-2.3.0-1. #
#                          4.0\Projects\zstack\Sensor Network                 #
#                          Application\ZIGBEE Endpoint &                      #
#                          Device\CC2530DB\..\..\..\..\..\COMPONENTS\HAL\INCL #
#                          UDE\" -I "D:\Z-Stack¾ã²zCode\«n¶}¬ì¤j_Z-Stack_Zigb #
#                          eeRouter\XT200_PA_Z-Stack\ZStack-CC2530-2.3.0-1.4. #
#                          0\Projects\zstack\Sensor Network                   #
#                          Application\ZIGBEE Endpoint &                      #
#                          Device\CC2530DB\..\..\..\..\..\COMPONENTS\HAL\MODU #
#                          LE\" -I "D:\Z-Stack¾ã²zCode\«n¶}¬ì¤j_Z-Stack_Zigbe #
#                          eRouter\XT200_PA_Z-Stack\ZStack-CC2530-2.3.0-1.4.0 #
#                          \Projects\zstack\Sensor Network                    #
#                          Application\ZIGBEE Endpoint &                      #
#                          Device\CC2530DB\..\..\..\..\..\COMPONENTS\HAL\TARG #
#                          ET\CC2530EB\" -I "D:\Z-Stack¾ã²zCode\«n¶}¬ì¤j_Z-St #
#                          ack_ZigbeeRouter\XT200_PA_Z-Stack\ZStack-CC2530-2. #
#                          3.0-1.4.0\Projects\zstack\Sensor Network           #
#                          Application\ZIGBEE Endpoint &                      #
#                          Device\CC2530DB\..\..\..\..\..\COMPONENTS\OSAL\MCU #
#                          \CCSOC\" -I "D:\Z-Stack¾ã²zCode\«n¶}¬ì¤j_Z-Stack_Z #
#                          igbeeRouter\XT200_PA_Z-Stack\ZStack-CC2530-2.3.0-1 #
#                          .4.0\Projects\zstack\Sensor Network                #
#                          Application\ZIGBEE Endpoint &                      #
#                          Device\CC2530DB\..\..\..\..\..\COMPONENTS\OSAL\INC #
#                          LUDE\" -I "D:\Z-Stack¾ã²zCode\«n¶}¬ì¤j_Z-Stack_Zig #
#                          beeRouter\XT200_PA_Z-Stack\ZStack-CC2530-2.3.0-1.4 #
#                          .0\Projects\zstack\Sensor Network                  #
#                          Application\ZIGBEE Endpoint &                      #
#                          Device\CC2530DB\..\..\..\..\..\COMPONENTS\STACK\AF #
#                          \" -I "D:\Z-Stack¾ã²zCode\«n¶}¬ì¤j_Z-Stack_ZigbeeR #
#                          outer\XT200_PA_Z-Stack\ZStack-CC2530-2.3.0-1.4.0\P #
#                          rojects\zstack\Sensor Network Application\ZIGBEE   #
#                          Endpoint & Device\CC2530DB\..\..\..\..\..\COMPONEN #
#                          TS\STACK\NWK\" -I "D:\Z-Stack¾ã²zCode\«n¶}¬ì¤j_Z-S #
#                          tack_ZigbeeRouter\XT200_PA_Z-Stack\ZStack-CC2530-2 #
#                          .3.0-1.4.0\Projects\zstack\Sensor Network          #
#                          Application\ZIGBEE Endpoint &                      #
#                          Device\CC2530DB\..\..\..\..\..\COMPONENTS\STACK\SE #
#                          C\" -I "D:\Z-Stack¾ã²zCode\«n¶}¬ì¤j_Z-Stack_Zigbee #
#                          Router\XT200_PA_Z-Stack\ZStack-CC2530-2.3.0-1.4.0\ #
#                          Projects\zstack\Sensor Network Application\ZIGBEE  #
#                          Endpoint & Device\CC2530DB\..\..\..\..\..\COMPONEN #
#                          TS\STACK\SAPI\" -I "D:\Z-Stack¾ã²zCode\«n¶}¬ì¤j_Z- #
#                          Stack_ZigbeeRouter\XT200_PA_Z-Stack\ZStack-CC2530- #
#                          2.3.0-1.4.0\Projects\zstack\Sensor Network         #
#                          Application\ZIGBEE Endpoint &                      #
#                          Device\CC2530DB\..\..\..\..\..\COMPONENTS\STACK\SY #
#                          S\" -I "D:\Z-Stack¾ã²zCode\«n¶}¬ì¤j_Z-Stack_Zigbee #
#                          Router\XT200_PA_Z-Stack\ZStack-CC2530-2.3.0-1.4.0\ #
#                          Projects\zstack\Sensor Network Application\ZIGBEE  #
#                          Endpoint & Device\CC2530DB\..\..\..\..\..\COMPONEN #
#                          TS\STACK\ZCL\" -I "D:\Z-Stack¾ã²zCode\«n¶}¬ì¤j_Z-S #
#                          tack_ZigbeeRouter\XT200_PA_Z-Stack\ZStack-CC2530-2 #
#                          .3.0-1.4.0\Projects\zstack\Sensor Network          #
#                          Application\ZIGBEE Endpoint &                      #
#                          Device\CC2530DB\..\..\..\..\..\COMPONENTS\STACK\ZD #
#                          O\" -I "D:\Z-Stack¾ã²zCode\«n¶}¬ì¤j_Z-Stack_Zigbee #
#                          Router\XT200_PA_Z-Stack\ZStack-CC2530-2.3.0-1.4.0\ #
#                          Projects\zstack\Sensor Network Application\ZIGBEE  #
#                          Endpoint & Device\CC2530DB\..\..\..\..\..\COMPONEN #
#                          TS\ZMAC\F8W\" -I "D:\Z-Stack¾ã²zCode\«n¶}¬ì¤j_Z-St #
#                          ack_ZigbeeRouter\XT200_PA_Z-Stack\ZStack-CC2530-2. #
#                          3.0-1.4.0\Projects\zstack\Sensor Network           #
#                          Application\ZIGBEE Endpoint &                      #
#                          Device\CC2530DB\..\..\..\..\..\COMPONENTS\ZMAC\"   #
#                          -I "D:\Z-Stack¾ã²zCode\«n¶}¬ì¤j_Z-Stack_ZigbeeRout #
#                          er\XT200_PA_Z-Stack\ZStack-CC2530-2.3.0-1.4.0\Proj #
#                          ects\zstack\Sensor Network Application\ZIGBEE      #
#                          Endpoint & Device\CC2530DB\..\..\..\..\..\COMPONEN #
#                          TS\SERVICES\SADDR\" -I "D:\Z-Stack¾ã²zCode\«n¶}¬ì¤ #
#                          j_Z-Stack_ZigbeeRouter\XT200_PA_Z-Stack\ZStack-CC2 #
#                          530-2.3.0-1.4.0\Projects\zstack\Sensor Network     #
#                          Application\ZIGBEE Endpoint &                      #
#                          Device\CC2530DB\..\..\..\..\..\COMPONENTS\SERVICES #
#                          \SDATA\" -I "D:\Z-Stack¾ã²zCode\«n¶}¬ì¤j_Z-Stack_Z #
#                          igbeeRouter\XT200_PA_Z-Stack\ZStack-CC2530-2.3.0-1 #
#                          .4.0\Projects\zstack\Sensor Network                #
#                          Application\ZIGBEE Endpoint &                      #
#                          Device\CC2530DB\..\..\..\..\..\COMPONENTS\MAC\INCL #
#                          UDE\" -I "D:\Z-Stack¾ã²zCode\«n¶}¬ì¤j_Z-Stack_Zigb #
#                          eeRouter\XT200_PA_Z-Stack\ZStack-CC2530-2.3.0-1.4. #
#                          0\Projects\zstack\Sensor Network                   #
#                          Application\ZIGBEE Endpoint &                      #
#                          Device\CC2530DB\..\..\..\..\..\COMPONENTS\MAC\HIGH #
#                          _LEVEL\" -I "D:\Z-Stack¾ã²zCode\«n¶}¬ì¤j_Z-Stack_Z #
#                          igbeeRouter\XT200_PA_Z-Stack\ZStack-CC2530-2.3.0-1 #
#                          .4.0\Projects\zstack\Sensor Network                #
#                          Application\ZIGBEE Endpoint &                      #
#                          Device\CC2530DB\..\..\..\..\..\COMPONENTS\MAC\LOW_ #
#                          LEVEL\srf04\" -I "D:\Z-Stack¾ã²zCode\«n¶}¬ì¤j_Z-St #
#                          ack_ZigbeeRouter\XT200_PA_Z-Stack\ZStack-CC2530-2. #
#                          3.0-1.4.0\Projects\zstack\Sensor Network           #
#                          Application\ZIGBEE Endpoint &                      #
#                          Device\CC2530DB\..\..\..\..\..\COMPONENTS\MAC\LOW_ #
#                          LEVEL\srf04\SINGLE_CHIP\" -I "C:\IAR               #
#                          Systems\Embedded Workbench MCS 51\8051\INC\" -I    #
#                          "C:\IAR Systems\Embedded Workbench MCS             #
#                          51\8051\INC\CLIB\" -Ohz                            #
#    List file          =  D:\Z-Stack¾ã²zCode\«n¶}¬ì¤j_Z-Stack_ZigbeeRouter\X #
#                          T200_PA_Z-Stack\ZStack-CC2530-2.3.0-1.4.0\Projects #
#                          \zstack\Sensor Network Application\ZIGBEE          #
#                          Endpoint & Device\CC2530DB\EndDeviceEB_RS232\List\ #
#                          zcl_zigbee device.lst                              #
#    Object file        =  D:\Z-Stack¾ã²zCode\«n¶}¬ì¤j_Z-Stack_ZigbeeRouter\X #
#                          T200_PA_Z-Stack\ZStack-CC2530-2.3.0-1.4.0\Projects #
#                          \zstack\Sensor Network Application\ZIGBEE          #
#                          Endpoint & Device\CC2530DB\EndDeviceEB_RS232\Obj\z #
#                          cl_zigbee device.r51                               #
#                                                                             #
#                                                                             #
###############################################################################

D:\Z-Stack¾ã²zCode\«n¶}¬ì¤j_Z-Stack_ZigbeeRouter\XT200_PA_Z-Stack\ZStack-CC2530-2.3.0-1.4.0\Projects\zstack\Sensor Network Application\ZIGBEE Endpoint & Device\Source\zcl_zigbee device.c
      1          /**************************************************************************************************
      2            Filename:       zcl_zigbee device.c
      3            Revised:        $Date: 2009-03-18 15:56:27 -0700 (Wed, 18 Mar 2009) $
      4            Revision:       $Revision: 19453 $
      5          
      6            Description:    Zigbee Cluster Library - sample device application.
      7          
      8            Copyright 2006-2009 Texas Instruments Incorporated. All rights reserved.
      9          
     10            Should you have any questions regarding your right to use this Software,
     11            contact Texas Instruments Incorporated at www.TI.com.
     12          **************************************************************************************************/
     13          
     14          /**************************************************************************************************
     15            This device will be like an On/Off Switch device. This application is not intended to be a On/Off 
     16            Switch device, but will use the device description to implement this sample code.
     17          **************************************************************************************************/
     18          
     19          /*********************************************************************
     20           * INCLUDES
     21           */
     22          #include "ZComDef.h"
     23          
     24          /* OSAL */
     25          #include "OSAL.h"
     26          #include "OSAL_Nv.h"
     27          
     28          /* Profile */
     29          #include "AF.h"
     30          
     31          /* ZDO */
     32          #include "ZDApp.h"
     33          #include "ZDObject.h"
     34          #include "ZDProfile.h"
     35          
     36          /* MT */
     37          #include "MT_UART.h"
     38          
     39          /* ZCL */
     40          #include "zcl.h"
     41          #include "zcl_general.h"
     42          #include "zcl_ha.h"
     43          #include "zcl_zigbee device.h"
     44          
     45          /* HAL */
     46          #include "onboard.h"
     47          #include "hal_lcd.h"
     48          #include "hal_led.h"
     49          #include "hal_key.h"
     50          #include "hal_keypad.h"
     51          #include "hal_buzzer.h"
     52          
     53          /*********************************************************************
     54           * MACROS
     55           */
     56          /*********************************************************************
     57           * CONSTANTS
     58           */

   \                                 In  segment XDATA_Z, align 1, keep-with-next
     59          afAddrType_t zclZigbeeDevice_DstAddr;
   \                     zclZigbeeDevice_DstAddr:
   \   000000                DS 12
   \   00000C                REQUIRE __INIT_XDATA_Z
     60          
     61          /*********************************************************************
     62           * TYPEDEFS
     63           */
     64          /*********************************************************************
     65           * GLOBAL VARIABLES
     66           */

   \                                 In  segment XDATA_Z, align 1, keep-with-next
     67          byte zclZigbeeDevice_TaskID; // Task ID variable
   \                     zclZigbeeDevice_TaskID:
   \   000000                DS 1
   \   000001                REQUIRE __INIT_XDATA_Z

   \                                 In  segment XDATA_Z, align 1, keep-with-next
     68          endPointDesc_t TransmitApp_epDesc;
   \                     TransmitApp_epDesc:
   \   000000                DS 6
   \   000006                REQUIRE __INIT_XDATA_Z

   \                                 In  segment XDATA_Z, align 1, keep-with-next
     69          uint8 len; // the transmit data length
   \                     len:
   \   000000                DS 1
   \   000001                REQUIRE __INIT_XDATA_Z
     70          
     71          /*********************************************************************
     72           * GLOBAL FUNCTIONS
     73           */
     74          
     75          /*********************************************************************
     76           * LOCAL VARIABLES
     77           */
     78          #define ZCLZIGBEEDEV_BINDINGLIST       1

   \                                 In  segment XDATA_I, align 1, keep-with-next
     79          static cId_t bindingOutClusters[ZCLZIGBEEDEV_BINDINGLIST] = {
   \                     bindingOutClusters:
   \   000000                DS 2
   \   000002                REQUIRE `?<Initializer for bindingOutClusters>`
   \   000002                REQUIRE __INIT_XDATA_I
     80                                                                        ZCL_CLUSTER_ID_GEN_ON_OFF // The binding cluster ID
     81                                                                      };
     82          
     83          // Test Endpoint to allow SYS_APP_MSGs

   \                                 In  segment XDATA_I, align 1, keep-with-next
     84          static endPointDesc_t zigbeeDevice_TestEp = {
   \                     zigbeeDevice_TestEp:
   \   000000                DS 6
   \   000006                REQUIRE `?<Initializer for zigbeeDevice_TestEp>`
   \   000006                REQUIRE __INIT_XDATA_I
     85                                                        20,                                 // Test endpoint
     86                                                        &zclZigbeeDevice_TaskID,
     87                                                        (SimpleDescriptionFormat_t *)NULL,  // No Simple description for this test endpoint
     88                                                        (afNetworkLatencyReq_t)0            // No Network Latency req
     89                                                      };
     90          
     91          
     92          /*********************************************************************
     93           * LOCAL FUNCTIONS
     94           */
     95          static void zclZigbeeDevice_ProcessZDOMsgs( zdoIncomingMsg_t *inMsg );
     96          static void zclZigbeeDevice_HandleKeys( byte shift, byte keys );
     97          static void zclZigbeeDevice_BasicResetCB( void );
     98          static void zclZigbeeDevice_IdentifyCB( zclIdentify_t *pCmd );
     99          static void zclZigbeeDevice_IdentifyQueryRspCB( zclIdentifyQueryRsp_t *pRsp );
    100          static void zclZigbeeDevice_ProcessIdentifyTimeChange( void );
    101          
    102          // Functions to process ZCL Foundation incoming Command/Response messages
    103          static void zclZigbeeDevice_ProcessIncomingMsg( zclIncomingMsg_t *msg );
    104          #ifdef ZCL_READ
    105            static uint8 zclZigbeeDevice_ProcessInReadRspCmd( zclIncomingMsg_t *pInMsg );
    106          #endif
    107          #ifdef ZCL_WRITE
    108            static uint8 zclZigbeeDevice_ProcessInWriteRspCmd( zclIncomingMsg_t *pInMsg );
    109          #endif
    110            static uint8 zclZigbeeDevice_ProcessInDefaultRspCmd( zclIncomingMsg_t *pInMsg );
    111          #ifdef ZCL_DISCOVER
    112            static uint8 zclZigbeeDevice_ProcessInDiscRspCmd( zclIncomingMsg_t *pInMsg );
    113          #endif
    114          
    115          void zclZIGBEEDevice_SendMsg(void); // The Send ZIGBEE Message
    116          
    117          void zclRS485_CallBack(uint8 port, uint8 event); // The RS485 Message callback
    118          void zclRS485_SendMsg( void ); // The device receive RS485 transmit data
    119          
    120          /*********************************************************************
    121           * ZCL General Profile Callback table
    122           */

   \                                 In  segment XDATA_I, align 1, keep-with-next
    123          static zclGeneral_AppCallbacks_t zclZigbeeDevice_CmdCallbacks =
   \                     zclZigbeeDevice_CmdCallbacks:
   \   000000                DS 30
   \   00001E                REQUIRE `?<Initializer for zclZigbeeDevice_CmdCallbacks`
   \   00001E                REQUIRE __INIT_XDATA_I
    124          {
    125            zclZigbeeDevice_BasicResetCB,       // Basic Cluster Reset command
    126            zclZigbeeDevice_IdentifyCB,         // Identify command
    127            zclZigbeeDevice_IdentifyQueryRspCB, // Identify Query Response command
    128            NULL,                               // On / Off cluster command - not needed.
    129            NULL,                               // Level Control Move to Level command
    130            NULL,                               // Level Control Move command
    131            NULL,                               // Level Control Step command
    132            NULL,                               // Group Response commands
    133            NULL,                               // Scene Store Request command
    134            NULL,                               // Scene Recall Request command
    135            NULL,                               // Scene Response commands
    136            NULL,                               // Alarm (Response) commands
    137            NULL,                               // RSSI Location commands
    138            NULL,                               // RSSI Location Response commands
    139          };
    140          
    141          
    142          /*********************************************************************
    143           * @fn          zcl_ZigbeeDevice_Init
    144           * @brief       Initialization function for the zclGeneral layer.
    145           */

   \                                 In  segment BANKED_CODE, align 1, keep-with-next
    146          void zcl_ZigbeeDevice_Init( byte task_id )
   \                     zcl_ZigbeeDevice_Init:
    147          {
   \   000000   C082         PUSH    DPL
   \   000002   C083         PUSH    DPH
   \   000004                ; Saved register size: 2
   \   000004                ; Auto size: 0
    148            zclZigbeeDevice_TaskID = task_id;
   \   000004   E9           MOV     A,R1
   \   000005   90....       MOV     DPTR,#zclZigbeeDevice_TaskID
   \   000008   F0           MOVX    @DPTR,A
    149          
    150            // Set destination address to indirect
    151            zclZigbeeDevice_DstAddr.addrMode = (afAddrMode_t)AddrNotPresent; //¶Ç°e¼Ò¦¡-AddrNotPresent=0; AddrBroadcast=15(¼s¼½)
   \   000009   E4           CLR     A
   \   00000A   90....       MOV     DPTR,#(zclZigbeeDevice_DstAddr + 8)
   \   00000D   F0           MOVX    @DPTR,A
    152            zclZigbeeDevice_DstAddr.endPoint = 0;                            //¹ï¶HÀ³¥Îµ{¦¡ID
   \   00000E   90....       MOV     DPTR,#(zclZigbeeDevice_DstAddr + 9)
   \   000011   F0           MOVX    @DPTR,A
    153            zclZigbeeDevice_DstAddr.addr.shortAddr = 0;                      //¼s¼½¤º©w¦a§}
   \   000012   90....       MOV     DPTR,#zclZigbeeDevice_DstAddr
   \   000015   F0           MOVX    @DPTR,A
   \   000016   A3           INC     DPTR
   \   000017   F0           MOVX    @DPTR,A
    154            
    155            zclZD_Init( &zclZigbeeDevice_SimpleDesc ); // This App is part of the ZIGBEE Device Profile                      
   \   000018                ; Setup parameters for call to function zclZD_Init
   \   000018   7A..         MOV     R2,#(zclZigbeeDevice_SimpleDesc & 0xff)
   \   00001A   7B..         MOV     R3,#((zclZigbeeDevice_SimpleDesc >> 8) & 0xff)
   \   00001C   12....       LCALL   ??zclZD_Init?relay
    156            zclGeneral_RegisterCmdCallbacks( ZIGBEEDEVICE_ENDPOINT, &zclZigbeeDevice_CmdCallbacks ); // Register the ZCL General Cluster Library callback functions
   \   00001F                ; Setup parameters for call to function zclGeneral_RegisterCmdCallbacks
   \   00001F   7A..         MOV     R2,#(zclZigbeeDevice_CmdCallbacks & 0xff)
   \   000021   7B..         MOV     R3,#((zclZigbeeDevice_CmdCallbacks >> 8) & 0xff)
   \   000023   790C         MOV     R1,#0xc
   \   000025   12....       LCALL   ??zclGeneral_RegisterCmdCallbacks?relay
    157            zcl_registerAttrList( ZIGBEEDEVICE_ENDPOINT, ZIGBEEDEVICE_MAX_ATTRIBUTES, zclZigbeeDevice_Attrs ); // Register the application's attribute list 
   \   000028                ; Setup parameters for call to function zcl_registerAttrList
   \   000028   7C..         MOV     R4,#(zclZigbeeDevice_Attrs & 0xff)
   \   00002A   7D..         MOV     R5,#((zclZigbeeDevice_Attrs >> 8) & 0xff)
   \   00002C   7A0B         MOV     R2,#0xb
   \   00002E   790C         MOV     R1,#0xc
   \   000030   12....       LCALL   ??zcl_registerAttrList?relay
    158            zcl_registerForMsg( zclZigbeeDevice_TaskID ); // Register the Application to receive the unprocessed Foundation command/response messages
   \   000033                ; Setup parameters for call to function zcl_registerForMsg
   \   000033   90....       MOV     DPTR,#zclZigbeeDevice_TaskID
   \   000036   E0           MOVX    A,@DPTR
   \   000037   F9           MOV     R1,A
   \   000038   12....       LCALL   ??zcl_registerForMsg?relay
    159            RegisterForKeys( zclZigbeeDevice_TaskID ); // Register for all key events - This app will handle all key events 
   \   00003B                ; Setup parameters for call to function RegisterForKeys
   \   00003B   90....       MOV     DPTR,#zclZigbeeDevice_TaskID
   \   00003E   E0           MOVX    A,@DPTR
   \   00003F   F9           MOV     R1,A
   \   000040   12....       LCALL   ??RegisterForKeys?relay
    160            afRegister( &zigbeeDevice_TestEp ); // Register for a test endpoint
   \   000043                ; Setup parameters for call to function afRegister
   \   000043   7A..         MOV     R2,#(zigbeeDevice_TestEp & 0xff)
   \   000045   7B..         MOV     R3,#((zigbeeDevice_TestEp >> 8) & 0xff)
   \   000047   12....       LCALL   ??afRegister?relay
    161            
    162            ZDO_RegisterForZDOMsg( zclZigbeeDevice_TaskID, End_Device_Bind_rsp );
   \   00004A                ; Setup parameters for call to function ZDO_RegisterForZDOMsg
   \   00004A   7A20         MOV     R2,#0x20
   \   00004C   7B80         MOV     R3,#-0x80
   \   00004E   90....       MOV     DPTR,#zclZigbeeDevice_TaskID
   \   000051   E0           MOVX    A,@DPTR
   \   000052   F9           MOV     R1,A
   \   000053   12....       LCALL   ??ZDO_RegisterForZDOMsg?relay
    163            ZDO_RegisterForZDOMsg( zclZigbeeDevice_TaskID, Match_Desc_rsp );
   \   000056                ; Setup parameters for call to function ZDO_RegisterForZDOMsg
   \   000056   7A06         MOV     R2,#0x6
   \   000058   7B80         MOV     R3,#-0x80
   \   00005A   90....       MOV     DPTR,#zclZigbeeDevice_TaskID
   \   00005D   E0           MOVX    A,@DPTR
   \   00005E   F9           MOV     R1,A
   \   00005F   12....       LCALL   ??ZDO_RegisterForZDOMsg?relay
    164          }
   \   000062                REQUIRE ?Subroutine2
   \   000062                ; // Fall through to label ?Subroutine2

   \                                 In  segment BANKED_CODE, align 1, keep-with-next
   \                     ?Subroutine2:
   \   000000   D083         POP     DPH
   \   000002   D082         POP     DPL
   \   000004   02....       LJMP    ?BRET
    165          
    166          /*********************************************************************
    167           * @fn          zclZigbeeDevice_event_loop
    168           * @brief       Event Loop Processor for zclGeneral.
    169           */

   \                                 In  segment BANKED_CODE, align 1, keep-with-next
    170          uint16 zclZigbeeDevice_event_loop( uint8 task_id, uint16 events )
   \                     zclZigbeeDevice_event_loop:
    171          {
   \   000000   74F2         MOV     A,#-0xe
   \   000002   12....       LCALL   ?BANKED_ENTER_XDATA
   \   000005                ; Saved register size: 14
   \   000005                ; Auto size: 9
   \   000005   74F7         MOV     A,#-0x9
   \   000007   12....       LCALL   ?ALLOC_XSTACK8
   \   00000A   EA           MOV     A,R2
   \   00000B   FE           MOV     R6,A
   \   00000C   EB           MOV     A,R3
   \   00000D   FF           MOV     R7,A
    172            afIncomingMSGPacket_t *MSGpkt;
    173            (void)task_id;  // Intentionally unreferenced parameter
    174            
    175            if ( events & SYS_EVENT_MSG )
   \   00000E   7480         MOV     A,#-0x80
   \   000010   5F           ANL     A,R7
   \   000011   F9           MOV     R1,A
   \   000012   E4           CLR     A
   \   000013   7001         JNZ     ??zclZigbeeDevice_event_loop_0
   \   000015   E9           MOV     A,R1
   \                     ??zclZigbeeDevice_event_loop_0:
   \   000016   6003         JZ      $+5
   \   000018   02....       LJMP    ??zclZigbeeDevice_event_loop_1 & 0xFFFF
    176            {
    177              while ( (MSGpkt = (afIncomingMSGPacket_t *)osal_msg_receive( zclZigbeeDevice_TaskID )) )
    178              { 
    179                switch ( MSGpkt->hdr.event )
    180                {
    181                  case ZCL_INCOMING_MSG:
    182                    zclZigbeeDevice_ProcessIncomingMsg( (zclIncomingMsg_t *)MSGpkt ); // Incoming ZCL Foundation command/response messages         
    183                    break;
    184          
    185                  case ZDO_CB_MSG:
    186                    zclZigbeeDevice_ProcessZDOMsgs( (zdoIncomingMsg_t *)MSGpkt );
    187                    break;
    188          
    189                  case KEY_CHANGE:
    190                    zclZigbeeDevice_HandleKeys( ((keyChange_t *)MSGpkt)->state, ((keyChange_t *)MSGpkt)->keys );
    191                    break;
    192          
    193                  default:
    194                    break;
    195                }
    196                osal_msg_deallocate( (uint8 *)MSGpkt ); // Release the memory
    197              }
    198              return (events ^ SYS_EVENT_MSG); // return unprocessed events
    199            }
    200            
    201            // Called to process any change to the IdentifyTime attribute.
    202            if ( events & SAMPLESW_IDENTIFY_TIMEOUT_EVT )
   \   00001B   EE           MOV     A,R6
   \   00001C   A2E0         MOV     C,0xE0 /* A   */.0
   \   00001E   4003         JC      $+5
   \   000020   02....       LJMP    ??zclZigbeeDevice_event_loop_2 & 0xFFFF
    203            {
    204              zclSampleSw_IdentifyTime = 10;
   \   000023   90....       MOV     DPTR,#zclSampleSw_IdentifyTime
   \   000026   740A         MOV     A,#0xa
   \   000028   F0           MOVX    @DPTR,A
   \   000029   A3           INC     DPTR
   \   00002A   E4           CLR     A
   \   00002B   F0           MOVX    @DPTR,A
    205              zclZigbeeDevice_ProcessIdentifyTimeChange();
   \   00002C                ; Setup parameters for call to function zclZigbeeDevice_ProcessIdentifyTimeChange
   \   00002C   12....       LCALL   ??zclZigbeeDevice_ProcessIdentifyTimeChange?rel
    206              return ( events ^ SAMPLESW_IDENTIFY_TIMEOUT_EVT );
   \   00002F   7401         MOV     A,#0x1
   \                     ??zclZigbeeDevice_event_loop_3:
   \   000031   6E           XRL     A,R6
   \   000032   FA           MOV     R2,A
   \   000033   EF           MOV     A,R7
   \                     ??zclZigbeeDevice_event_loop_4:
   \   000034   FB           MOV     R3,A
   \   000035   02....       LJMP    ??zclZigbeeDevice_event_loop_5 & 0xFFFF
    207            }
   \                     ??zclZigbeeDevice_event_loop_6:
   \   000038   8A82         MOV     DPL,R2
   \   00003A   8B83         MOV     DPH,R3
   \   00003C   A3           INC     DPTR
   \   00003D   A3           INC     DPTR
   \   00003E   A3           INC     DPTR
   \   00003F   E0           MOVX    A,@DPTR
   \   000040   A2E3         MOV     C,0xE0 /* A   */.3
   \   000042   505C         JNC     ??zclZigbeeDevice_event_loop_7
   \   000044                ; Setup parameters for call to function HalLedSet
   \   000044   7A02         MOV     R2,#0x2
   \   000046   7904         MOV     R1,#0x4
   \   000048   12....       LCALL   ??HalLedSet?relay
   \   00004B   7408         MOV     A,#0x8
   \   00004D   12....       LCALL   ?XSTACK_DISP0_8
   \   000050   740F         MOV     A,#0xf
   \   000052   F0           MOVX    @DPTR,A
   \   000053   85..82       MOV     DPL,?XSP + 0
   \   000056   85..83       MOV     DPH,?XSP + 1
   \   000059   74FF         MOV     A,#-0x1
   \   00005B   F0           MOVX    @DPTR,A
   \   00005C   A3           INC     DPTR
   \   00005D   F0           MOVX    @DPTR,A
   \   00005E                ; Setup parameters for call to function ZDP_MatchDescReq
   \   00005E   75..00       MOV     ?V0 + 2,#0x0
   \   000061   78..         MOV     R0,#?V0 + 2
   \   000063   12....       LCALL   ?PUSH_XSTACK_I_ONE
   \   000066   75..00       MOV     ?V0 + 3,#0x0
   \   000069   78..         MOV     R0,#?V0 + 2
   \   00006B   12....       LCALL   ?PUSH_XSTACK_I_TWO
   \   00006E   78..         MOV     R0,#?V0 + 2
   \   000070   12....       LCALL   ?PUSH_XSTACK_I_ONE
   \   000073   75....       MOV     ?V0 + 2,#(bindingOutClusters & 0xff)
   \   000076   75....       MOV     ?V0 + 3,#((bindingOutClusters >> 8) & 0xff)
   \   000079   78..         MOV     R0,#?V0 + 2
   \   00007B   12....       LCALL   ?PUSH_XSTACK_I_TWO
   \   00007E   75..04       MOV     ?V0 + 2,#0x4
   \   000081   75..01       MOV     ?V0 + 3,#0x1
   \   000084   78..         MOV     R0,#?V0 + 2
   \   000086   12....       LCALL   ?PUSH_XSTACK_I_TWO
   \   000089   7901         MOV     R1,#0x1
   \   00008B   7CFF         MOV     R4,#-0x1
   \   00008D   7DFF         MOV     R5,#-0x1
   \   00008F   7408         MOV     A,#0x8
   \   000091   12....       LCALL   ?XSTACK_DISP0_8
   \   000094   AA82         MOV     R2,DPL
   \   000096   AB83         MOV     R3,DPH
   \   000098   12....       LCALL   ??ZDP_MatchDescReq?relay
   \   00009B   7408         MOV     A,#0x8
   \   00009D   12....       LCALL   ?DEALLOC_XSTACK8
   \                     ??zclZigbeeDevice_event_loop_7:
   \   0000A0                ; Setup parameters for call to function osal_msg_deallocate
   \   0000A0   AA..         MOV     R2,?V0 + 0
   \   0000A2   AB..         MOV     R3,?V0 + 1
   \   0000A4   12....       LCALL   ??osal_msg_deallocate?relay
   \                     ??zclZigbeeDevice_event_loop_1:
   \   0000A7                ; Setup parameters for call to function osal_msg_receive
   \   0000A7   90....       MOV     DPTR,#zclZigbeeDevice_TaskID
   \   0000AA   E0           MOVX    A,@DPTR
   \   0000AB   F9           MOV     R1,A
   \   0000AC   12....       LCALL   ??osal_msg_receive?relay
   \   0000AF   8A..         MOV     ?V0 + 0,R2
   \   0000B1   8B..         MOV     ?V0 + 1,R3
   \   0000B3   EA           MOV     A,R2
   \   0000B4   7001         JNZ     ??zclZigbeeDevice_event_loop_8
   \   0000B6   EB           MOV     A,R3
   \                     ??zclZigbeeDevice_event_loop_8:
   \   0000B7   7003         JNZ     $+5
   \   0000B9   02....       LJMP    ??zclZigbeeDevice_event_loop_9 & 0xFFFF
   \   0000BC   8A82         MOV     DPL,R2
   \   0000BE   8B83         MOV     DPH,R3
   \   0000C0   E0           MOVX    A,@DPTR
   \   0000C1   12....       LCALL   ?UC_SWITCH_SPARSE
   \                     `?<Jumptable for zclZigbeeDevice_event_loop>_0`:
   \   0000C4   00           DB        0
   \   0000C5   03           DB        3
   \   0000C6   34           DB        52
   \   0000C7   ....         DW        ??zclZigbeeDevice_event_loop_10
   \   0000C9   C0           DB        192
   \   0000CA   ....         DW        ??zclZigbeeDevice_event_loop_6
   \   0000CC   D3           DB        211
   \   0000CD   ....         DW        ??zclZigbeeDevice_event_loop_11
   \   0000CF   ....         DW        ??zclZigbeeDevice_event_loop_7
   \                     ??zclZigbeeDevice_event_loop_10:
   \   0000D1   8A82         MOV     DPL,R2
   \   0000D3   8B83         MOV     DPH,R3
   \   0000D5   A3           INC     DPTR
   \   0000D6   A3           INC     DPTR
   \   0000D7   A3           INC     DPTR
   \   0000D8   A3           INC     DPTR
   \   0000D9   A3           INC     DPTR
   \   0000DA   A3           INC     DPTR
   \   0000DB   A3           INC     DPTR
   \   0000DC   E0           MOVX    A,@DPTR
   \   0000DD   12....       LCALL   ?UC_SWITCH_SPARSE
   \                     `?<Jumptable for zclZigbeeDevice_event_loop>_1`:
   \   0000E0   00           DB        0
   \   0000E1   02           DB        2
   \   0000E2   01           DB        1
   \   0000E3   ....         DW        ??zclZigbeeDevice_event_loop_12
   \   0000E5   04           DB        4
   \   0000E6   ....         DW        ??zclZigbeeDevice_event_loop_13
   \   0000E8   ....         DW        ??zclZigbeeDevice_event_loop_14
   \                     ??zclZigbeeDevice_event_loop_12:
   \   0000EA   12....       LCALL   ?Subroutine0 & 0xFFFF
   \                     ??CrossCallReturnLabel_0:
   \   0000ED   E0           MOVX    A,@DPTR
   \   0000EE   FA           MOV     R2,A
   \   0000EF   EB           MOV     A,R3
   \   0000F0   C3           CLR     C
   \   0000F1   9A           SUBB    A,R2
   \   0000F2   5010         JNC     ??zclZigbeeDevice_event_loop_14
   \   0000F4   0B           INC     R3
   \   0000F5   80F6         SJMP    ??CrossCallReturnLabel_0
   \                     ??zclZigbeeDevice_event_loop_13:
   \   0000F7   12....       LCALL   ?Subroutine0 & 0xFFFF
   \                     ??CrossCallReturnLabel_1:
   \   0000FA   8001         SJMP    ??zclZigbeeDevice_event_loop_15
   \                     ??zclZigbeeDevice_event_loop_16:
   \   0000FC   0B           INC     R3
   \                     ??zclZigbeeDevice_event_loop_15:
   \   0000FD   E0           MOVX    A,@DPTR
   \   0000FE   FA           MOV     R2,A
   \   0000FF   EB           MOV     A,R3
   \   000100   C3           CLR     C
   \   000101   9A           SUBB    A,R2
   \   000102   40F8         JC      ??zclZigbeeDevice_event_loop_16
   \                     ??zclZigbeeDevice_event_loop_14:
   \   000104   E5..         MOV     A,?V0 + 0
   \   000106   2416         ADD     A,#0x16
   \   000108   F582         MOV     DPL,A
   \   00010A   E5..         MOV     A,?V0 + 1
   \   00010C   3400         ADDC    A,#0x0
   \   00010E   F583         MOV     DPH,A
   \   000110   E0           MOVX    A,@DPTR
   \   000111   FA           MOV     R2,A
   \   000112   A3           INC     DPTR
   \   000113   E0           MOVX    A,@DPTR
   \   000114   FB           MOV     R3,A
   \   000115   EA           MOV     A,R2
   \   000116   7001         JNZ     ??zclZigbeeDevice_event_loop_17
   \   000118   EB           MOV     A,R3
   \                     ??zclZigbeeDevice_event_loop_17:
   \   000119   6085         JZ      ??zclZigbeeDevice_event_loop_7
   \   00011B                ; Setup parameters for call to function osal_mem_free
   \                     ??zclZigbeeDevice_event_loop_18:
   \   00011B   12....       LCALL   ??osal_mem_free?relay
   \   00011E   8080         SJMP    ??zclZigbeeDevice_event_loop_7
   \                     ??zclZigbeeDevice_event_loop_11:
   \   000120   EA           MOV     A,R2
   \   000121   240C         ADD     A,#0xc
   \   000123   F582         MOV     DPL,A
   \   000125   EB           MOV     A,R3
   \   000126   3400         ADDC    A,#0x0
   \   000128   F583         MOV     DPH,A
   \   00012A   E0           MOVX    A,@DPTR
   \   00012B   F5..         MOV     ?V0 + 2,A
   \   00012D   A3           INC     DPTR
   \   00012E   E0           MOVX    A,@DPTR
   \   00012F   F5..         MOV     ?V0 + 3,A
   \   000131   78..         MOV     R0,#?V0 + 2
   \   000133   12....       LCALL   ?US_SWITCH_SPARSE
   \                     `?<Jumptable for zclZigbeeDevice_event_loop>_2`:
   \   000136   0000         DW        0
   \   000138   0200         DW        2
   \   00013A   0680         DW        32774
   \   00013C   ....         DW        ??zclZigbeeDevice_event_loop_19
   \   00013E   2080         DW        32800
   \   000140   ....         DW        ??zclZigbeeDevice_event_loop_20
   \   000142   ....         DW        ??zclZigbeeDevice_event_loop_7
   \                     ??zclZigbeeDevice_event_loop_20:
   \   000144   EA           MOV     A,R2
   \   000145   2413         ADD     A,#0x13
   \   000147   12....       LCALL   ?Subroutine1 & 0xFFFF
   \                     ??CrossCallReturnLabel_2:
   \   00014A   F583         MOV     DPH,A
   \   00014C   8882         MOV     DPL,R0
   \   00014E   E0           MOVX    A,@DPTR
   \   00014F   700A         JNZ     ??zclZigbeeDevice_event_loop_21
   \   000151                ; Setup parameters for call to function HalLedSet
   \   000151   7A01         MOV     R2,#0x1
   \                     ??zclZigbeeDevice_event_loop_22:
   \   000153   7901         MOV     R1,#0x1
   \   000155   12....       LCALL   ??HalLedSet?relay
   \   000158   02....       LJMP    ??zclZigbeeDevice_event_loop_7 & 0xFFFF
   \                     ??zclZigbeeDevice_event_loop_21:
   \   00015B                ; Setup parameters for call to function HalLedSet
   \   00015B   7A04         MOV     R2,#0x4
   \   00015D   80F4         SJMP    ??zclZigbeeDevice_event_loop_22
   \                     ??zclZigbeeDevice_event_loop_19:
   \   00015F                ; Setup parameters for call to function ZDO_ParseEPListRsp
   \   00015F   12....       LCALL   ??ZDO_ParseEPListRsp?relay
   \   000162   8A..         MOV     ?V0 + 2,R2
   \   000164   8B..         MOV     ?V0 + 3,R3
   \   000166   EA           MOV     A,R2
   \   000167   7001         JNZ     ??zclZigbeeDevice_event_loop_23
   \   000169   EB           MOV     A,R3
   \                     ??zclZigbeeDevice_event_loop_23:
   \   00016A   7003         JNZ     $+5
   \   00016C   02....       LJMP    ??zclZigbeeDevice_event_loop_7 & 0xFFFF
   \   00016F   8A82         MOV     DPL,R2
   \   000171   8B83         MOV     DPH,R3
   \   000173   E0           MOVX    A,@DPTR
   \   000174   7032         JNZ     ??zclZigbeeDevice_event_loop_24
   \   000176   A3           INC     DPTR
   \   000177   A3           INC     DPTR
   \   000178   A3           INC     DPTR
   \   000179   E0           MOVX    A,@DPTR
   \   00017A   602C         JZ      ??zclZigbeeDevice_event_loop_24
   \   00017C   7402         MOV     A,#0x2
   \   00017E   90....       MOV     DPTR,#(zclZigbeeDevice_DstAddr + 8)
   \   000181   F0           MOVX    @DPTR,A
   \   000182   8A82         MOV     DPL,R2
   \   000184   8B83         MOV     DPH,R3
   \   000186   A3           INC     DPTR
   \   000187   E0           MOVX    A,@DPTR
   \   000188   F8           MOV     R0,A
   \   000189   A3           INC     DPTR
   \   00018A   E0           MOVX    A,@DPTR
   \   00018B   F9           MOV     R1,A
   \   00018C   90....       MOV     DPTR,#zclZigbeeDevice_DstAddr
   \   00018F   E8           MOV     A,R0
   \   000190   F0           MOVX    @DPTR,A
   \   000191   A3           INC     DPTR
   \   000192   E9           MOV     A,R1
   \   000193   F0           MOVX    @DPTR,A
   \   000194   8A82         MOV     DPL,R2
   \   000196   8B83         MOV     DPH,R3
   \   000198   A3           INC     DPTR
   \   000199   A3           INC     DPTR
   \   00019A   A3           INC     DPTR
   \   00019B   A3           INC     DPTR
   \   00019C   E0           MOVX    A,@DPTR
   \   00019D   90....       MOV     DPTR,#(zclZigbeeDevice_DstAddr + 9)
   \   0001A0   F0           MOVX    @DPTR,A
   \   0001A1                ; Setup parameters for call to function HalLedSet
   \   0001A1   7A01         MOV     R2,#0x1
   \   0001A3   7901         MOV     R1,#0x1
   \   0001A5   12....       LCALL   ??HalLedSet?relay
   \                     ??zclZigbeeDevice_event_loop_24:
   \   0001A8                ; Setup parameters for call to function osal_mem_free
   \   0001A8   AA..         MOV     R2,?V0 + 2
   \   0001AA   AB..         MOV     R3,?V0 + 3
   \   0001AC   02....       LJMP    ??zclZigbeeDevice_event_loop_18 & 0xFFFF
   \                     ??zclZigbeeDevice_event_loop_9:
   \   0001AF   EE           MOV     A,R6
   \   0001B0   FA           MOV     R2,A
   \   0001B1   7480         MOV     A,#-0x80
   \   0001B3   6F           XRL     A,R7
   \   0001B4   02....       LJMP    ??zclZigbeeDevice_event_loop_4 & 0xFFFF
    208            
    209            // Send the sensor data to Coordinator
    210            if ( events & SENSOR_SEND_MSG_EVT )
   \                     ??zclZigbeeDevice_event_loop_2:
   \   0001B7   5402         ANL     A,#0x2
   \   0001B9   6015         JZ      ??zclZigbeeDevice_event_loop_25
    211            {
    212              osal_start_timerEx( zclZigbeeDevice_TaskID, SENSOR_SEND_MSG_EVT, SEND_DISPLAY_TIMER);
   \   0001BB                ; Setup parameters for call to function osal_start_timerEx
   \   0001BB   7C05         MOV     R4,#0x5
   \   0001BD   7D00         MOV     R5,#0x0
   \   0001BF   7A02         MOV     R2,#0x2
   \   0001C1   7B00         MOV     R3,#0x0
   \   0001C3   90....       MOV     DPTR,#zclZigbeeDevice_TaskID
   \   0001C6   E0           MOVX    A,@DPTR
   \   0001C7   F9           MOV     R1,A
   \   0001C8   12....       LCALL   ??osal_start_timerEx?relay
    213              zclZIGBEEDevice_SendMsg();
    214              return ( events ^ SENSOR_SEND_MSG_EVT );
   \   0001CB   7402         MOV     A,#0x2
   \                     ??zclZigbeeDevice_event_loop_26:
   \   0001CD   02....       LJMP    ??zclZigbeeDevice_event_loop_3 & 0xFFFF
    215            }
    216            
    217              // The KEYPAD keyin event
    218            if ( events & KEYPAD_MSG_EVT )
   \                     ??zclZigbeeDevice_event_loop_25:
   \   0001D0   EE           MOV     A,R6
   \   0001D1   5404         ANL     A,#0x4
   \   0001D3   6011         JZ      ??zclZigbeeDevice_event_loop_27
    219            {
    220              HalLcdWriteChar(HAL_LCD_LINE_3, 0, ch);
   \   0001D5                ; Setup parameters for call to function HalLcdWriteChar
   \   0001D5   90....       MOV     DPTR,#ch
   \   0001D8   E0           MOVX    A,@DPTR
   \   0001D9   FB           MOV     R3,A
   \   0001DA   7A00         MOV     R2,#0x0
   \   0001DC   7903         MOV     R1,#0x3
   \   0001DE   12....       LCALL   ??HalLcdWriteChar?relay
    221              return ( events ^ KEYPAD_MSG_EVT );
   \   0001E1   7404         MOV     A,#0x4
   \   0001E3   02....       LJMP    ??zclZigbeeDevice_event_loop_3 & 0xFFFF
    222            }
    223            
    224            // The RS485 transmit data event
    225            if ( events & RS485_MSG_EVT )
   \                     ??zclZigbeeDevice_event_loop_27:
   \   0001E6   EE           MOV     A,R6
   \   0001E7   5403         ANL     A,#0x3
   \   0001E9   6007         JZ      ??zclZigbeeDevice_event_loop_28
    226            {
    227              zclRS485_SendMsg();
   \   0001EB                ; Setup parameters for call to function zclRS485_SendMsg
   \   0001EB   12....       LCALL   ??zclRS485_SendMsg?relay
    228              return ( events ^ RS485_MSG_EVT );
   \   0001EE   7403         MOV     A,#0x3
   \   0001F0   80DB         SJMP    ??zclZigbeeDevice_event_loop_26
    229            }
    230          
    231            return 0; // Discard unknown events
   \                     ??zclZigbeeDevice_event_loop_28:
   \   0001F2   7A00         MOV     R2,#0x0
   \   0001F4   7B00         MOV     R3,#0x0
   \                     ??zclZigbeeDevice_event_loop_5:
   \   0001F6   7409         MOV     A,#0x9
   \   0001F8   12....       LCALL   ?DEALLOC_XSTACK8
   \   0001FB   7F06         MOV     R7,#0x6
   \   0001FD   02....       LJMP    ?BANKED_LEAVE_XDATA
    232          }

   \                                 In  segment BANKED_CODE, align 1, keep-with-next
   \                     ?Subroutine0:
   \   000000   EA           MOV     A,R2
   \   000001   2416         ADD     A,#0x16
   \   000003   12....       LCALL   ?Subroutine1 & 0xFFFF
   \                     ??CrossCallReturnLabel_3:
   \   000006   F9           MOV     R1,A
   \   000007   8882         MOV     DPL,R0
   \   000009   8983         MOV     DPH,R1
   \   00000B   7B00         MOV     R3,#0x0
   \   00000D   22           RET

   \                                 In  segment BANKED_CODE, align 1, keep-with-next
   \                     ?Subroutine1:
   \   000000   F582         MOV     DPL,A
   \   000002   EB           MOV     A,R3
   \   000003   3400         ADDC    A,#0x0
   \   000005   F583         MOV     DPH,A
   \   000007   E0           MOVX    A,@DPTR
   \   000008   F8           MOV     R0,A
   \   000009   A3           INC     DPTR
   \   00000A   E0           MOVX    A,@DPTR
   \   00000B   22           RET
    233          
    234          /*********************************************************************
    235           * @fn      zclZigbeeDevice_ProcessZDOMsgs()
    236           * @brief   Process response messages
    237           */
    238          void zclZigbeeDevice_ProcessZDOMsgs( zdoIncomingMsg_t *inMsg )
    239          {
    240            switch ( inMsg->clusterID )
    241            {
    242              case End_Device_Bind_rsp:
    243                if ( ZDO_ParseBindRsp( inMsg ) == ZSuccess )
    244                {
    245                  HalLedSet( HAL_LED_1, HAL_LED_MODE_ON ); // Light LED
    246                }
    247                #if defined(BLINK_LEDS)
    248                else
    249                {      
    250                  HalLedSet ( HAL_LED_1, HAL_LED_MODE_FLASH ); // Flash LED to show failure
    251                }
    252                #endif
    253                break;
    254          
    255              case Match_Desc_rsp:
    256                {
    257                  ZDO_ActiveEndpointRsp_t *pRsp = ZDO_ParseEPListRsp( inMsg );
    258                  if ( pRsp )
    259                  {
    260                    if ( pRsp->status == ZSuccess && pRsp->cnt )
    261                    {
    262                      zclZigbeeDevice_DstAddr.addrMode = (afAddrMode_t)Addr16Bit;
    263                      zclZigbeeDevice_DstAddr.addr.shortAddr = pRsp->nwkAddr;
    264                      
    265                      // Take the first endpoint, Can be changed to search through endpoints
    266                      zclZigbeeDevice_DstAddr.endPoint = pRsp->epList[0];
    267                      
    268                      HalLedSet( HAL_LED_1, HAL_LED_MODE_ON ); // Light LED
    269                    }
    270                    osal_mem_free( pRsp );
    271                  }
    272                }
    273                break;
    274            }
    275          }
    276          
    277          /*********************************************************************
    278           * @fn      zclZigbeeDevice_HandleKeys
    279           * @brief   Handles all key events for this device.
    280           * @param   shift - true if in shift/alt.
    281           * @param   keys - bit field for key events. 
    282           *          Valid entries: HAL_KEY_SW_4(MCU-K2)
    283           *                         HAL_KEY_SW_1(MCU-K1)
    284           */
    285          static void zclZigbeeDevice_HandleKeys( byte shift, byte keys )
    286          {
    287            zAddrType_t dstAddr;
    288            (void)shift;  // Intentionally unreferenced parameter
    289            
    290            
    291            if ( keys & HAL_KEY_SW1 ) // Using timer to control send sensor data event
    292            {    
    293          #if defined M140 || defined M200
    294                osal_start_timerEx( zclZigbeeDevice_TaskID, SENSOR_SEND_MSG_EVT, SEND_DISPLAY_TIMER); // Start the OSAL timer
    295                osal_set_event( zclZigbeeDevice_TaskID, SENSOR_SEND_MSG_EVT ); // Action the SENSOR_SEND_MSG_EVT
    296          #endif
    297            }
    298            
    299            if ( keys & HAL_KEY_SW2 ) // Atuo binding the device 
    300            {
    301              HalLedSet ( HAL_LED_3, HAL_LED_MODE_BLINK );
    302          
    303              // Initiate a Match Description Request (Service Discovery)
    304              dstAddr.addrMode = AddrBroadcast;
    305              dstAddr.addr.shortAddr = NWK_BROADCAST_SHORTADDR;
    306              ZDP_MatchDescReq( &dstAddr, 
    307                                NWK_BROADCAST_SHORTADDR,
    308                                ZCL_HA_PROFILE_ID,
    309                                ZCLZIGBEEDEV_BINDINGLIST, 
    310                                bindingOutClusters,
    311                                0, 
    312                                NULL, // No incoming clusters to bind
    313                                FALSE );
    314            }
    315          }
    316          
    317          /*********************************************************************
    318           * @fn      zclZigbeeDevice_ProcessIdentifyTimeChange
    319           * @brief   Called to process any change to the IdentifyTime attribute.
    320           */

   \                                 In  segment BANKED_CODE, align 1, keep-with-next
    321          static void zclZigbeeDevice_ProcessIdentifyTimeChange( void )
   \                     zclZigbeeDevice_ProcessIdentifyTimeChange:
    322          {
   \   000000   C082         PUSH    DPL
   \   000002   C083         PUSH    DPH
   \   000004                ; Saved register size: 2
   \   000004                ; Auto size: 0
    323            if ( zclSampleSw_IdentifyTime > 0 )
   \   000004   90....       MOV     DPTR,#zclSampleSw_IdentifyTime
   \   000007   E0           MOVX    A,@DPTR
   \   000008   7002         JNZ     ??zclZigbeeDevice_ProcessIdentifyTimeChange_0
   \   00000A   A3           INC     DPTR
   \   00000B   E0           MOVX    A,@DPTR
   \                     ??zclZigbeeDevice_ProcessIdentifyTimeChange_0:
   \   00000C   601F         JZ      ??zclZigbeeDevice_ProcessIdentifyTimeChange_1
    324            {
    325              osal_start_timerEx( zclZigbeeDevice_TaskID, SAMPLESW_IDENTIFY_TIMEOUT_EVT, 1000 );
   \   00000E                ; Setup parameters for call to function osal_start_timerEx
   \   00000E   7CE8         MOV     R4,#-0x18
   \   000010   7D03         MOV     R5,#0x3
   \   000012   7A01         MOV     R2,#0x1
   \   000014   7B00         MOV     R3,#0x0
   \   000016   90....       MOV     DPTR,#zclZigbeeDevice_TaskID
   \   000019   E0           MOVX    A,@DPTR
   \   00001A   F9           MOV     R1,A
   \   00001B   12....       LCALL   ??osal_start_timerEx?relay
    326              HalLedBlink ( HAL_LED_1, 0xFF, HAL_LED_DEFAULT_DUTY_CYCLE, HAL_LED_DEFAULT_FLASH_TIME );
   \   00001E                ; Setup parameters for call to function HalLedBlink
   \   00001E   7CE8         MOV     R4,#-0x18
   \   000020   7D03         MOV     R5,#0x3
   \   000022   7B05         MOV     R3,#0x5
   \   000024   7AFF         MOV     R2,#-0x1
   \   000026   7901         MOV     R1,#0x1
   \   000028   12....       LCALL   ??HalLedBlink?relay
   \   00002B   801D         SJMP    ??zclZigbeeDevice_ProcessIdentifyTimeChange_2
    327            }
    328            else
    329            {
    330              if ( zclSampleSw_OnOff )
   \                     ??zclZigbeeDevice_ProcessIdentifyTimeChange_1:
   \   00002D   90....       MOV     DPTR,#zclSampleSw_OnOff
   \   000030   E0           MOVX    A,@DPTR
   \   000031   6004         JZ      ??zclZigbeeDevice_ProcessIdentifyTimeChange_3
    331                HalLedSet ( HAL_LED_1, HAL_LED_MODE_ON );
   \   000033                ; Setup parameters for call to function HalLedSet
   \   000033   7A01         MOV     R2,#0x1
   \   000035   8002         SJMP    ??zclZigbeeDevice_ProcessIdentifyTimeChange_4
    332              else
    333                HalLedSet ( HAL_LED_1, HAL_LED_MODE_OFF );
   \                     ??zclZigbeeDevice_ProcessIdentifyTimeChange_3:
   \   000037                ; Setup parameters for call to function HalLedSet
   \   000037   7A00         MOV     R2,#0x0
   \                     ??zclZigbeeDevice_ProcessIdentifyTimeChange_4:
   \   000039   7901         MOV     R1,#0x1
   \   00003B   12....       LCALL   ??HalLedSet?relay
    334                osal_stop_timerEx( zclZigbeeDevice_TaskID, SAMPLESW_IDENTIFY_TIMEOUT_EVT );
   \   00003E                ; Setup parameters for call to function osal_stop_timerEx
   \   00003E   7A01         MOV     R2,#0x1
   \   000040   7B00         MOV     R3,#0x0
   \   000042   90....       MOV     DPTR,#zclZigbeeDevice_TaskID
   \   000045   E0           MOVX    A,@DPTR
   \   000046   F9           MOV     R1,A
   \   000047   12....       LCALL   ??osal_stop_timerEx?relay
    335            }
    336          }
   \                     ??zclZigbeeDevice_ProcessIdentifyTimeChange_2:
   \   00004A   02....       LJMP    ?Subroutine2 & 0xFFFF
    337          
    338          /*********************************************************************
    339           * @fn      zclZigbeeDevice_BasicResetCB
    340           * @brief   Callback from the ZCL General Cluster Library
    341           *          to set all the Basic Cluster attributes to  default values.
    342           */

   \                                 In  segment BANKED_CODE, align 1, keep-with-next
    343          static void zclZigbeeDevice_BasicResetCB( void )
   \                     zclZigbeeDevice_BasicResetCB:
    344          {
   \   000000                ; Saved register size: 0
   \   000000                ; Auto size: 0
    345          }
   \   000000   02....       LJMP    ?BRET
    346          
    347          /*********************************************************************
    348           * @fn      zclZigbeeDevice_IdentifyCB
    349           * @brief   Callback from the ZCL General Cluster Library when
    350           *          it received an Identity Command for this application.
    351           * @param   srcAddr - source address and endpoint of the response message
    352           *          identifyTime - the number of seconds to identify yourself
    353           */

   \                                 In  segment BANKED_CODE, align 1, keep-with-next
    354          static void zclZigbeeDevice_IdentifyCB( zclIdentify_t *pCmd )
   \                     zclZigbeeDevice_IdentifyCB:
    355          {
   \   000000   C082         PUSH    DPL
   \   000002   C083         PUSH    DPH
   \   000004                ; Saved register size: 2
   \   000004                ; Auto size: 0
    356            zclSampleSw_IdentifyTime = pCmd->identifyTime;
   \   000004   8A82         MOV     DPL,R2
   \   000006   8B83         MOV     DPH,R3
   \   000008   A3           INC     DPTR
   \   000009   A3           INC     DPTR
   \   00000A   E0           MOVX    A,@DPTR
   \   00000B   F8           MOV     R0,A
   \   00000C   A3           INC     DPTR
   \   00000D   E0           MOVX    A,@DPTR
   \   00000E   F9           MOV     R1,A
   \   00000F   90....       MOV     DPTR,#zclSampleSw_IdentifyTime
   \   000012   E8           MOV     A,R0
   \   000013   F0           MOVX    @DPTR,A
   \   000014   A3           INC     DPTR
   \   000015   E9           MOV     A,R1
   \   000016   F0           MOVX    @DPTR,A
    357            zclZigbeeDevice_ProcessIdentifyTimeChange();
   \   000017                ; Setup parameters for call to function zclZigbeeDevice_ProcessIdentifyTimeChange
   \   000017   12....       LCALL   ??zclZigbeeDevice_ProcessIdentifyTimeChange?rel
    358          }
   \   00001A   02....       LJMP    ?Subroutine2 & 0xFFFF
    359          
    360          /*********************************************************************
    361           * @fn      zclZigbeeDevice_IdentifyQueryRspCB
    362           * @brief   Callback from the ZCL General Cluster Library when
    363           *          it received an Identity Query Response Command for this application.
    364           * @param   srcAddr - source address
    365           *          timeout - number of seconds to identify yourself (valid for query response)
    366           */

   \                                 In  segment BANKED_CODE, align 1, keep-with-next
    367          static void zclZigbeeDevice_IdentifyQueryRspCB( zclIdentifyQueryRsp_t *pRsp )
   \                     zclZigbeeDevice_IdentifyQueryRspCB:
    368          {
   \   000000                ; Saved register size: 0
   \   000000                ; Auto size: 0
    369            (void)pRsp; // Query Response (with timeout value)
    370          }
   \   000000   02....       LJMP    ?BRET
    371          
    372          /******************************************************************************
    373           *
    374           *  Functions for processing ZCL Foundation incoming Command/Response messages
    375           *
    376           *****************************************************************************/
    377          
    378          /*********************************************************************
    379           * @fn      zclZigbeeDevice_ProcessIncomingMsg
    380           * @brief   Process ZCL Foundation incoming message
    381           * @param   pInMsg - pointer to the received message
    382           */
    383          static void zclZigbeeDevice_ProcessIncomingMsg( zclIncomingMsg_t *pInMsg )
    384          {
    385            switch ( pInMsg->zclHdr.commandID )
    386            {
    387              #ifdef ZCL_READ
    388                case ZCL_CMD_READ_RSP:
    389                  zclZigbeeDevice_ProcessInReadRspCmd( pInMsg );
    390                  break;
    391              #endif
    392              #ifdef ZCL_WRITE
    393                case ZCL_CMD_WRITE_RSP:
    394                  zclZigbeeDevice_ProcessInWriteRspCmd( pInMsg );
    395                  break;
    396              #endif
    397              #ifdef ZCL_REPORT // See ZCL Test Applicaiton (zcl_testapp.c) for sample code on Attribute Reporting     
    398                case ZCL_CMD_CONFIG_REPORT:
    399                  //zclSampleSw_ProcessInConfigReportCmd( pInMsg );
    400                  break;
    401          
    402                case ZCL_CMD_CONFIG_REPORT_RSP:
    403                  //zclSampleSw_ProcessInConfigReportRspCmd( pInMsg );
    404                  break;
    405          
    406                case ZCL_CMD_READ_REPORT_CFG:
    407                  //zclSampleSw_ProcessInReadReportCfgCmd( pInMsg );
    408                  break;
    409          
    410                case ZCL_CMD_READ_REPORT_CFG_RSP:
    411                  //zclSampleSw_ProcessInReadReportCfgRspCmd( pInMsg );
    412                  break;
    413          
    414                case ZCL_CMD_REPORT:
    415                  //zclSampleSw_ProcessInReportCmd( pInMsg );
    416                  break;
    417              #endif
    418                case ZCL_CMD_DEFAULT_RSP:
    419                  zclZigbeeDevice_ProcessInDefaultRspCmd( pInMsg );
    420                  break;
    421              #ifdef ZCL_DISCOVER
    422                case ZCL_CMD_DISCOVER_RSP:
    423                  zclZigbeeDevice_ProcessInDiscRspCmd( pInMsg );
    424                  break;
    425              #endif
    426                default:
    427                  break;
    428            }
    429            if ( pInMsg->attrCmd )
    430              osal_mem_free( pInMsg->attrCmd );
    431          }
    432          
    433          #ifdef ZCL_READ
    434          /*********************************************************************
    435           * @fn      zclZigbeeDevice_ProcessInReadRspCmd
    436           * @brief   Process the "Profile" Read Response Command
    437           * @param   pInMsg - incoming message to process
    438           */
    439          static uint8 zclZigbeeDevice_ProcessInReadRspCmd( zclIncomingMsg_t *pInMsg )
    440          {
    441            zclReadRspCmd_t *readRspCmd;
    442            uint8 i;
    443          
    444            readRspCmd = (zclReadRspCmd_t *)pInMsg->attrCmd;
    445            for (i = 0; i < readRspCmd->numAttr; i++)
    446            {
    447              // Notify the originator of the results of the original read attributes attempt and, 
    448              // for each successfull request, the value of the requested attribute
    449            }
    450            return TRUE;
    451          }
    452          #endif // ZCL_READ
    453          
    454          #ifdef ZCL_WRITE
    455          /*********************************************************************
    456           * @fn      zclZigbeeDevice_ProcessInWriteRspCmd
    457           * @brief   Process the "Profile" Write Response Command
    458           * @param   pInMsg - incoming message to process
    459           */
    460          static uint8 zclZigbeeDevice_ProcessInWriteRspCmd( zclIncomingMsg_t *pInMsg )
    461          {
    462            zclWriteRspCmd_t *writeRspCmd;
    463            uint8 i;
    464          
    465            writeRspCmd = (zclWriteRspCmd_t *)pInMsg->attrCmd;
    466            for (i = 0; i < writeRspCmd->numAttr; i++)
    467            {
    468              // Notify the device of the results of the its original write attributes command.
    469            }
    470            return TRUE;
    471          }
    472          #endif // ZCL_WRITE
    473          
    474          /*********************************************************************
    475           * @fn      zclZigbeeDevice_ProcessInDefaultRspCmd
    476           * @brief   Process the "Profile" Default Response Command
    477           * @param   pInMsg - incoming message to process
    478           */
    479          static uint8 zclZigbeeDevice_ProcessInDefaultRspCmd( zclIncomingMsg_t *pInMsg )
    480          {
    481            // zclDefaultRspCmd_t *defaultRspCmd = (zclDefaultRspCmd_t *)pInMsg->attrCmd;
    482            
    483            // Device is notified of the Default Response command.
    484            (void)pInMsg;
    485            return TRUE;
    486          }
    487          
    488          #ifdef ZCL_DISCOVER
    489          /*********************************************************************
    490           * @fn      zclZigbeeDevice_ProcessInDiscRspCmd
    491           * @brief   Process the "Profile" Discover Response Command
    492           * @param   pInMsg - incoming message to process
    493           */
    494          static uint8 zclZigbeeDevice_ProcessInDiscRspCmd( zclIncomingMsg_t *pInMsg )
    495          {
    496            zclDiscoverRspCmd_t *discoverRspCmd;
    497            uint8 i;
    498          
    499            discoverRspCmd = (zclDiscoverRspCmd_t *)pInMsg->attrCmd;
    500            for ( i = 0; i < discoverRspCmd->numAttr; i++ )
    501            {
    502              // Device is notified of the result of its attribute discovery command.
    503            }
    504            return TRUE;
    505          }
    506          #endif // ZCL_DISCOVER
    507          
    508          
    509          /****************************************************************************
    510          ****************************************************************************/
    511          
    512          /*********************************************************************
    513           * @fn      zclRS485_CallBack
    514           * @brief   Send data OTA.
    515           * @param   port - UART port.
    516           * @param   event - the UART port event flag.
    517           */

   \                                 In  segment BANKED_CODE, align 1, keep-with-next
    518          void zclRS485_CallBack(uint8 port, uint8 event)
   \                     zclRS485_CallBack:
    519          {
   \   000000   74F6         MOV     A,#-0xa
   \   000002   12....       LCALL   ?BANKED_ENTER_XDATA
   \   000005                ; Saved register size: 10
   \   000005                ; Auto size: 0
    520            (void)port;
    521            
    522            if(Hal_UART_RxBufLen( MT_UART_DEFAULT_PORT) > 0 )
   \   000005                ; Setup parameters for call to function Hal_UART_RxBufLen
   \   000005   7900         MOV     R1,#0x0
   \   000007   12....       LCALL   ??Hal_UART_RxBufLen?relay
   \   00000A   EA           MOV     A,R2
   \   00000B   7001         JNZ     ??zclRS485_CallBack_0
   \   00000D   EB           MOV     A,R3
   \                     ??zclRS485_CallBack_0:
   \   00000E   6022         JZ      ??zclRS485_CallBack_1
    523            {
    524                len = Hal_UART_RxBufLen( MT_UART_DEFAULT_PORT );
   \   000010                ; Setup parameters for call to function Hal_UART_RxBufLen
   \   000010   7900         MOV     R1,#0x0
   \   000012   12....       LCALL   ??Hal_UART_RxBufLen?relay
   \   000015   EA           MOV     A,R2
   \   000016   90....       MOV     DPTR,#len
   \   000019   F0           MOVX    @DPTR,A
    525                HalUARTRead( MT_UART_DEFAULT_PORT, TransmitApp_Msg, len );
   \   00001A                ; Setup parameters for call to function HalUARTRead
   \   00001A   FC           MOV     R4,A
   \   00001B   7D00         MOV     R5,#0x0
   \   00001D   7A..         MOV     R2,#(TransmitApp_Msg & 0xff)
   \   00001F   7B..         MOV     R3,#((TransmitApp_Msg >> 8) & 0xff)
   \   000021   7900         MOV     R1,#0x0
   \   000023   12....       LCALL   ??HalUARTRead?relay
    526                osal_set_event( zclZigbeeDevice_TaskID, RS485_MSG_EVT );
   \   000026                ; Setup parameters for call to function osal_set_event
   \   000026   7A03         MOV     R2,#0x3
   \   000028   7B00         MOV     R3,#0x0
   \   00002A   90....       MOV     DPTR,#zclZigbeeDevice_TaskID
   \   00002D   E0           MOVX    A,@DPTR
   \   00002E   F9           MOV     R1,A
   \   00002F   12....       LCALL   ??osal_set_event?relay
    527            }
    528          }
   \                     ??zclRS485_CallBack_1:
   \   000032   7F02         MOV     R7,#0x2
   \   000034   02....       LJMP    ?BANKED_LEAVE_XDATA
    529          
    530          /*********************************************************************
    531           * @fn      zclRS485_SendMsg
    532           * @brief   Use RS485 interface receive message send to coordinator
    533           */

   \                                 In  segment BANKED_CODE, align 1, keep-with-next
    534          void zclRS485_SendMsg(void)
   \                     zclRS485_SendMsg:
    535          {
   \   000000   74F4         MOV     A,#-0xc
   \   000002   12....       LCALL   ?BANKED_ENTER_XDATA
   \   000005                ; Saved register size: 12
   \   000005                ; Auto size: 20
   \   000005   74EC         MOV     A,#-0x14
   \   000007   12....       LCALL   ?ALLOC_XSTACK8
    536            uint8 len;
    537            uint8 uart_recv[20]; // Receive the UART command
    538            
    539            for(len = 0; len < 20; len++)
   \   00000A   75..00       MOV     ?V0 + 2,#0x0
    540            {
    541              uart_recv[len] = TransmitApp_Msg[len];
   \                     ??zclRS485_SendMsg_0:
   \   00000D   85..82       MOV     DPL,?V0 + 2
   \   000010   A882         MOV     R0,DPL
   \   000012   E8           MOV     A,R0
   \   000013   24..         ADD     A,#(TransmitApp_Msg & 0xff)
   \   000015   F582         MOV     DPL,A
   \   000017   E4           CLR     A
   \   000018   34..         ADDC    A,#((TransmitApp_Msg >> 8) & 0xff)
   \   00001A   F583         MOV     DPH,A
   \   00001C   E0           MOVX    A,@DPTR
   \   00001D   FB           MOV     R3,A
   \   00001E   85..82       MOV     DPL,?XSP + 0
   \   000021   85..83       MOV     DPH,?XSP + 1
   \   000024   E582         MOV     A,DPL
   \   000026   28           ADD     A,R0
   \   000027   F582         MOV     DPL,A
   \   000029   E583         MOV     A,DPH
   \   00002B   3400         ADDC    A,#0x0
   \   00002D   F583         MOV     DPH,A
   \   00002F   EB           MOV     A,R3
   \   000030   F0           MOVX    @DPTR,A
    542            #if defined( LCD_SUPPORTED )
    543              HalLcdWriteChar(HAL_LCD_LINE_4, len, uart_recv[len]);
   \   000031                ; Setup parameters for call to function HalLcdWriteChar
   \   000031   AA..         MOV     R2,?V0 + 2
   \   000033   7904         MOV     R1,#0x4
   \   000035   12....       LCALL   ??HalLcdWriteChar?relay
    544            #endif
    545            }
   \   000038   05..         INC     ?V0 + 2
   \   00003A   E5..         MOV     A,?V0 + 2
   \   00003C   C3           CLR     C
   \   00003D   9414         SUBB    A,#0x14
   \   00003F   40CC         JC      ??zclRS485_SendMsg_0
    546            
    547            // Set the End Device state
    548            zclZigbeeDevice_DstAddr.endPoint = 12;
   \   000041   740C         MOV     A,#0xc
   \   000043   90....       MOV     DPTR,#(zclZigbeeDevice_DstAddr + 9)
   \   000046   F0           MOVX    @DPTR,A
    549            zclZigbeeDevice_DstAddr.addr.shortAddr = 0xFFFF;
   \   000047   90....       MOV     DPTR,#zclZigbeeDevice_DstAddr
   \   00004A   74FF         MOV     A,#-0x1
   \   00004C   F0           MOVX    @DPTR,A
   \   00004D   A3           INC     DPTR
   \   00004E   F0           MOVX    @DPTR,A
    550            zclZigbeeDevice_DstAddr.addrMode = (afAddrMode_t)AddrBroadcast;
   \   00004F   740F         MOV     A,#0xf
   \   000051   90....       MOV     DPTR,#(zclZigbeeDevice_DstAddr + 8)
   \   000054   F0           MOVX    @DPTR,A
    551              
    552            // Transmit the UART command to End Device
    553            uint8 send = zcl_SendCommand( ZIGBEEDEVICE_ENDPOINT, 
    554                                          &zclZigbeeDevice_DstAddr,
    555                                          ZCL_CLUSTER_ID_GEN_ON_OFF,
    556                                          ZCL_CLUSTER_ID_GEN_BASIC,
    557                                          TRUE,
    558                                          ZCL_FRAME_CLIENT_SERVER_DIR,
    559                                          false,
    560                                          0,
    561                                          0,
    562                                          len,
    563                                          uart_recv );
   \   000055                ; Setup parameters for call to function zcl_SendCommand
   \   000055   85..82       MOV     DPL,?XSP + 0
   \   000058   85..83       MOV     DPH,?XSP + 1
   \   00005B   8582..       MOV     ?V0 + 0,DPL
   \   00005E   8583..       MOV     ?V0 + 1,DPH
   \   000061   78..         MOV     R0,#?V0 + 0
   \   000063   12....       LCALL   ?PUSH_XSTACK_I_TWO
   \   000066   75..00       MOV     ?V0 + 3,#0x0
   \   000069   78..         MOV     R0,#?V0 + 2
   \   00006B   12....       LCALL   ?PUSH_XSTACK_I_TWO
   \   00006E   75..00       MOV     ?V0 + 0,#0x0
   \   000071   78..         MOV     R0,#?V0 + 0
   \   000073   12....       LCALL   ?PUSH_XSTACK_I_ONE
   \   000076   75..00       MOV     ?V0 + 1,#0x0
   \   000079   78..         MOV     R0,#?V0 + 0
   \   00007B   12....       LCALL   ?PUSH_XSTACK_I_TWO
   \   00007E   78..         MOV     R0,#?V0 + 0
   \   000080   12....       LCALL   ?PUSH_XSTACK_I_ONE
   \   000083   78..         MOV     R0,#?V0 + 0
   \   000085   12....       LCALL   ?PUSH_XSTACK_I_ONE
   \   000088   75..01       MOV     ?V0 + 0,#0x1
   \   00008B   78..         MOV     R0,#?V0 + 0
   \   00008D   12....       LCALL   ?PUSH_XSTACK_I_ONE
   \   000090   75..00       MOV     ?V0 + 0,#0x0
   \   000093   78..         MOV     R0,#?V0 + 0
   \   000095   12....       LCALL   ?PUSH_XSTACK_I_ONE
   \   000098   7C06         MOV     R4,#0x6
   \   00009A   7D00         MOV     R5,#0x0
   \   00009C   7A..         MOV     R2,#(zclZigbeeDevice_DstAddr & 0xff)
   \   00009E   7B..         MOV     R3,#((zclZigbeeDevice_DstAddr >> 8) & 0xff)
   \   0000A0   790C         MOV     R1,#0xc
   \   0000A2   12....       LCALL   ??zcl_SendCommand?relay
   \   0000A5   740B         MOV     A,#0xb
   \   0000A7   12....       LCALL   ?DEALLOC_XSTACK8
    564          }
   \   0000AA   7414         MOV     A,#0x14
   \   0000AC   12....       LCALL   ?DEALLOC_XSTACK8
   \   0000AF   7F04         MOV     R7,#0x4
   \   0000B1   02....       LJMP    ?BANKED_LEAVE_XDATA
    565          
    566          /*********************************************************************
    567           * @fn      zclZIGBEEDevice_SendMsg
    568           * @brief   Use ZCL Foundation send the sensor message to coordinator
    569           */

   \                                 In  segment BANKED_CODE, align 1, keep-with-next
    570          void zclZIGBEEDevice_SendMsg(void)
   \                     zclZIGBEEDevice_SendMsg:
    571          {
   \   000000                ; Saved register size: 0
   \   000000                ; Auto size: 0
    572            #if defined(M140)
    573              M140_SensorFunction();
    574            #endif
    575            #if defined(M170)
    576              M170_SensorFunction();
    577            #endif
    578            #if defined(M200)
    579              M200_SensorFunction();
    580            #endif
    581          }
   \   000000   02....       LJMP    ?BRET

   \                                 In  segment XDATA_ID, align 1, keep-with-next
   \                     `?<Initializer for bindingOutClusters>`:
   \   000000   0600         DW 6

   \                                 In  segment XDATA_ID, align 1, keep-with-next
   \                     `?<Initializer for zigbeeDevice_TestEp>`:
   \   000000   14           DB 20
   \   000001   ....0000     DW zclZigbeeDevice_TaskID, 0H
   \   000005   00           DB 0

   \                                 In  segment XDATA_ID, align 1, keep-with-next
   \                     `?<Initializer for zclZigbeeDevice_CmdCallbacks`:
   \   000000   ....         DW ??zclZigbeeDevice_BasicResetCB?relay
   \   000002   ....         DW ??zclZigbeeDevice_IdentifyCB?relay
   \   000004   ....0000     DW ??zclZigbeeDevice_IdentifyQueryRspCB?relay, 0H, 0H, 0H, 0H, 0H, 0H
   \            00000000
   \            00000000
   \            0000    
   \   000012   00000000     DW 0H, 0H, 0H, 0H, 0H
   \            00000000
   \            0000    
   \   00001C   0000         DB 0, 0

   \                                 In  segment BANK_RELAYS, align 1
   \                     ??zcl_ZigbeeDevice_Init?relay:
   \   000000   12....       LCALL   ?BDISPATCH
   \   000003   ......       DC24    zcl_ZigbeeDevice_Init

   \                                 In  segment BANK_RELAYS, align 1
   \                     ??zclZigbeeDevice_event_loop?relay:
   \   000000   12....       LCALL   ?BDISPATCH
   \   000003   ......       DC24    zclZigbeeDevice_event_loop

   \                                 In  segment BANK_RELAYS, align 1
   \                     ??zclZigbeeDevice_ProcessIdentifyTimeChange?rel:
   \   000000   12....       LCALL   ?BDISPATCH
   \   000003   ......       DC24    zclZigbeeDevice_ProcessIdentifyTimeChange

   \                                 In  segment BANK_RELAYS, align 1
   \                     ??zclZigbeeDevice_BasicResetCB?relay:
   \   000000   12....       LCALL   ?BDISPATCH
   \   000003   ......       DC24    zclZigbeeDevice_BasicResetCB

   \                                 In  segment BANK_RELAYS, align 1
   \                     ??zclZigbeeDevice_IdentifyCB?relay:
   \   000000   12....       LCALL   ?BDISPATCH
   \   000003   ......       DC24    zclZigbeeDevice_IdentifyCB

   \                                 In  segment BANK_RELAYS, align 1
   \                     ??zclZigbeeDevice_IdentifyQueryRspCB?relay:
   \   000000   12....       LCALL   ?BDISPATCH
   \   000003   ......       DC24    zclZigbeeDevice_IdentifyQueryRspCB

   \                                 In  segment BANK_RELAYS, align 1
   \                     ??zclRS485_CallBack?relay:
   \   000000   12....       LCALL   ?BDISPATCH
   \   000003   ......       DC24    zclRS485_CallBack

   \                                 In  segment BANK_RELAYS, align 1
   \                     ??zclRS485_SendMsg?relay:
   \   000000   12....       LCALL   ?BDISPATCH
   \   000003   ......       DC24    zclRS485_SendMsg

   \                                 In  segment BANK_RELAYS, align 1
   \                     ??zclZIGBEEDevice_SendMsg?relay:
   \   000000   12....       LCALL   ?BDISPATCH
   \   000003   ......       DC24    zclZIGBEEDevice_SendMsg
    582          

   Maximum stack usage in bytes:

     Function                       ISTACK PSTACK XSTACK
     --------                       ------ ------ ------
     zclRS485_CallBack                  0      0     10
       -> Hal_UART_RxBufLen             0      0     20
       -> Hal_UART_RxBufLen             0      0     20
       -> HalUARTRead                   0      0     20
       -> osal_set_event                0      0     20
     zclRS485_SendMsg                   1      0     66
       -> HalLcdWriteChar               0      0     64
       -> zcl_SendCommand               0      0     86
     zclZIGBEEDevice_SendMsg            0      0      0
     zclZigbeeDevice_BasicResetCB       0      0      0
     zclZigbeeDevice_IdentifyCB         2      0      0
       -> zclZigbeeDevice_ProcessIdentifyTimeChange
                                        4      0      0
     zclZigbeeDevice_IdentifyQueryRspCB
                                        0      0      0
     zclZigbeeDevice_ProcessIdentifyTimeChange
                                        2      0     23
       -> osal_start_timerEx            4      0      0
       -> HalLedBlink                   4      0      0
       -> HalLedSet                     4      0      0
       -> HalLedSet                     4      0      0
       -> osal_stop_timerEx             4      0      0
     zclZigbeeDevice_event_loop         1      0     31
       -> zclZigbeeDevice_ProcessIdentifyTimeChange
                                        0      0     46
       -> HalLedSet                     0      0     46
       -> ZDP_MatchDescReq              0      0     62
       -> osal_msg_deallocate           0      0     46
       -> osal_msg_receive              0      0     46
       -> osal_mem_free                 0      0     46
       -> HalLedSet                     0      0     46
       -> HalLedSet                     0      0     46
       -> ZDO_ParseEPListRsp            0      0     46
       -> HalLedSet                     0      0     46
       -> osal_mem_free                 0      0     46
       -> osal_start_timerEx            0      0     46
       -> HalLcdWriteChar               0      0     46
       -> zclRS485_SendMsg              0      0     46
     zcl_ZigbeeDevice_Init              2      0      0
       -> zclZD_Init                    4      0      0
       -> zclGeneral_RegisterCmdCallbacks
                                        4      0      0
       -> zcl_registerAttrList          4      0      0
       -> zcl_registerForMsg            4      0      0
       -> RegisterForKeys               4      0      0
       -> afRegister                    4      0      0
       -> ZDO_RegisterForZDOMsg         4      0      0
       -> ZDO_RegisterForZDOMsg         4      0      0


   Segment part sizes:

     Function/Label                                  Bytes
     --------------                                  -----
     zclZigbeeDevice_DstAddr                           12
     zclZigbeeDevice_TaskID                             1
     TransmitApp_epDesc                                 6
     len                                                1
     bindingOutClusters                                 2
     zigbeeDevice_TestEp                                6
     zclZigbeeDevice_CmdCallbacks                      30
     zcl_ZigbeeDevice_Init                             98
     ?Subroutine2                                       7
     zclZigbeeDevice_event_loop                       512
     ?Subroutine0                                      14
     ?Subroutine1                                      12
     zclZigbeeDevice_ProcessIdentifyTimeChange
                                                       77
     zclZigbeeDevice_BasicResetCB                       3
     zclZigbeeDevice_IdentifyCB                        29
     zclZigbeeDevice_IdentifyQueryRspCB
                                                        3
     zclRS485_CallBack                                 55
     zclRS485_SendMsg                                 180
     zclZIGBEEDevice_SendMsg                            3
     ?<Initializer for bindingOutClusters>              2
     ?<Initializer for zigbeeDevice_TestEp>             6
     ?<Initializer for zclZigbeeDevice_CmdCallbacks    30
     ??zcl_ZigbeeDevice_Init?relay                      6
     ??zclZigbeeDevice_event_loop?relay                 6
     ??zclZigbeeDevice_ProcessIdentifyTimeChange?rel    6
     ??zclZigbeeDevice_BasicResetCB?relay               6
     ??zclZigbeeDevice_IdentifyCB?relay                 6
     ??zclZigbeeDevice_IdentifyQueryRspCB?relay         6
     ??zclRS485_CallBack?relay                          6
     ??zclRS485_SendMsg?relay                           6
     ??zclZIGBEEDevice_SendMsg?relay                    6

 
 993 bytes in segment BANKED_CODE
  54 bytes in segment BANK_RELAYS
  38 bytes in segment XDATA_I
  38 bytes in segment XDATA_ID
  20 bytes in segment XDATA_Z
 
 1 085 bytes of CODE  memory
    58 bytes of XDATA memory

Errors: none
Warnings: none
